reading train and test user-item set ...
building the adj mat ...
loading over ...
start training ...
+-------+-------------------+-------------------+-------------------+------------------------------------+------------------------------------+------------------------------------+------------------------------------+------------------------------------+
| Epoch |  training time(s) |   tesing time(s)  |        Loss       |               recall               |                ndcg                |              novelty               |             precision              |             hit_ratio              |
+-------+-------------------+-------------------+-------------------+------------------------------------+------------------------------------+------------------------------------+------------------------------------+------------------------------------+
|   0   | 83.22586584091187 | 45.56108784675598 | 133.1422882080078 | [0.13172782 0.1888124  0.23189907] | [0.11191976 0.12986309 0.14270884] | [0.52489971 0.55419576 0.57216988] | [0.04168397 0.0301477  0.02479179] | [0.47555094 0.58252395 0.64505325] |
+-------+-------------------+-------------------+-------------------+------------------------------------+------------------------------------+------------------------------------+------------------------------------+------------------------------------+
using time 77.4318s, training loss at epoch 1: 124.6009
using time 77.1905s, training loss at epoch 2: 119.5420
using time 77.3971s, training loss at epoch 3: 115.7915
using time 79.0522s, training loss at epoch 4: 112.2665
+-------+-------------------+-------------------+--------------------+------------------------------------+------------------------------------+------------------------------------+------------------------------------+------------------------------------+
| Epoch |  training time(s) |   tesing time(s)  |        Loss        |               recall               |                ndcg                |              novelty               |             precision              |             hit_ratio              |
+-------+-------------------+-------------------+--------------------+------------------------------------+------------------------------------+------------------------------------+------------------------------------+------------------------------------+
|   5   | 82.17743945121765 | 44.90325474739075 | 109.02973175048828 | [0.16717922 0.23566425 0.28525121] | [0.14213953 0.16369516 0.17848757] | [0.54671572 0.57617108 0.59385152] | [0.05241811 0.03733254 0.03031907] | [0.55938107 0.66357425 0.72174961] |
+-------+-------------------+-------------------+--------------------+------------------------------------+------------------------------------+------------------------------------+------------------------------------+------------------------------------+
using time 76.6404s, training loss at epoch 6: 105.8126
using time 76.1511s, training loss at epoch 7: 102.7130
using time 76.3047s, training loss at epoch 8: 99.7377
using time 76.9172s, training loss at epoch 9: 96.8777
+-------+------------------+--------------------+------------------+------------------------------------+------------------------------------+------------------------------------+------------------------------------+------------------------------------+
| Epoch | training time(s) |   tesing time(s)   |       Loss       |               recall               |                ndcg                |              novelty               |             precision              |             hit_ratio              |
+-------+------------------+--------------------+------------------+------------------------------------+------------------------------------+------------------------------------+------------------------------------+------------------------------------+
|   10  | 82.8690836429596 | 45.095144271850586 | 94.0802230834961 | [0.17731511 0.24905859 0.30023265] | [0.15110011 0.17385905 0.18913375] | [0.55959378 0.58824496 0.60506395] | [0.05522808 0.03933368 0.03181392] | [0.57877286 0.68246366 0.74020363] |
+-------+------------------+--------------------+------------------+------------------------------------+------------------------------------+------------------------------------+------------------------------------+------------------------------------+
using time 76.4089s, training loss at epoch 11: 91.3198
using time 76.6766s, training loss at epoch 12: 88.6327
using time 77.2967s, training loss at epoch 13: 86.1538
using time 76.2318s, training loss at epoch 14: 83.7903
+-------+-------------------+------------------+------------------+------------------------------------+------------------------------------+------------------------------------+------------------------------------+------------------------------------+
| Epoch |  training time(s) |  tesing time(s)  |       Loss       |               recall               |                ndcg                |              novelty               |             precision              |             hit_ratio              |
+-------+-------------------+------------------+------------------+------------------------------------+------------------------------------+------------------------------------+------------------------------------+------------------------------------+
|   15  | 84.10310435295105 | 44.6089563369751 | 81.4299545288086 | [0.18188663 0.25343667 0.30511317] | [0.1545095  0.17718251 0.19262345] | [0.56722481 0.5951343  0.61135236] | [0.0562814  0.03978749 0.03217284] | [0.58694487 0.68825775 0.74589725] |
+-------+-------------------+------------------+------------------+------------------------------------+------------------------------------+------------------------------------+------------------------------------+------------------------------------+
using time 76.6800s, training loss at epoch 16: 79.2771
using time 76.5206s, training loss at epoch 17: 77.1070
using time 76.2704s, training loss at epoch 18: 74.9128
using time 76.5165s, training loss at epoch 19: 72.9801
+-------+-------------------+-------------------+-------------------+------------------------------------+------------------------------------+------------------------------------+------------------------------------+------------------------------------+
| Epoch |  training time(s) |   tesing time(s)  |        Loss       |               recall               |                ndcg                |              novelty               |             precision              |             hit_ratio              |
+-------+-------------------+-------------------+-------------------+------------------------------------+------------------------------------+------------------------------------+------------------------------------+------------------------------------+
|   20  | 83.44232821464539 | 44.73279857635498 | 71.19109344482422 | [0.18244557 0.25473704 0.30513012] | [0.15427152 0.17719074 0.19233882] | [0.57283725 0.60023413 0.61580523] | [0.05625461 0.03973223 0.03208185] | [0.58754773 0.6896979  0.74452408] |
+-------+-------------------+-------------------+-------------------+------------------------------------+------------------------------------+------------------------------------+------------------------------------+------------------------------------+
using time 76.5205s, training loss at epoch 21: 69.4195
using time 76.2152s, training loss at epoch 22: 67.6554
using time 76.7889s, training loss at epoch 23: 66.0074
using time 76.4593s, training loss at epoch 24: 64.6520
+-------+-------------------+-------------------+--------------------+------------------------------------+------------------------------------+------------------------------------+------------------------------------+------------------------------------+
| Epoch |  training time(s) |   tesing time(s)  |        Loss        |               recall               |                ndcg                |              novelty               |             precision              |             hit_ratio              |
+-------+-------------------+-------------------+--------------------+------------------------------------+------------------------------------+------------------------------------+------------------------------------+------------------------------------+
|   25  | 83.71891140937805 | 44.68772053718567 | 62.948123931884766 | [0.18124816 0.25351236 0.30359081] | [0.15348102 0.17641007 0.19143571] | [0.57684691 0.60353815 0.61871445] | [0.05578907 0.03943667 0.03179382] | [0.58446647 0.68758792 0.74442361] |
+-------+-------------------+-------------------+--------------------+------------------------------------+------------------------------------+------------------------------------+------------------------------------+------------------------------------+
using time 76.0828s, training loss at epoch 26: 61.6297
using time 76.2756s, training loss at epoch 27: 60.3345
using time 76.1514s, training loss at epoch 28: 59.0092
using time 76.2869s, training loss at epoch 29: 57.7685
+-------+-------------------+-------------------+-------------------+------------------------------------+------------------------------------+------------------------------------+------------------------------------+------------------------------------+
| Epoch |  training time(s) |   tesing time(s)  |        Loss       |               recall               |                ndcg                |              novelty               |             precision              |             hit_ratio              |
+-------+-------------------+-------------------+-------------------+------------------------------------+------------------------------------+------------------------------------+------------------------------------+------------------------------------+
|   30  | 82.83729767799377 | 44.66644239425659 | 56.62036895751953 | [0.17903208 0.25114325 0.29958831] | [0.15167669 0.17458997 0.18913527] | [0.5795847  0.6058562  0.62071875] | [0.05489818 0.03893931 0.03131545] | [0.5806484  0.68366937 0.73832809] |
+-------+-------------------+-------------------+-------------------+------------------------------------+------------------------------------+------------------------------------+------------------------------------+------------------------------------+
using time 76.1157s, training loss at epoch 31: 55.3567
using time 76.1499s, training loss at epoch 32: 54.2639
using time 76.2616s, training loss at epoch 33: 53.3186
using time 76.7557s, training loss at epoch 34: 52.1794
+-------+-------------------+--------------------+-------------------+------------------------------------+------------------------------------+------------------------------------+------------------------------------+------------------------------------+
| Epoch |  training time(s) |   tesing time(s)   |        Loss       |               recall               |                ndcg                |              novelty               |             precision              |             hit_ratio              |
+-------+-------------------+--------------------+-------------------+------------------------------------+------------------------------------+------------------------------------+------------------------------------+------------------------------------+
|   35  | 82.98506712913513 | 44.484400033950806 | 51.14078903198242 | [0.17748067 0.24789279 0.2956197 ] | [0.14987102 0.17221587 0.18655282] | [0.58193823 0.60767074 0.622219  ] | [0.05436399 0.0383599  0.03083484] | [0.57589256 0.67958336 0.73420859] |
+-------+-------------------+--------------------+-------------------+------------------------------------+------------------------------------+------------------------------------+------------------------------------+------------------------------------+
using time 76.6243s, training loss at epoch 36: 50.2608
using time 76.9720s, training loss at epoch 37: 49.3483
using time 76.2723s, training loss at epoch 38: 48.4448
using time 76.2369s, training loss at epoch 39: 47.6927
+-------+-------------------+-------------------+------------------+------------------------------------+------------------------------------+------------------------------------+------------------------------------+------------------------------------+
| Epoch |  training time(s) |   tesing time(s)  |       Loss       |               recall               |                ndcg                |              novelty               |             precision              |             hit_ratio              |
+-------+-------------------+-------------------+------------------+------------------------------------+------------------------------------+------------------------------------+------------------------------------+------------------------------------+
|   40  | 83.14239811897278 | 44.39156651496887 | 46.9152946472168 | [0.17454359 0.24423959 0.29157737] | [0.1474519  0.16959405 0.18381979] | [0.5838278  0.60922953 0.62354471] | [0.05341282 0.03778384 0.03039889] | [0.57056735 0.67563132 0.72898386] |
+-------+-------------------+-------------------+------------------+------------------------------------+------------------------------------+------------------------------------+------------------------------------+------------------------------------+
using time 76.3218s, training loss at epoch 41: 46.1202
using time 76.1478s, training loss at epoch 42: 45.3866
using time 76.0605s, training loss at epoch 43: 44.5865
using time 76.4404s, training loss at epoch 44: 43.9068
+-------+------------------+-------------------+-------------------+------------------------------------+------------------------------------+------------------------------------+------------------------------------+------------------------------------+
| Epoch | training time(s) |   tesing time(s)  |        Loss       |               recall               |                ndcg                |              novelty               |             precision              |             hit_ratio              |
+-------+------------------+-------------------+-------------------+------------------------------------+------------------------------------+------------------------------------+------------------------------------+------------------------------------+
|   45  | 82.8946053981781 | 48.36935257911682 | 43.31544876098633 | [0.17239441 0.24134746 0.28752417] | [0.14536166 0.16726198 0.18116013] | [0.5851334  0.61014552 0.62430968] | [0.05266763 0.03726974 0.02997243] | [0.56574452 0.67023913 0.7246969 ] |
+-------+------------------+-------------------+-------------------+------------------------------------+------------------------------------+------------------------------------+------------------------------------+------------------------------------+
using time 76.9523s, training loss at epoch 46: 42.6243
using time 75.9389s, training loss at epoch 47: 41.9932
using time 76.5016s, training loss at epoch 48: 41.4055
using time 76.6003s, training loss at epoch 49: 40.7451
+-------+------------------+-------------------+--------------------+------------------------------------+------------------------------------+------------------------------------+------------------------------------+------------------------------------+
| Epoch | training time(s) |   tesing time(s)  |        Loss        |               recall               |                ndcg                |              novelty               |             precision              |             hit_ratio              |
+-------+------------------+-------------------+--------------------+------------------------------------+------------------------------------+------------------------------------+------------------------------------+------------------------------------+
|   50  | 81.1914381980896 | 55.34213924407959 | 40.263084411621094 | [0.16983478 0.23755932 0.28318238] | [0.14347173 0.16497299 0.17865833] | [0.58624861 0.61108565 0.6250646 ] | [0.0519509  0.03670373 0.02947619] | [0.56226137 0.6646125  0.7193382 ] |
+-------+------------------+-------------------+--------------------+------------------------------------+------------------------------------+------------------------------------+------------------------------------+------------------------------------+
using time 76.1740s, training loss at epoch 51: 39.6541
using time 76.2115s, training loss at epoch 52: 39.1842
using time 75.6097s, training loss at epoch 53: 38.7527
using time 76.0302s, training loss at epoch 54: 38.1887
+-------+-------------------+-------------------+-------------------+------------------------------------+------------------------------------+------------------------------------+------------------------------------+------------------------------------+
| Epoch |  training time(s) |   tesing time(s)  |        Loss       |               recall               |                ndcg                |              novelty               |             precision              |             hit_ratio              |
+-------+-------------------+-------------------+-------------------+------------------------------------+------------------------------------+------------------------------------+------------------------------------+------------------------------------+
|   55  | 79.50475668907166 | 60.52643418312073 | 37.69410705566406 | [0.16769649 0.23378412 0.27855306] | [0.14161676 0.16264792 0.17610587] | [0.5869815  0.61164277 0.62551549] | [0.05117891 0.03615614 0.029038  ] | [0.55790743 0.65911983 0.71448188] |
+-------+-------------------+-------------------+-------------------+------------------------------------+------------------------------------+------------------------------------+------------------------------------+------------------------------------+
using time 75.1418s, training loss at epoch 56: 37.2519
using time 75.6412s, training loss at epoch 57: 36.7163
using time 75.4069s, training loss at epoch 58: 36.4104
using time 75.9218s, training loss at epoch 59: 36.0131
+-------+------------------+-------------------+-------------------+------------------------------------+------------------------------------+------------------------------------+------------------------------------+------------------------------------+
| Epoch | training time(s) |   tesing time(s)  |        Loss       |               recall               |                ndcg                |              novelty               |             precision              |             hit_ratio              |
+-------+------------------+-------------------+-------------------+------------------------------------+------------------------------------+------------------------------------+------------------------------------+------------------------------------+
|   60  | 77.6298336982727 | 65.60956335067749 | 35.47297668457031 | [0.16556052 0.23021748 0.27471531] | [0.13963908 0.16017237 0.17353359] | [0.58786169 0.61216615 0.62601515] | [0.05056601 0.03559264 0.02863108] | [0.55375444 0.65443097 0.70939112] |
+-------+------------------+-------------------+-------------------+------------------------------------+------------------------------------+------------------------------------+------------------------------------+------------------------------------+
using time 75.8303s, training loss at epoch 61: 35.0981
using time 75.0189s, training loss at epoch 62: 34.7547
using time 75.2997s, training loss at epoch 63: 34.4186
using time 74.9050s, training loss at epoch 64: 34.0475
+-------+-------------------+-------------------+-------------------+------------------------------------+------------------------------------+------------------------------------+------------------------------------+------------------------------------+
| Epoch |  training time(s) |   tesing time(s)  |        Loss       |               recall               |                ndcg                |              novelty               |             precision              |             hit_ratio              |
+-------+-------------------+-------------------+-------------------+------------------------------------+------------------------------------+------------------------------------+------------------------------------+------------------------------------+
|   65  | 76.73447895050049 | 66.94915843009949 | 33.67380142211914 | [0.16311728 0.22724672 0.27028837] | [0.13766619 0.1580597  0.17105337] | [0.58858004 0.61269881 0.62640623] | [0.04984761 0.03517734 0.02824536] | [0.5494005  0.64987608 0.70416639] |
+-------+-------------------+-------------------+-------------------+------------------------------------+------------------------------------+------------------------------------+------------------------------------+------------------------------------+
using time 75.1634s, training loss at epoch 66: 33.3222
using time 75.3607s, training loss at epoch 67: 32.9252
using time 75.4587s, training loss at epoch 68: 32.5848
using time 75.8280s, training loss at epoch 69: 32.2125
+-------+------------------+-------------------+-------------------+------------------------------------+------------------------------------+------------------------------------+------------------------------------+------------------------------------+
| Epoch | training time(s) |   tesing time(s)  |        Loss       |               recall               |                ndcg                |              novelty               |             precision              |             hit_ratio              |
+-------+------------------+-------------------+-------------------+------------------------------------+------------------------------------+------------------------------------+------------------------------------+------------------------------------+
|   70  | 75.4377498626709 | 70.84614181518555 | 31.93840217590332 | [0.16132034 0.22412821 0.26714868] | [0.13582592 0.1558524  0.16882238] | [0.58858761 0.61271006 0.62643593] | [0.04913424 0.0346892  0.02792328] | [0.54558242 0.64619198 0.70108514] |
+-------+------------------+-------------------+-------------------+------------------------------------+------------------------------------+------------------------------------+------------------------------------+------------------------------------+
Early stopping is trigger at step: 10 log:0.16132034152236566
early stopping at 70, recall@20:0.1824
