nohup python main.py --dataset gowalla --gnn lightgcn --dim 64 --lr 0.001 --batch_size 4096 --gpu_id 0 --context_hops 3 --pool mean --ns mixgcf --K 1 --n_negs 64 &reading train and test user-item set ...
building the adj mat ...
loading over ...
start training ...
+-------+-------------------+--------------------+--------------------+------------------------------------+------------------------------------+------------------------------------+------------------------------------+------------------------------------+
| Epoch |  training time(s) |   tesing time(s)   |        Loss        |               recall               |                ndcg                |              novelty               |             precision              |             hit_ratio              |
+-------+-------------------+--------------------+--------------------+------------------------------------+------------------------------------+------------------------------------+------------------------------------+------------------------------------+
|   0   | 76.79251837730408 | 45.758628845214844 | 136.29466247558594 | [0.12106187 0.17414676 0.21512235] | [0.1036334  0.12033823 0.13252227] | [0.51847276 0.54765342 0.56569468] | [0.03841182 0.0278376  0.02296704] | [0.44574318 0.54906558 0.61273361] |
+-------+-------------------+--------------------+--------------------+------------------------------------+------------------------------------+------------------------------------+------------------------------------+------------------------------------+
using time 76.8810s, training loss at epoch 1: 133.7542
using time 76.7860s, training loss at epoch 2: 130.4992
using time 76.5234s, training loss at epoch 3: 127.9815
using time 76.5457s, training loss at epoch 4: 125.9764
+-------+------------------+-------------------+--------------------+------------------------------------+------------------------------------+------------------------------------+------------------------------------+------------------------------------+
| Epoch | training time(s) |   tesing time(s)  |        Loss        |               recall               |                ndcg                |              novelty               |             precision              |             hit_ratio              |
+-------+------------------+-------------------+--------------------+------------------------------------+------------------------------------+------------------------------------+------------------------------------+------------------------------------+
|   5   | 76.238765001297  | 44.50647449493408 | 124.40021514892578 | [0.13964544 0.19952408 0.24374799] | [0.11830747 0.13715491 0.15037582] | [0.5284215  0.55761985 0.57582894] | [0.04418246 0.0318809  0.02615547] | [0.49524416 0.60305446 0.66380869] |
+-------+------------------+-------------------+--------------------+------------------------------------+------------------------------------+------------------------------------+------------------------------------+------------------------------------+
using time 76.1717s, training loss at epoch 6: 123.0228
using time 76.1330s, training loss at epoch 7: 121.8347
using time 76.0687s, training loss at epoch 8: 120.7778
using time 76.1332s, training loss at epoch 9: 119.8052
+-------+-------------------+--------------------+--------------------+------------------------------------+------------------------------------+------------------------------------+------------------------------------+------------------------------------+
| Epoch |  training time(s) |   tesing time(s)   |        Loss        |               recall               |                ndcg                |              novelty               |             precision              |             hit_ratio              |
+-------+-------------------+--------------------+--------------------+------------------------------------+------------------------------------+------------------------------------+------------------------------------+------------------------------------+
|   10  | 76.00447106361389 | 44.609370708465576 | 118.92979431152344 | [0.15078277 0.21329503 0.25955401] | [0.1276789  0.14736074 0.16117492] | [0.53400009 0.56359756 0.58177979] | [0.04756347 0.03405285 0.02781053] | [0.52418112 0.62800589 0.68745395] |
+-------+-------------------+--------------------+--------------------+------------------------------------+------------------------------------+------------------------------------+------------------------------------+------------------------------------+
using time 75.7742s, training loss at epoch 11: 118.0438
using time 76.0363s, training loss at epoch 12: 117.1696
using time 75.9715s, training loss at epoch 13: 116.3941
using time 75.8627s, training loss at epoch 14: 115.6780
+-------+------------------+-------------------+--------------------+------------------------------------+------------------------------------+------------------------------------+------------------------------------+------------------------------------+
| Epoch | training time(s) |   tesing time(s)  |        Loss        |               recall               |                ndcg                |              novelty               |             precision              |             hit_ratio              |
+-------+------------------+-------------------+--------------------+------------------------------------+------------------------------------+------------------------------------+------------------------------------+------------------------------------+
|   15  | 75.7587628364563 | 44.67411971092224 | 114.87248992919922 | [0.15747552 0.2220939  0.27033079] | [0.13356659 0.1539105  0.16830748] | [0.53849747 0.56810711 0.58624618] | [0.04956461 0.0353808  0.02888506] | [0.53978833 0.64230692 0.7016545 ] |
+-------+------------------+-------------------+--------------------+------------------------------------+------------------------------------+------------------------------------+------------------------------------+------------------------------------+
using time 75.9037s, training loss at epoch 16: 114.1477
using time 76.0524s, training loss at epoch 17: 113.4312
using time 75.8867s, training loss at epoch 18: 112.6007
using time 75.8582s, training loss at epoch 19: 111.9473
+-------+-------------------+-------------------+--------------------+------------------------------------+------------------------------------+------------------------------------+------------------------------------+------------------------------------+
| Epoch |  training time(s) |   tesing time(s)  |        Loss        |               recall               |                ndcg                |              novelty               |             precision              |             hit_ratio              |
+-------+-------------------+-------------------+--------------------+------------------------------------+------------------------------------+------------------------------------+------------------------------------+------------------------------------+
|   20  | 75.78826427459717 | 44.83820986747742 | 111.31456756591797 | [0.16298259 0.22909484 0.27813954] | [0.13835608 0.15913018 0.17381887] | [0.54265556 0.57224281 0.59019522] | [0.05121575 0.03637216 0.02967993] | [0.5506062  0.65319177 0.71203698] |
+-------+-------------------+-------------------+--------------------+------------------------------------+------------------------------------+------------------------------------+------------------------------------+------------------------------------+
using time 75.9669s, training loss at epoch 21: 110.5462
using time 75.7892s, training loss at epoch 22: 109.8497
using time 75.7394s, training loss at epoch 23: 109.1759
using time 75.6528s, training loss at epoch 24: 108.5619
+-------+------------------+-------------------+-------------------+------------------------------------+------------------------------------+------------------------------------+------------------------------------+------------------------------------+
| Epoch | training time(s) |   tesing time(s)  |        Loss       |               recall               |                ndcg                |              novelty               |             precision              |             hit_ratio              |
+-------+------------------+-------------------+-------------------+------------------------------------+------------------------------------+------------------------------------+------------------------------------+------------------------------------+
|   25  | 75.9222764968872 | 44.02124643325806 | 107.8035659790039 | [0.16742508 0.23510532 0.28445628] | [0.1423495  0.16369354 0.17843131] | [0.54660523 0.57596565 0.5937069 ] | [0.05248007 0.03732919 0.03029562] | [0.56021837 0.66149776 0.7201755 ] |
+-------+------------------+-------------------+-------------------+------------------------------------+------------------------------------+------------------------------------+------------------------------------+------------------------------------+
using time 75.8310s, training loss at epoch 26: 107.0916
using time 75.5928s, training loss at epoch 27: 106.5647
using time 75.7201s, training loss at epoch 28: 105.9637
using time 75.8149s, training loss at epoch 29: 105.2382
+-------+-------------------+--------------------+--------------------+------------------------------------+------------------------------------+------------------------------------+------------------------------------+------------------------------------+
| Epoch |  training time(s) |   tesing time(s)   |        Loss        |               recall               |                ndcg                |              novelty               |             precision              |             hit_ratio              |
+-------+-------------------+--------------------+--------------------+------------------------------------+------------------------------------+------------------------------------+------------------------------------+------------------------------------+
|   30  | 75.97368860244751 | 44.905256509780884 | 104.60353088378906 | [0.17065477 0.23967523 0.28939503] | [0.14521007 0.16693995 0.18182962] | [0.54996183 0.57922927 0.59677325] | [0.05350157 0.03797977 0.03082144] | [0.56621341 0.66893295 0.72617054] |
+-------+-------------------+--------------------+--------------------+------------------------------------+------------------------------------+------------------------------------+------------------------------------+------------------------------------+
using time 75.9560s, training loss at epoch 31: 103.9982
using time 76.0748s, training loss at epoch 32: 103.2382
using time 75.8309s, training loss at epoch 33: 102.6732
using time 76.0856s, training loss at epoch 34: 101.8970
+-------+-------------------+------------------+--------------------+------------------------------------+------------------------------------+------------------------------------+------------------------------------+------------------------------------+
| Epoch |  training time(s) |  tesing time(s)  |        Loss        |               recall               |                ndcg                |              novelty               |             precision              |             hit_ratio              |
+-------+-------------------+------------------+--------------------+------------------------------------+------------------------------------+------------------------------------+------------------------------------+------------------------------------+
|   35  | 75.88307547569275 | 44.7145037651062 | 101.31092834472656 | [0.1735512  0.24313101 0.29353461] | [0.14774193 0.16966882 0.18474417] | [0.55312584 0.58219646 0.59950019] | [0.05429701 0.03848299 0.03120493] | [0.57060084 0.67385625 0.73142876] |
+-------+-------------------+------------------+--------------------+------------------------------------+------------------------------------+------------------------------------+------------------------------------+------------------------------------+
using time 75.8205s, training loss at epoch 36: 100.6386
using time 76.1367s, training loss at epoch 37: 100.1119
using time 75.9350s, training loss at epoch 38: 99.3984
using time 75.9163s, training loss at epoch 39: 98.7891
+-------+-------------------+--------------------+-------------------+------------------------------------+------------------------------------+------------------------------------+------------------------------------+------------------------------------+
| Epoch |  training time(s) |   tesing time(s)   |        Loss       |               recall               |                ndcg                |              novelty               |             precision              |             hit_ratio              |
+-------+-------------------+--------------------+-------------------+------------------------------------+------------------------------------+------------------------------------+------------------------------------+------------------------------------+
|   40  | 75.88757419586182 | 44.717288970947266 | 98.23905181884766 | [0.17576535 0.24635437 0.29713159] | [0.14983285 0.17210891 0.18727139] | [0.55591601 0.58486746 0.60191103] | [0.05494675 0.03895606 0.03153761] | [0.5752897  0.6777748  0.73574921] |
+-------+-------------------+--------------------+-------------------+------------------------------------+------------------------------------+------------------------------------+------------------------------------+------------------------------------+
using time 76.0288s, training loss at epoch 41: 97.5190
using time 75.7160s, training loss at epoch 42: 96.9194
using time 75.9721s, training loss at epoch 43: 96.2808
using time 76.0285s, training loss at epoch 44: 95.6378
+-------+-------------------+-------------------+------------------+------------------------------------+------------------------------------+------------------------------------+------------------------------------+------------------------------------+
| Epoch |  training time(s) |   tesing time(s)  |       Loss       |               recall               |                ndcg                |              novelty               |             precision              |             hit_ratio              |
+-------+-------------------+-------------------+------------------+------------------------------------+------------------------------------+------------------------------------+------------------------------------+------------------------------------+
|   45  | 75.73572301864624 | 44.53875541687012 | 95.1458740234375 | [0.17750317 0.24904588 0.29988629] | [0.15106351 0.17366831 0.18887793] | [0.55847971 0.5871143  0.60394959] | [0.05537712 0.03933284 0.03182397] | [0.57904079 0.68099002 0.73879697] |
+-------+-------------------+-------------------+------------------+------------------------------------+------------------------------------+------------------------------------+------------------------------------+------------------------------------+
using time 75.9802s, training loss at epoch 46: 94.5040
using time 75.9468s, training loss at epoch 47: 93.9294
using time 75.7752s, training loss at epoch 48: 93.3390
using time 75.7697s, training loss at epoch 49: 92.6888
+-------+-------------------+--------------------+-------------------+------------------------------------+------------------------------------+------------------------------------+------------------------------------+------------------------------------+
| Epoch |  training time(s) |   tesing time(s)   |        Loss       |               recall               |                ndcg                |              novelty               |             precision              |             hit_ratio              |
+-------+-------------------+--------------------+-------------------+------------------------------------+------------------------------------+------------------------------------+------------------------------------+------------------------------------+
|   50  | 75.81911516189575 | 44.840086221694946 | 92.11775207519531 | [0.17930026 0.25087221 0.30271406] | [0.15242859 0.17507649 0.19055588] | [0.56074565 0.58916668 0.60589671] | [0.05585773 0.03960413 0.03207125] | [0.5831268  0.68259763 0.74100744] |
+-------+-------------------+--------------------+-------------------+------------------------------------+------------------------------------+------------------------------------+------------------------------------+------------------------------------+
using time 75.8803s, training loss at epoch 51: 91.4338
using time 75.9266s, training loss at epoch 52: 90.9609
using time 75.8965s, training loss at epoch 53: 90.4198
using time 75.9250s, training loss at epoch 54: 89.7739
+-------+-------------------+--------------------+-------------------+------------------------------------+------------------------------------+------------------------------------+------------------------------------+------------------------------------+
| Epoch |  training time(s) |   tesing time(s)   |        Loss       |               recall               |                ndcg                |              novelty               |             precision              |             hit_ratio              |
+-------+-------------------+--------------------+-------------------+------------------------------------+------------------------------------+------------------------------------+------------------------------------+------------------------------------+
|   55  | 75.64001703262329 | 44.107863664627075 | 89.12226867675781 | [0.18038218 0.25238323 0.30404102] | [0.15325445 0.17604547 0.19155104] | [0.56276582 0.59108626 0.60762013] | [0.05608882 0.03976572 0.03224708] | [0.58533726 0.68591332 0.74298346] |
+-------+-------------------+--------------------+-------------------+------------------------------------+------------------------------------+------------------------------------+------------------------------------+------------------------------------+
using time 75.7480s, training loss at epoch 56: 88.6563
using time 75.6275s, training loss at epoch 57: 88.0622
using time 75.6085s, training loss at epoch 58: 87.5757
using time 75.8291s, training loss at epoch 59: 87.0827
+-------+-------------------+-------------------+-------------------+------------------------------------+------------------------------------+------------------------------------+------------------------------------+------------------------------------+
| Epoch |  training time(s) |   tesing time(s)  |        Loss       |               recall               |                ndcg                |              novelty               |             precision              |             hit_ratio              |
+-------+-------------------+-------------------+-------------------+------------------------------------+------------------------------------+------------------------------------+------------------------------------+------------------------------------+
|   60  | 75.77425289154053 | 44.27270531654358 | 86.39097595214844 | [0.18110447 0.25318479 0.30579721] | [0.15410237 0.17695356 0.19267028] | [0.56462385 0.59273805 0.60916024] | [0.05632996 0.03990639 0.03236151] | [0.58714582 0.6876549  0.74589725] |
+-------+-------------------+-------------------+-------------------+------------------------------------+------------------------------------+------------------------------------+------------------------------------+------------------------------------+
using time 75.5898s, training loss at epoch 61: 85.8840
using time 75.5400s, training loss at epoch 62: 85.3961
using time 75.5357s, training loss at epoch 63: 84.7729
using time 75.5927s, training loss at epoch 64: 84.3313
+-------+-------------------+--------------------+-------------------+------------------------------------+------------------------------------+------------------------------------+------------------------------------+------------------------------------+
| Epoch |  training time(s) |   tesing time(s)   |        Loss       |               recall               |                ndcg                |              novelty               |             precision              |             hit_ratio              |
+-------+-------------------+--------------------+-------------------+------------------------------------+------------------------------------+------------------------------------+------------------------------------+------------------------------------+
|   65  | 75.75355386734009 | 44.649784088134766 | 83.78794860839844 | [0.18195063 0.25420517 0.30632919] | [0.15466252 0.17763769 0.19321327] | [0.56641402 0.59439176 0.61061418] | [0.05644718 0.04004789 0.03241007] | [0.58781566 0.68916203 0.7473374 ] |
+-------+-------------------+--------------------+-------------------+------------------------------------+------------------------------------+------------------------------------+------------------------------------+------------------------------------+
using time 75.8590s, training loss at epoch 66: 83.1664
using time 75.8273s, training loss at epoch 67: 82.6500
using time 75.7071s, training loss at epoch 68: 82.1663
using time 75.8145s, training loss at epoch 69: 81.6443
+-------+-------------------+-------------------+-------------------+------------------------------------+------------------------------------+------------------------------------+------------------------------------+------------------------------------+
| Epoch |  training time(s) |   tesing time(s)  |        Loss       |               recall               |                ndcg                |              novelty               |             precision              |             hit_ratio              |
+-------+-------------------+-------------------+-------------------+------------------------------------+------------------------------------+------------------------------------+------------------------------------+------------------------------------+
|   70  | 75.68116044998169 | 44.46159815788269 | 81.04235076904297 | [0.18275854 0.25540023 0.30794289] | [0.15531028 0.17837779 0.1940661 ] | [0.56786349 0.59566312 0.61175553] | [0.0565711  0.04013916 0.03250218] | [0.58868645 0.69060218 0.74861009] |
+-------+-------------------+-------------------+-------------------+------------------------------------+------------------------------------+------------------------------------+------------------------------------+------------------------------------+
using time 75.8805s, training loss at epoch 71: 80.6477
using time 75.7760s, training loss at epoch 72: 80.1556
using time 75.8362s, training loss at epoch 73: 79.5615
using time 75.9893s, training loss at epoch 74: 79.1479
+-------+-------------------+-------------------+-------------------+------------------------------------+------------------------------------+------------------------------------+------------------------------------+------------------------------------+
| Epoch |  training time(s) |   tesing time(s)  |        Loss       |               recall               |                ndcg                |              novelty               |             precision              |             hit_ratio              |
+-------+-------------------+-------------------+-------------------+------------------------------------+------------------------------------+------------------------------------+------------------------------------+------------------------------------+
|   75  | 75.78827404975891 | 44.56990718841553 | 78.60148620605469 | [0.18326525 0.25579793 0.3082979 ] | [0.15569643 0.17875046 0.19442349] | [0.56944067 0.59707892 0.61302356] | [0.05670507 0.04020531 0.03253679] | [0.5888874  0.69076964 0.75001675] |
+-------+-------------------+-------------------+-------------------+------------------------------------+------------------------------------+------------------------------------+------------------------------------+------------------------------------+
using time 75.8893s, training loss at epoch 76: 78.1393
using time 75.8169s, training loss at epoch 77: 77.7108
using time 75.8392s, training loss at epoch 78: 77.2925
using time 75.9940s, training loss at epoch 79: 76.6822
+-------+-------------------+--------------------+-------------------+------------------------------------+------------------------------------+------------------------------------+------------------------------------+------------------------------------+
| Epoch |  training time(s) |   tesing time(s)   |        Loss       |               recall               |                ndcg                |              novelty               |             precision              |             hit_ratio              |
+-------+-------------------+--------------------+-------------------+------------------------------------+------------------------------------+------------------------------------+------------------------------------+------------------------------------+
|   80  | 75.80395317077637 | 44.420681953430176 | 76.29320526123047 | [0.183449   0.25648604 0.30879007] | [0.15599087 0.17922261 0.19482231] | [0.57073223 0.59826082 0.61405403] | [0.05672182 0.04027648 0.03254125] | [0.58979168 0.69237725 0.74994976] |
+-------+-------------------+--------------------+-------------------+------------------------------------+------------------------------------+------------------------------------+------------------------------------+------------------------------------+
using time 75.9109s, training loss at epoch 81: 75.7860
using time 75.7135s, training loss at epoch 82: 75.3220
using time 75.9425s, training loss at epoch 83: 74.9653
using time 76.1141s, training loss at epoch 84: 74.3881
+-------+-------------------+--------------------+------------------+------------------------------------+------------------------------------+------------------------------------+------------------------------------+------------------------------------+
| Epoch |  training time(s) |   tesing time(s)   |       Loss       |               recall               |                ndcg                |              novelty               |             precision              |             hit_ratio              |
+-------+-------------------+--------------------+------------------+------------------------------------+------------------------------------+------------------------------------+------------------------------------+------------------------------------+
|   85  | 75.94319415092468 | 44.573190450668335 | 74.0342788696289 | [0.18369385 0.25657449 0.30882174] | [0.15597034 0.17911326 0.19473522] | [0.57188485 0.59925679 0.61499036] | [0.05674694 0.04021284 0.03251836] | [0.59059549 0.69274566 0.75035166] |
+-------+-------------------+--------------------+------------------+------------------------------------+------------------------------------+------------------------------------+------------------------------------+------------------------------------+
using time 75.6113s, training loss at epoch 86: 73.5703
using time 75.6262s, training loss at epoch 87: 73.1667
using time 75.6358s, training loss at epoch 88: 72.7095
using time 75.7733s, training loss at epoch 89: 72.1602
+-------+-------------------+-------------------+-------------------+------------------------------------+------------------------------------+------------------------------------+------------------------------------+------------------------------------+
| Epoch |  training time(s) |   tesing time(s)  |        Loss       |               recall               |                ndcg                |              novelty               |             precision              |             hit_ratio              |
+-------+-------------------+-------------------+-------------------+------------------------------------+------------------------------------+------------------------------------+------------------------------------+------------------------------------+
|   90  | 75.53895568847656 | 44.31524610519409 | 71.86428833007812 | [0.18376837 0.25740787 0.30871973] | [0.1559966  0.17935696 0.1947295 ] | [0.57311487 0.60035421 0.615966  ] | [0.05673354 0.04025554 0.03249213] | [0.59109786 0.69358296 0.75035166] |
+-------+-------------------+-------------------+-------------------+------------------------------------+------------------------------------+------------------------------------+------------------------------------+------------------------------------+
using time 75.7638s, training loss at epoch 91: 71.3827
using time 76.0153s, training loss at epoch 92: 71.0178
using time 75.9567s, training loss at epoch 93: 70.5533
using time 75.8227s, training loss at epoch 94: 70.1305
+-------+-------------------+-------------------+-------------------+------------------------------------+------------------------------------+------------------------------------+------------------------------------+------------------------------------+
| Epoch |  training time(s) |   tesing time(s)  |        Loss       |               recall               |                ndcg                |              novelty               |             precision              |             hit_ratio              |
+-------+-------------------+-------------------+-------------------+------------------------------------+------------------------------------+------------------------------------+------------------------------------+------------------------------------+
|   95  | 75.93558287620544 | 44.55689525604248 | 69.77334594726562 | [0.18389818 0.2568066  0.30854303] | [0.15611327 0.17924718 0.19473703] | [0.57419594 0.60127748 0.61683893] | [0.05674861 0.04016595 0.03244915] | [0.59032755 0.69264519 0.74998325] |
+-------+-------------------+-------------------+-------------------+------------------------------------+------------------------------------+------------------------------------+------------------------------------+------------------------------------+
using time 76.0986s, training loss at epoch 96: 69.4939
using time 75.8306s, training loss at epoch 97: 69.0268
using time 75.6602s, training loss at epoch 98: 68.5574
using time 75.8310s, training loss at epoch 99: 68.1713
+-------+-------------------+-------------------+-------------------+------------------------------------+------------------------------------+------------------------------------+------------------------------------+------------------------------------+
| Epoch |  training time(s) |   tesing time(s)  |        Loss       |               recall               |                ndcg                |              novelty               |             precision              |             hit_ratio              |
+-------+-------------------+-------------------+-------------------+------------------------------------+------------------------------------+------------------------------------+------------------------------------+------------------------------------+
|  100  | 75.99055361747742 | 44.33690166473389 | 67.88674926757812 | [0.18382697 0.25655414 0.30810556] | [0.15605934 0.17916989 0.19460912] | [0.57503911 0.6020144  0.61745497] | [0.05662971 0.04010399 0.03239612] | [0.59049501 0.69308058 0.74901199] |
+-------+-------------------+-------------------+-------------------+------------------------------------+------------------------------------+------------------------------------+------------------------------------+------------------------------------+
using time 75.6282s, training loss at epoch 101: 67.4543
using time 75.6368s, training loss at epoch 102: 67.2143
using time 75.6880s, training loss at epoch 103: 66.7948
using time 75.8098s, training loss at epoch 104: 66.3904
+-------+-------------------+-------------------+-------------------+------------------------------------+------------------------------------+------------------------------------+------------------------------------+------------------------------------+
| Epoch |  training time(s) |   tesing time(s)  |        Loss       |               recall               |                ndcg                |              novelty               |             precision              |             hit_ratio              |
+-------+-------------------+-------------------+-------------------+------------------------------------+------------------------------------+------------------------------------+------------------------------------+------------------------------------+
|  105  | 75.77848505973816 | 44.04820513725281 | 65.95731353759766 | [0.18338561 0.25630771 0.30771632] | [0.15559192 0.17874995 0.19415863] | [0.57603531 0.60292892 0.61823587] | [0.05647733 0.04000603 0.03232914] | [0.58962422 0.6930136  0.74941389] |
+-------+-------------------+-------------------+-------------------+------------------------------------+------------------------------------+------------------------------------+------------------------------------+------------------------------------+
using time 76.0005s, training loss at epoch 106: 65.6347
using time 75.9614s, training loss at epoch 107: 65.2431
using time 75.7411s, training loss at epoch 108: 64.8257
using time 75.9955s, training loss at epoch 109: 64.4721
+-------+-------------------+--------------------+-------------------+------------------------------------+------------------------------------+------------------------------------+------------------------------------+------------------------------------+
| Epoch |  training time(s) |   tesing time(s)   |        Loss       |               recall               |                ndcg                |              novelty               |             precision              |             hit_ratio              |
+-------+-------------------+--------------------+-------------------+------------------------------------+------------------------------------+------------------------------------+------------------------------------+------------------------------------+
|  110  | 75.85361409187317 | 44.651883602142334 | 64.21739959716797 | [0.18302749 0.25616741 0.30647833] | [0.15529303 0.17850569 0.1935873 ] | [0.57689073 0.60363473 0.6188215 ] | [0.05639862 0.03996919 0.03219294] | [0.58895438 0.69267868 0.74777279] |
+-------+-------------------+--------------------+-------------------+------------------------------------+------------------------------------+------------------------------------+------------------------------------+------------------------------------+
using time 76.1499s, training loss at epoch 111: 63.9208
using time 75.7251s, training loss at epoch 112: 63.5660
using time 75.9584s, training loss at epoch 113: 63.2891
using time 75.9315s, training loss at epoch 114: 62.8764
+-------+-------------------+-------------------+-------------------+------------------------------------+------------------------------------+------------------------------------+------------------------------------+------------------------------------+
| Epoch |  training time(s) |   tesing time(s)  |        Loss       |               recall               |                ndcg                |              novelty               |             precision              |             hit_ratio              |
+-------+-------------------+-------------------+-------------------+------------------------------------+------------------------------------+------------------------------------+------------------------------------+------------------------------------+
|  115  | 75.93423795700073 | 43.94149684906006 | 62.52906799316406 | [0.18300259 0.25535426 0.30599432] | [0.1550565  0.17796492 0.19316936] | [0.57756517 0.60420552 0.61935079] | [0.05635341 0.0398034  0.03211758] | [0.58845201 0.69200884 0.74633264] |
+-------+-------------------+-------------------+-------------------+------------------------------------+------------------------------------+------------------------------------+------------------------------------+------------------------------------+
using time 75.8905s, training loss at epoch 116: 62.2226
using time 75.8514s, training loss at epoch 117: 61.9958
using time 75.7277s, training loss at epoch 118: 61.6416
using time 75.8536s, training loss at epoch 119: 61.2369
+-------+------------------+--------------------+--------------------+------------------------------------+------------------------------------+------------------------------------+------------------------------------+------------------------------------+
| Epoch | training time(s) |   tesing time(s)   |        Loss        |               recall               |                ndcg                |              novelty               |             precision              |             hit_ratio              |
+-------+------------------+--------------------+--------------------+------------------------------------+------------------------------------+------------------------------------+------------------------------------+------------------------------------+
|  120  | 75.9467420578003 | 44.648587226867676 | 60.962982177734375 | [0.18264949 0.25505582 0.30483759] | [0.15463665 0.17756921 0.19251997] | [0.57834589 0.60483715 0.61990649] | [0.05622446 0.03972637 0.03199031] | [0.5884855  0.69150646 0.744859  ] |
+-------+------------------+--------------------+--------------------+------------------------------------+------------------------------------+------------------------------------+------------------------------------+------------------------------------+
using time 75.8032s, training loss at epoch 121: 60.7151
using time 75.8576s, training loss at epoch 122: 60.4262
using time 75.6858s, training loss at epoch 123: 59.9478
using time 75.7303s, training loss at epoch 124: 59.7719
+-------+-------------------+-------------------+--------------------+------------------------------------+------------------------------------+------------------------------------+------------------------------------+------------------------------------+
| Epoch |  training time(s) |   tesing time(s)  |        Loss        |               recall               |                ndcg                |              novelty               |             precision              |             hit_ratio              |
+-------+-------------------+-------------------+--------------------+------------------------------------+------------------------------------+------------------------------------+------------------------------------+------------------------------------+
|  125  | 75.90788173675537 | 45.13987469673157 | 59.478660583496094 | [0.18236087 0.25440825 0.30406123] | [0.15429122 0.1771442  0.19206456] | [0.57913038 0.60553593 0.6204858 ] | [0.0560503  0.03961417 0.03189932] | [0.58768169 0.69083663 0.74392123] |
+-------+-------------------+-------------------+--------------------+------------------------------------+------------------------------------+------------------------------------+------------------------------------+------------------------------------+
using time 75.8786s, training loss at epoch 126: 59.2498
using time 75.7297s, training loss at epoch 127: 58.7776
using time 75.6901s, training loss at epoch 128: 58.6732
using time 75.6074s, training loss at epoch 129: 58.3804
+-------+-------------------+-------------------+--------------------+------------------------------------+------------------------------------+------------------------------------+------------------------------------+------------------------------------+
| Epoch |  training time(s) |   tesing time(s)  |        Loss        |               recall               |                ndcg                |              novelty               |             precision              |             hit_ratio              |
+-------+-------------------+-------------------+--------------------+------------------------------------+------------------------------------+------------------------------------+------------------------------------+------------------------------------+
|  130  | 75.89051795005798 | 44.69974136352539 | 58.011260986328125 | [0.18213256 0.25382433 0.30319098] | [0.15404372 0.17674362 0.1915595 ] | [0.57986126 0.60607359 0.62093287] | [0.05601011 0.03949779 0.0317754 ] | [0.5876482  0.68989885 0.74338536] |
+-------+-------------------+-------------------+--------------------+------------------------------------+------------------------------------+------------------------------------+------------------------------------+------------------------------------+
using time 75.8148s, training loss at epoch 131: 57.9247
using time 75.8197s, training loss at epoch 132: 57.5332
using time 75.8606s, training loss at epoch 133: 57.3624
using time 75.6634s, training loss at epoch 134: 57.0098
+-------+------------------+--------------------+-------------------+------------------------------------+------------------------------------+------------------------------------+------------------------------------+------------------------------------+
| Epoch | training time(s) |   tesing time(s)   |        Loss       |               recall               |                ndcg                |              novelty               |             precision              |             hit_ratio              |
+-------+------------------+--------------------+-------------------+------------------------------------+------------------------------------+------------------------------------+------------------------------------+------------------------------------+
|  135  | 76.0014169216156 | 44.727922677993774 | 56.88618469238281 | [0.18122533 0.25286742 0.30179955] | [0.15345277 0.17617602 0.19085954] | [0.58044993 0.60662784 0.62142477] | [0.05572376 0.0393588  0.03162469] | [0.58620805 0.68839172 0.74201219] |
+-------+------------------+--------------------+-------------------+------------------------------------+------------------------------------+------------------------------------+------------------------------------+------------------------------------+
using time 75.9503s, training loss at epoch 136: 56.4605
using time 75.7294s, training loss at epoch 137: 56.3690
using time 75.9980s, training loss at epoch 138: 55.9550
using time 76.0178s, training loss at epoch 139: 55.7354
+-------+-------------------+-------------------+------------------+------------------------------------+------------------------------------+------------------------------------+------------------------------------+------------------------------------+
| Epoch |  training time(s) |   tesing time(s)  |       Loss       |               recall               |                ndcg                |              novelty               |             precision              |             hit_ratio              |
+-------+-------------------+-------------------+------------------+------------------------------------+------------------------------------+------------------------------------+------------------------------------+------------------------------------+
|  140  | 75.80367827415466 | 44.36591053009033 | 55.4263801574707 | [0.18087246 0.25219196 0.30170661] | [0.15306331 0.17569868 0.19053002] | [0.58091684 0.60701825 0.62175341] | [0.05552113 0.03922232 0.03156943] | [0.58590662 0.68792283 0.74177775] |
+-------+-------------------+-------------------+------------------+------------------------------------+------------------------------------+------------------------------------+------------------------------------+------------------------------------+
using time 75.6460s, training loss at epoch 141: 55.1610
using time 76.0737s, training loss at epoch 142: 54.9568
using time 75.7672s, training loss at epoch 143: 54.6798
using time 75.7825s, training loss at epoch 144: 54.4310
+-------+-------------------+-------------------+--------------------+------------------------------------+------------------------------------+------------------------------------+------------------------------------+------------------------------------+
| Epoch |  training time(s) |   tesing time(s)  |        Loss        |               recall               |                ndcg                |              novelty               |             precision              |             hit_ratio              |
+-------+-------------------+-------------------+--------------------+------------------------------------+------------------------------------+------------------------------------+------------------------------------+------------------------------------+
|  145  | 75.67283391952515 | 44.76996850967407 | 54.304344177246094 | [0.18037517 0.25141412 0.30080357] | [0.15258627 0.17509553 0.18989798] | [0.58145418 0.60738533 0.62210025] | [0.05539889 0.039085   0.03147677] | [0.58449997 0.68705205 0.74104093] |
+-------+-------------------+-------------------+--------------------+------------------------------------+------------------------------------+------------------------------------+------------------------------------+------------------------------------+
Early stopping is trigger at step: 10 log:0.1803751720237549
early stopping at 145, recall@20:0.1839
