reading train and test user-item set ...
building the adj mat ...
loading over ...
start training ...
+-------+-------------------+--------------------+--------------------+------------------------------------+------------------------------------+------------------------------------+------------------------------------+------------------------------------+
| Epoch |  training time(s) |   tesing time(s)   |        Loss        |               recall               |                ndcg                |              novelty               |             precision              |             hit_ratio              |
+-------+-------------------+--------------------+--------------------+------------------------------------+------------------------------------+------------------------------------+------------------------------------+------------------------------------+
|   0   | 80.25008344650269 | 45.144439697265625 | 136.08709716796875 | [0.11983394 0.17167084 0.21133766] | [0.10226343 0.11861966 0.130465  ] | [0.52106689 0.55042003 0.56850341] | [0.03821924 0.02764669 0.02278172] | [0.44349923 0.54548195 0.60647063] |
+-------+-------------------+--------------------+--------------------+------------------------------------+------------------------------------+------------------------------------+------------------------------------+------------------------------------+
using time 79.6366s, training loss at epoch 1: 132.3464
using time 78.0459s, training loss at epoch 2: 128.2565
using time 78.4690s, training loss at epoch 3: 125.2390
using time 78.6274s, training loss at epoch 4: 122.8053
+-------+-------------------+--------------------+--------------------+------------------------------------+------------------------------------+------------------------------------+------------------------------------+------------------------------------+
| Epoch |  training time(s) |   tesing time(s)   |        Loss        |               recall               |                ndcg                |              novelty               |             precision              |             hit_ratio              |
+-------+-------------------+--------------------+--------------------+------------------------------------+------------------------------------+------------------------------------+------------------------------------+------------------------------------+
|   5   | 78.13875150680542 | 43.306249141693115 | 120.78202056884766 | [0.14853168 0.21132548 0.25764633] | [0.12601276 0.14582622 0.15966921] | [0.53033325 0.56060384 0.5793242 ] | [0.04658885 0.03356136 0.027489  ] | [0.51580816 0.6226137  0.68303302] |
+-------+-------------------+--------------------+--------------------+------------------------------------+------------------------------------+------------------------------------+------------------------------------+------------------------------------+
using time 77.4980s, training loss at epoch 6: 118.9170
using time 77.8845s, training loss at epoch 7: 117.1761
using time 79.9503s, training loss at epoch 8: 115.5156
using time 79.2219s, training loss at epoch 9: 113.9117
+-------+-------------------+-------------------+--------------------+------------------------------------+------------------------------------+------------------------------------+------------------------------------+------------------------------------+
| Epoch |  training time(s) |   tesing time(s)  |        Loss        |               recall               |                ndcg                |              novelty               |             precision              |             hit_ratio              |
+-------+-------------------+-------------------+--------------------+------------------------------------+------------------------------------+------------------------------------+------------------------------------+------------------------------------+
|   10  | 78.19855046272278 | 43.85364484786987 | 112.32728576660156 | [0.16147525 0.22865982 0.27855682] | [0.13771148 0.15894882 0.17384202] | [0.54106691 0.57190781 0.59062921] | [0.05057271 0.0362742  0.02964532] | [0.54561592 0.64970862 0.7090562 ] |
+-------+-------------------+-------------------+--------------------+------------------------------------+------------------------------------+------------------------------------+------------------------------------+------------------------------------+
using time 78.2361s, training loss at epoch 11: 110.7086
using time 79.1968s, training loss at epoch 12: 109.0979
using time 77.3112s, training loss at epoch 13: 107.5601
using time 76.9912s, training loss at epoch 14: 106.1022
+-------+-------------------+-------------------+--------------------+------------------------------------+------------------------------------+------------------------------------+------------------------------------+------------------------------------+
| Epoch |  training time(s) |   tesing time(s)  |        Loss        |               recall               |                ndcg                |              novelty               |             precision              |             hit_ratio              |
+-------+-------------------+-------------------+--------------------+------------------------------------+------------------------------------+------------------------------------+------------------------------------+------------------------------------+
|   15  | 78.20690059661865 | 44.15142750740051 | 104.50444030761719 | [0.16982218 0.23879156 0.28942065] | [0.14470726 0.16639269 0.18152543] | [0.55068836 0.58139253 0.59977021] | [0.05320015 0.03776207 0.03073548] | [0.56329962 0.66538281 0.72419452] |
+-------+-------------------+-------------------+--------------------+------------------------------------+------------------------------------+------------------------------------+------------------------------------+------------------------------------+
using time 78.2582s, training loss at epoch 16: 103.0582
using time 78.2319s, training loss at epoch 17: 101.5758
using time 77.9488s, training loss at epoch 18: 99.9673
using time 78.1741s, training loss at epoch 19: 98.6008
+-------+-------------------+-------------------+-------------------+------------------------------------+------------------------------------+------------------------------------+------------------------------------+------------------------------------+
| Epoch |  training time(s) |   tesing time(s)  |        Loss       |               recall               |                ndcg                |              novelty               |             precision              |             hit_ratio              |
+-------+-------------------+-------------------+-------------------+------------------------------------+------------------------------------+------------------------------------+------------------------------------+------------------------------------+
|   20  | 78.54251646995544 | 43.25606179237366 | 97.22956848144531 | [0.17414001 0.24419913 0.29474746] | [0.14798603 0.17007299 0.18519013] | [0.55943573 0.58986137 0.60774091] | [0.05442093 0.03857676 0.03127972] | [0.57056735 0.67151182 0.72908433] |
+-------+-------------------+-------------------+-------------------+------------------------------------+------------------------------------+------------------------------------+------------------------------------+------------------------------------+
using time 77.1695s, training loss at epoch 21: 95.8165
using time 77.0271s, training loss at epoch 22: 94.4179
using time 76.9574s, training loss at epoch 23: 93.0752
using time 77.3902s, training loss at epoch 24: 91.8235
+-------+-------------------+-------------------+------------------+------------------------------------+------------------------------------+------------------------------------+------------------------------------+------------------------------------+
| Epoch |  training time(s) |   tesing time(s)  |       Loss       |               recall               |                ndcg                |              novelty               |             precision              |             hit_ratio              |
+-------+-------------------+-------------------+------------------+------------------------------------+------------------------------------+------------------------------------+------------------------------------+------------------------------------+
|   25  | 78.46201944351196 | 43.46962594985962 | 90.4532699584961 | [0.17673668 0.2476574  0.29733487] | [0.1501254  0.17249842 0.18738325] | [0.56706506 0.59686799 0.61422912] | [0.05504387 0.03905151 0.0315471 ] | [0.57395003 0.67656909 0.73233304] |
+-------+-------------------+-------------------+------------------+------------------------------------+------------------------------------+------------------------------------+------------------------------------+------------------------------------+
using time 77.9307s, training loss at epoch 26: 89.2006
using time 78.6714s, training loss at epoch 27: 88.0532
using time 77.7217s, training loss at epoch 28: 86.8400
using time 78.4332s, training loss at epoch 29: 85.6040
+-------+-------------------+-------------------+-------------------+------------------------------------+------------------------------------+------------------------------------+------------------------------------+------------------------------------+
| Epoch |  training time(s) |   tesing time(s)  |        Loss       |               recall               |                ndcg                |              novelty               |             precision              |             hit_ratio              |
+-------+-------------------+-------------------+-------------------+------------------------------------+------------------------------------+------------------------------------+------------------------------------+------------------------------------+
|   30  | 76.73988485336304 | 42.86112689971924 | 84.46894836425781 | [0.17679702 0.24809659 0.29781089] | [0.15031788 0.17281894 0.18770333] | [0.57328706 0.60246649 0.6193408 ] | [0.05510249 0.039085   0.03155045] | [0.57378257 0.67750687 0.73270145] |
+-------+-------------------+-------------------+-------------------+------------------------------------+------------------------------------+------------------------------------+------------------------------------+------------------------------------+
using time 76.9931s, training loss at epoch 31: 83.2883
using time 77.0188s, training loss at epoch 32: 82.1409
using time 77.2537s, training loss at epoch 33: 81.1287
using time 76.9532s, training loss at epoch 34: 79.9436
+-------+-------------------+--------------------+------------------+------------------------------------+------------------------------------+------------------------------------+------------------------------------+------------------------------------+
| Epoch |  training time(s) |   tesing time(s)   |       Loss       |               recall               |                ndcg                |              novelty               |             precision              |             hit_ratio              |
+-------+-------------------+--------------------+------------------+------------------------------------+------------------------------------+------------------------------------+------------------------------------+------------------------------------+
|   35  | 77.20809388160706 | 43.108882665634155 | 78.9081802368164 | [0.17647036 0.24736769 0.29670053] | [0.15005464 0.17244068 0.18722172] | [0.57891572 0.60747024 0.62384306] | [0.05497689 0.0389569  0.03142597] | [0.57237591 0.67372229 0.73152924] |
+-------+-------------------+--------------------+------------------+------------------------------------+------------------------------------+------------------------------------+------------------------------------+------------------------------------+
using time 77.2564s, training loss at epoch 36: 77.9184
using time 76.9647s, training loss at epoch 37: 76.9525
using time 77.0459s, training loss at epoch 38: 75.8405
using time 76.8355s, training loss at epoch 39: 74.9389
+-------+-------------------+--------------------+-------------------+------------------------------------+------------------------------------+------------------------------------+------------------------------------+------------------------------------+
| Epoch |  training time(s) |   tesing time(s)   |        Loss       |               recall               |                ndcg                |              novelty               |             precision              |             hit_ratio              |
+-------+-------------------+--------------------+-------------------+------------------------------------+------------------------------------+------------------------------------+------------------------------------+------------------------------------+
|   40  | 76.94022059440613 | 43.378888845443726 | 74.00321960449219 | [0.17493218 0.24557193 0.29489039] | [0.14888811 0.17123036 0.1860107 ] | [0.58354895 0.61154493 0.62741252] | [0.05449796 0.03866217 0.03122167] | [0.56808895 0.67151182 0.72818005] |
+-------+-------------------+--------------------+-------------------+------------------------------------+------------------------------------+------------------------------------+------------------------------------+------------------------------------+
using time 77.2342s, training loss at epoch 41: 73.0692
using time 77.2800s, training loss at epoch 42: 72.2090
using time 77.1176s, training loss at epoch 43: 71.2289
using time 76.8614s, training loss at epoch 44: 70.3496
+-------+-------------------+-------------------+-------------------+------------------------------------+------------------------------------+------------------------------------+------------------------------------+------------------------------------+
| Epoch |  training time(s) |   tesing time(s)  |        Loss       |               recall               |                ndcg                |              novelty               |             precision              |             hit_ratio              |
+-------+-------------------+-------------------+-------------------+------------------------------------+------------------------------------+------------------------------------+------------------------------------+------------------------------------+
|   45  | 76.88273572921753 | 44.03799057006836 | 69.58155822753906 | [0.17415376 0.2442188  0.29285238] | [0.14796324 0.17012562 0.18467216] | [0.58769887 0.61500951 0.63041874] | [0.05414127 0.03841098 0.03095597] | [0.56577802 0.66977025 0.72476388] |
+-------+-------------------+-------------------+-------------------+------------------------------------+------------------------------------+------------------------------------+------------------------------------+------------------------------------+
using time 77.1388s, training loss at epoch 46: 68.7510
using time 77.1146s, training loss at epoch 47: 67.9517
using time 77.1263s, training loss at epoch 48: 67.1884
using time 77.2802s, training loss at epoch 49: 66.2975
+-------+-------------------+-------------------+-------------------+------------------------------------+------------------------------------+------------------------------------+------------------------------------+------------------------------------+
| Epoch |  training time(s) |   tesing time(s)  |        Loss       |               recall               |                ndcg                |              novelty               |             precision              |             hit_ratio              |
+-------+-------------------+-------------------+-------------------+------------------------------------+------------------------------------+------------------------------------+------------------------------------+------------------------------------+
|   50  | 77.10057210922241 | 43.91527080535889 | 65.62279510498047 | [0.17176379 0.24158146 0.28956694] | [0.14627045 0.16839899 0.18278086] | [0.59132937 0.61805209 0.63310356] | [0.05353507 0.03805262 0.03067073] | [0.56058678 0.66538281 0.71910376] |
+-------+-------------------+-------------------+-------------------+------------------------------------+------------------------------------+------------------------------------+------------------------------------+------------------------------------+
using time 77.1159s, training loss at epoch 51: 64.7714
using time 77.2102s, training loss at epoch 52: 64.1306
using time 77.7541s, training loss at epoch 53: 63.4816
using time 77.1922s, training loss at epoch 54: 62.7219
+-------+------------------+------------------+-------------------+------------------------------------+------------------------------------+------------------------------------+------------------------------------+------------------------------------+
| Epoch | training time(s) |  tesing time(s)  |        Loss       |               recall               |                ndcg                |              novelty               |             precision              |             hit_ratio              |
+-------+------------------+------------------+-------------------+------------------------------------+------------------------------------+------------------------------------+------------------------------------+------------------------------------+
|   55  | 77.3371696472168 | 43.4054479598999 | 61.94779968261719 | [0.17004981 0.23902716 0.28657495] | [0.14447923 0.16637168 0.18058834] | [0.59443206 0.6205976  0.63516704] | [0.05295901 0.03767499 0.03033804] | [0.55733807 0.66069395 0.71625695] |
+-------+------------------+------------------+-------------------+------------------------------------+------------------------------------+------------------------------------+------------------------------------+------------------------------------+
using time 78.7299s, training loss at epoch 56: 61.3318
using time 77.4479s, training loss at epoch 57: 60.6804
using time 77.1899s, training loss at epoch 58: 60.1240
using time 77.9266s, training loss at epoch 59: 59.5573
+-------+------------------+--------------------+-------------------+------------------------------------+------------------------------------+------------------------------------+------------------------------------+------------------------------------+
| Epoch | training time(s) |   tesing time(s)   |        Loss       |               recall               |                ndcg                |              novelty               |             precision              |             hit_ratio              |
+-------+------------------+--------------------+-------------------+------------------------------------+------------------------------------+------------------------------------+------------------------------------+------------------------------------+
|   60  | 78.2414083480835 | 43.989603757858276 | 58.76273727416992 | [0.16825515 0.23671272 0.28270985] | [0.14293331 0.16462712 0.17845071] | [0.5972412  0.62284598 0.63706594] | [0.05242481 0.03727728 0.02998582] | [0.55358698 0.65647398 0.71089825] |
+-------+------------------+--------------------+-------------------+------------------------------------+------------------------------------+------------------------------------+------------------------------------+------------------------------------+
using time 77.5816s, training loss at epoch 61: 58.2200
using time 77.5194s, training loss at epoch 62: 57.6966
using time 78.4564s, training loss at epoch 63: 57.0971
using time 77.8960s, training loss at epoch 64: 56.6107
+-------+-------------------+-------------------+------------------+------------------------------------+------------------------------------+------------------------------------+------------------------------------+------------------------------------+
| Epoch |  training time(s) |   tesing time(s)  |       Loss       |               recall               |                ndcg                |              novelty               |             precision              |             hit_ratio              |
+-------+-------------------+-------------------+------------------+------------------------------------+------------------------------------+------------------------------------+------------------------------------+------------------------------------+
|   65  | 79.07899808883667 | 44.25654125213623 | 56.0181999206543 | [0.16639044 0.23390873 0.27927715] | [0.14078217 0.16225672 0.17592556] | [0.59959469 0.62467056 0.63861856] | [0.05178847 0.03689045 0.02969723] | [0.55000335 0.65158417 0.70630987] |
+-------+-------------------+-------------------+------------------+------------------------------------+------------------------------------+------------------------------------+------------------------------------+------------------------------------+
using time 78.6931s, training loss at epoch 66: 55.4127
using time 79.9063s, training loss at epoch 67: 54.8104
using time 78.6706s, training loss at epoch 68: 54.4749
using time 78.8653s, training loss at epoch 69: 53.8669
+-------+------------------+--------------------+--------------------+------------------------------------+------------------------------------+------------------------------------+------------------------------------+------------------------------------+
| Epoch | training time(s) |   tesing time(s)   |        Loss        |               recall               |                ndcg                |              novelty               |             precision              |             hit_ratio              |
+-------+------------------+--------------------+--------------------+------------------------------------+------------------------------------+------------------------------------+------------------------------------+------------------------------------+
|   70  | 77.9310896396637 | 44.273682832717896 | 53.342166900634766 | [0.16463841 0.23132654 0.2759723 ] | [0.13926711 0.16049107 0.17397079] | [0.60154393 0.62624752 0.63996375] | [0.05123585 0.03648268 0.02936231] | [0.54508005 0.64723022 0.70028133] |
+-------+------------------+--------------------+--------------------+------------------------------------+------------------------------------+------------------------------------+------------------------------------+------------------------------------+
using time 77.9403s, training loss at epoch 71: 52.8684
using time 78.0199s, training loss at epoch 72: 52.4744
using time 78.0603s, training loss at epoch 73: 51.8413
using time 78.5029s, training loss at epoch 74: 51.5668
+-------+------------------+-------------------+------------------+------------------------------------+------------------------------------+------------------------------------+------------------------------------+------------------------------------+
| Epoch | training time(s) |   tesing time(s)  |       Loss       |               recall               |                ndcg                |              novelty               |             precision              |             hit_ratio              |
+-------+------------------+-------------------+------------------+------------------------------------+------------------------------------+------------------------------------+------------------------------------+------------------------------------+
|   75  | 78.2935950756073 | 44.01220393180847 | 50.9575080871582 | [0.1628468  0.22804721 0.27191438] | [0.13779353 0.15856038 0.17180937] | [0.60359621 0.62784611 0.64133103] | [0.050705   0.03602552 0.02897437] | [0.54152991 0.64163708 0.6942193 ] |
+-------+------------------+-------------------+------------------+------------------------------------+------------------------------------+------------------------------------+------------------------------------+------------------------------------+
using time 78.7740s, training loss at epoch 76: 50.4645
using time 77.9160s, training loss at epoch 77: 50.0950
using time 78.1872s, training loss at epoch 78: 49.8800
using time 77.2957s, training loss at epoch 79: 49.2020
+-------+-------------------+-------------------+--------------------+------------------------------------+------------------------------------+------------------------------------+------------------------------------+------------------------------------+
| Epoch |  training time(s) |   tesing time(s)  |        Loss        |               recall               |                ndcg                |              novelty               |             precision              |             hit_ratio              |
+-------+-------------------+-------------------+--------------------+------------------------------------+------------------------------------+------------------------------------+------------------------------------+------------------------------------+
|   80  | 80.01445460319519 | 43.66734957695007 | 48.908512115478516 | [0.16074216 0.22470762 0.26810624] | [0.13612763 0.15650733 0.16964559] | [0.60535833 0.62919749 0.64242094] | [0.0500921  0.03553235 0.02860819] | [0.53690803 0.63584299 0.68835823] |
+-------+-------------------+-------------------+--------------------+------------------------------------+------------------------------------+------------------------------------+------------------------------------+------------------------------------+
Early stopping is trigger at step: 10 log:0.16074215916403278
early stopping at 80, recall@20:0.1768
