reading train and test user-item set ...
building the adj mat ...
loading over ...
start training ...
+-------+--------------------+-------------------+--------------------+------------------------------------+------------------------------------+------------------------------------+------------------------------------+------------------------------------+
| Epoch |  training time(s)  |   tesing time(s)  |        Loss        |               recall               |                ndcg                |              novelty               |             precision              |             hit_ratio              |
+-------+--------------------+-------------------+--------------------+------------------------------------+------------------------------------+------------------------------------+------------------------------------+------------------------------------+
|   0   | 391.32853722572327 | 41.10002851486206 | 1480.2259521484375 | [0.14790324 0.21015495 0.25321017] | [0.11931268 0.13932166 0.15222698] | [0.6407553  0.65930143 0.66927273] | [0.04502981 0.032323   0.02616328] | [0.48908165 0.58945676 0.64421596] |
+-------+--------------------+-------------------+--------------------+------------------------------------+------------------------------------+------------------------------------+------------------------------------+------------------------------------+
using time 393.0143s, training loss at epoch 1: 1407.6940
using time 392.1843s, training loss at epoch 2: 1390.4573
using time 391.0725s, training loss at epoch 3: 1379.7305
using time 393.1456s, training loss at epoch 4: 1370.4923
+-------+--------------------+--------------------+--------------------+------------------------------------+------------------------------------+------------------------------------+------------------------------------+------------------------------------+
| Epoch |  training time(s)  |   tesing time(s)   |        Loss        |               recall               |                ndcg                |              novelty               |             precision              |             hit_ratio              |
+-------+--------------------+--------------------+--------------------+------------------------------------+------------------------------------+------------------------------------+------------------------------------+------------------------------------+
|   5   | 396.14864206314087 | 43.690037965774536 | 1360.6761474609375 | [0.1180565  0.16808817 0.20464698] | [0.09596514 0.11217879 0.12323462] | [0.6620347  0.67807656 0.68657262] | [0.03601882 0.02597126 0.02129524] | [0.39928997 0.49142608 0.54826177] |
+-------+--------------------+--------------------+--------------------+------------------------------------+------------------------------------+------------------------------------+------------------------------------+------------------------------------+
using time 396.4176s, training loss at epoch 6: 1349.6298
using time 396.8804s, training loss at epoch 7: 1336.0377
using time 397.0857s, training loss at epoch 8: 1318.7361
using time 398.5541s, training loss at epoch 9: 1297.9766
+-------+------------------+--------------------+--------------------+------------------------------------+------------------------------------+------------------------------------+------------------------------------+------------------------------------+
| Epoch | training time(s) |   tesing time(s)   |        Loss        |               recall               |                ndcg                |              novelty               |             precision              |             hit_ratio              |
+-------+------------------+--------------------+--------------------+------------------------------------+------------------------------------+------------------------------------+------------------------------------+------------------------------------+
|   10  | 397.81725025177  | 43.006874084472656 | 1276.0069580078125 | [0.16132702 0.22761843 0.27442582] | [0.13248731 0.15365602 0.16765807] | [0.60971604 0.63365024 0.64719303] | [0.04937873 0.03527279 0.02859144] | [0.52773126 0.62777145 0.68380334] |
+-------+------------------+--------------------+--------------------+------------------------------------+------------------------------------+------------------------------------+------------------------------------+------------------------------------+
using time 397.8545s, training loss at epoch 11: 1255.3384
using time 397.9202s, training loss at epoch 12: 1236.8087
using time 397.2743s, training loss at epoch 13: 1220.5197
using time 399.1046s, training loss at epoch 14: 1207.0648
+-------+-------------------+-------------------+------------------+------------------------------------+------------------------------------+------------------------------------+------------------------------------+------------------------------------+
| Epoch |  training time(s) |   tesing time(s)  |       Loss       |               recall               |                ndcg                |              novelty               |             precision              |             hit_ratio              |
+-------+-------------------+-------------------+------------------+------------------------------------+------------------------------------+------------------------------------+------------------------------------+------------------------------------+
|   15  | 399.4538905620575 | 43.69602823257446 | 1195.74951171875 | [0.17509426 0.24650454 0.29699788] | [0.14672169 0.16929117 0.18428264] | [0.59396513 0.6187419  0.63311025] | [0.05460848 0.03887149 0.03134838] | [0.56577802 0.67060754 0.72637149] |
+-------+-------------------+-------------------+------------------+------------------------------------+------------------------------------+------------------------------------+------------------------------------+------------------------------------+
using time 398.1722s, training loss at epoch 16: 1186.4280
using time 398.3993s, training loss at epoch 17: 1178.5044
using time 398.8318s, training loss at epoch 18: 1172.0345
using time 398.8713s, training loss at epoch 19: 1166.7200
+-------+--------------------+--------------------+--------------------+------------------------------------+------------------------------------+------------------------------------+------------------------------------+------------------------------------+
| Epoch |  training time(s)  |   tesing time(s)   |        Loss        |               recall               |                ndcg                |              novelty               |             precision              |             hit_ratio              |
+-------+--------------------+--------------------+--------------------+------------------------------------+------------------------------------+------------------------------------+------------------------------------+------------------------------------+
|   20  | 397.97050952911377 | 44.346338748931885 | 1162.0440673828125 | [0.17853379 0.25163498 0.30193739] | [0.14993162 0.17304405 0.18803722] | [0.59455438 0.61893436 0.63293777] | [0.05574218 0.03973977 0.03199645] | [0.57358162 0.67847813 0.73347177] |
+-------+--------------------+--------------------+--------------------+------------------------------------+------------------------------------+------------------------------------+------------------------------------+------------------------------------+
using time 400.3668s, training loss at epoch 21: 1158.2509
using time 401.0038s, training loss at epoch 22: 1154.6376
using time 400.4870s, training loss at epoch 23: 1151.7128
using time 400.1636s, training loss at epoch 24: 1149.1583
+-------+------------------+--------------------+--------------------+------------------------------------+------------------------------------+------------------------------------+------------------------------------+------------------------------------+
| Epoch | training time(s) |   tesing time(s)   |        Loss        |               recall               |                ndcg                |              novelty               |             precision              |             hit_ratio              |
+-------+------------------+--------------------+--------------------+------------------------------------+------------------------------------+------------------------------------+------------------------------------+------------------------------------+
|   25  | 400.858341217041 | 44.322001218795776 | 1146.7010498046875 | [0.18074473 0.25334355 0.30407859] | [0.15154466 0.17449405 0.1896182 ] | [0.59640958 0.62014631 0.63370233] | [0.05634671 0.04000435 0.03221694] | [0.57806953 0.68005225 0.73551477] |
+-------+------------------+--------------------+--------------------+------------------------------------+------------------------------------+------------------------------------+------------------------------------+------------------------------------+
using time 401.2731s, training loss at epoch 26: 1144.6533
using time 401.7938s, training loss at epoch 27: 1142.8323
using time 400.2393s, training loss at epoch 28: 1141.1184
using time 402.0924s, training loss at epoch 29: 1139.5071
+-------+--------------------+-------------------+--------------------+------------------------------------+------------------------------------+------------------------------------+------------------------------------+------------------------------------+
| Epoch |  training time(s)  |   tesing time(s)  |        Loss        |               recall               |                ndcg                |              novelty               |             precision              |             hit_ratio              |
+-------+--------------------+-------------------+--------------------+------------------------------------+------------------------------------+------------------------------------+------------------------------------+------------------------------------+
|   30  | 402.25105929374695 | 45.30101943016052 | 1138.1710205078125 | [0.1812991  0.25390425 0.30429193] | [0.15215928 0.17509432 0.19010303] | [0.59743842 0.62070575 0.63388829] | [0.05653761 0.04005041 0.03219963] | [0.58021301 0.68055463 0.73672048] |
+-------+--------------------+-------------------+--------------------+------------------------------------+------------------------------------+------------------------------------+------------------------------------+------------------------------------+
using time 399.6913s, training loss at epoch 31: 1136.9360
using time 400.6547s, training loss at epoch 32: 1135.7881
using time 400.0636s, training loss at epoch 33: 1134.6158
using time 401.5186s, training loss at epoch 34: 1133.5936
+-------+--------------------+-------------------+--------------------+------------------------------------+------------------------------------+------------------------------------+------------------------------------+------------------------------------+
| Epoch |  training time(s)  |   tesing time(s)  |        Loss        |               recall               |                ndcg                |              novelty               |             precision              |             hit_ratio              |
+-------+--------------------+-------------------+--------------------+------------------------------------+------------------------------------+------------------------------------+------------------------------------+------------------------------------+
|   35  | 401.75823998451233 | 45.70711898803711 | 1132.7413330078125 | [0.18148296 0.25361508 0.3036221 ] | [0.15205912 0.17482385 0.18973144] | [0.59842501 0.62112971 0.63393882] | [0.05655101 0.03993821 0.03209358] | [0.58084935 0.68001876 0.73688794] |
+-------+--------------------+-------------------+--------------------+------------------------------------+------------------------------------+------------------------------------+------------------------------------+------------------------------------+
using time 402.4089s, training loss at epoch 36: 1131.7831
using time 402.8003s, training loss at epoch 37: 1130.8589
using time 402.4137s, training loss at epoch 38: 1130.0269
using time 402.6350s, training loss at epoch 39: 1129.4600
+-------+--------------------+--------------------+--------------------+------------------------------------+------------------------------------+------------------------------------+------------------------------------+------------------------------------+
| Epoch |  training time(s)  |   tesing time(s)   |        Loss        |               recall               |                ndcg                |              novelty               |             precision              |             hit_ratio              |
+-------+--------------------+--------------------+--------------------+------------------------------------+------------------------------------+------------------------------------+------------------------------------+------------------------------------+
|   40  | 402.59666442871094 | 46.332690954208374 | 1128.6483154296875 | [0.18117462 0.25336276 0.30192392] | [0.15169064 0.17448099 0.18897879] | [0.59906252 0.62132535 0.63378722] | [0.05636345 0.03980759 0.03188816] | [0.58014602 0.68068859 0.73437605] |
+-------+--------------------+--------------------+--------------------+------------------------------------+------------------------------------+------------------------------------+------------------------------------+------------------------------------+
using time 402.0744s, training loss at epoch 41: 1128.0549
using time 402.1653s, training loss at epoch 42: 1127.6309
using time 401.7957s, training loss at epoch 43: 1126.7980
using time 402.4314s, training loss at epoch 44: 1126.3000
+-------+--------------------+-------------------+--------------------+------------------------------------+------------------------------------+------------------------------------+------------------------------------+------------------------------------+
| Epoch |  training time(s)  |   tesing time(s)  |        Loss        |               recall               |                ndcg                |              novelty               |             precision              |             hit_ratio              |
+-------+--------------------+-------------------+--------------------+------------------------------------+------------------------------------+------------------------------------+------------------------------------+------------------------------------+
|   45  | 403.11711716651917 | 46.67785668373108 | 1125.7864990234375 | [0.18051306 0.25204043 0.3004243 ] | [0.1510935  0.17366977 0.18812889] | [0.59962883 0.62149488 0.63358813] | [0.05609217 0.039543   0.03169112] | [0.57907428 0.67800924 0.73340478] |
+-------+--------------------+-------------------+--------------------+------------------------------------+------------------------------------+------------------------------------+------------------------------------+------------------------------------+
using time 403.6018s, training loss at epoch 46: 1125.3125
using time 401.7797s, training loss at epoch 47: 1124.8766
using time 402.8470s, training loss at epoch 48: 1124.5101
using time 402.7605s, training loss at epoch 49: 1124.0244
+-------+--------------------+------------------+-------------------+------------------------------------+------------------------------------+------------------------------------+------------------------------------+------------------------------------+
| Epoch |  training time(s)  |  tesing time(s)  |        Loss       |               recall               |                ndcg                |              novelty               |             precision              |             hit_ratio              |
+-------+--------------------+------------------+-------------------+------------------------------------+------------------------------------+------------------------------------+------------------------------------+------------------------------------+
|   50  | 402.34468603134155 | 46.5211284160614 | 1123.513427734375 | [0.17958207 0.25058556 0.29849471] | [0.15017469 0.17260822 0.18693106] | [0.60007473 0.62146065 0.63328574] | [0.05569194 0.03926335 0.03145667] | [0.57729922 0.67586576 0.7320986 ] |
+-------+--------------------+------------------+-------------------+------------------------------------+------------------------------------+------------------------------------+------------------------------------+------------------------------------+
Early stopping is trigger at step: 3 log:0.17958207380747243
early stopping at 50, recall@20:0.1815
