reading train and test user-item set ...
building the adj mat ...
loading over ...
start training ...
+-------+--------------------+--------------------+------------------+------------------------------------+------------------------------------+------------------------------------+------------------------------------+------------------------------------+
| Epoch |  training time(s)  |   tesing time(s)   |       Loss       |               recall               |                ndcg                |              novelty               |             precision              |             hit_ratio              |
+-------+--------------------+--------------------+------------------+------------------------------------+------------------------------------+------------------------------------+------------------------------------+------------------------------------+
|   0   | 2062.4975442886353 | 44.802494287490845 | 2292.92626953125 | [0.06359383 0.10344227 0.1344179 ] | [0.05273821 0.06772355 0.07857664] | [0.57688076 0.59156393 0.60071786] | [0.02849248 0.02333428 0.02038388] | [0.38369963 0.52210433 0.60303777] |
+-------+--------------------+--------------------+------------------+------------------------------------+------------------------------------+------------------------------------+------------------------------------+------------------------------------+
using time 2056.3108s, training loss at epoch 1: 2163.3987
using time 2016.5917s, training loss at epoch 2: 2136.0608
using time 2019.0849s, training loss at epoch 3: 2120.5098
using time 2028.2114s, training loss at epoch 4: 2108.9316
+-------+--------------------+------------------+-------------------+------------------------------------+------------------------------------+------------------------------------+------------------------------------+------------------------------------+
| Epoch |  training time(s)  |  tesing time(s)  |        Loss       |               recall               |                ndcg                |              novelty               |             precision              |             hit_ratio              |
+-------+--------------------+------------------+-------------------+------------------------------------+------------------------------------+------------------------------------+------------------------------------+------------------------------------+
|   5   | 2032.4195692539215 | 43.2641818523407 | 2098.417236328125 | [0.05439102 0.08716838 0.11324337] | [0.04603825 0.05835513 0.06750408] | [0.59228059 0.60631128 0.61491907] | [0.02496842 0.02021678 0.01759873] | [0.33926993 0.46570671 0.54180877] |
+-------+--------------------+------------------+-------------------+------------------------------------+------------------------------------+------------------------------------+------------------------------------+------------------------------------+
using time 2041.6219s, training loss at epoch 6: 2087.7747
using time 2045.1240s, training loss at epoch 7: 2074.7544
using time 2049.3314s, training loss at epoch 8: 2057.3335
using time 2057.0778s, training loss at epoch 9: 2036.2307
+-------+-------------------+--------------------+-------------------+------------------------------------+------------------------------------+------------------------------------+------------------------------------+------------------------------------+
| Epoch |  training time(s) |   tesing time(s)   |        Loss       |               recall               |                ndcg                |              novelty               |             precision              |             hit_ratio              |
+-------+-------------------+--------------------+-------------------+------------------------------------+------------------------------------+------------------------------------+------------------------------------+------------------------------------+
|   10  | 2064.182673931122 | 42.507625102996826 | 2011.652587890625 | [0.06769088 0.10947849 0.14241658] | [0.05623455 0.07196039 0.08351708] | [0.56049125 0.57638178 0.58645959] | [0.0305245  0.02494553 0.02179435] | [0.40274094 0.54285083 0.62271062] |
+-------+-------------------+--------------------+-------------------+------------------------------------+------------------------------------+------------------------------------+------------------------------------+------------------------------------+
using time 2067.5508s, training loss at epoch 11: 1983.7933
using time 2076.2127s, training loss at epoch 12: 1952.6306
using time 2079.6281s, training loss at epoch 13: 1921.7455
using time 2085.0671s, training loss at epoch 14: 1894.2985
+-------+--------------------+--------------------+-------------------+------------------------------------+------------------------------------+------------------------------------+------------------------------------+------------------------------------+
| Epoch |  training time(s)  |   tesing time(s)   |        Loss       |               recall               |                ndcg                |              novelty               |             precision              |             hit_ratio              |
+-------+--------------------+--------------------+-------------------+------------------------------------+------------------------------------+------------------------------------+------------------------------------+------------------------------------+
|   15  | 2092.8929858207703 | 42.504316568374634 | 1872.049560546875 | [0.07208162 0.11785639 0.15451965] | [0.05936809 0.07653359 0.08933906] | [0.53491185 0.55122704 0.5618257 ] | [0.03243337 0.02669414 0.0234827 ] | [0.4236769  0.57439687 0.6598459 ] |
+-------+--------------------+--------------------+-------------------+------------------------------------+------------------------------------+------------------------------------+------------------------------------+------------------------------------+
using time 2089.9481s, training loss at epoch 16: 1854.2781
using time 2093.2577s, training loss at epoch 17: 1840.3231
using time 2094.8972s, training loss at epoch 18: 1829.5784
using time 2095.0820s, training loss at epoch 19: 1820.4006
+-------+--------------------+-------------------+-----------------+------------------------------------+------------------------------------+------------------------------------+------------------------------------+------------------------------------+
| Epoch |  training time(s)  |   tesing time(s)  |       Loss      |               recall               |                ndcg                |              novelty               |             precision              |             hit_ratio              |
+-------+--------------------+-------------------+-----------------+------------------------------------+------------------------------------+------------------------------------+------------------------------------+------------------------------------+
|   20  | 2094.5785489082336 | 43.83170437812805 | 1812.2919921875 | [0.07205704 0.11820705 0.15442393] | [0.05927843 0.07659472 0.08926573] | [0.53406595 0.5500089  0.56035144] | [0.03241442 0.02675335 0.02349585] | [0.42304535 0.5753442  0.65918277] |
+-------+--------------------+-------------------+-----------------+------------------------------------+------------------------------------+------------------------------------+------------------------------------+------------------------------------+
using time 2098.9227s, training loss at epoch 21: 1806.1389
using time 2098.5913s, training loss at epoch 22: 1800.1554
using time 2100.7165s, training loss at epoch 23: 1795.4258
using time 2098.2183s, training loss at epoch 24: 1790.9343
+-------+-------------------+-------------------+-------------------+------------------------------------+------------------------------------+------------------------------------+------------------------------------+------------------------------------+
| Epoch |  training time(s) |   tesing time(s)  |        Loss       |               recall               |                ndcg                |              novelty               |             precision              |             hit_ratio              |
+-------+-------------------+-------------------+-------------------+------------------------------------+------------------------------------+------------------------------------+------------------------------------+------------------------------------+
|   25  | 2104.412939310074 | 42.53564476966858 | 1787.007568359375 | [0.07179529 0.11781165 0.15368201] | [0.05904751 0.07634589 0.08884977] | [0.53415561 0.54987992 0.55997724] | [0.03229443 0.02670045 0.02335165] | [0.42206644 0.57382847 0.65675129] |
+-------+-------------------+-------------------+-------------------+------------------------------------+------------------------------------+------------------------------------+------------------------------------+------------------------------------+
using time 2100.0074s, training loss at epoch 26: 1783.5842
using time 2098.6478s, training loss at epoch 27: 1780.5403
using time 2099.4406s, training loss at epoch 28: 1777.4921
using time 2101.6484s, training loss at epoch 29: 1774.7119
+-------+--------------------+--------------------+------------------+------------------------------------+------------------------------------+------------------------------------+------------------------------------+------------------------------------+
| Epoch |  training time(s)  |   tesing time(s)   |       Loss       |               recall               |                ndcg                |              novelty               |             precision              |             hit_ratio              |
+-------+--------------------+--------------------+------------------+------------------------------------+------------------------------------+------------------------------------+------------------------------------+------------------------------------+
|   30  | 2100.2760586738586 | 43.075525522232056 | 1772.18701171875 | [0.07158404 0.11709237 0.15256567] | [0.05892241 0.07602127 0.08837934] | [0.53385554 0.54934463 0.55921408] | [0.03218864 0.02655678 0.02318218] | [0.42058229 0.57206012 0.65529872] |
+-------+--------------------+--------------------+------------------+------------------------------------+------------------------------------+------------------------------------+------------------------------------+------------------------------------+
Early stopping is trigger at step: 3 log:0.07158404414734458
early stopping at 30, recall@20:0.0721
