reading train and test user-item set ...
building the adj mat ...
loading over ...
start training ...
+-------+-------------------+-------------------+-------------------+------------------------------------+------------------------------------+------------------------------------+------------------------------------+------------------------------------+
| Epoch |  training time(s) |   tesing time(s)  |        Loss       |               recall               |                ndcg                |              novelty               |             precision              |             hit_ratio              |
+-------+-------------------+-------------------+-------------------+------------------------------------+------------------------------------+------------------------------------+------------------------------------+------------------------------------+
|   0   | 613.7863628864288 | 42.41499376296997 | 2289.932373046875 | [0.06325336 0.10246721 0.13423154] | [0.05229632 0.06709455 0.07822624] | [0.57488515 0.58980508 0.59919814] | [0.02823671 0.0231535  0.02037967] | [0.38259442 0.51954655 0.60126942] |
+-------+-------------------+-------------------+-------------------+------------------------------------+------------------------------------+------------------------------------+------------------------------------+------------------------------------+
using time 613.0788s, training loss at epoch 1: 2162.7742
using time 608.7190s, training loss at epoch 2: 2135.6038
using time 613.3547s, training loss at epoch 3: 2120.3372
using time 621.1392s, training loss at epoch 4: 2109.2947
+-------+-------------------+-------------------+------------------+------------------------------------+------------------------------------+------------------------------------+------------------------------------+------------------------------------+
| Epoch |  training time(s) |   tesing time(s)  |       Loss       |               recall               |                ndcg                |              novelty               |             precision              |             hit_ratio              |
+-------+-------------------+-------------------+------------------+------------------------------------+------------------------------------+------------------------------------+------------------------------------+------------------------------------+
|   5   | 625.6356959342957 | 42.41017770767212 | 2099.28466796875 | [0.05513881 0.09002705 0.11677704] | [0.04701186 0.06009639 0.06951397] | [0.59786572 0.61147077 0.61984112] | [0.02542156 0.02084991 0.01819134] | [0.34328028 0.47224327 0.54626121] |
+-------+-------------------+-------------------+------------------+------------------------------------+------------------------------------+------------------------------------+------------------------------------+------------------------------------+
using time 623.9033s, training loss at epoch 6: 2088.7375
using time 620.4098s, training loss at epoch 7: 2075.0015
using time 620.9582s, training loss at epoch 8: 2055.7834
using time 627.5249s, training loss at epoch 9: 2031.5103
+-------+-------------------+--------------------+-----------------+------------------------------------+------------------------------------+------------------------------------+------------------------------------+------------------------------------+
| Epoch |  training time(s) |   tesing time(s)   |       Loss      |               recall               |                ndcg                |              novelty               |             precision              |             hit_ratio              |
+-------+-------------------+--------------------+-----------------+------------------------------------+------------------------------------+------------------------------------+------------------------------------+------------------------------------+
|   10  | 626.1195380687714 | 42.730971336364746 | 2002.9775390625 | [0.06744617 0.10986138 0.14288103] | [0.05619678 0.07213889 0.0837136 ] | [0.55798827 0.57411387 0.58441202] | [0.03051819 0.02506868 0.02191118] | [0.40277251 0.54537704 0.62378426] |
+-------+-------------------+--------------------+-----------------+------------------------------------+------------------------------------+------------------------------------+------------------------------------+------------------------------------+
using time 627.7963s, training loss at epoch 11: 1970.6808
using time 627.0681s, training loss at epoch 12: 1936.1667
using time 628.1070s, training loss at epoch 13: 1904.3593
using time 629.7857s, training loss at epoch 14: 1878.1447
+-------+-------------------+-------------------+--------------------+------------------------------------+------------------------------------+------------------------------------+------------------------------------+------------------------------------+
| Epoch |  training time(s) |   tesing time(s)  |        Loss        |               recall               |                ndcg                |              novelty               |             precision              |             hit_ratio              |
+-------+-------------------+-------------------+--------------------+------------------------------------+------------------------------------+------------------------------------+------------------------------------+------------------------------------+
|   15  | 628.0876457691193 | 44.28089618682861 | 1857.9464111328125 | [0.07140552 0.11712305 0.15346602] | [0.05896518 0.07612119 0.08882604] | [0.53391557 0.55021524 0.56083352] | [0.03212075 0.02651336 0.02332902] | [0.4233927  0.57206012 0.65763547] |
+-------+-------------------+-------------------+--------------------+------------------------------------+------------------------------------+------------------------------------+------------------------------------+------------------------------------+
using time 625.4339s, training loss at epoch 16: 1841.9559
using time 622.5061s, training loss at epoch 17: 1829.7469
using time 628.3377s, training loss at epoch 18: 1820.0862
using time 627.1170s, training loss at epoch 19: 1812.0488
+-------+-------------------+--------------------+--------------------+------------------------------------+------------------------------------+------------------------------------+------------------------------------+------------------------------------+
| Epoch |  training time(s) |   tesing time(s)   |        Loss        |               recall               |                ndcg                |              novelty               |             precision              |             hit_ratio              |
+-------+-------------------+--------------------+--------------------+------------------------------------+------------------------------------+------------------------------------+------------------------------------+------------------------------------+
|   20  | 622.4159576892853 | 45.501474142074585 | 1804.9918212890625 | [0.07170415 0.1174668  0.15352648] | [0.05915099 0.07632816 0.08891093] | [0.53391575 0.55004471 0.56044901] | [0.0322297  0.02660493 0.02331902] | [0.42301377 0.57275483 0.6564671 ] |
+-------+-------------------+--------------------+--------------------+------------------------------------+------------------------------------+------------------------------------+------------------------------------+------------------------------------+
using time 631.4247s, training loss at epoch 21: 1799.2913
using time 631.9478s, training loss at epoch 22: 1794.1888
using time 630.9389s, training loss at epoch 23: 1789.7490
using time 630.6074s, training loss at epoch 24: 1785.9026
+-------+-------------------+-------------------+--------------------+------------------------------------+------------------------------------+------------------------------------+------------------------------------+------------------------------------+
| Epoch |  training time(s) |   tesing time(s)  |        Loss        |               recall               |                ndcg                |              novelty               |             precision              |             hit_ratio              |
+-------+-------------------+-------------------+--------------------+------------------------------------+------------------------------------+------------------------------------+------------------------------------+------------------------------------+
|   25  | 629.9177415370941 | 45.94816827774048 | 1782.3953857421875 | [0.07164779 0.11732147 0.15345455] | [0.05903552 0.07616274 0.08875847] | [0.53441781 0.55024406 0.56048447] | [0.03220601 0.02655204 0.02328849] | [0.4228243  0.57297587 0.65536188] |
+-------+-------------------+-------------------+--------------------+------------------------------------+------------------------------------+------------------------------------+------------------------------------+------------------------------------+
using time 632.6834s, training loss at epoch 26: 1779.5253
using time 631.6049s, training loss at epoch 27: 1776.4475
using time 629.3280s, training loss at epoch 28: 1773.3652
using time 633.1962s, training loss at epoch 29: 1771.1992
+-------+-------------------+-------------------+--------------+------------------------------------+------------------------------------+------------------------------------+------------------------------------+------------------------------------+
| Epoch |  training time(s) |   tesing time(s)  |     Loss     |               recall               |                ndcg                |              novelty               |             precision              |             hit_ratio              |
+-------+-------------------+-------------------+--------------+------------------------------------+------------------------------------+------------------------------------+------------------------------------+------------------------------------+
|   30  | 634.5613470077515 | 45.98738503456116 | 1768.8515625 | [0.07127547 0.11667337 0.15302688] | [0.05879379 0.07581554 0.08849444] | [0.53430265 0.55001108 0.56007419] | [0.03208128 0.02642257 0.02324692] | [0.421277   0.57117595 0.65466717] |
+-------+-------------------+-------------------+--------------+------------------------------------+------------------------------------+------------------------------------+------------------------------------+------------------------------------+
using time 632.3363s, training loss at epoch 31: 1766.9238
using time 627.5148s, training loss at epoch 32: 1764.7767
using time 628.6368s, training loss at epoch 33: 1763.1725
using time 632.3822s, training loss at epoch 34: 1761.2094
+-------+-------------------+-------------------+-------------------+------------------------------------+------------------------------------+------------------------------------+------------------------------------+------------------------------------+
| Epoch |  training time(s) |   tesing time(s)  |        Loss       |               recall               |                ndcg                |              novelty               |             precision              |             hit_ratio              |
+-------+-------------------+-------------------+-------------------+------------------------------------+------------------------------------+------------------------------------+------------------------------------+------------------------------------+
|   35  | 632.1919803619385 | 46.91434407234192 | 1759.552490234375 | [0.07108845 0.11599061 0.15195846] | [0.05858257 0.07542261 0.08797363] | [0.53452427 0.5500615  0.56000097] | [0.03194708 0.02626863 0.02309534] | [0.41947707 0.56934445 0.65258305] |
+-------+-------------------+-------------------+-------------------+------------------------------------+------------------------------------+------------------------------------+------------------------------------+------------------------------------+
Early stopping is trigger at step: 3 log:0.07108845287020148
early stopping at 35, recall@20:0.0717
