nohup python main.py --dataset gowalla --gnn mgcl --dim 64 --lr 0.001 --batch_size 2048 --gpu_id 0 --context_hops 3 --pool mean --ns mixgcf --K 1 --n_negs 1 &
reading train and test user-item set ...
building the adj mat ...
loading over ...
start training ...
+-------+--------------------+-------------------+-------------------+------------------------------------+------------------------------------+------------------------------------+------------------------------------+------------------------------------+
| Epoch |  training time(s)  |   tesing time(s)  |        Loss       |               recall               |                ndcg                |              novelty               |             precision              |             hit_ratio              |
+-------+--------------------+-------------------+-------------------+------------------------------------+------------------------------------+------------------------------------+------------------------------------+------------------------------------+
|   0   | 14.452197313308716 | 37.40626287460327 | 606.0098266601562 | [0.14012345 0.19777602 0.23915553] | [0.11294912 0.13160735 0.14396971] | [0.63748252 0.65810618 0.66956   ] | [0.0415768  0.02972486 0.02413926] | [0.46001072 0.55676871 0.61115949] |
+-------+--------------------+-------------------+-------------------+------------------------------------+------------------------------------+------------------------------------+------------------------------------+------------------------------------+
using time 13.3988s, training loss at epoch 1: 550.3312
using time 13.7875s, training loss at epoch 2: 532.0806
using time 13.9146s, training loss at epoch 3: 518.5251
using time 13.5352s, training loss at epoch 4: 505.8016
+-------+--------------------+-------------------+-----------------+------------------------------------+------------------------------------+------------------------------------+------------------------------------+------------------------------------+
| Epoch |  training time(s)  |   tesing time(s)  |       Loss      |               recall               |                ndcg                |              novelty               |             precision              |             hit_ratio              |
+-------+--------------------+-------------------+-----------------+------------------------------------+------------------------------------+------------------------------------+------------------------------------+------------------------------------+
|   5   | 13.643412828445435 | 37.51517605781555 | 491.92919921875 | [0.11280718 0.1602892  0.19371749] | [0.09077571 0.1060959  0.1159939 ] | [0.6476649  0.66747866 0.67862215] | [0.03248041 0.02331452 0.01892569] | [0.35565008 0.43438944 0.47903409] |
+-------+--------------------+-------------------+-----------------+------------------------------------+------------------------------------+------------------------------------+------------------------------------+------------------------------------+
using time 13.6428s, training loss at epoch 6: 476.3649
using time 13.6502s, training loss at epoch 7: 459.1461
using time 13.5271s, training loss at epoch 8: 441.6579
using time 13.6022s, training loss at epoch 9: 424.1642
+-------+--------------------+-------------------+-------------------+------------------------------------+------------------------------------+------------------------------------+------------------------------------+------------------------------------+
| Epoch |  training time(s)  |   tesing time(s)  |        Loss       |               recall               |                ndcg                |              novelty               |             precision              |             hit_ratio              |
+-------+--------------------+-------------------+-------------------+------------------------------------+------------------------------------+------------------------------------+------------------------------------+------------------------------------+
|   10  | 13.624054431915283 | 38.68895983695984 | 407.2785949707031 | [0.16346667 0.22880631 0.27467058] | [0.13651098 0.15721453 0.17091521] | [0.58967509 0.61576716 0.63097491] | [0.04966508 0.03511705 0.02838547] | [0.52994172 0.62649876 0.681057  ] |
+-------+--------------------+-------------------+-------------------+------------------------------------+------------------------------------+------------------------------------+------------------------------------+------------------------------------+
using time 13.8185s, training loss at epoch 11: 391.3249
using time 13.9263s, training loss at epoch 12: 376.5323
using time 13.7861s, training loss at epoch 13: 363.7389
using time 13.7583s, training loss at epoch 14: 352.8729
+-------+-------------------+--------------------+--------------------+------------------------------------+------------------------------------+------------------------------------+------------------------------------+------------------------------------+
| Epoch |  training time(s) |   tesing time(s)   |        Loss        |               recall               |                ndcg                |              novelty               |             precision              |             hit_ratio              |
+-------+-------------------+--------------------+--------------------+------------------------------------+------------------------------------+------------------------------------+------------------------------------+------------------------------------+
|   15  | 13.78053903579712 | 39.138062953948975 | 343.67523193359375 | [0.17985829 0.25179181 0.30260185] | [0.15243672 0.17510665 0.1902663 ] | [0.57269863 0.59876578 0.61385395] | [0.05616418 0.03980005 0.03211702] | [0.57853842 0.68266461 0.73725635] |
+-------+-------------------+--------------------+--------------------+------------------------------------+------------------------------------+------------------------------------+------------------------------------+------------------------------------+
using time 13.7629s, training loss at epoch 16: 335.9582
using time 13.7539s, training loss at epoch 17: 329.5564
using time 13.7457s, training loss at epoch 18: 323.7991
using time 13.7685s, training loss at epoch 19: 319.1806
+-------+-------------------+-------------------+--------------------+------------------------------------+------------------------------------+------------------------------------+------------------------------------+------------------------------------+
| Epoch |  training time(s) |   tesing time(s)  |        Loss        |               recall               |                ndcg                |              novelty               |             precision              |             hit_ratio              |
+-------+-------------------+-------------------+--------------------+------------------------------------+------------------------------------+------------------------------------+------------------------------------+------------------------------------+
|   20  | 13.82323169708252 | 39.32727670669556 | 315.00396728515625 | [0.18339115 0.25579471 0.30744767] | [0.15534977 0.17819519 0.19358019] | [0.57579308 0.60101856 0.61560796] | [0.05731797 0.04053269 0.03266964] | [0.58470092 0.68762141 0.74372028] |
+-------+-------------------+-------------------+--------------------+------------------------------------+------------------------------------+------------------------------------+------------------------------------+------------------------------------+
using time 14.4211s, training loss at epoch 21: 311.3564
using time 13.9971s, training loss at epoch 22: 307.9725
using time 13.8376s, training loss at epoch 23: 305.3142
using time 13.7895s, training loss at epoch 24: 302.7791
+-------+--------------------+-------------------+--------------------+------------------------------------+------------------------------------+------------------------------------+------------------------------------+------------------------------------+
| Epoch |  training time(s)  |   tesing time(s)  |        Loss        |               recall               |                ndcg                |              novelty               |             precision              |             hit_ratio              |
+-------+--------------------+-------------------+--------------------+------------------------------------+------------------------------------+------------------------------------+------------------------------------+------------------------------------+
|   25  | 13.730862379074097 | 39.03903937339783 | 300.45880126953125 | [0.18441762 0.25759075 0.30871545] | [0.1560651  0.17921634 0.19441897] | [0.57890995 0.60341403 0.61746659] | [0.05756246 0.04079979 0.03277234] | [0.58644249 0.68872664 0.74462456] |
+-------+--------------------+-------------------+--------------------+------------------------------------+------------------------------------+------------------------------------+------------------------------------+------------------------------------+
using time 13.7166s, training loss at epoch 26: 298.4166
using time 13.8096s, training loss at epoch 27: 296.4753
using time 13.9282s, training loss at epoch 28: 294.9169
using time 13.8087s, training loss at epoch 29: 293.4212
+-------+--------------------+-------------------+-------------------+------------------------------------+------------------------------------+------------------------------------+------------------------------------+------------------------------------+
| Epoch |  training time(s)  |   tesing time(s)  |        Loss       |               recall               |                ndcg                |              novelty               |             precision              |             hit_ratio              |
+-------+--------------------+-------------------+-------------------+------------------------------------+------------------------------------+------------------------------------+------------------------------------+------------------------------------+
|   30  | 13.797953605651855 | 38.92882537841797 | 291.9510803222656 | [0.18512212 0.25818372 0.3090977 ] | [0.15650445 0.17954811 0.1947266 ] | [0.58097195 0.60483801 0.61839851] | [0.05782035 0.04081904 0.03280025] | [0.58758122 0.68946346 0.74512693] |
+-------+--------------------+-------------------+-------------------+------------------------------------+------------------------------------+------------------------------------+------------------------------------+------------------------------------+
using time 13.7902s, training loss at epoch 31: 290.6284
using time 13.7137s, training loss at epoch 32: 289.4963
using time 14.0473s, training loss at epoch 33: 288.3530
using time 13.6442s, training loss at epoch 34: 287.2616
+-------+--------------------+--------------------+-------------------+------------------------------------+------------------------------------+------------------------------------+------------------------------------+------------------------------------+
| Epoch |  training time(s)  |   tesing time(s)   |        Loss       |               recall               |                ndcg                |              novelty               |             precision              |             hit_ratio              |
+-------+--------------------+--------------------+-------------------+------------------------------------+------------------------------------+------------------------------------+------------------------------------+------------------------------------+
|   35  | 13.379654884338379 | 37.564135789871216 | 286.1859436035156 | [0.18497232 0.25797968 0.30817941] | [0.15601682 0.17907527 0.19400654] | [0.58315296 0.60636413 0.61935794] | [0.05773662 0.04079979 0.03269308] | [0.58664345 0.68825775 0.74378726] |
+-------+--------------------+--------------------+-------------------+------------------------------------+------------------------------------+------------------------------------+------------------------------------+------------------------------------+
using time 13.4250s, training loss at epoch 36: 285.4461
using time 13.8252s, training loss at epoch 37: 284.5742
using time 14.3080s, training loss at epoch 38: 283.5949
using time 13.5029s, training loss at epoch 39: 282.7933
+-------+--------------------+-------------------+-------------------+------------------------------------+------------------------------------+------------------------------------+------------------------------------+------------------------------------+
| Epoch |  training time(s)  |   tesing time(s)  |        Loss       |               recall               |                ndcg                |              novelty               |             precision              |             hit_ratio              |
+-------+--------------------+-------------------+-------------------+------------------------------------+------------------------------------+------------------------------------+------------------------------------+------------------------------------+
|   40  | 13.772611379623413 | 38.27084445953369 | 282.1429138183594 | [0.18470195 0.25678755 0.30674398] | [0.15563103 0.17842017 0.19331028] | [0.58424851 0.60683353 0.61947328] | [0.05756581 0.0405913  0.03253009] | [0.58614107 0.68554491 0.74134235] |
+-------+--------------------+-------------------+-------------------+------------------------------------+------------------------------------+------------------------------------+------------------------------------+------------------------------------+
using time 14.4400s, training loss at epoch 41: 281.5751
using time 13.8421s, training loss at epoch 42: 280.9076
using time 13.8859s, training loss at epoch 43: 280.2424
using time 14.0844s, training loss at epoch 44: 279.6791
+-------+-------------------+--------------------+--------------------+------------------------------------+------------------------------------+------------------------------------+------------------------------------+------------------------------------+
| Epoch |  training time(s) |   tesing time(s)   |        Loss        |               recall               |                ndcg                |              novelty               |             precision              |             hit_ratio              |
+-------+-------------------+--------------------+--------------------+------------------------------------+------------------------------------+------------------------------------+------------------------------------+------------------------------------+
|   45  | 13.52883505821228 | 38.764148473739624 | 279.10638427734375 | [0.18397552 0.25532545 0.30505982] | [0.15501919 0.17757999 0.19242272] | [0.58573061 0.60772246 0.61993239] | [0.05737658 0.04040123 0.03239221] | [0.58490187 0.68356889 0.73936633] |
+-------+-------------------+--------------------+--------------------+------------------------------------+------------------------------------+------------------------------------+------------------------------------+------------------------------------+
Early stopping is trigger at step: 3 log:0.18397552012712512
early stopping at 45, recall@20:0.1851
