nohup python main.py --dataset gowalla --gnn gcl --dim 64 --lr 0.001 --batch_size 2048 --gpu_id 0 --context_hops 3 --pool mean --ns mixgcf --K 1 --tau 0.2 --lamb 0.5 --eps 0.1 &
reading train and test user-item set ...
building the adj mat ...
loading over ...
start training ...
+-------+-------------------+-------------------+-------------------+------------------------------------+------------------------------------+------------------------------------+------------------------------------+------------------------------------+
| Epoch |  training time(s) |   tesing time(s)  |        Loss       |               recall               |                ndcg                |              novelty               |             precision              |             hit_ratio              |
+-------+-------------------+-------------------+-------------------+------------------------------------+------------------------------------+------------------------------------+------------------------------------+------------------------------------+
|   0   | 28.07713484764099 | 38.05057406425476 | 1496.641357421875 | [0.14069836 0.20064597 0.24319375] | [0.11200214 0.13154324 0.14426415] | [0.66805982 0.6851181  0.69360877] | [0.04184473 0.03028753 0.02462489] | [0.45713042 0.55415634 0.61122647] |
+-------+-------------------+-------------------+-------------------+------------------------------------+------------------------------------+------------------------------------+------------------------------------+------------------------------------+
using time 28.0815s, training loss at epoch 1: 1422.9539
using time 28.1545s, training loss at epoch 2: 1406.2583
using time 28.1411s, training loss at epoch 3: 1395.6390
using time 28.1638s, training loss at epoch 4: 1386.5214
+-------+------------------+-------------------+-------------------+------------------------------------+------------------------------------+------------------------------------+------------------------------------+------------------------------------+
| Epoch | training time(s) |   tesing time(s)  |        Loss       |               recall               |                ndcg                |              novelty               |             precision              |             hit_ratio              |
+-------+------------------+-------------------+-------------------+------------------------------------+------------------------------------+------------------------------------+------------------------------------+------------------------------------+
|   5   | 28.1797513961792 | 37.58887577056885 | 1376.950439453125 | [0.08107441 0.1190114  0.14736667] | [0.06173519 0.07420868 0.08259524] | [0.68854614 0.70354711 0.71093404] | [0.0215922  0.01608279 0.01342298] | [0.24904548 0.32125394 0.37021904] |
+-------+------------------+-------------------+-------------------+------------------------------------+------------------------------------+------------------------------------+------------------------------------+------------------------------------+
using time 28.0512s, training loss at epoch 6: 1366.5593
using time 28.1470s, training loss at epoch 7: 1353.5009
using time 28.1444s, training loss at epoch 8: 1337.1946
using time 28.1638s, training loss at epoch 9: 1318.0446
+-------+--------------------+-------------------+--------------------+------------------------------------+------------------------------------+------------------------------------+------------------------------------+------------------------------------+
| Epoch |  training time(s)  |   tesing time(s)  |        Loss        |               recall               |                ndcg                |              novelty               |             precision              |             hit_ratio              |
+-------+--------------------+-------------------+--------------------+------------------------------------+------------------------------------+------------------------------------+------------------------------------+------------------------------------+
|   10  | 28.190626859664917 | 37.69851207733154 | 1298.0269775390625 | [0.14879085 0.20849242 0.25115292] | [0.12190247 0.14104883 0.15375488] | [0.63319007 0.6555412  0.66750433] | [0.04368176 0.0310143  0.02513285] | [0.47102954 0.56142407 0.61176234] |
+-------+--------------------+-------------------+--------------------+------------------------------------+------------------------------------+------------------------------------+------------------------------------+------------------------------------+
using time 28.0501s, training loss at epoch 11: 1279.1996
using time 28.1237s, training loss at epoch 12: 1262.0538
using time 28.1334s, training loss at epoch 13: 1246.5809
using time 28.1668s, training loss at epoch 14: 1233.2037
+-------+--------------------+-------------------+-----------------+------------------------------------+------------------------------------+------------------------------------+------------------------------------+------------------------------------+
| Epoch |  training time(s)  |   tesing time(s)  |       Loss      |               recall               |                ndcg                |              novelty               |             precision              |             hit_ratio              |
+-------+--------------------+-------------------+-----------------+------------------------------------+------------------------------------+------------------------------------+------------------------------------+------------------------------------+
|   15  | 28.197749137878418 | 37.67804217338562 | 1221.3447265625 | [0.17594684 0.24576769 0.29501136] | [0.14720642 0.16934672 0.18403056] | [0.60091119 0.62588042 0.63988467] | [0.05388506 0.03813718 0.03074497] | [0.56346708 0.66400965 0.71662536] |
+-------+--------------------+-------------------+-----------------+------------------------------------+------------------------------------+------------------------------------+------------------------------------+------------------------------------+
using time 28.0614s, training loss at epoch 16: 1211.0898
using time 28.1344s, training loss at epoch 17: 1202.2430
using time 28.1464s, training loss at epoch 18: 1194.5919
using time 28.1953s, training loss at epoch 19: 1188.4097
+-------+-------------------+--------------------+--------------------+------------------------------------+------------------------------------+------------------------------------+------------------------------------+------------------------------------+
| Epoch |  training time(s) |   tesing time(s)   |        Loss        |               recall               |                ndcg                |              novelty               |             precision              |             hit_ratio              |
+-------+-------------------+--------------------+--------------------+------------------------------------+------------------------------------+------------------------------------+------------------------------------+------------------------------------+
|   20  | 28.21379327774048 | 37.640279054641724 | 1182.7789306640625 | [0.18259813 0.25456721 0.30482138] | [0.15316744 0.17589429 0.19090871] | [0.59385292 0.61804355 0.6315722 ] | [0.05660794 0.03996751 0.03215721] | [0.5818876  0.68092304 0.73662   ] |
+-------+-------------------+--------------------+--------------------+------------------------------------+------------------------------------+------------------------------------+------------------------------------+------------------------------------+
using time 28.0666s, training loss at epoch 21: 1178.2363
using time 28.1360s, training loss at epoch 22: 1173.8822
using time 28.1564s, training loss at epoch 23: 1170.5657
using time 28.2183s, training loss at epoch 24: 1167.4642
+-------+--------------------+-------------------+-------------------+------------------------------------+------------------------------------+------------------------------------+------------------------------------+------------------------------------+
| Epoch |  training time(s)  |   tesing time(s)  |        Loss       |               recall               |                ndcg                |              novelty               |             precision              |             hit_ratio              |
+-------+--------------------+-------------------+-------------------+------------------------------------+------------------------------------+------------------------------------+------------------------------------+------------------------------------+
|   25  | 28.217909336090088 | 37.64424419403076 | 1164.585693359375 | [0.18303574 0.25488946 0.3039874 ] | [0.15366117 0.17630453 0.19101411] | [0.59264076 0.61603901 0.62881933] | [0.05681559 0.03999682 0.03209637] | [0.58322728 0.68243017 0.73732333] |
+-------+--------------------+-------------------+-------------------+------------------------------------+------------------------------------+------------------------------------+------------------------------------+------------------------------------+
using time 28.0566s, training loss at epoch 26: 1162.2913
using time 28.1294s, training loss at epoch 27: 1159.9683
using time 28.1312s, training loss at epoch 28: 1158.1503
using time 28.1457s, training loss at epoch 29: 1156.4592
+-------+--------------------+--------------------+--------------------+------------------------------------+------------------------------------+------------------------------------+------------------------------------+------------------------------------+
| Epoch |  training time(s)  |   tesing time(s)   |        Loss        |               recall               |                ndcg                |              novelty               |             precision              |             hit_ratio              |
+-------+--------------------+--------------------+--------------------+------------------------------------+------------------------------------+------------------------------------+------------------------------------+------------------------------------+
|   30  | 28.186240434646606 | 38.427210330963135 | 1154.7965087890625 | [0.18170261 0.25329293 0.30159667] | [0.15262349 0.17517989 0.18964411] | [0.59148258 0.61395324 0.6261005 ] | [0.05638522 0.03969204 0.03180443] | [0.57987809 0.68132494 0.73588318] |
+-------+--------------------+--------------------+--------------------+------------------------------------+------------------------------------+------------------------------------+------------------------------------+------------------------------------+
using time 28.0690s, training loss at epoch 31: 1153.3530
using time 28.1255s, training loss at epoch 32: 1152.1970
using time 28.1384s, training loss at epoch 33: 1150.7689
using time 28.1557s, training loss at epoch 34: 1149.6287
+-------+--------------------+-------------------+------------------+------------------------------------+------------------------------------+------------------------------------+------------------------------------+------------------------------------+
| Epoch |  training time(s)  |   tesing time(s)  |       Loss       |               recall               |                ndcg                |              novelty               |             precision              |             hit_ratio              |
+-------+--------------------+-------------------+------------------+------------------------------------+------------------------------------+------------------------------------+------------------------------------+------------------------------------+
|   35  | 28.203020811080933 | 37.89807462692261 | 1148.72607421875 | [0.18019195 0.25012045 0.29675995] | [0.15112845 0.17317899 0.18711781] | [0.59041869 0.61206421 0.62372264] | [0.05580916 0.03916873 0.03125461] | [0.57676335 0.67780829 0.7320986 ] |
+-------+--------------------+-------------------+------------------+------------------------------------+------------------------------------+------------------------------------+------------------------------------+------------------------------------+
using time 28.0607s, training loss at epoch 36: 1147.7904
using time 28.1408s, training loss at epoch 37: 1146.9205
using time 28.1514s, training loss at epoch 38: 1145.9165
using time 28.1481s, training loss at epoch 39: 1145.2471
+-------+--------------------+-------------------+-------------+------------------------------------+------------------------------------+------------------------------------+------------------------------------+------------------------------------+
| Epoch |  training time(s)  |   tesing time(s)  |     Loss    |               recall               |                ndcg                |              novelty               |             precision              |             hit_ratio              |
+-------+--------------------+-------------------+-------------+------------------------------------+------------------------------------+------------------------------------+------------------------------------+------------------------------------+
|   40  | 28.185523509979248 | 37.85194206237793 | 1144.484375 | [0.17801813 0.24664988 0.29217276] | [0.14909111 0.17076532 0.18437721] | [0.58914687 0.61002037 0.62131813] | [0.05500703 0.03856504 0.03074944] | [0.57301226 0.67372229 0.72697435] |
+-------+--------------------+-------------------+-------------+------------------------------------+------------------------------------+------------------------------------+------------------------------------+------------------------------------+
Early stopping is trigger at step: 3 log:0.17801813296689542
early stopping at 40, recall@20:0.1830
