reading train and test user-item set ...
building the adj mat ...
loading over ...
start training ...
+-------+--------------------+--------------------+-------------------+------------------------------------+------------------------------------+------------------------------------+------------------------------------+------------------------------------+
| Epoch |  training time(s)  |   tesing time(s)   |        Loss       |               recall               |                ndcg                |              novelty               |             precision              |             hit_ratio              |
+-------+--------------------+--------------------+-------------------+------------------------------------+------------------------------------+------------------------------------+------------------------------------+------------------------------------+
|   0   | 12.266567707061768 | 37.674976110458374 | 601.0929565429688 | [0.12858351 0.18231331 0.22106462] | [0.1036904  0.12108803 0.13265979] | [0.63759068 0.65848836 0.67038287] | [0.03789604 0.02714515 0.02211691] | [0.42404046 0.51771719 0.57351464] |
+-------+--------------------+--------------------+-------------------+------------------------------------+------------------------------------+------------------------------------+------------------------------------+------------------------------------+
using time 12.3015s, training loss at epoch 1: 537.7896
using time 12.3078s, training loss at epoch 2: 510.3600
using time 12.3058s, training loss at epoch 3: 484.7344
using time 12.3201s, training loss at epoch 4: 458.4534
+-------+--------------------+--------------------+-------------------+------------------------------------+------------------------------------+------------------------------------+------------------------------------+------------------------------------+
| Epoch |  training time(s)  |   tesing time(s)   |        Loss       |               recall               |                ndcg                |              novelty               |             precision              |             hit_ratio              |
+-------+--------------------+--------------------+-------------------+------------------------------------+------------------------------------+------------------------------------+------------------------------------+------------------------------------+
|   5   | 12.316157579421997 | 37.895432233810425 | 432.5086669921875 | [0.16063374 0.22425078 0.26993293] | [0.13371429 0.15389271 0.16754596] | [0.59088025 0.61692944 0.63209218] | [0.04889812 0.03448992 0.02794114] | [0.52501842 0.62080514 0.67559783] |
+-------+--------------------+--------------------+-------------------+------------------------------------+------------------------------------+------------------------------------+------------------------------------+------------------------------------+
using time 12.2524s, training loss at epoch 6: 407.8687
using time 12.2853s, training loss at epoch 7: 385.3352
using time 12.2773s, training loss at epoch 8: 366.7278
using time 12.2954s, training loss at epoch 9: 352.0874
+-------+--------------------+-------------------+-------------------+------------------------------------+------------------------------------+------------------------------------+------------------------------------+------------------------------------+
| Epoch |  training time(s)  |   tesing time(s)  |        Loss       |               recall               |                ndcg                |              novelty               |             precision              |             hit_ratio              |
+-------+--------------------+-------------------+-------------------+------------------------------------+------------------------------------+------------------------------------+------------------------------------+------------------------------------+
|   10  | 12.321870565414429 | 37.78821802139282 | 340.6063232421875 | [0.18161181 0.25393542 0.30508654] | [0.1539992  0.17680032 0.19209082] | [0.57194443 0.59777558 0.61288258] | [0.05676536 0.04020865 0.0324458 ] | [0.58269141 0.68742046 0.74171076] |
+-------+--------------------+-------------------+-------------------+------------------------------------+------------------------------------+------------------------------------+------------------------------------+------------------------------------+
using time 12.2839s, training loss at epoch 11: 331.6252
using time 12.2818s, training loss at epoch 12: 324.2699
using time 12.2714s, training loss at epoch 13: 318.3018
using time 12.3049s, training loss at epoch 14: 313.4376
+-------+--------------------+-------------------+-------------------+------------------------------------+------------------------------------+------------------------------------+------------------------------------+------------------------------------+
| Epoch |  training time(s)  |   tesing time(s)  |        Loss       |               recall               |                ndcg                |              novelty               |             precision              |             hit_ratio              |
+-------+--------------------+-------------------+-------------------+------------------------------------+------------------------------------+------------------------------------+------------------------------------+------------------------------------+
|   15  | 12.319533109664917 | 37.61106204986572 | 309.2374267578125 | [0.18431245 0.25781225 0.30930328] | [0.15628    0.17949154 0.19481687] | [0.57737663 0.60197568 0.61614493] | [0.05757753 0.04077299 0.03280025] | [0.58717932 0.69110456 0.7452609 ] |
+-------+--------------------+-------------------+-------------------+------------------------------------+------------------------------------+------------------------------------+------------------------------------+------------------------------------+
using time 12.2556s, training loss at epoch 16: 305.6009
using time 12.2975s, training loss at epoch 17: 302.5518
using time 12.2967s, training loss at epoch 18: 299.7213
using time 12.3119s, training loss at epoch 19: 297.5269
+-------+------------------+-------------------+--------------------+------------------------------------+------------------------------------+------------------------------------+------------------------------------+------------------------------------+
| Epoch | training time(s) |   tesing time(s)  |        Loss        |               recall               |                ndcg                |              novelty               |             precision              |             hit_ratio              |
+-------+------------------+-------------------+--------------------+------------------------------------+------------------------------------+------------------------------------+------------------------------------+------------------------------------+
|   20  | 12.3253333568573 | 37.29997420310974 | 295.40447998046875 | [0.1850761  0.25770387 0.30778382] | [0.15632919 0.17927856 0.19419481] | [0.58143561 0.60476587 0.61798424] | [0.0577249  0.04072192 0.03263224] | [0.58788264 0.69046822 0.74408869] |
+-------+------------------+-------------------+--------------------+------------------------------------+------------------------------------+------------------------------------+------------------------------------+------------------------------------+
using time 12.2896s, training loss at epoch 21: 293.6280
using time 12.3026s, training loss at epoch 22: 291.8722
using time 12.2890s, training loss at epoch 23: 290.5261
using time 12.2985s, training loss at epoch 24: 289.2220
+-------+--------------------+--------------------+--------------------+------------------------------------+------------------------------------+------------------------------------+------------------------------------+------------------------------------+
| Epoch |  training time(s)  |   tesing time(s)   |        Loss        |               recall               |                ndcg                |              novelty               |             precision              |             hit_ratio              |
+-------+--------------------+--------------------+--------------------+------------------------------------+------------------------------------+------------------------------------+------------------------------------+------------------------------------+
|   25  | 12.325796604156494 | 37.354989767074585 | 287.93975830078125 | [0.1835746  0.25610552 0.3049923 ] | [0.15470624 0.17760442 0.19223225] | [0.58452377 0.60655677 0.61890625] | [0.05722085 0.04038532 0.03235146] | [0.58456695 0.68688459 0.74017014] |
+-------+--------------------+--------------------+--------------------+------------------------------------+------------------------------------+------------------------------------+------------------------------------+------------------------------------+
using time 12.2598s, training loss at epoch 26: 286.8862
using time 12.2960s, training loss at epoch 27: 285.7997
using time 12.2627s, training loss at epoch 28: 284.9902
using time 12.2862s, training loss at epoch 29: 284.1128
+-------+-------------------+-------------------+--------------------+------------------------------------+------------------------------------+------------------------------------+------------------------------------+------------------------------------+
| Epoch |  training time(s) |   tesing time(s)  |        Loss        |               recall               |                ndcg                |              novelty               |             precision              |             hit_ratio              |
+-------+-------------------+-------------------+--------------------+------------------------------------+------------------------------------+------------------------------------+------------------------------------+------------------------------------+
|   30  | 12.32806921005249 | 37.58435130119324 | 283.35015869140625 | [0.18203272 0.2521317  0.30027301] | [0.15295605 0.17507069 0.18952818] | [0.58615271 0.60710106 0.61863147] | [0.05666488 0.03976572 0.03188537] | [0.58041396 0.6798178  0.73461049] |
+-------+-------------------+-------------------+--------------------+------------------------------------+------------------------------------+------------------------------------+------------------------------------+------------------------------------+
using time 12.2763s, training loss at epoch 31: 282.5686
using time 12.2786s, training loss at epoch 32: 281.9013
using time 12.2826s, training loss at epoch 33: 281.2997
using time 12.3059s, training loss at epoch 34: 280.6099
+-------+--------------------+-------------------+-------------------+------------------------------------+------------------------------------+------------------------------------+------------------------------------+------------------------------------+
| Epoch |  training time(s)  |   tesing time(s)  |        Loss       |               recall               |                ndcg                |              novelty               |             precision              |             hit_ratio              |
+-------+--------------------+-------------------+-------------------+------------------------------------+------------------------------------+------------------------------------+------------------------------------+------------------------------------+
|   35  | 12.323864698410034 | 37.84355092048645 | 279.9870300292969 | [0.17874831 0.24765915 0.29431206] | [0.15034424 0.17207535 0.18611077] | [0.58751521 0.60727763 0.61815364] | [0.05575223 0.03906826 0.03129647] | [0.57351464 0.67301896 0.72650546] |
+-------+--------------------+-------------------+-------------------+------------------------------------+------------------------------------+------------------------------------+------------------------------------+------------------------------------+
Early stopping is trigger at step: 3 log:0.17874831292499083
early stopping at 35, recall@20:0.1851
