reading train and test user-item set ...
building the adj mat ...
loading over ...
start training ...
+-------+-------------------+-------------------+--------------------+------------------------------------+------------------------------------+------------------------------------+------------------------------------+------------------------------------+
| Epoch |  training time(s) |   tesing time(s)  |        Loss        |               recall               |                ndcg                |              novelty               |             precision              |             hit_ratio              |
+-------+-------------------+-------------------+--------------------+------------------------------------+------------------------------------+------------------------------------+------------------------------------+------------------------------------+
|   0   | 142.7819390296936 | 57.25949025154114 | 1481.8626708984375 | [0.14749975 0.20794353 0.24974375] | [0.11887121 0.13842553 0.15097375] | [0.64365831 0.66102196 0.67028039] | [0.0444638  0.03180555 0.02567542] | [0.48405787 0.58141872 0.63892424] |
+-------+-------------------+-------------------+--------------------+------------------------------------+------------------------------------+------------------------------------+------------------------------------+------------------------------------+
using time 136.9513s, training loss at epoch 1: 1407.7963
using time 136.8051s, training loss at epoch 2: 1389.7551
using time 137.0219s, training loss at epoch 3: 1378.0919
using time 139.6986s, training loss at epoch 4: 1367.8182
+-------+-------------------+-------------------+--------------------+------------------------------------+------------------------------------+------------------------------------+------------------------------------+------------------------------------+
| Epoch |  training time(s) |   tesing time(s)  |        Loss        |               recall               |                ndcg                |              novelty               |             precision              |             hit_ratio              |
+-------+-------------------+-------------------+--------------------+------------------------------------+------------------------------------+------------------------------------+------------------------------------+------------------------------------+
|   5   | 137.4942111968994 | 53.18147087097168 | 1357.3651123046875 | [0.12119288 0.17161338 0.20721629] | [0.09786544 0.11435969 0.12511042] | [0.65649089 0.67234866 0.68074791] | [0.0365346  0.0262392  0.02130082] | [0.41211736 0.5065979  0.56199344] |
+-------+-------------------+-------------------+--------------------+------------------------------------+------------------------------------+------------------------------------+------------------------------------+------------------------------------+
using time 139.6456s, training loss at epoch 6: 1346.7285
using time 139.3297s, training loss at epoch 7: 1335.1229
using time 135.6461s, training loss at epoch 8: 1321.4636
using time 138.3193s, training loss at epoch 9: 1304.4756
+-------+--------------------+--------------------+-------------------+------------------------------------+------------------------------------+------------------------------------+------------------------------------+------------------------------------+
| Epoch |  training time(s)  |   tesing time(s)   |        Loss       |               recall               |                ndcg                |              novelty               |             precision              |             hit_ratio              |
+-------+--------------------+--------------------+-------------------+------------------------------------+------------------------------------+------------------------------------+------------------------------------+------------------------------------+
|   10  | 138.02383613586426 | 52.716978788375854 | 1284.954345703125 | [0.16135358 0.22729136 0.2743379 ] | [0.13204963 0.15316121 0.16720493] | [0.61305274 0.63632634 0.64938807] | [0.04900027 0.03494038 0.02835254] | [0.52324335 0.6255275  0.68293255] |
+-------+--------------------+--------------------+-------------------+------------------------------------+------------------------------------+------------------------------------+------------------------------------+------------------------------------+
using time 137.1461s, training loss at epoch 11: 1265.5990
using time 138.1350s, training loss at epoch 12: 1247.0615
using time 137.7177s, training loss at epoch 13: 1230.5363
using time 137.1481s, training loss at epoch 14: 1216.3007
+-------+-------------------+-------------------+------------------+------------------------------------+------------------------------------+------------------------------------+------------------------------------+------------------------------------+
| Epoch |  training time(s) |   tesing time(s)  |       Loss       |               recall               |                ndcg                |              novelty               |             precision              |             hit_ratio              |
+-------+-------------------+-------------------+------------------+------------------------------------+------------------------------------+------------------------------------+------------------------------------+------------------------------------+
|   15  | 139.1931028366089 | 54.73365330696106 | 1204.06298828125 | [0.17713765 0.24873358 0.29805299] | [0.1478301  0.17053598 0.18523482] | [0.59506749 0.61957627 0.63363702] | [0.0549568  0.03908333 0.03141872] | [0.56926117 0.67392324 0.72807958] |
+-------+-------------------+-------------------+------------------+------------------------------------+------------------------------------+------------------------------------+------------------------------------+------------------------------------+
using time 140.7255s, training loss at epoch 16: 1193.6213
using time 136.8991s, training loss at epoch 17: 1185.2319
using time 138.8718s, training loss at epoch 18: 1177.8667
using time 139.9784s, training loss at epoch 19: 1171.7488
+-------+--------------------+-------------------+------------------+------------------------------------+------------------------------------+------------------------------------+------------------------------------+------------------------------------+
| Epoch |  training time(s)  |   tesing time(s)  |       Loss       |               recall               |                ndcg                |              novelty               |             precision              |             hit_ratio              |
+-------+--------------------+-------------------+------------------+------------------------------------+------------------------------------+------------------------------------+------------------------------------+------------------------------------+
|   20  | 138.84285306930542 | 54.69570469856262 | 1166.51123046875 | [0.18083397 0.25302598 0.30403382] | [0.15140282 0.17432167 0.18950518] | [0.59460596 0.618497   0.63216663] | [0.05623618 0.03992816 0.03216279] | [0.57927524 0.68078907 0.7362181 ] |
+-------+--------------------+-------------------+------------------+------------------------------------+------------------------------------+------------------------------------+------------------------------------+------------------------------------+
using time 139.1569s, training loss at epoch 21: 1162.1777
using time 137.9548s, training loss at epoch 22: 1158.2908
using time 136.1215s, training loss at epoch 23: 1155.0618
using time 138.3938s, training loss at epoch 24: 1152.0548
+-------+-------------------+-------------------+----------------+------------------------------------+------------------------------------+------------------------------------+------------------------------------+------------------------------------+
| Epoch |  training time(s) |   tesing time(s)  |      Loss      |               recall               |                ndcg                |              novelty               |             precision              |             hit_ratio              |
+-------+-------------------+-------------------+----------------+------------------------------------+------------------------------------+------------------------------------+------------------------------------+------------------------------------+
|   25  | 138.5160539150238 | 52.75601053237915 | 1149.623046875 | [0.18177393 0.25349803 0.30474148] | [0.15239242 0.17516058 0.19041286] | [0.59591936 0.61914759 0.63229971] | [0.05657948 0.04002864 0.03225043] | [0.58101681 0.6814924  0.73739031] |
+-------+-------------------+-------------------+----------------+------------------------------------+------------------------------------+------------------------------------+------------------------------------+------------------------------------+
using time 138.9313s, training loss at epoch 26: 1147.2728
using time 139.1925s, training loss at epoch 27: 1145.1942
using time 137.4153s, training loss at epoch 28: 1143.2823
using time 137.5787s, training loss at epoch 29: 1141.5355
+-------+--------------------+-------------------+------------------+------------------------------------+------------------------------------+------------------------------------+------------------------------------+------------------------------------+
| Epoch |  training time(s)  |   tesing time(s)  |       Loss       |               recall               |                ndcg                |              novelty               |             precision              |             hit_ratio              |
+-------+--------------------+-------------------+------------------+------------------------------------+------------------------------------+------------------------------------+------------------------------------+------------------------------------+
|   30  | 137.52798700332642 | 53.04647994041443 | 1140.22802734375 | [0.1822429  0.25391994 0.30422862] | [0.15250796 0.1752447  0.19020445] | [0.59642278 0.61901837 0.63173026] | [0.05660292 0.04000017 0.03213209] | [0.58128475 0.68129145 0.73772523] |
+-------+--------------------+-------------------+------------------+------------------------------------+------------------------------------+------------------------------------+------------------------------------+------------------------------------+
using time 139.5796s, training loss at epoch 31: 1138.7238
using time 136.6510s, training loss at epoch 32: 1137.5854
using time 138.8527s, training loss at epoch 33: 1136.1466
using time 139.0800s, training loss at epoch 34: 1135.1051
+-------+-------------------+------------------+--------------------+------------------------------------+------------------------------------+------------------------------------+------------------------------------+------------------------------------+
| Epoch |  training time(s) |  tesing time(s)  |        Loss        |               recall               |                ndcg                |              novelty               |             precision              |             hit_ratio              |
+-------+-------------------+------------------+--------------------+------------------------------------+------------------------------------+------------------------------------+------------------------------------+------------------------------------+
|   35  | 137.7987997531891 | 52.8170268535614 | 1134.1951904296875 | [0.18187023 0.25257452 0.30229991] | [0.1520873  0.17448895 0.1893221 ] | [0.59706583 0.61911457 0.63138606] | [0.05642374 0.03971046 0.03191216] | [0.58094983 0.67971733 0.73618461] |
+-------+-------------------+------------------+--------------------+------------------------------------+------------------------------------+------------------------------------+------------------------------------+------------------------------------+
using time 138.0403s, training loss at epoch 36: 1133.2206
using time 139.6765s, training loss at epoch 37: 1132.3367
using time 137.6265s, training loss at epoch 38: 1131.5032
using time 138.9631s, training loss at epoch 39: 1130.7855
+-------+--------------------+-------------------+-------------------+------------------------------------+------------------------------------+------------------------------------+------------------------------------+------------------------------------+
| Epoch |  training time(s)  |   tesing time(s)  |        Loss       |               recall               |                ndcg                |              novelty               |             precision              |             hit_ratio              |
+-------+--------------------+-------------------+-------------------+------------------------------------+------------------------------------+------------------------------------+------------------------------------+------------------------------------+
|   40  | 138.44862532615662 | 52.99665713310242 | 1130.037353515625 | [0.18086582 0.25170844 0.30008432] | [0.1513082  0.17374012 0.18819135] | [0.59732229 0.61875702 0.63060626] | [0.05607375 0.03948523 0.03164255] | [0.5794427  0.67944939 0.73370621] |
+-------+--------------------+-------------------+-------------------+------------------------------------+------------------------------------+------------------------------------+------------------------------------+------------------------------------+
using time 137.9147s, training loss at epoch 41: 1129.3623
using time 138.8648s, training loss at epoch 42: 1128.7771
using time 140.8128s, training loss at epoch 43: 1128.1028
using time 137.0204s, training loss at epoch 44: 1127.5612
+-------+--------------------+--------------------+-------------------+------------------------------------+------------------------------------+------------------------------------+------------------------------------+------------------------------------+
| Epoch |  training time(s)  |   tesing time(s)   |        Loss       |               recall               |                ndcg                |              novelty               |             precision              |             hit_ratio              |
+-------+--------------------+--------------------+-------------------+------------------------------------+------------------------------------+------------------------------------+------------------------------------+------------------------------------+
|   45  | 140.42838668823242 | 55.583571910858154 | 1126.999755859375 | [0.17965695 0.25008542 0.297829  ] | [0.15027419 0.17261826 0.18687677] | [0.5975664  0.61848926 0.62992746] | [0.05559482 0.03917292 0.03136122] | [0.57672985 0.67743988 0.73176368] |
+-------+--------------------+--------------------+-------------------+------------------------------------+------------------------------------+------------------------------------+------------------------------------+------------------------------------+
Early stopping is trigger at step: 3 log:0.17965695083922062
early stopping at 45, recall@20:0.1822
