nohup python main.py --dataset gowalla --gnn xmgcl --dim 64 --lr 0.001 --batch_size 4096 --gpu_id 3 --context_hops 3 --pool mean --ns mixgcf --n_negs 128 --K 1 --eps 0.1 &
reading train and test user-item set ...
building the adj mat ...
loading over ...
X Mix Simple GCL model setup
start training ...
+-------+--------------------+-------------------+-------------------+------------------------------------+------------------------------------+------------------------------------+------------------------------------+------------------------------------+
| Epoch |  training time(s)  |   tesing time(s)  |        Loss       |               recall               |                ndcg                |              novelty               |             precision              |             hit_ratio              |
+-------+--------------------+-------------------+-------------------+------------------------------------+------------------------------------+------------------------------------+------------------------------------+------------------------------------+
|   0   | 104.08433246612549 | 52.02672743797302 | 399.9164123535156 | [0.14667868 0.20806232 0.25088675] | [0.11823752 0.13801207 0.15084446] | [0.64040846 0.65993993 0.67079039] | [0.04429466 0.03178796 0.02575692] | [0.4810771  0.57857191 0.63467078] |
+-------+--------------------+-------------------+-------------------+------------------------------------+------------------------------------+------------------------------------+------------------------------------+------------------------------------+
using time 108.8239s, training loss at epoch 1: 370.4288
using time 99.0394s, training loss at epoch 2: 363.1046
using time 102.1025s, training loss at epoch 3: 358.5609
using time 99.9204s, training loss at epoch 4: 355.1335
+-------+-------------------+-------------------+-------------------+------------------------------------+------------------------------------+------------------------------------+------------------------------------+------------------------------------+
| Epoch |  training time(s) |   tesing time(s)  |        Loss       |               recall               |                ndcg                |              novelty               |             precision              |             hit_ratio              |
+-------+-------------------+-------------------+-------------------+------------------------------------+------------------------------------+------------------------------------+------------------------------------+------------------------------------+
|   5   | 99.35408425331116 | 53.22894358634949 | 352.0942687988281 | [0.11162947 0.15864083 0.19231314] | [0.08904941 0.10438069 0.11445929] | [0.67196659 0.68691609 0.69475916] | [0.03254739 0.02348366 0.01916516] | [0.36881238 0.45512091 0.5094447 ] |
+-------+-------------------+-------------------+-------------------+------------------------------------+------------------------------------+------------------------------------+------------------------------------+------------------------------------+
using time 102.3918s, training loss at epoch 6: 349.2139
using time 100.1769s, training loss at epoch 7: 346.3721
using time 98.9869s, training loss at epoch 8: 343.4757
using time 102.8492s, training loss at epoch 9: 340.3783
+-------+------------------+-------------------+-------------------+------------------------------------+------------------------------------+------------------------------------+------------------------------------+------------------------------------+
| Epoch | training time(s) |   tesing time(s)  |        Loss       |               recall               |                ndcg                |              novelty               |             precision              |             hit_ratio              |
+-------+------------------+-------------------+-------------------+------------------------------------+------------------------------------+------------------------------------+------------------------------------+------------------------------------+
|   10  | 99.3209240436554 | 53.86544394493103 | 336.8280334472656 | [0.12222389 0.17347653 0.20978511] | [0.09796756 0.11458139 0.1253914 ] | [0.65404692 0.67160138 0.68111817] | [0.03575591 0.02569663 0.02090115] | [0.39406524 0.4823163  0.53288901] |
+-------+------------------+-------------------+-------------------+------------------------------------+------------------------------------+------------------------------------+------------------------------------+------------------------------------+
using time 100.5882s, training loss at epoch 11: 332.6993
using time 100.9508s, training loss at epoch 12: 327.9203
using time 99.5718s, training loss at epoch 13: 322.4967
using time 99.1381s, training loss at epoch 14: 316.5472
+-------+-------------------+--------------------+-------------------+------------------------------------+------------------------------------+------------------------------------+------------------------------------+------------------------------------+
| Epoch |  training time(s) |   tesing time(s)   |        Loss       |               recall               |                ndcg                |              novelty               |             precision              |             hit_ratio              |
+-------+-------------------+--------------------+-------------------+------------------------------------+------------------------------------+------------------------------------+------------------------------------+------------------------------------+
|   15  | 99.39589071273804 | 53.556617736816406 | 310.2530212402344 | [0.15772497 0.22105987 0.26553316] | [0.13006571 0.15028922 0.16355385] | [0.6095864  0.63315775 0.64651362] | [0.04729386 0.03353373 0.02709938] | [0.50375109 0.60127939 0.65443097] |
+-------+-------------------+--------------------+-------------------+------------------------------------+------------------------------------+------------------------------------+------------------------------------+------------------------------------+
using time 100.5423s, training loss at epoch 16: 303.7545
using time 100.5671s, training loss at epoch 17: 297.2643
using time 105.2545s, training loss at epoch 18: 290.8650
using time 99.7009s, training loss at epoch 19: 284.8291
+-------+-------------------+------------------+------------------+------------------------------------+------------------------------------+------------------------------------+------------------------------------+------------------------------------+
| Epoch |  training time(s) |  tesing time(s)  |       Loss       |               recall               |                ndcg                |              novelty               |             precision              |             hit_ratio              |
+-------+-------------------+------------------+------------------+------------------------------------+------------------------------------+------------------------------------+------------------------------------+------------------------------------+
|   20  | 98.93499708175659 | 52.1026177406311 | 279.302001953125 | [0.18005979 0.25156881 0.30196634] | [0.15151578 0.1741463  0.18921493] | [0.57633402 0.60170777 0.61654035] | [0.05572711 0.03947351 0.03188369] | [0.57515574 0.6798178  0.734577  ] |
+-------+-------------------+------------------+------------------+------------------------------------+------------------------------------+------------------------------------+------------------------------------+------------------------------------+
using time 100.7113s, training loss at epoch 21: 274.4439
using time 102.2584s, training loss at epoch 22: 270.0904
using time 99.3072s, training loss at epoch 23: 266.4321
using time 103.4580s, training loss at epoch 24: 263.2673
+-------+--------------------+-------------------+----------------+------------------------------------+------------------------------------+------------------------------------+------------------------------------+------------------------------------+
| Epoch |  training time(s)  |   tesing time(s)  |      Loss      |               recall               |                ndcg                |              novelty               |             precision              |             hit_ratio              |
+-------+--------------------+-------------------+----------------+------------------------------------+------------------------------------+------------------------------------+------------------------------------+------------------------------------+
|   25  | 105.67138481140137 | 57.93322253227234 | 260.5205078125 | [0.1839309  0.25697229 0.30833057] | [0.15513186 0.17822525 0.19354962] | [0.57799045 0.60271293 0.61706719] | [0.05711535 0.04046989 0.03263   ] | [0.58449997 0.6884922  0.74348583] |
+-------+--------------------+-------------------+----------------+------------------------------------+------------------------------------+------------------------------------+------------------------------------+------------------------------------+
using time 100.7741s, training loss at epoch 26: 258.1170
using time 101.3059s, training loss at epoch 27: 255.9947
using time 99.8392s, training loss at epoch 28: 254.1257
using time 104.8740s, training loss at epoch 29: 252.4175
+-------+--------------------+-------------------+-------------------+------------------------------------+------------------------------------+------------------------------------+------------------------------------+------------------------------------+
| Epoch |  training time(s)  |   tesing time(s)  |        Loss       |               recall               |                ndcg                |              novelty               |             precision              |             hit_ratio              |
+-------+--------------------+-------------------+-------------------+------------------------------------+------------------------------------+------------------------------------+------------------------------------+------------------------------------+
|   30  | 103.87969994544983 | 53.62540888786316 | 250.9381866455078 | [0.18565159 0.25859076 0.31039258] | [0.15639945 0.1794315  0.19483795] | [0.58203429 0.60591723 0.61972828] | [0.0577115  0.04076127 0.03281198] | [0.5880501  0.68966441 0.7456628 ] |
+-------+--------------------+-------------------+-------------------+------------------------------------+------------------------------------+------------------------------------+------------------------------------+------------------------------------+
using time 100.8550s, training loss at epoch 31: 249.5537
using time 101.2598s, training loss at epoch 32: 248.2836
using time 105.2499s, training loss at epoch 33: 247.1657
using time 100.2724s, training loss at epoch 34: 246.0663
+-------+--------------------+-----------------+--------------------+------------------------------------+------------------------------------+------------------------------------+------------------------------------+------------------------------------+
| Epoch |  training time(s)  |  tesing time(s) |        Loss        |               recall               |                ndcg                |              novelty               |             precision              |             hit_ratio              |
+-------+--------------------+-----------------+--------------------+------------------------------------+------------------------------------+------------------------------------+------------------------------------+------------------------------------+
|   35  | 104.83607840538025 | 57.795006275177 | 245.16671752929688 | [0.1855733  0.25969384 0.31088979] | [0.15623248 0.17961345 0.19486822] | [0.58548855 0.60855137 0.62177222] | [0.05777848 0.04088352 0.0328611 ] | [0.58694487 0.69241074 0.74673454] |
+-------+--------------------+-----------------+--------------------+------------------------------------+------------------------------------+------------------------------------+------------------------------------+------------------------------------+
using time 101.6879s, training loss at epoch 36: 244.3345
using time 101.5099s, training loss at epoch 37: 243.5484
using time 104.9761s, training loss at epoch 38: 242.8176
using time 103.7382s, training loss at epoch 39: 242.1341
+-------+--------------------+-------------------+--------------------+------------------------------------+------------------------------------+------------------------------------+------------------------------------+------------------------------------+
| Epoch |  training time(s)  |   tesing time(s)  |        Loss        |               recall               |                ndcg                |              novelty               |             precision              |             hit_ratio              |
+-------+--------------------+-------------------+--------------------+------------------------------------+------------------------------------+------------------------------------+------------------------------------+------------------------------------+
|   40  | 103.55540490150452 | 55.12417554855347 | 241.53794860839844 | [0.18503398 0.25914558 0.31022092] | [0.15569394 0.17908094 0.19429635] | [0.58834562 0.61060362 0.62329687] | [0.05762107 0.04078137 0.03277011] | [0.58563869 0.69110456 0.74636613] |
+-------+--------------------+-------------------+--------------------+------------------------------------+------------------------------------+------------------------------------+------------------------------------+------------------------------------+
using time 107.2629s, training loss at epoch 41: 240.8843
using time 103.3085s, training loss at epoch 42: 240.4178
using time 103.5296s, training loss at epoch 43: 239.8606
using time 105.1300s, training loss at epoch 44: 239.4245
+-------+--------------------+-------------------+--------------------+------------------------------------+------------------------------------+------------------------------------+------------------------------------+------------------------------------+
| Epoch |  training time(s)  |   tesing time(s)  |        Loss        |               recall               |                ndcg                |              novelty               |             precision              |             hit_ratio              |
+-------+--------------------+-------------------+--------------------+------------------------------------+------------------------------------+------------------------------------+------------------------------------+------------------------------------+
|   45  | 105.93484497070312 | 58.98776435852051 | 238.93984985351562 | [0.18442485 0.25772562 0.30776781] | [0.15472791 0.17787233 0.19278386] | [0.59095052 0.61234745 0.62448877] | [0.05737491 0.04056032 0.03251446] | [0.58460044 0.68886061 0.7432179 ] |
+-------+--------------------+-------------------+--------------------+------------------------------------+------------------------------------+------------------------------------+------------------------------------+------------------------------------+
Early stopping is trigger at step: 3 log:0.18442485150886742
early stopping at 45, recall@20:0.1857
