reading train and test user-item set ...
building the adj mat ...
loading over ...
X Mix Simple GCL model setup
start training ...
+-------+------------------+------------------+--------------------+------------------------------------+------------------------------------+------------------------------------+------------------------------------+------------------------------------+
| Epoch | training time(s) |  tesing time(s)  |        Loss        |               recall               |                ndcg                |              novelty               |             precision              |             hit_ratio              |
+-------+------------------+------------------+--------------------+------------------------------------+------------------------------------+------------------------------------+------------------------------------+------------------------------------+
|   0   | 78.885409116745  | 64.8182418346405 | 358.87200927734375 | [0.13090371 0.18531866 0.22470704] | [0.10565435 0.12325502 0.13499289] | [0.63347143 0.65492817 0.66716021] | [0.03877855 0.02779322 0.02261091] | [0.43294929 0.52598968 0.58222252] |
+-------+------------------+------------------+--------------------+------------------------------------+------------------------------------+------------------------------------+------------------------------------+------------------------------------+
using time 85.1774s, training loss at epoch 1: 294.8281
using time 84.0807s, training loss at epoch 2: 266.0453
using time 84.4966s, training loss at epoch 3: 239.1570
using time 82.7897s, training loss at epoch 4: 212.0558
+-------+-------------------+-------------------+--------------------+------------------------------------+------------------------------------+------------------------------------+------------------------------------+------------------------------------+
| Epoch |  training time(s) |   tesing time(s)  |        Loss        |               recall               |                ndcg                |              novelty               |             precision              |             hit_ratio              |
+-------+-------------------+-------------------+--------------------+------------------------------------+------------------------------------+------------------------------------+------------------------------------+------------------------------------+
|   5   | 84.46798086166382 | 53.50940680503845 | 185.71652221679688 | [0.16288667 0.22818985 0.27530555] | [0.13616676 0.15690081 0.17096259] | [0.58453581 0.61099634 0.62648106] | [0.05000837 0.03540592 0.0286841 ] | [0.53530042 0.63366602 0.69110456] |
+-------+-------------------+-------------------+--------------------+------------------------------------+------------------------------------+------------------------------------+------------------------------------+------------------------------------+
using time 83.7197s, training loss at epoch 6: 160.8685
using time 88.7116s, training loss at epoch 7: 138.6980
using time 84.4590s, training loss at epoch 8: 120.9862
using time 84.1244s, training loss at epoch 9: 107.2888
+-------+-------------------+-------------------+------------------+------------------------------------+------------------------------------+------------------------------------+------------------------------------+------------------------------------+
| Epoch |  training time(s) |   tesing time(s)  |       Loss       |               recall               |                ndcg                |              novelty               |             precision              |             hit_ratio              |
+-------+-------------------+-------------------+------------------+------------------------------------+------------------------------------+------------------------------------+------------------------------------+------------------------------------+
|   10  | 89.14048743247986 | 54.92115831375122 | 96.3453369140625 | [0.18118394 0.25350406 0.30489844] | [0.15401428 0.17681351 0.19216026] | [0.57137367 0.59719209 0.61239713] | [0.05667325 0.04013413 0.03239444] | [0.58322728 0.68829125 0.742816  ] |
+-------+-------------------+-------------------+------------------+------------------------------------+------------------------------------+------------------------------------+------------------------------------+------------------------------------+
using time 83.5370s, training loss at epoch 11: 87.8149
using time 85.5145s, training loss at epoch 12: 80.9214
using time 87.9198s, training loss at epoch 13: 75.1919
using time 83.3329s, training loss at epoch 14: 70.5060
+-------+-------------------+-------------------+------------------+------------------------------------+------------------------------------+------------------------------------+------------------------------------+------------------------------------+
| Epoch |  training time(s) |   tesing time(s)  |       Loss       |               recall               |                ndcg                |              novelty               |             precision              |             hit_ratio              |
+-------+-------------------+-------------------+------------------+------------------------------------+------------------------------------+------------------------------------+------------------------------------+------------------------------------+
|   15  | 82.47633647918701 | 58.48597240447998 | 66.5206069946289 | [0.18453324 0.25712786 0.30924255] | [0.15619782 0.17914287 0.19467022] | [0.57744153 0.60213064 0.61638192] | [0.05756581 0.04068173 0.03280416] | [0.58768169 0.69040123 0.74767232] |
+-------+-------------------+-------------------+------------------+------------------------------------+------------------------------------+------------------------------------+------------------------------------+------------------------------------+
using time 86.6573s, training loss at epoch 16: 63.1502
using time 83.3867s, training loss at epoch 17: 60.2406
using time 84.1654s, training loss at epoch 18: 57.4607
using time 86.5134s, training loss at epoch 19: 55.3990
+-------+------------------+-------------------+-------------------+------------------------------------+------------------------------------+------------------------------------+------------------------------------+------------------------------------+
| Epoch | training time(s) |   tesing time(s)  |        Loss       |               recall               |                ndcg                |              novelty               |             precision              |             hit_ratio              |
+-------+------------------+-------------------+-------------------+------------------------------------+------------------------------------+------------------------------------+------------------------------------+------------------------------------+
|   20  | 83.3598268032074 | 53.30825066566467 | 53.34037399291992 | [0.18477704 0.25764053 0.30816947] | [0.15623708 0.1792764  0.19435635] | [0.58126027 0.60483762 0.61830649] | [0.05757586 0.04068173 0.03266852] | [0.58838502 0.69070266 0.74643312] |
+-------+------------------+-------------------+-------------------+------------------------------------+------------------------------------+------------------------------------+------------------------------------+------------------------------------+
using time 84.6286s, training loss at epoch 21: 51.6650
using time 85.5702s, training loss at epoch 22: 50.0156
using time 71.5447s, training loss at epoch 23: 48.5379
using time 71.9470s, training loss at epoch 24: 47.2990
+-------+-------------------+-------------------+--------------------+------------------------------------+------------------------------------+------------------------------------+------------------------------------+------------------------------------+
| Epoch |  training time(s) |   tesing time(s)  |        Loss        |               recall               |                ndcg                |              novelty               |             precision              |             hit_ratio              |
+-------+-------------------+-------------------+--------------------+------------------------------------+------------------------------------+------------------------------------+------------------------------------+------------------------------------+
|   25  | 72.17177510261536 | 52.84821152687073 | 46.162269592285156 | [0.18325735 0.25554194 0.30520563] | [0.15472085 0.17757994 0.19240923] | [0.58459238 0.60689601 0.61944402] | [0.05714046 0.04033174 0.03234532] | [0.58570567 0.68688459 0.74161029] |
+-------+-------------------+-------------------+--------------------+------------------------------------+------------------------------------+------------------------------------+------------------------------------+------------------------------------+
using time 71.4571s, training loss at epoch 26: 44.9924
using time 72.2908s, training loss at epoch 27: 44.1177
using time 72.3953s, training loss at epoch 28: 43.2420
using time 72.3648s, training loss at epoch 29: 42.3806
+-------+-------------------+-------------------+-------------------+------------------------------------+------------------------------------+------------------------------------+------------------------------------+------------------------------------+
| Epoch |  training time(s) |   tesing time(s)  |        Loss       |               recall               |                ndcg                |              novelty               |             precision              |             hit_ratio              |
+-------+-------------------+-------------------+-------------------+------------------------------------+------------------------------------+------------------------------------+------------------------------------+------------------------------------+
|   30  | 73.14677333831787 | 53.83487915992737 | 41.62141799926758 | [0.18150241 0.25226494 0.30062099] | [0.15282392 0.17521082 0.18968757] | [0.58662911 0.60773734 0.61948709] | [0.05652924 0.03979587 0.03189151] | [0.58145221 0.68119097 0.73464398] |
+-------+-------------------+-------------------+-------------------+------------------------------------+------------------------------------+------------------------------------+------------------------------------+------------------------------------+
using time 74.3603s, training loss at epoch 31: 40.8186
using time 71.8843s, training loss at epoch 32: 40.0807
using time 72.1616s, training loss at epoch 33: 39.6244
using time 72.2006s, training loss at epoch 34: 38.8955
+-------+-------------------+-------------------+-------------------+------------------------------------+------------------------------------+------------------------------------+------------------------------------+------------------------------------+
| Epoch |  training time(s) |   tesing time(s)  |        Loss       |               recall               |                ndcg                |              novelty               |             precision              |             hit_ratio              |
+-------+-------------------+-------------------+-------------------+------------------------------------+------------------------------------+------------------------------------+------------------------------------+------------------------------------+
|   35  | 72.90708661079407 | 56.75636267662048 | 38.29143142700195 | [0.17958556 0.24844652 0.29491027] | [0.1506695  0.17250406 0.18642674] | [0.5878858  0.60798534 0.61905545] | [0.05591131 0.03928512 0.0313601 ] | [0.57783509 0.67556434 0.72814656] |
+-------+-------------------+-------------------+-------------------+------------------------------------+------------------------------------+------------------------------------+------------------------------------+------------------------------------+
Early stopping is trigger at step: 3 log:0.17958555755003158
early stopping at 35, recall@20:0.1848
