nohup python main.py --dataset gowalla --gnn xmgcl --dim 64 --lr 0.001 --batch_size 4096 --gpu_id 2 --context_hops 3 --pool mean --ns mixgcf --n_negs 128 --K 1 --eps 0.1 --tau 0.2 &
reading train and test user-item set ...
building the adj mat ...
loading over ...
X Mix Simple GCL model setup
start training ...
+-------+--------------------+-------------------+-------------------+------------------------------------+------------------------------------+------------------------------------+------------------------------------+------------------------------------+
| Epoch |  training time(s)  |   tesing time(s)  |        Loss       |               recall               |                ndcg                |              novelty               |             precision              |             hit_ratio              |
+-------+--------------------+-------------------+-------------------+------------------------------------+------------------------------------+------------------------------------+------------------------------------+------------------------------------+
|   0   | 110.44673657417297 | 56.57266664505005 | 500.3548583984375 | [0.14095119 0.20174089 0.24499421] | [0.11373143 0.13324358 0.14614214] | [0.62173765 0.64420623 0.65734035] | [0.04315259 0.03120186 0.02540134] | [0.47575189 0.57726572 0.63396745] |
+-------+--------------------+-------------------+-------------------+------------------------------------+------------------------------------+------------------------------------+------------------------------------+------------------------------------+
using time 99.4698s, training loss at epoch 1: 476.6336
using time 101.4340s, training loss at epoch 2: 469.5851
using time 101.9711s, training loss at epoch 3: 464.1712
using time 102.2534s, training loss at epoch 4: 458.9762
+-------+--------------------+-------------------+-------------------+------------------------------------+------------------------------------+------------------------------------+------------------------------------+------------------------------------+
| Epoch |  training time(s)  |   tesing time(s)  |        Loss       |               recall               |                ndcg                |              novelty               |             precision              |             hit_ratio              |
+-------+--------------------+-------------------+-------------------+------------------------------------+------------------------------------+------------------------------------+------------------------------------+------------------------------------+
|   5   | 105.41008257865906 | 55.17977476119995 | 453.2286682128906 | [0.12564728 0.18041446 0.21944467] | [0.10109171 0.11871457 0.13037767] | [0.62572353 0.64783449 0.66060621] | [0.03777045 0.02737792 0.02237368] | [0.4197535  0.51410007 0.56973006] |
+-------+--------------------+-------------------+-------------------+------------------------------------+------------------------------------+------------------------------------+------------------------------------+------------------------------------+
using time 99.6397s, training loss at epoch 6: 446.6691
using time 102.3313s, training loss at epoch 7: 439.6054
using time 101.6537s, training loss at epoch 8: 432.0765
using time 103.5619s, training loss at epoch 9: 424.3878
+-------+--------------------+--------------------+-------------------+------------------------------------+------------------------------------+------------------------------------+------------------------------------+------------------------------------+
| Epoch |  training time(s)  |   tesing time(s)   |        Loss       |               recall               |                ndcg                |              novelty               |             precision              |             hit_ratio              |
+-------+--------------------+--------------------+-------------------+------------------------------------+------------------------------------+------------------------------------+------------------------------------+------------------------------------+
|   10  | 101.95434045791626 | 54.747976779937744 | 416.6094970703125 | [0.153089   0.21685427 0.26254745] | [0.12704623 0.14735121 0.16098295] | [0.57610985 0.60280197 0.6187626 ] | [0.04721683 0.03381506 0.02746835] | [0.51862147 0.62043673 0.67683703] |
+-------+--------------------+--------------------+-------------------+------------------------------------+------------------------------------+------------------------------------+------------------------------------+------------------------------------+
using time 99.0958s, training loss at epoch 11: 408.7375
using time 102.3782s, training loss at epoch 12: 400.9177
using time 100.8862s, training loss at epoch 13: 394.0538
using time 101.5363s, training loss at epoch 14: 388.2858
+-------+--------------------+-------------------+--------------------+------------------------------------+------------------------------------+------------------------------------+------------------------------------+------------------------------------+
| Epoch |  training time(s)  |   tesing time(s)  |        Loss        |               recall               |                ndcg                |              novelty               |             precision              |             hit_ratio              |
+-------+--------------------+-------------------+--------------------+------------------------------------+------------------------------------+------------------------------------+------------------------------------+------------------------------------+
|   15  | 101.30885124206543 | 53.73698806762695 | 383.60308837890625 | [0.16759588 0.23533067 0.28391668] | [0.14116854 0.16246083 0.17696573] | [0.56052864 0.58754217 0.60378584] | [0.05251189 0.03728314 0.03021133] | [0.5592471  0.662536   0.71997455] |
+-------+--------------------+-------------------+--------------------+------------------------------------+------------------------------------+------------------------------------+------------------------------------+------------------------------------+
using time 102.3963s, training loss at epoch 16: 379.6942
using time 101.0183s, training loss at epoch 17: 376.4666
using time 99.7087s, training loss at epoch 18: 373.6250
using time 103.9923s, training loss at epoch 19: 371.1985
+-------+--------------------+-------------------+-------------------+------------------------------------+------------------------------------+------------------------------------+------------------------------------+------------------------------------+
| Epoch |  training time(s)  |   tesing time(s)  |        Loss       |               recall               |                ndcg                |              novelty               |             precision              |             hit_ratio              |
+-------+--------------------+-------------------+-------------------+------------------------------------+------------------------------------+------------------------------------+------------------------------------+------------------------------------+
|   20  | 102.32321906089783 | 54.65075206756592 | 369.1903381347656 | [0.17151089 0.24060719 0.2904386 ] | [0.14479268 0.1665242  0.18144465] | [0.56711179 0.59355696 0.60935787] | [0.0538097  0.03816984 0.03096434] | [0.56684976 0.66980374 0.72623752] |
+-------+--------------------+-------------------+-------------------+------------------------------------+------------------------------------+------------------------------------+------------------------------------+------------------------------------+
using time 99.6825s, training loss at epoch 21: 367.3306
using time 99.8444s, training loss at epoch 22: 365.5504
using time 101.8102s, training loss at epoch 23: 364.0991
using time 101.0824s, training loss at epoch 24: 362.7750
+-------+--------------------+-------------------+------------------+------------------------------------+------------------------------------+------------------------------------+------------------------------------+------------------------------------+
| Epoch |  training time(s)  |   tesing time(s)  |       Loss       |               recall               |                ndcg                |              novelty               |             precision              |             hit_ratio              |
+-------+--------------------+-------------------+------------------+------------------------------------+------------------------------------+------------------------------------+------------------------------------+------------------------------------+
|   25  | 103.01764512062073 | 55.12277412414551 | 361.624755859375 | [0.17391561 0.24401381 0.29481259] | [0.14692469 0.16901495 0.18420768] | [0.57266234 0.59849576 0.61386367] | [0.05451973 0.0387258  0.0314042 ] | [0.56959609 0.67291848 0.7312948 ] |
+-------+--------------------+-------------------+------------------+------------------------------------+------------------------------------+------------------------------------+------------------------------------+------------------------------------+
using time 102.3647s, training loss at epoch 26: 360.5906
using time 99.8045s, training loss at epoch 27: 359.5740
using time 101.6342s, training loss at epoch 28: 358.7552
using time 103.1491s, training loss at epoch 29: 357.8869
+-------+--------------------+-------------------+-------------------+------------------------------------+------------------------------------+------------------------------------+------------------------------------+------------------------------------+
| Epoch |  training time(s)  |   tesing time(s)  |        Loss       |               recall               |                ndcg                |              novelty               |             precision              |             hit_ratio              |
+-------+--------------------+-------------------+-------------------+------------------------------------+------------------------------------+------------------------------------+------------------------------------+------------------------------------+
|   30  | 103.24603986740112 | 57.23339915275574 | 357.1682434082031 | [0.1756969  0.24707336 0.29664188] | [0.14843965 0.17092437 0.18577302] | [0.5767051  0.60202036 0.61708038] | [0.05508072 0.03918548 0.0316219 ] | [0.57063434 0.67640163 0.73223257] |
+-------+--------------------+-------------------+-------------------+------------------------------------+------------------------------------+------------------------------------+------------------------------------+------------------------------------+
using time 101.5653s, training loss at epoch 31: 356.4363
using time 99.0888s, training loss at epoch 32: 355.7415
using time 101.6308s, training loss at epoch 33: 355.1761
using time 103.3932s, training loss at epoch 34: 354.5125
+-------+--------------------+-------------------+-------------------+------------------------------------+------------------------------------+------------------------------------+------------------------------------+------------------------------------+
| Epoch |  training time(s)  |   tesing time(s)  |        Loss       |               recall               |                ndcg                |              novelty               |             precision              |             hit_ratio              |
+-------+--------------------+-------------------+-------------------+------------------------------------+------------------------------------+------------------------------------+------------------------------------+------------------------------------+
|   35  | 103.38348245620728 | 55.87496209144592 | 354.0486145019531 | [0.17723528 0.24864769 0.29930255] | [0.14952852 0.17203304 0.18718544] | [0.57993302 0.60471265 0.61951773] | [0.05549099 0.03939731 0.03186304] | [0.57378257 0.67723893 0.73544779] |
+-------+--------------------+-------------------+-------------------+------------------------------------+------------------------------------+------------------------------------+------------------------------------+------------------------------------+
using time 102.1269s, training loss at epoch 36: 353.5985
using time 101.9950s, training loss at epoch 37: 353.1460
using time 101.5678s, training loss at epoch 38: 352.7336
using time 103.2844s, training loss at epoch 39: 352.2745
+-------+--------------------+-------------------+--------------------+------------------------------------+------------------------------------+------------------------------------+------------------------------------+------------------------------------+
| Epoch |  training time(s)  |   tesing time(s)  |        Loss        |               recall               |                ndcg                |              novelty               |             precision              |             hit_ratio              |
+-------+--------------------+-------------------+--------------------+------------------------------------+------------------------------------+------------------------------------+------------------------------------+------------------------------------+
|   40  | 102.04023480415344 | 54.07424449920654 | 351.98065185546875 | [0.17790915 0.24998156 0.30055466] | [0.15005708 0.1727793  0.18790471] | [0.58260521 0.60700972 0.62146808] | [0.05573883 0.03958236 0.03199087] | [0.57485431 0.67908098 0.7362181 ] |
+-------+--------------------+-------------------+--------------------+------------------------------------+------------------------------------+------------------------------------+------------------------------------+------------------------------------+
using time 101.5382s, training loss at epoch 41: 351.5334
using time 99.5585s, training loss at epoch 42: 351.2960
using time 99.7874s, training loss at epoch 43: 350.8979
using time 100.7532s, training loss at epoch 44: 350.6308
+-------+--------------------+--------------------+-------------------+------------------------------------+------------------------------------+------------------------------------+------------------------------------+------------------------------------+
| Epoch |  training time(s)  |   tesing time(s)   |        Loss       |               recall               |                ndcg                |              novelty               |             precision              |             hit_ratio              |
+-------+--------------------+--------------------+-------------------+------------------------------------+------------------------------------+------------------------------------+------------------------------------+------------------------------------+
|   45  | 105.13288593292236 | 56.787734031677246 | 350.2901306152344 | [0.17810266 0.25079191 0.3016547 ] | [0.15002963 0.17298042 0.18816653] | [0.5850246  0.60902091 0.62315606] | [0.05576562 0.03967697 0.03205953] | [0.57508875 0.67998526 0.73739031] |
+-------+--------------------+--------------------+-------------------+------------------------------------+------------------------------------+------------------------------------+------------------------------------+------------------------------------+
using time 101.6724s, training loss at epoch 46: 350.1140
using time 100.8991s, training loss at epoch 47: 349.7989
using time 101.5393s, training loss at epoch 48: 349.6146
using time 101.9963s, training loss at epoch 49: 349.3088
+-------+--------------------+------------------+-------------------+------------------------------------+------------------------------------+------------------------------------+------------------------------------+------------------------------------+
| Epoch |  training time(s)  |  tesing time(s)  |        Loss       |               recall               |                ndcg                |              novelty               |             precision              |             hit_ratio              |
+-------+--------------------+------------------+-------------------+------------------------------------+------------------------------------+------------------------------------+------------------------------------+------------------------------------+
|   50  | 101.95747375488281 | 58.4339919090271 | 349.1221008300781 | [0.17878208 0.25123995 0.30258588] | [0.15025532 0.173146   0.18845826] | [0.58685579 0.61044611 0.62436897] | [0.05593141 0.03973809 0.03213098] | [0.57589256 0.68062161 0.73816063] |
+-------+--------------------+------------------+-------------------+------------------------------------+------------------------------------+------------------------------------+------------------------------------+------------------------------------+
using time 99.5786s, training loss at epoch 51: 348.8646
using time 102.0789s, training loss at epoch 52: 348.6849
using time 100.9676s, training loss at epoch 53: 348.5405
using time 102.2796s, training loss at epoch 54: 348.2567
+-------+-------------------+--------------------+----------------+------------------------------------+------------------------------------+------------------------------------+------------------------------------+------------------------------------+
| Epoch |  training time(s) |   tesing time(s)   |      Loss      |               recall               |                ndcg                |              novelty               |             precision              |             hit_ratio              |
+-------+-------------------+--------------------+----------------+------------------------------------+------------------------------------+------------------------------------+------------------------------------+------------------------------------+
|   55  | 102.3895525932312 | 54.064356327056885 | 348.0830078125 | [0.17929389 0.25115644 0.30268239] | [0.15029925 0.17299381 0.1883456 ] | [0.58869571 0.61188916 0.6255987 ] | [0.0560838  0.0397607  0.03213991] | [0.57676335 0.68048764 0.73792618] |
+-------+-------------------+--------------------+----------------+------------------------------------+------------------------------------+------------------------------------+------------------------------------+------------------------------------+
using time 99.9537s, training loss at epoch 56: 347.9099
using time 99.9765s, training loss at epoch 57: 347.6685
using time 102.3493s, training loss at epoch 58: 347.6278
using time 101.0394s, training loss at epoch 59: 347.4279
+-------+--------------------+-------------------+-------------------+------------------------------------+------------------------------------+------------------------------------+------------------------------------+------------------------------------+
| Epoch |  training time(s)  |   tesing time(s)  |        Loss       |               recall               |                ndcg                |              novelty               |             precision              |             hit_ratio              |
+-------+--------------------+-------------------+-------------------+------------------------------------+------------------------------------+------------------------------------+------------------------------------+------------------------------------+
|   60  | 101.38238978385925 | 54.15492296218872 | 347.2793273925781 | [0.17934462 0.25086799 0.30261476] | [0.15021532 0.1727979  0.18824856] | [0.59026895 0.61314806 0.6265925 ] | [0.05607375 0.0397113  0.03214716] | [0.57713176 0.67874606 0.73718936] |
+-------+--------------------+-------------------+-------------------+------------------------------------+------------------------------------+------------------------------------+------------------------------------+------------------------------------+
using time 99.9980s, training loss at epoch 61: 347.0691
using time 101.7068s, training loss at epoch 62: 346.9713
using time 102.5505s, training loss at epoch 63: 346.8037
using time 101.3716s, training loss at epoch 64: 346.7176
+-------+--------------------+--------------------+-------------------+------------------------------------+------------------------------------+------------------------------------+------------------------------------+------------------------------------+
| Epoch |  training time(s)  |   tesing time(s)   |        Loss       |               recall               |                ndcg                |              novelty               |             precision              |             hit_ratio              |
+-------+--------------------+--------------------+-------------------+------------------------------------+------------------------------------+------------------------------------+------------------------------------+------------------------------------+
|   65  | 101.40488648414612 | 54.377445459365845 | 346.4466857910156 | [0.17891713 0.25108212 0.30267525] | [0.14990837 0.17268619 0.18805794] | [0.59171769 0.61421834 0.62744601] | [0.05602016 0.03973223 0.03211981] | [0.57619398 0.67894702 0.73608413] |
+-------+--------------------+--------------------+-------------------+------------------------------------+------------------------------------+------------------------------------+------------------------------------+------------------------------------+
using time 99.9945s, training loss at epoch 66: 346.3851
using time 100.1375s, training loss at epoch 67: 346.3182
using time 99.6054s, training loss at epoch 68: 346.2023
using time 103.1032s, training loss at epoch 69: 346.0917
+-------+--------------------+-------------------+-------------------+------------------------------------+------------------------------------+------------------------------------+------------------------------------+------------------------------------+
| Epoch |  training time(s)  |   tesing time(s)  |        Loss       |               recall               |                ndcg                |              novelty               |             precision              |             hit_ratio              |
+-------+--------------------+-------------------+-------------------+------------------------------------+------------------------------------+------------------------------------+------------------------------------+------------------------------------+
|   70  | 100.49405694007874 | 53.56316947937012 | 345.8591613769531 | [0.17897188 0.2506492  0.30204938] | [0.14957699 0.17220354 0.18752348] | [0.59323306 0.61537805 0.62835003] | [0.05601681 0.03967446 0.03206622] | [0.57569161 0.67814321 0.73544779] |
+-------+--------------------+-------------------+-------------------+------------------------------------+------------------------------------+------------------------------------+------------------------------------+------------------------------------+
using time 98.2772s, training loss at epoch 71: 345.8575
using time 101.6229s, training loss at epoch 72: 345.6964
using time 98.6952s, training loss at epoch 73: 345.5925
using time 101.1286s, training loss at epoch 74: 345.5460
+-------+--------------------+--------------------+--------------------+------------------------------------+------------------------------------+------------------------------------+------------------------------------+------------------------------------+
| Epoch |  training time(s)  |   tesing time(s)   |        Loss        |               recall               |                ndcg                |              novelty               |             precision              |             hit_ratio              |
+-------+--------------------+--------------------+--------------------+------------------------------------+------------------------------------+------------------------------------+------------------------------------+------------------------------------+
|   75  | 102.44973850250244 | 58.428526639938354 | 345.43206787109375 | [0.17845686 0.25058227 0.30136454] | [0.14911315 0.17188537 0.18704483] | [0.5946904  0.61646974 0.62919862] | [0.05585605 0.03963008 0.03200147] | [0.5748878  0.67707147 0.73400764] |
+-------+--------------------+--------------------+--------------------+------------------------------------+------------------------------------+------------------------------------+------------------------------------+------------------------------------+
Early stopping is trigger at step: 3 log:0.17845685588247606
early stopping at 75, recall@20:0.1793
