reading train and test user-item set ...
building the adj mat ...
loading over ...
X Mix Simple GCL model setup
start training ...
+-------+-------------------+-------------------+--------------------+------------------------------------+------------------------------------+------------------------------------+------------------------------------+------------------------------------+
| Epoch |  training time(s) |   tesing time(s)  |        Loss        |               recall               |                ndcg                |              novelty               |             precision              |             hit_ratio              |
+-------+-------------------+-------------------+--------------------+------------------------------------+------------------------------------+------------------------------------+------------------------------------+------------------------------------+
|   0   | 46.05727028846741 | 65.77587509155273 | 358.99395751953125 | [0.1307089  0.18515803 0.22433004] | [0.10523698 0.12289232 0.13464238] | [0.63372802 0.65519956 0.66739677] | [0.0384788  0.02760483 0.02251769] | [0.4316766  0.5251189  0.58034698] |
+-------+-------------------+-------------------+--------------------+------------------------------------+------------------------------------+------------------------------------+------------------------------------+------------------------------------+
using time 45.5328s, training loss at epoch 1: 294.7763
using time 51.2984s, training loss at epoch 2: 266.0078
using time 46.3508s, training loss at epoch 3: 239.1409
using time 46.4859s, training loss at epoch 4: 212.0425
+-------+-------------------+-------------------+--------------------+------------------------------------+------------------------------------+------------------------------------+------------------------------------+------------------------------------+
| Epoch |  training time(s) |   tesing time(s)  |        Loss        |               recall               |                ndcg                |              novelty               |             precision              |             hit_ratio              |
+-------+-------------------+-------------------+--------------------+------------------------------------+------------------------------------+------------------------------------+------------------------------------+------------------------------------+
|   5   | 51.03752017021179 | 55.65732264518738 | 185.68748474121094 | [0.16264763 0.22808544 0.27425757] | [0.13597098 0.15668033 0.17048821] | [0.58461809 0.61102297 0.62657171] | [0.04990957 0.03530712 0.02856353] | [0.53466408 0.63346507 0.68822426] |
+-------+-------------------+-------------------+--------------------+------------------------------------+------------------------------------+------------------------------------+------------------------------------+------------------------------------+
using time 45.0505s, training loss at epoch 6: 160.7992
using time 51.4694s, training loss at epoch 7: 138.5940
using time 51.8783s, training loss at epoch 8: 120.8938
using time 48.7864s, training loss at epoch 9: 107.1883
+-------+------------------+-------------------+-------------------+------------------------------------+------------------------------------+------------------------------------+------------------------------------+------------------------------------+
| Epoch | training time(s) |   tesing time(s)  |        Loss       |               recall               |                ndcg                |              novelty               |             precision              |             hit_ratio              |
+-------+------------------+-------------------+-------------------+------------------------------------+------------------------------------+------------------------------------+------------------------------------+------------------------------------+
|   10  | 50.6745171546936 | 55.46263241767883 | 96.29774475097656 | [0.18161718 0.2538161  0.30423139] | [0.1536286  0.17631209 0.19140485] | [0.57151388 0.59734014 0.61247004] | [0.05673521 0.04012576 0.03233863] | [0.58356219 0.68705205 0.74060553] |
+-------+------------------+-------------------+-------------------+------------------------------------+------------------------------------+------------------------------------+------------------------------------+------------------------------------+
using time 49.8024s, training loss at epoch 11: 87.8128
using time 47.6799s, training loss at epoch 12: 80.8913
using time 48.6904s, training loss at epoch 13: 75.1721
using time 47.5042s, training loss at epoch 14: 70.4052
+-------+-------------------+-------------------+-------------------+------------------------------------+------------------------------------+------------------------------------+------------------------------------+------------------------------------+
| Epoch |  training time(s) |   tesing time(s)  |        Loss       |               recall               |                ndcg                |              novelty               |             precision              |             hit_ratio              |
+-------+-------------------+-------------------+-------------------+------------------------------------+------------------------------------+------------------------------------+------------------------------------+------------------------------------+
|   15  | 48.13455009460449 | 53.76557898521423 | 66.47650146484375 | [0.18427646 0.25767444 0.30845276] | [0.15573369 0.17889401 0.19408322] | [0.57737852 0.60204623 0.61633963] | [0.05748711 0.04071689 0.03276565] | [0.58707884 0.69103758 0.74469154] |
+-------+-------------------+-------------------+-------------------+------------------------------------+------------------------------------+------------------------------------+------------------------------------+------------------------------------+
using time 48.7985s, training loss at epoch 16: 63.1360
using time 47.7706s, training loss at epoch 17: 60.0241
using time 46.4347s, training loss at epoch 18: 57.4018
using time 46.4358s, training loss at epoch 19: 55.2470
+-------+------------------+-------------------+-------------------+------------------------------------+------------------------------------+------------------------------------+------------------------------------+------------------------------------+
| Epoch | training time(s) |   tesing time(s)  |        Loss       |               recall               |                ndcg                |              novelty               |             precision              |             hit_ratio              |
+-------+------------------+-------------------+-------------------+------------------------------------+------------------------------------+------------------------------------+------------------------------------+------------------------------------+
|   20  | 46.6352174282074 | 55.39471483230591 | 53.23149108886719 | [0.18445219 0.25773249 0.30799579] | [0.15574854 0.17890691 0.19394244] | [0.58128003 0.60484694 0.61822969] | [0.05746534 0.04067168 0.0326808 ] | [0.58671043 0.69063568 0.74449059] |
+-------+------------------+-------------------+-------------------+------------------------------------+------------------------------------+------------------------------------+------------------------------------+------------------------------------+
using time 50.6443s, training loss at epoch 21: 51.6126
using time 46.1234s, training loss at epoch 22: 49.9213
using time 47.0824s, training loss at epoch 23: 48.5525
using time 46.9270s, training loss at epoch 24: 47.1913
+-------+--------------------+-------------------+--------------------+------------------------------------+------------------------------------+------------------------------------+------------------------------------+------------------------------------+
| Epoch |  training time(s)  |   tesing time(s)  |        Loss        |               recall               |                ndcg                |              novelty               |             precision              |             hit_ratio              |
+-------+--------------------+-------------------+--------------------+------------------------------------+------------------------------------+------------------------------------+------------------------------------+------------------------------------+
|   25  | 48.013171672821045 | 57.45937132835388 | 46.054561614990234 | [0.18362749 0.25584327 0.30512811] | [0.15472009 0.17753155 0.19230191] | [0.58456058 0.60688885 0.61934735] | [0.05715721 0.04034932 0.03238886] | [0.58460044 0.68728649 0.74174426] |
+-------+--------------------+-------------------+--------------------+------------------------------------+------------------------------------+------------------------------------+------------------------------------+------------------------------------+
using time 49.5512s, training loss at epoch 26: 45.0339
using time 52.3253s, training loss at epoch 27: 43.9616
using time 52.4809s, training loss at epoch 28: 43.0838
using time 48.3550s, training loss at epoch 29: 42.2790
+-------+------------------+-------------------+-------------------+------------------------------------+------------------------------------+------------------------------------+------------------------------------+------------------------------------+
| Epoch | training time(s) |   tesing time(s)  |        Loss       |               recall               |                ndcg                |              novelty               |             precision              |             hit_ratio              |
+-------+------------------+-------------------+-------------------+------------------------------------+------------------------------------+------------------------------------+------------------------------------+------------------------------------+
|   30  | 50.3059663772583 | 52.84931445121765 | 41.49521255493164 | [0.18188952 0.25273822 0.30090024] | [0.1529448  0.1752553  0.18970745] | [0.58658437 0.60771589 0.61938229] | [0.05667995 0.03983941 0.03192556] | [0.58178713 0.6810905  0.73645254] |
+-------+------------------+-------------------+-------------------+------------------------------------+------------------------------------+------------------------------------+------------------------------------+------------------------------------+
using time 46.9289s, training loss at epoch 31: 40.7365
using time 47.8100s, training loss at epoch 32: 40.0867
using time 45.7881s, training loss at epoch 33: 39.4881
using time 49.9644s, training loss at epoch 34: 38.8456
+-------+-------------------+-------------------+-------------------+------------------------------------+------------------------------------+------------------------------------+------------------------------------+------------------------------------+
| Epoch |  training time(s) |   tesing time(s)  |        Loss       |               recall               |                ndcg                |              novelty               |             precision              |             hit_ratio              |
+-------+-------------------+-------------------+-------------------+------------------------------------+------------------------------------+------------------------------------+------------------------------------+------------------------------------+
|   35  | 47.09223389625549 | 54.63365840911865 | 38.28569793701172 | [0.17943497 0.24859036 0.29582417] | [0.1505704  0.17240907 0.18660122] | [0.5880583  0.60811394 0.61910165] | [0.0558795  0.03924409 0.03145388] | [0.5765289  0.67445911 0.72945274] |
+-------+-------------------+-------------------+-------------------+------------------------------------+------------------------------------+------------------------------------+------------------------------------+------------------------------------+
Early stopping is trigger at step: 3 log:0.1794349719356708
early stopping at 35, recall@20:0.1845
