nohup python main.py --dataset gowalla --gnn xmgcl --dim 64 --lr 0.001 --batch_size 2048 --gpu_id 3 --context_hops 3 --pool mean --ns mixgcf --n_negs 32 --K 1 &
reading train and test user-item set ...
building the adj mat ...
loading over ...
start training ...
+-------+-------------------+-------------------+-------------------+------------------------------------+------------------------------------+------------------------------------+------------------------------------+------------------------------------+
| Epoch |  training time(s) |   tesing time(s)  |        Loss       |               recall               |                ndcg                |              novelty               |             precision              |             hit_ratio              |
+-------+-------------------+-------------------+-------------------+------------------------------------+------------------------------------+------------------------------------+------------------------------------+------------------------------------+
|   0   | 971.8808507919312 | 51.37625813484192 | 701.2257080078125 | [0.13997918 0.19864131 0.24018767] | [0.11324316 0.13213779 0.14455445] | [0.63202421 0.65326531 0.66529625] | [0.04233706 0.03039135 0.02466564] | [0.46607274 0.5646058  0.61980039] |
+-------+-------------------+-------------------+-------------------+------------------------------------+------------------------------------+------------------------------------+------------------------------------+------------------------------------+
using time 961.1936s, training loss at epoch 1: 637.2213
using time 955.4354s, training loss at epoch 2: 609.8226
using time 946.0283s, training loss at epoch 3: 584.5160
using time 948.6461s, training loss at epoch 4: 558.4569
+-------+-------------------+------------------+-------------------+------------------------------------+------------------------------------+------------------------------------+------------------------------------+------------------------------------+
| Epoch |  training time(s) |  tesing time(s)  |        Loss       |               recall               |                ndcg                |              novelty               |             precision              |             hit_ratio              |
+-------+-------------------+------------------+-------------------+------------------------------------+------------------------------------+------------------------------------+------------------------------------+------------------------------------+
|   5   | 952.0980772972107 | 51.6362988948822 | 532.3980102539062 | [0.16348963 0.23026071 0.27677784] | [0.13624565 0.15744952 0.17138756] | [0.58826008 0.61377717 0.62884363] | [0.0505007  0.0359016  0.02903633] | [0.53747739 0.63879027 0.69458772] |
+-------+-------------------+------------------+-------------------+------------------------------------+------------------------------------+------------------------------------+------------------------------------+------------------------------------+
using time 955.6774s, training loss at epoch 6: 507.3704
using time 971.3431s, training loss at epoch 7: 484.7019
using time 1005.9206s, training loss at epoch 8: 466.0640
using time 988.2910s, training loss at epoch 9: 451.2824
+-------+--------------------+--------------------+--------------------+------------------------------------+------------------------------------+------------------------------------+------------------------------------+---------------------------------+
| Epoch |  training time(s)  |   tesing time(s)   |        Loss        |               recall               |                ndcg                |              novelty               |             precision              |            hit_ratio            |
+-------+--------------------+--------------------+--------------------+------------------------------------+------------------------------------+------------------------------------+------------------------------------+---------------------------------+
|   10  | 1006.3628077507019 | 52.694864988327026 | 439.68133544921875 | [0.18003688 0.25162366 0.30292703] | [0.15236557 0.17488749 0.19024248] | [0.57547826 0.60103892 0.6160364 ] | [0.05631824 0.03979838 0.03220633] | [0.5794092 0.6827316 0.7403376] |
+-------+--------------------+--------------------+--------------------+------------------------------------+------------------------------------+------------------------------------+------------------------------------+---------------------------------+
using time 996.7077s, training loss at epoch 11: 430.4688
using time 1023.9296s, training loss at epoch 12: 423.0718
using time 991.6394s, training loss at epoch 13: 416.9294
using time 983.0960s, training loss at epoch 14: 411.8410
+-------+-------------------+-------------------+-------------------+------------------------------------+------------------------------------+------------------------------------+------------------------------------+------------------------------------+
| Epoch |  training time(s) |   tesing time(s)  |        Loss       |               recall               |                ndcg                |              novelty               |             precision              |             hit_ratio              |
+-------+-------------------+-------------------+-------------------+------------------------------------+------------------------------------+------------------------------------+------------------------------------+------------------------------------+
|   15  | 978.4843661785126 | 56.18131065368652 | 407.5455017089844 | [0.18335913 0.25630706 0.30779213] | [0.15502419 0.17807431 0.19340643] | [0.58143392 0.60595344 0.62021376] | [0.05724094 0.0405285  0.03264731] | [0.58416505 0.6884922  0.74462456] |
+-------+-------------------+-------------------+-------------------+------------------------------------+------------------------------------+------------------------------------+------------------------------------+------------------------------------+
using time 983.8186s, training loss at epoch 16: 403.9097
using time 979.9200s, training loss at epoch 17: 400.8059
using time 985.3444s, training loss at epoch 18: 398.0631
using time 980.0113s, training loss at epoch 19: 395.5713
+-------+-------------------+--------------------+--------------------+------------------------------------+------------------------------------+------------------------------------+------------------------------------+------------------------------------+
| Epoch |  training time(s) |   tesing time(s)   |        Loss        |               recall               |                ndcg                |              novelty               |             precision              |             hit_ratio              |
+-------+-------------------+--------------------+--------------------+------------------------------------+------------------------------------+------------------------------------+------------------------------------+------------------------------------+
|   20  | 985.7715413570404 | 54.338154315948486 | 393.36859130859375 | [0.18441447 0.25785955 0.30844376] | [0.15553552 0.17868027 0.19377741] | [0.58573581 0.60926374 0.62279437] | [0.057606   0.04069429 0.03268694] | [0.58607408 0.68959743 0.744859  ] |
+-------+-------------------+--------------------+--------------------+------------------------------------+------------------------------------+------------------------------------+------------------------------------+------------------------------------+
using time 976.3527s, training loss at epoch 21: 391.7411
using time 976.5670s, training loss at epoch 22: 389.9618
using time 976.7177s, training loss at epoch 23: 388.4533
using time 977.2536s, training loss at epoch 24: 387.1494
+-------+-------------------+-------------------+-------------------+------------------------------------+------------------------------------+------------------------------------+------------------------------------+------------------------------------+
| Epoch |  training time(s) |   tesing time(s)  |        Loss       |               recall               |                ndcg                |              novelty               |             precision              |             hit_ratio              |
+-------+-------------------+-------------------+-------------------+------------------------------------+------------------------------------+------------------------------------+------------------------------------+------------------------------------+
|   25  | 978.3649113178253 | 55.88658285140991 | 385.7778015136719 | [0.18385629 0.25684866 0.30700999] | [0.15469818 0.17777201 0.19276451] | [0.58931068 0.61186316 0.62456678] | [0.05726773 0.04051594 0.03251892] | [0.58510282 0.68748744 0.7419787 ] |
+-------+-------------------+-------------------+-------------------+------------------------------------+------------------------------------+------------------------------------+------------------------------------+------------------------------------+
using time 984.6837s, training loss at epoch 26: 384.6386
using time 986.7221s, training loss at epoch 27: 383.6675
using time 987.4131s, training loss at epoch 28: 382.6883
using time 988.2938s, training loss at epoch 29: 381.8151
+-------+-------------------+--------------------+-------------------+------------------------------------+------------------------------------+------------------------------------+------------------------------------+------------------------------------+
| Epoch |  training time(s) |   tesing time(s)   |        Loss       |               recall               |                ndcg                |              novelty               |             precision              |             hit_ratio              |
+-------+-------------------+--------------------+-------------------+------------------------------------+------------------------------------+------------------------------------+------------------------------------+------------------------------------+
|   30  | 985.4841310977936 | 56.516340494155884 | 380.9775695800781 | [0.18275592 0.25512015 0.304144  ] | [0.15351721 0.17639109 0.19106686] | [0.5917547  0.61335632 0.62542761] | [0.05689597 0.04022121 0.03223145] | [0.58262442 0.68433921 0.73789269] |
+-------+-------------------+--------------------+-------------------+------------------------------------+------------------------------------+------------------------------------+------------------------------------+------------------------------------+
using time 979.1785s, training loss at epoch 31: 380.2684
using time 980.7050s, training loss at epoch 32: 379.5030
using time 979.6183s, training loss at epoch 33: 378.8947
using time 981.1882s, training loss at epoch 34: 378.1478
+-------+-------------------+-------------------+-------------------+------------------------------------+------------------------------------+------------------------------------+------------------------------------+------------------------------------+
| Epoch |  training time(s) |   tesing time(s)  |        Loss       |               recall               |                ndcg                |              novelty               |             precision              |             hit_ratio              |
+-------+-------------------+-------------------+-------------------+------------------------------------+------------------------------------+------------------------------------+------------------------------------+------------------------------------+
|   35  | 981.1624960899353 | 57.53455686569214 | 377.5580139160156 | [0.18091121 0.25252462 0.30022083] | [0.15184332 0.1744843  0.18878308] | [0.59367261 0.61427003 0.62570295] | [0.0563802  0.03984359 0.03188425] | [0.57817    0.67954987 0.73219908] |
+-------+-------------------+-------------------+-------------------+------------------------------------+------------------------------------+------------------------------------+------------------------------------+------------------------------------+
Early stopping is trigger at step: 3 log:0.18091121285999565
early stopping at 35, recall@20:0.1844
