#users, #items, #train items : 6040, 3953, 798831
Number of batch :  196
/home/mercury01/sanghun/GraphRS/Fixing/BGCF/BGCF.py:270: UserWarning: Creating a tensor from a list of numpy.ndarrays is extremely slow. Please consider converting the list to a single numpy.ndarray with numpy.array() before converting to a tensor. (Triggered internally at  /opt/conda/conda-bld/pytorch_1659484683044/work/torch/csrc/utils/tensor_new.cpp:201.)
  i = torch.LongTensor([coo.row, coo.col])
Test :  Epoch 1 [3673.1s + 41.5s]: train==[185482.37500=185482.09375 + 0.26219], recall=[0.07302, 0.17044], precision=[0.11478, 0.09224], ndcg=[0.13437, 0.15219]
Number of batch :  196
Test :  Epoch 2 [3656.8s + 41.4s]: train==[97401.92188=97401.60156 + 0.28990], recall=[0.08490, 0.19107], precision=[0.13334, 0.10127], ndcg=[0.15611, 0.17154]
Number of batch :  196
Test :  Epoch 3 [3672.5s + 41.5s]: train==[92646.85938=92646.51562 + 0.29177], recall=[0.08527, 0.19035], precision=[0.13109, 0.09957], ndcg=[0.15680, 0.17218]
Number of batch :  196
Test :  Epoch 4 [3677.4s + 41.9s]: train==[90457.30469=90457.01562 + 0.29106], recall=[0.09497, 0.20468], precision=[0.14323, 0.10568], ndcg=[0.17154, 0.18536]
Number of batch :  196
Test :  Epoch 5 [3675.8s + 41.5s]: train==[89546.84375=89546.50781 + 0.28940], recall=[0.09995, 0.21596], precision=[0.14911, 0.10917], ndcg=[0.18077, 0.19509]
Number of batch :  196
Test :  Epoch 6 [3647.0s + 41.1s]: train==[88112.13281=88111.90625 + 0.28958], recall=[0.09845, 0.21174], precision=[0.14643, 0.10764], ndcg=[0.17693, 0.19121]
Number of batch :  196
Test :  Epoch 7 [3642.5s + 41.6s]: train==[88050.42969=88050.14844 + 0.28882], recall=[0.09796, 0.21138], precision=[0.14946, 0.10858], ndcg=[0.17844, 0.19129]
Number of batch :  196
Test :  Epoch 8 [3636.0s + 41.5s]: train==[87284.51562=87284.23438 + 0.28822], recall=[0.08032, 0.18324], precision=[0.13058, 0.09980], ndcg=[0.14980, 0.16493]
Number of batch :  196
Test :  Epoch 9 [3634.4s + 41.2s]: train==[86889.42969=86889.15625 + 0.28907], recall=[0.09510, 0.20826], precision=[0.14339, 0.10640], ndcg=[0.17335, 0.18806]
Number of batch :  196
Test :  Epoch 10 [3629.1s + 41.7s]: train==[86554.58594=86554.30469 + 0.28804], recall=[0.08600, 0.19739], precision=[0.13440, 0.10241], ndcg=[0.15673, 0.17421]
Number of batch :  196
Test :  Epoch 11 [3639.9s + 42.2s]: train==[85898.99219=85898.71094 + 0.28909], recall=[0.07148, 0.17170], precision=[0.11648, 0.09395], ndcg=[0.13248, 0.15153]
Number of batch :  196
Test :  Epoch 12 [3637.9s + 41.5s]: train==[85444.93750=85444.67188 + 0.28920], recall=[0.10701, 0.22193], precision=[0.15358, 0.11032], ndcg=[0.18909, 0.20167]
Number of batch :  196
Test :  Epoch 13 [3642.7s + 41.9s]: train==[84703.31250=84703.03125 + 0.28861], recall=[0.10387, 0.22129], precision=[0.15099, 0.10964], ndcg=[0.18428, 0.19873]
Number of batch :  196
Test :  Epoch 14 [3635.6s + 41.4s]: train==[84727.19531=84726.94531 + 0.28746], recall=[0.10712, 0.22310], precision=[0.15065, 0.10961], ndcg=[0.18780, 0.20235]
Number of batch :  196
Test :  Epoch 15 [3646.2s + 41.6s]: train==[83807.67969=83807.39062 + 0.28666], recall=[0.10053, 0.21755], precision=[0.14881, 0.10849], ndcg=[0.18100, 0.19546]
Number of batch :  196
Test :  Epoch 16 [3636.3s + 40.7s]: train==[83479.46094=83479.18750 + 0.28660], recall=[0.10166, 0.21890], precision=[0.14793, 0.10814], ndcg=[0.17623, 0.19231]
Number of batch :  196
Test :  Epoch 17 [3626.7s + 41.4s]: train==[83230.88281=83230.60938 + 0.28784], recall=[0.10275, 0.21787], precision=[0.14921, 0.10755], ndcg=[0.18375, 0.19698]
Number of batch :  196
Test :  Epoch 18 [3640.1s + 41.5s]: train==[82946.20312=82945.91406 + 0.28699], recall=[0.10986, 0.22687], precision=[0.15632, 0.11091], ndcg=[0.18995, 0.20284]
Number of batch :  196
Test :  Epoch 19 [3628.2s + 41.8s]: train==[82657.92188=82657.57812 + 0.28814], recall=[0.10595, 0.22187], precision=[0.15241, 0.10983], ndcg=[0.18702, 0.20036]
Number of batch :  196
Test :  Epoch 20 [3626.7s + 41.3s]: train==[82152.06250=82151.80469 + 0.28841], recall=[0.10760, 0.22541], precision=[0.15195, 0.10911], ndcg=[0.18542, 0.20023]
Number of batch :  196
Test :  Epoch 21 [3628.2s + 40.3s]: train==[81547.92969=81547.64844 + 0.28847], recall=[0.10799, 0.22947], precision=[0.15403, 0.11161], ndcg=[0.18618, 0.20227]
Number of batch :  196
Test :  Epoch 22 [3619.4s + 42.3s]: train==[81677.32812=81677.03125 + 0.28839], recall=[0.10551, 0.22648], precision=[0.15225, 0.11060], ndcg=[0.18260, 0.19903]
Number of batch :  196
Test :  Epoch 23 [3625.4s + 41.8s]: train==[81337.17969=81336.88281 + 0.28870], recall=[0.10746, 0.22489], precision=[0.15325, 0.10979], ndcg=[0.18369, 0.19839]
Number of batch :  196
Test :  Epoch 24 [3624.9s + 42.1s]: train==[81401.68750=81401.41406 + 0.28824], recall=[0.10774, 0.22737], precision=[0.15332, 0.11108], ndcg=[0.18645, 0.20216]
Number of batch :  196
Test :  Epoch 25 [3622.1s + 41.8s]: train==[81283.93750=81283.60938 + 0.28885], recall=[0.10059, 0.22153], precision=[0.14831, 0.10908], ndcg=[0.17690, 0.19428]
Number of batch :  196
Test :  Epoch 26 [3378.7s + 38.5s]: train==[80908.55469=80908.24219 + 0.28828], recall=[0.10078, 0.21555], precision=[0.14608, 0.10579], ndcg=[0.17936, 0.19326]
Number of batch :  196
Test :  Epoch 27 [3377.1s + 38.6s]: train==[81064.01562=81063.73438 + 0.28770], recall=[0.10503, 0.21904], precision=[0.15018, 0.10709], ndcg=[0.18464, 0.19702]
Number of batch :  196
Test :  Epoch 28 [3384.9s + 38.7s]: train==[80509.34375=80509.04688 + 0.28796], recall=[0.10955, 0.22661], precision=[0.15520, 0.11012], ndcg=[0.18846, 0.20183]
Number of batch :  196
Test :  Epoch 29 [3386.6s + 38.7s]: train==[80414.71094=80414.42188 + 0.28855], recall=[0.09240, 0.20963], precision=[0.14151, 0.10677], ndcg=[0.16353, 0.18251]
Number of batch :  196
Test :  Epoch 30 [3380.3s + 39.0s]: train==[80136.11719=80135.82031 + 0.28829], recall=[0.10326, 0.22104], precision=[0.14781, 0.10654], ndcg=[0.18128, 0.19603]
Number of batch :  196
Test :  Epoch 31 [3374.7s + 38.8s]: train==[79837.74219=79837.47656 + 0.28849], recall=[0.09652, 0.21279], precision=[0.14387, 0.10583], ndcg=[0.17141, 0.18720]
Number of batch :  196
Test :  Epoch 32 [3375.3s + 38.9s]: train==[79503.00781=79502.68750 + 0.28839], recall=[0.11171, 0.22953], precision=[0.15526, 0.11047], ndcg=[0.19235, 0.20615]
Number of batch :  196
Test :  Epoch 33 [3372.1s + 38.7s]: train==[79421.14062=79420.83594 + 0.28879], recall=[0.10935, 0.22713], precision=[0.15415, 0.10952], ndcg=[0.18722, 0.20141]
Number of batch :  196
Test :  Epoch 34 [3375.8s + 38.8s]: train==[79997.84375=79997.57812 + 0.28890], recall=[0.11071, 0.22715], precision=[0.15354, 0.10943], ndcg=[0.19130, 0.20466]
Number of batch :  196
Test :  Epoch 35 [3375.3s + 38.9s]: train==[79020.32812=79020.06250 + 0.28807], recall=[0.10050, 0.21971], precision=[0.14605, 0.10813], ndcg=[0.17501, 0.19272]
Number of batch :  196
Test :  Epoch 36 [3374.3s + 38.8s]: train==[78783.45312=78783.14062 + 0.28882], recall=[0.10322, 0.22256], precision=[0.14866, 0.10930], ndcg=[0.17893, 0.19594]
Number of batch :  196
Test :  Epoch 37 [3378.3s + 38.9s]: train==[79094.89844=79094.62500 + 0.28927], recall=[0.10929, 0.22816], precision=[0.15298, 0.11011], ndcg=[0.18659, 0.20166]
Number of batch :  196
Test :  Epoch 38 [3372.5s + 38.9s]: train==[78623.35938=78623.09375 + 0.28835], recall=[0.11114, 0.22974], precision=[0.15349, 0.10985], ndcg=[0.18789, 0.20326]
Number of batch :  196
Test :  Epoch 39 [3375.3s + 38.8s]: train==[78003.14844=78002.84375 + 0.28892], recall=[0.10984, 0.22908], precision=[0.15281, 0.11008], ndcg=[0.18872, 0.20382]
Number of batch :  196
Test :  Epoch 40 [3382.4s + 39.1s]: train==[78440.21094=78439.92969 + 0.28931], recall=[0.10543, 0.22671], precision=[0.15027, 0.11013], ndcg=[0.18287, 0.20005]
Number of batch :  196
Test :  Epoch 41 [3380.1s + 39.1s]: train==[78928.32031=78928.04688 + 0.28920], recall=[0.10508, 0.22675], precision=[0.14928, 0.10930], ndcg=[0.18162, 0.19909]
Number of batch :  196
Test :  Epoch 42 [3386.7s + 39.0s]: train==[78044.06250=78043.76562 + 0.28869], recall=[0.10821, 0.22979], precision=[0.15221, 0.11108], ndcg=[0.18628, 0.20323]
Number of batch :  196
Test :  Epoch 43 [3387.5s + 39.1s]: train==[78115.21094=78114.93750 + 0.28939], recall=[0.10696, 0.22669], precision=[0.15157, 0.10976], ndcg=[0.18459, 0.20056]
Number of batch :  196
Test :  Epoch 44 [3383.5s + 38.9s]: train==[77886.64062=77886.32812 + 0.29001], recall=[0.10631, 0.22583], precision=[0.15065, 0.10985], ndcg=[0.17886, 0.19585]
Number of batch :  196
Test :  Epoch 45 [3376.4s + 39.2s]: train==[77600.46875=77600.18750 + 0.29000], recall=[0.10859, 0.23000], precision=[0.15300, 0.11067], ndcg=[0.18695, 0.20336]
Number of batch :  196
Test :  Epoch 46 [3378.4s + 39.0s]: train==[77477.69531=77477.42188 + 0.28979], recall=[0.09995, 0.21926], precision=[0.14566, 0.10852], ndcg=[0.17395, 0.19223]
Number of batch :  196
Test :  Epoch 47 [3378.9s + 39.1s]: train==[77958.10938=77957.84375 + 0.28967], recall=[0.10673, 0.22894], precision=[0.15187, 0.11060], ndcg=[0.18474, 0.20163]
Number of batch :  196
Test :  Epoch 48 [3378.5s + 39.2s]: train==[78162.82031=78162.53906 + 0.28920], recall=[0.10595, 0.22732], precision=[0.15130, 0.11055], ndcg=[0.18152, 0.19899]
Number of batch :  196
Test :  Epoch 49 [3380.6s + 39.2s]: train==[77628.31250=77628.04688 + 0.29007], recall=[0.10595, 0.22626], precision=[0.15272, 0.11142], ndcg=[0.18208, 0.19867]
Number of batch :  196
Test :  Epoch 50 [3381.1s + 39.3s]: train==[78369.87500=78369.52344 + 0.28970], recall=[0.11172, 0.23341], precision=[0.15573, 0.11174], ndcg=[0.19159, 0.20751]
Number of batch :  196
Test :  Epoch 51 [3375.8s + 39.2s]: train==[77678.50781=77678.16406 + 0.28996], recall=[0.10621, 0.22647], precision=[0.15012, 0.10956], ndcg=[0.18045, 0.19817]
Number of batch :  196
Test :  Epoch 52 [3376.6s + 39.2s]: train==[77423.62500=77423.34375 + 0.28992], recall=[0.10544, 0.22649], precision=[0.15032, 0.10966], ndcg=[0.18135, 0.19850]
Number of batch :  196
Test :  Epoch 53 [3377.2s + 39.6s]: train==[77192.07812=77191.78906 + 0.29025], recall=[0.10927, 0.23253], precision=[0.15351, 0.11148], ndcg=[0.18446, 0.20258]
Number of batch :  196
Test :  Epoch 54 [3381.0s + 39.5s]: train==[77628.21875=77627.92188 + 0.29028], recall=[0.10338, 0.22284], precision=[0.14807, 0.10947], ndcg=[0.17839, 0.19578]
Number of batch :  196
Test :  Epoch 55 [3375.1s + 39.3s]: train==[77421.00000=77420.69531 + 0.29042], recall=[0.10149, 0.22253], precision=[0.14796, 0.10931], ndcg=[0.17658, 0.19416]
Number of batch :  196
Test :  Epoch 56 [3377.4s + 39.3s]: train==[77401.12500=77400.84375 + 0.29061], recall=[0.10535, 0.22825], precision=[0.15123, 0.11092], ndcg=[0.18198, 0.19942]
Number of batch :  196
Test :  Epoch 57 [3376.9s + 39.3s]: train==[76806.57812=76806.28125 + 0.29152], recall=[0.10779, 0.22874], precision=[0.15261, 0.11088], ndcg=[0.18358, 0.20050]
Number of batch :  196
Test :  Epoch 58 [3373.2s + 39.5s]: train==[77092.67969=77092.42969 + 0.29098], recall=[0.09608, 0.21601], precision=[0.14439, 0.10772], ndcg=[0.16899, 0.18727]
Number of batch :  196
Test :  Epoch 59 [3375.9s + 39.3s]: train==[77452.02344=77451.70312 + 0.29087], recall=[0.10477, 0.22667], precision=[0.14992, 0.11040], ndcg=[0.18058, 0.19839]
Number of batch :  196
Test :  Epoch 60 [3407.6s + 39.3s]: train==[77704.16406=77703.85156 + 0.29037], recall=[0.10686, 0.22607], precision=[0.15116, 0.11010], ndcg=[0.18214, 0.19878]
Number of batch :  196
Test :  Epoch 61 [3374.7s + 39.8s]: train==[77215.64062=77215.31250 + 0.29102], recall=[0.10411, 0.22390], precision=[0.14946, 0.10973], ndcg=[0.17905, 0.19629]
Number of batch :  196
Test :  Epoch 62 [3388.1s + 39.2s]: train==[77626.62500=77626.30469 + 0.29030], recall=[0.10432, 0.22464], precision=[0.15122, 0.11038], ndcg=[0.18335, 0.19936]
Number of batch :  196
Test :  Epoch 63 [3376.5s + 39.5s]: train==[76742.55469=76742.27344 + 0.29095], recall=[0.10972, 0.23139], precision=[0.15353, 0.11126], ndcg=[0.18698, 0.20370]
Number of batch :  196
Test :  Epoch 64 [3373.5s + 39.5s]: train==[76941.20312=76940.91406 + 0.29141], recall=[0.10638, 0.22537], precision=[0.15165, 0.11024], ndcg=[0.18292, 0.19908]
Number of batch :  196
Test :  Epoch 65 [3373.1s + 39.4s]: train==[76796.07031=76795.78125 + 0.29145], recall=[0.10848, 0.22932], precision=[0.15353, 0.11153], ndcg=[0.18477, 0.20163]
Number of batch :  196
Test :  Epoch 66 [3376.6s + 39.5s]: train==[76703.27344=76702.97656 + 0.29079], recall=[0.10677, 0.22713], precision=[0.15211, 0.11002], ndcg=[0.18371, 0.19973]
Number of batch :  196
Test :  Epoch 67 [3372.3s + 39.6s]: train==[76570.49219=76570.19531 + 0.29165], recall=[0.09891, 0.21818], precision=[0.14483, 0.10808], ndcg=[0.17253, 0.19116]
Number of batch :  196
Test :  Epoch 68 [3374.8s + 39.6s]: train==[76470.40625=76470.11719 + 0.29148], recall=[0.11049, 0.23276], precision=[0.15461, 0.11188], ndcg=[0.18723, 0.20427]
Number of batch :  196
Test :  Epoch 69 [3375.7s + 39.5s]: train==[76354.72656=76354.45312 + 0.29097], recall=[0.10808, 0.23149], precision=[0.15294, 0.11131], ndcg=[0.18212, 0.20050]
Number of batch :  196
Test :  Epoch 70 [3387.9s + 39.5s]: train==[76054.42969=76054.14062 + 0.29162], recall=[0.10833, 0.23113], precision=[0.15359, 0.11169], ndcg=[0.18672, 0.20392]
Number of batch :  196
Test :  Epoch 71 [3384.8s + 39.5s]: train==[76272.77344=76272.43750 + 0.29097], recall=[0.10711, 0.23094], precision=[0.15169, 0.11087], ndcg=[0.18351, 0.20181]
Number of batch :  196
Test :  Epoch 72 [3380.2s + 39.3s]: train==[76198.84375=76198.57031 + 0.29182], recall=[0.10701, 0.23077], precision=[0.15366, 0.11178], ndcg=[0.18234, 0.20032]
Number of batch :  196
Test :  Epoch 73 [3376.3s + 39.7s]: train==[75119.04688=75118.73438 + 0.29235], recall=[0.10292, 0.22298], precision=[0.14661, 0.10917], ndcg=[0.17663, 0.19546]
Number of batch :  196
Test :  Epoch 74 [3386.6s + 39.8s]: train==[75718.01562=75717.69531 + 0.29242], recall=[0.10445, 0.22669], precision=[0.15049, 0.11060], ndcg=[0.18151, 0.19934]
Number of batch :  196
Test :  Epoch 75 [3380.5s + 39.8s]: train==[75158.83594=75158.54688 + 0.29222], recall=[0.10206, 0.22262], precision=[0.14796, 0.10973], ndcg=[0.17669, 0.19481]
Number of batch :  196
Test :  Epoch 76 [3377.3s + 39.5s]: train==[75489.42969=75489.15625 + 0.29235], recall=[0.10682, 0.22826], precision=[0.15355, 0.11116], ndcg=[0.18321, 0.19960]
Number of batch :  196
Test :  Epoch 77 [3382.8s + 39.5s]: train==[74715.08594=74714.78906 + 0.29363], recall=[0.10936, 0.23111], precision=[0.15523, 0.11161], ndcg=[0.18726, 0.20307]
Number of batch :  196
Test :  Epoch 78 [3370.7s + 39.5s]: train==[75118.88281=75118.57031 + 0.29372], recall=[0.10680, 0.22935], precision=[0.15274, 0.11157], ndcg=[0.18185, 0.19976]
Number of batch :  196
Test :  Epoch 79 [3375.2s + 39.5s]: train==[74230.35938=74230.12500 + 0.29425], recall=[0.10098, 0.22168], precision=[0.14601, 0.10944], ndcg=[0.17478, 0.19346]
Number of batch :  196
Test :  Epoch 80 [3367.5s + 39.6s]: train==[74748.69531=74748.42188 + 0.29461], recall=[0.10496, 0.22659], precision=[0.14982, 0.11086], ndcg=[0.18383, 0.20155]
Number of batch :  196
Test :  Epoch 81 [3370.5s + 39.5s]: train==[74000.87500=74000.60938 + 0.29643], recall=[0.10805, 0.23102], precision=[0.15131, 0.11105], ndcg=[0.18430, 0.20234]
Number of batch :  196
Test :  Epoch 82 [3370.9s + 39.8s]: train==[74059.25000=74058.97656 + 0.29697], recall=[0.10221, 0.22129], precision=[0.14659, 0.10853], ndcg=[0.17730, 0.19483]
Number of batch :  196
Test :  Epoch 83 [3374.0s + 39.6s]: train==[73754.87500=73754.57812 + 0.29679], recall=[0.10961, 0.23126], precision=[0.15465, 0.11118], ndcg=[0.18782, 0.20362]
Number of batch :  196
Test :  Epoch 84 [3373.4s + 39.7s]: train==[73426.81250=73426.56250 + 0.29860], recall=[0.10658, 0.22873], precision=[0.15201, 0.11084], ndcg=[0.18376, 0.20084]
Number of batch :  196
Test :  Epoch 85 [3372.1s + 39.6s]: train==[73493.82031=73493.48438 + 0.29878], recall=[0.10759, 0.22715], precision=[0.15144, 0.11090], ndcg=[0.18429, 0.20090]
Number of batch :  196
Test :  Epoch 86 [3364.3s + 39.9s]: train==[72805.55469=72805.26562 + 0.30048], recall=[0.10481, 0.22577], precision=[0.15006, 0.11030], ndcg=[0.18181, 0.19924]
Number of batch :  196
Test :  Epoch 87 [3365.5s + 39.8s]: train==[72754.68750=72754.41406 + 0.30197], recall=[0.11103, 0.23513], precision=[0.15445, 0.11281], ndcg=[0.18793, 0.20587]
Number of batch :  196
Test :  Epoch 88 [3364.1s + 39.8s]: train==[72314.62500=72314.32812 + 0.30235], recall=[0.10922, 0.23244], precision=[0.15384, 0.11160], ndcg=[0.18635, 0.20354]
Number of batch :  196
Test :  Epoch 89 [3371.5s + 39.8s]: train==[71641.92969=71641.65625 + 0.30368], recall=[0.11175, 0.23635], precision=[0.15671, 0.11307], ndcg=[0.19079, 0.20800]
Number of batch :  196
Test :  Epoch 90 [3370.0s + 40.0s]: train==[71531.98438=71531.61719 + 0.30513], recall=[0.10942, 0.22982], precision=[0.15368, 0.11080], ndcg=[0.18716, 0.20292]
Number of batch :  196
Test :  Epoch 91 [3367.0s + 39.7s]: train==[71026.72656=71026.42969 + 0.30583], recall=[0.11005, 0.23380], precision=[0.15438, 0.11281], ndcg=[0.18556, 0.20341]
Number of batch :  196
Test :  Epoch 92 [3374.8s + 39.8s]: train==[70207.94531=70207.60938 + 0.30767], recall=[0.10110, 0.22054], precision=[0.14700, 0.10873], ndcg=[0.17785, 0.19472]
Number of batch :  196
Test :  Epoch 93 [3367.5s + 39.9s]: train==[70847.40625=70847.07031 + 0.30899], recall=[0.10211, 0.22467], precision=[0.14805, 0.10997], ndcg=[0.17977, 0.19797]
Number of batch :  196
Test :  Epoch 94 [3374.7s + 39.8s]: train==[70406.96875=70406.64844 + 0.31031], recall=[0.10329, 0.22569], precision=[0.15078, 0.11184], ndcg=[0.17741, 0.19610]
Number of batch :  196
Test :  Epoch 95 [3369.3s + 40.1s]: train==[70274.87500=70274.50781 + 0.31129], recall=[0.10809, 0.23458], precision=[0.15249, 0.11291], ndcg=[0.18263, 0.20264]
Number of batch :  196
Test :  Epoch 96 [3372.9s + 39.9s]: train==[69274.06250=69273.75000 + 0.31222], recall=[0.10500, 0.23104], precision=[0.15177, 0.11252], ndcg=[0.17844, 0.19857]
Number of batch :  196
Test :  Epoch 97 [3597.6s + 43.3s]: train==[69778.08594=69777.75781 + 0.31306], recall=[0.11040, 0.23468], precision=[0.15512, 0.11356], ndcg=[0.18781, 0.20559]
Number of batch :  196
Test :  Epoch 98 [4267.4s + 41.6s]: train==[69777.61719=69777.32031 + 0.31321], recall=[0.11556, 0.24209], precision=[0.15945, 0.11465], ndcg=[0.19524, 0.21258]
Number of batch :  196
Test :  Epoch 99 [3367.1s + 42.3s]: train==[68966.15625=68965.82031 + 0.31388], recall=[0.10893, 0.23290], precision=[0.15304, 0.11272], ndcg=[0.18599, 0.20429]
Number of batch :  196
Test :  Epoch 100 [3472.7s + 39.8s]: train==[68870.71094=68870.39844 + 0.31489], recall=[0.10865, 0.23516], precision=[0.15166, 0.11285], ndcg=[0.18731, 0.20683]
Number of batch :  196
Test :  Epoch 101 [3364.0s + 39.6s]: train==[69140.15625=69139.84375 + 0.31550], recall=[0.10686, 0.23079], precision=[0.15136, 0.11191], ndcg=[0.18339, 0.20193]
Number of batch :  196
Test :  Epoch 102 [3346.4s + 39.6s]: train==[68227.03906=68226.71094 + 0.31645], recall=[0.11048, 0.23300], precision=[0.15524, 0.11316], ndcg=[0.18768, 0.20499]
Number of batch :  196
Test :  Epoch 103 [3348.1s + 40.0s]: train==[68147.22656=68146.90625 + 0.31710], recall=[0.11327, 0.24014], precision=[0.15795, 0.11461], ndcg=[0.19014, 0.20851]
Number of batch :  196
Test :  Epoch 104 [3925.4s + 43.5s]: train==[68000.94531=68000.65625 + 0.31749], recall=[0.10897, 0.23121], precision=[0.15248, 0.11228], ndcg=[0.18748, 0.20487]
Number of batch :  196
