reading train and test user-item set ...
building the adj mat ...
loading over ...
start training ...
+-------+-------------------+-------------------+-------------------+------------------------------------+------------------------------------+------------------------------------+------------------------------------+------------------------------------+
| Epoch |  training time(s) |   tesing time(s)  |        Loss       |               recall               |                ndcg                |              novelty               |             precision              |             hit_ratio              |
+-------+-------------------+-------------------+-------------------+------------------------------------+------------------------------------+------------------------------------+------------------------------------+------------------------------------+
|   0   | 220.7906494140625 | 53.06112337112427 | 1502.729736328125 | [0.13790333 0.19505973 0.23489416] | [0.11033993 0.12882183 0.14074853] | [0.65032271 0.66771207 0.67692719] | [0.04138924 0.02963276 0.02398687] | [0.45669502 0.55321857 0.60921696] |
+-------+-------------------+-------------------+-------------------+------------------------------------+------------------------------------+------------------------------------+------------------------------------+------------------------------------+
using time 209.8395s, training loss at epoch 1: 1421.1412
using time 204.3564s, training loss at epoch 2: 1399.5890
using time 209.2115s, training loss at epoch 3: 1384.5773
using time 206.0652s, training loss at epoch 4: 1372.4730
+-------+--------------------+-------------------+-------------------+------------------------------------+------------------------------------+------------------------------------+------------------------------------+------------------------------------+
| Epoch |  training time(s)  |   tesing time(s)  |        Loss       |               recall               |                ndcg                |              novelty               |             precision              |             hit_ratio              |
+-------+--------------------+-------------------+-------------------+------------------------------------+------------------------------------+------------------------------------+------------------------------------+------------------------------------+
|   5   | 208.30760788917542 | 54.78407144546509 | 1361.325927734375 | [0.12924968 0.1826797  0.22096453] | [0.10529493 0.12260444 0.13411566] | [0.65014549 0.66723061 0.67626815] | [0.03963427 0.02837263 0.02303738] | [0.44018354 0.53613772 0.59471498] |
+-------+--------------------+-------------------+-------------------+------------------------------------+------------------------------------+------------------------------------+------------------------------------+------------------------------------+
using time 204.4148s, training loss at epoch 6: 1351.0912
using time 209.6628s, training loss at epoch 7: 1340.4111
using time 207.2140s, training loss at epoch 8: 1329.1600
using time 205.2828s, training loss at epoch 9: 1316.1899
+-------+-------------------+-------------------+-------------------+------------------------------------+------------------------------------+------------------------------------+------------------------------------+------------------------------------+
| Epoch |  training time(s) |   tesing time(s)  |        Loss       |               recall               |                ndcg                |              novelty               |             precision              |             hit_ratio              |
+-------+-------------------+-------------------+-------------------+------------------------------------+------------------------------------+------------------------------------+------------------------------------+------------------------------------+
|   10  | 206.3817446231842 | 53.62424182891846 | 1301.658447265625 | [0.15654296 0.22178364 0.2671436 ] | [0.12775977 0.14872736 0.16228879] | [0.623378   0.64482633 0.65674292] | [0.04746969 0.03403778 0.02755208] | [0.51018153 0.61219774 0.66782772] |
+-------+-------------------+-------------------+-------------------+------------------------------------+------------------------------------+------------------------------------+------------------------------------+------------------------------------+
using time 201.7679s, training loss at epoch 11: 1286.2610
using time 203.3715s, training loss at epoch 12: 1270.7662
using time 208.5120s, training loss at epoch 13: 1255.6959
using time 203.3818s, training loss at epoch 14: 1242.0566
+-------+--------------------+-------------------+----------------+------------------------------------+------------------------------------+------------------------------------+------------------------------------+------------------------------------+
| Epoch |  training time(s)  |   tesing time(s)  |      Loss      |               recall               |                ndcg                |              novelty               |             precision              |             hit_ratio              |
+-------+--------------------+-------------------+----------------+------------------------------------+------------------------------------+------------------------------------+------------------------------------+------------------------------------+
|   15  | 201.92529129981995 | 51.42085838317871 | 1229.568359375 | [0.17304032 0.24341684 0.29233897] | [0.14355104 0.16600038 0.18060619] | [0.60415954 0.62765277 0.64097899] | [0.05324034 0.03794795 0.03062384] | [0.55753902 0.66035903 0.71541965] |
+-------+--------------------+-------------------+----------------+------------------------------------+------------------------------------+------------------------------------+------------------------------------+------------------------------------+
using time 208.7473s, training loss at epoch 16: 1218.3278
using time 208.3107s, training loss at epoch 17: 1208.7156
using time 207.9836s, training loss at epoch 18: 1200.1764
using time 208.6611s, training loss at epoch 19: 1193.0896
+-------+--------------------+-------------------+--------------------+------------------------------------+------------------------------------+------------------------------------+------------------------------------+------------------------------------+
| Epoch |  training time(s)  |   tesing time(s)  |        Loss        |               recall               |                ndcg                |              novelty               |             precision              |             hit_ratio              |
+-------+--------------------+-------------------+--------------------+------------------------------------+------------------------------------+------------------------------------+------------------------------------+------------------------------------+
|   20  | 207.87002062797546 | 54.47632098197937 | 1186.8961181640625 | [0.17749947 0.24948134 0.29953354] | [0.14796395 0.17082938 0.18574336] | [0.60168207 0.62479367 0.63786927] | [0.05506564 0.03913775 0.03151919] | [0.56691674 0.67137786 0.72968719] |
+-------+--------------------+-------------------+--------------------+------------------------------------+------------------------------------+------------------------------------+------------------------------------+------------------------------------+
using time 204.4217s, training loss at epoch 21: 1181.7446
using time 205.3721s, training loss at epoch 22: 1177.0048
using time 238.2213s, training loss at epoch 23: 1173.2645
using time 240.4551s, training loss at epoch 24: 1169.6167
+-------+--------------------+-------------------+-------------------+------------------------------------+------------------------------------+------------------------------------+------------------------------------+------------------------------------+
| Epoch |  training time(s)  |   tesing time(s)  |        Loss       |               recall               |                ndcg                |              novelty               |             precision              |             hit_ratio              |
+-------+--------------------+-------------------+-------------------+------------------------------------+------------------------------------+------------------------------------+------------------------------------+------------------------------------+
|   25  | 237.67592215538025 | 57.87412881851196 | 1166.638916015625 | [0.17895231 0.25132319 0.30095029] | [0.14950454 0.17246816 0.18724497] | [0.60304636 0.62545949 0.63805364] | [0.05556635 0.03944755 0.03167995] | [0.56989751 0.67556434 0.73065845] |
+-------+--------------------+-------------------+-------------------+------------------------------------+------------------------------------+------------------------------------+------------------------------------+------------------------------------+
using time 240.3576s, training loss at epoch 26: 1163.9176
using time 237.8742s, training loss at epoch 27: 1161.4049
using time 238.4787s, training loss at epoch 28: 1159.4397
using time 235.0953s, training loss at epoch 29: 1157.3619
+-------+-------------------+-----------------+--------------------+------------------------------------+------------------------------------+------------------------------------+------------------------------------+------------------------------------+
| Epoch |  training time(s) |  tesing time(s) |        Loss        |               recall               |                ndcg                |              novelty               |             precision              |             hit_ratio              |
+-------+-------------------+-----------------+--------------------+------------------------------------+------------------------------------+------------------------------------+------------------------------------+------------------------------------+
|   30  | 241.5907211303711 | 55.017009973526 | 1155.6297607421875 | [0.17956284 0.25121903 0.30028999] | [0.14996884 0.17268686 0.18729902] | [0.60389138 0.62568139 0.63784306] | [0.05574218 0.03945174 0.03161743] | [0.57184004 0.67506196 0.72972068] |
+-------+-------------------+-----------------+--------------------+------------------------------------+------------------------------------+------------------------------------+------------------------------------+------------------------------------+
using time 236.1841s, training loss at epoch 31: 1154.0940
using time 244.1608s, training loss at epoch 32: 1152.6187
using time 217.5971s, training loss at epoch 33: 1151.2671
using time 209.1641s, training loss at epoch 34: 1150.0349
+-------+-------------------+------------------+------------------+------------------------------------+------------------------------------+------------------------------------+------------------------------------+------------------------------------+
| Epoch |  training time(s) |  tesing time(s)  |       Loss       |               recall               |                ndcg                |              novelty               |             precision              |             hit_ratio              |
+-------+-------------------+------------------+------------------+------------------------------------+------------------------------------+------------------------------------+------------------------------------+------------------------------------+
|   35  | 211.4436104297638 | 75.7148711681366 | 1148.92236328125 | [0.17939157 0.25066852 0.29907942] | [0.14953354 0.17211087 0.18659764] | [0.60466396 0.62587207 0.63763778] | [0.05562998 0.03931861 0.03153538] | [0.57113671 0.67332038 0.72831402] |
+-------+-------------------+------------------+------------------+------------------------------------+------------------------------------+------------------------------------+------------------------------------+------------------------------------+
using time 209.1267s, training loss at epoch 36: 1147.8531
using time 208.7290s, training loss at epoch 37: 1146.6125
using time 217.8254s, training loss at epoch 38: 1145.8732
using time 213.8807s, training loss at epoch 39: 1144.9869
+-------+--------------------+--------------------+--------------------+------------------------------------+------------------------------------+------------------------------------+------------------------------------+------------------------------------+
| Epoch |  training time(s)  |   tesing time(s)   |        Loss        |               recall               |                ndcg                |              novelty               |             precision              |             hit_ratio              |
+-------+--------------------+--------------------+--------------------+------------------------------------+------------------------------------+------------------------------------+------------------------------------+------------------------------------+
|   40  | 209.65563011169434 | 52.385056018829346 | 1144.3155517578125 | [0.17837998 0.24925914 0.29667996] | [0.14888721 0.17133811 0.18554251] | [0.60548567 0.6260987  0.6374528 ] | [0.05537879 0.03910761 0.03130763] | [0.56993101 0.67057405 0.72563467] |
+-------+--------------------+--------------------+--------------------+------------------------------------+------------------------------------+------------------------------------+------------------------------------+------------------------------------+
using time 222.9499s, training loss at epoch 41: 1143.3660
using time 208.0020s, training loss at epoch 42: 1142.6145
using time 211.6907s, training loss at epoch 43: 1141.9091
using time 220.9625s, training loss at epoch 44: 1141.3553
+-------+--------------------+--------------------+-------------------+------------------------------------+------------------------------------+------------------------------------+------------------------------------+------------------------------------+
| Epoch |  training time(s)  |   tesing time(s)   |        Loss       |               recall               |                ndcg                |              novelty               |             precision              |             hit_ratio              |
+-------+--------------------+--------------------+-------------------+------------------------------------+------------------------------------+------------------------------------+------------------------------------+------------------------------------+
|   45  | 212.89595365524292 | 55.021573543548584 | 1140.771728515625 | [0.17801219 0.24764291 0.29470677] | [0.1484671  0.17052797 0.1846404 ] | [0.60594713 0.62601706 0.63709153] | [0.05515105 0.03883298 0.03110668] | [0.56775404 0.66802867 0.72349119] |
+-------+--------------------+--------------------+-------------------+------------------------------------+------------------------------------+------------------------------------+------------------------------------+------------------------------------+
Early stopping is trigger at step: 3 log:0.17801219148962424
early stopping at 45, recall@20:0.1796
