reading train and test user-item set ...
building the adj mat ...
loading over ...
Method 2 GCL model setup
start training ...
+-------+-------------------+--------------------+--------------------+------------------------------------+------------------------------------+------------------------------------+------------------------------------+
| Epoch |  training time(s) |   tesing time(s)   |        Loss        |               recall               |                ndcg                |             precision              |             hit_ratio              |
+-------+-------------------+--------------------+--------------------+------------------------------------+------------------------------------+------------------------------------+------------------------------------+
|   0   | 428.8638503551483 | 167.96628165245056 | 1632.0543212890625 | [0.03051719 0.0485662  0.06320618] | [0.02455602 0.03134677 0.03642158] | [0.01230267 0.01000969 0.00884167] | [0.15796273 0.23093144 0.28712552] |
+-------+-------------------+--------------------+--------------------+------------------------------------+------------------------------------+------------------------------------+------------------------------------+
using time 411.3414s, training loss at epoch 1: 1511.6810
using time 410.4544s, training loss at epoch 2: 1395.6230
using time 411.5550s, training loss at epoch 3: 1212.2457
using time 410.8324s, training loss at epoch 4: 1075.0146
+-------+-------------------+-------------------+--------------------+------------------------------------+------------------------------------+------------------------------------+------------------------------------+
| Epoch |  training time(s) |   tesing time(s)  |        Loss        |               recall               |                ndcg                |             precision              |             hit_ratio              |
+-------+-------------------+-------------------+--------------------+------------------------------------+------------------------------------+------------------------------------+------------------------------------+
|   5   | 424.1856255531311 | 172.5868718624115 | 1005.8604736328125 | [0.04729987 0.07704129 0.10180288] | [0.03727705 0.04849094 0.05707371] | [0.0198731  0.01659986 0.01484514] | [0.26677938 0.38570262 0.46634625] |
+-------+-------------------+-------------------+--------------------+------------------------------------+------------------------------------+------------------------------------+------------------------------------+
using time 411.1893s, training loss at epoch 6: 966.1132
using time 409.8764s, training loss at epoch 7: 940.0624
using time 411.5128s, training loss at epoch 8: 920.7510
using time 411.6943s, training loss at epoch 9: 906.0875
+-------+-------------------+-------------------+-------------------+------------------------------------+------------------------------------+------------------------------------+------------------------------------+
| Epoch |  training time(s) |   tesing time(s)  |        Loss       |               recall               |                ndcg                |             precision              |             hit_ratio              |
+-------+-------------------+-------------------+-------------------+------------------------------------+------------------------------------+------------------------------------+------------------------------------+
|   10  | 424.3642327785492 | 184.1932351589203 | 894.6123657226562 | [0.04859815 0.0792317  0.10360307] | [0.03807299 0.04963702 0.05811839] | [0.02024545 0.01691759 0.0150139 ] | [0.27321948 0.39436539 0.47402116] |
+-------+-------------------+-------------------+-------------------+------------------------------------+------------------------------------+------------------------------------+------------------------------------+
using time 409.6675s, training loss at epoch 11: 884.8242
using time 406.9517s, training loss at epoch 12: 876.5405
using time 406.5112s, training loss at epoch 13: 869.6967
using time 405.2767s, training loss at epoch 14: 863.4453
+-------+--------------------+--------------------+-------------------+------------------------------------+------------------------------------+------------------------------------+------------------------------------+
| Epoch |  training time(s)  |   tesing time(s)   |        Loss       |               recall               |                ndcg                |             precision              |             hit_ratio              |
+-------+--------------------+--------------------+-------------------+------------------------------------+------------------------------------+------------------------------------+------------------------------------+
|   15  | 406.23875546455383 | 164.82420086860657 | 858.2000122070312 | [0.04849983 0.07904816 0.10344351] | [0.03796836 0.049523   0.05799821] | [0.02009157 0.01680646 0.01491416] | [0.27342845 0.3950303  0.47671878] |
+-------+--------------------+--------------------+-------------------+------------------------------------+------------------------------------+------------------------------------+------------------------------------+
using time 403.9318s, training loss at epoch 16: 852.9834
using time 404.3114s, training loss at epoch 17: 848.8023
using time 403.8012s, training loss at epoch 18: 844.8511
using time 406.6803s, training loss at epoch 19: 841.2666
+-------+--------------------+--------------------+-------------------+------------------------------------+------------------------------------+------------------------------------+------------------------------------+
| Epoch |  training time(s)  |   tesing time(s)   |        Loss       |               recall               |                ndcg                |             precision              |             hit_ratio              |
+-------+--------------------+--------------------+-------------------+------------------------------------+------------------------------------+------------------------------------+------------------------------------+
|   20  | 404.64077711105347 | 165.75361561775208 | 838.0007934570312 | [0.04813518 0.07864819 0.10224582] | [0.03759759 0.04914786 0.05734321] | [0.0198617  0.0166635  0.01470646] | [0.27249758 0.39594217 0.47430612] |
+-------+--------------------+--------------------+-------------------+------------------------------------+------------------------------------+------------------------------------+------------------------------------+
using time 403.8017s, training loss at epoch 21: 834.9828
using time 406.5866s, training loss at epoch 22: 832.1354
using time 401.6160s, training loss at epoch 23: 829.5803
using time 402.8367s, training loss at epoch 24: 827.0760
+-------+-------------------+-------------------+-------------------+------------------------------------+------------------------------------+------------------------------------+------------------------------------+
| Epoch |  training time(s) |   tesing time(s)  |        Loss       |               recall               |                ndcg                |             precision              |             hit_ratio              |
+-------+-------------------+-------------------+-------------------+------------------------------------+------------------------------------+------------------------------------+------------------------------------+
|   25  | 406.6796998977661 | 190.5497224330902 | 824.8717041015625 | [0.04750974 0.07740816 0.10053406] | [0.03713373 0.04843453 0.05648253] | [0.01958719 0.01635479 0.01444841] | [0.27036988 0.3914588  0.4709246 ] |
+-------+-------------------+-------------------+-------------------+------------------------------------+------------------------------------+------------------------------------+------------------------------------+
using time 407.1015s, training loss at epoch 26: 822.7357
using time 404.6769s, training loss at epoch 27: 820.6745
using time 407.1540s, training loss at epoch 28: 818.7233
using time 405.1273s, training loss at epoch 29: 817.1177
+-------+-------------------+--------------------+------------------+------------------------------------+------------------------------------+------------------------------------+------------------------------------+
| Epoch |  training time(s) |   tesing time(s)   |       Loss       |               recall               |                ndcg                |             precision              |             hit_ratio              |
+-------+-------------------+--------------------+------------------+------------------------------------+------------------------------------+------------------------------------+------------------------------------+
|   30  | 404.8154835700989 | 186.72817826271057 | 815.446533203125 | [0.0469909  0.07611194 0.0988035 ] | [0.03666134 0.04766302 0.05554063] | [0.01933072 0.01608076 0.01416947] | [0.26909706 0.38849522 0.4659283 ] |
+-------+-------------------+--------------------+------------------+------------------------------------+------------------------------------+------------------------------------+------------------------------------+
Early stopping is trigger at step: 4 log:0.04699090067284681
early stopping at 30, recall@20:0.0486
