reading train and test user-item set ...
building the adj mat ...
loading over ...
Method 2 GCL model setup
start training ...
+-------+------------------+--------------------+-------------------+------------------------------------+------------------------------------+------------------------------------+------------------------------------+
| Epoch | training time(s) |   tesing time(s)   |        Loss       |               recall               |                ndcg                |             precision              |             hit_ratio              |
+-------+------------------+--------------------+-------------------+------------------------------------+------------------------------------+------------------------------------+------------------------------------+
|   0   |  83.82559466362  | 171.08376789093018 | 513.1656494140625 | [0.04250213 0.05759445 0.06789418] | [0.0209295  0.02418954 0.02612427] | [0.0025757  0.00176804 0.00140069] | [0.04987315 0.06766036 0.07986322] |
|   0   |  83.82559466362  | 174.02876543998718 | 513.1656494140625 | [0.01650038 0.02437885 0.029594  ] | [0.00734292 0.00902246 0.00999783] | [0.00093095 0.00070745 0.00058246] | [0.0182643  0.02754422 0.0335141 ] |
+-------+------------------+--------------------+-------------------+------------------------------------+------------------------------------+------------------------------------+------------------------------------+
using time 87.5169s, training loss at epoch 1: 479.8424
using time 83.9130s, training loss at epoch 2: 463.4370
using time 84.1672s, training loss at epoch 3: 440.8752
using time 82.6475s, training loss at epoch 4: 409.3993
+-------+-------------------+--------------------+-----------------+------------------------------------+------------------------------------+------------------------------------+------------------------------------+
| Epoch |  training time(s) |   tesing time(s)   |       Loss      |               recall               |                ndcg                |             precision              |             hit_ratio              |
+-------+-------------------+--------------------+-----------------+------------------------------------+------------------------------------+------------------------------------+------------------------------------+
|   5   | 81.90197944641113 | 135.0824432373047  | 374.21044921875 | [0.07084642 0.09923396 0.11757236] | [0.03346616 0.03959692 0.04302961] | [0.00428065 0.00304244 0.00242311] | [0.08270366 0.11568584 0.13698913] |
|   5   | 81.90197944641113 | 157.34439706802368 | 374.21044921875 | [0.01392036 0.02312847 0.03100739] | [0.00556297 0.00749428 0.00894369] | [0.0007551  0.00064243 0.00058541] | [0.01495427 0.02526857 0.03423817] |
+-------+-------------------+--------------------+-----------------+------------------------------------+------------------------------------+------------------------------------+------------------------------------+
using time 87.8296s, training loss at epoch 6: 341.9833
using time 84.2167s, training loss at epoch 7: 316.3230
using time 79.2085s, training loss at epoch 8: 297.2979
using time 79.0934s, training loss at epoch 9: 283.3531
+-------+-------------------+--------------------+-------------------+------------------------------------+------------------------------------+------------------------------------+------------------------------------+
| Epoch |  training time(s) |   tesing time(s)   |        Loss       |               recall               |                ndcg                |             precision              |             hit_ratio              |
+-------+-------------------+--------------------+-------------------+------------------------------------+------------------------------------+------------------------------------+------------------------------------+
|   10  | 80.12167716026306 | 132.5714840888977  | 272.9742736816406 | [0.07501677 0.10318418 0.122336  ] | [0.03580056 0.04187436 0.0454453 ] | [0.00450678 0.00314758 0.00250377] | [0.08730903 0.12029121 0.14260107] |
|   10  | 80.12167716026306 | 126.76027393341064 | 272.9742736816406 | [0.0143527  0.02341314 0.03094076] | [0.00569978 0.00760068 0.00898299] | [0.00078022 0.00065203 0.00058369] | [0.01545668 0.02563799 0.03406085] |
+-------+-------------------+--------------------+-------------------+------------------------------------+------------------------------------+------------------------------------+------------------------------------+
Early stopping is trigger at step: 2 log:0.014352698292009402
early stopping at 10, recall@20:0.0165
