reading train and test user-item set ...
building the adj mat ...
loading over ...
Method 2 GCL model setup
start training ...
+-------+-------------------+-------------------+-------------------+------------------------------------+------------------------------------+------------------------------------+------------------------------------+
| Epoch |  training time(s) |   tesing time(s)  |        Loss       |               recall               |                ndcg                |             precision              |             hit_ratio              |
+-------+-------------------+-------------------+-------------------+------------------------------------+------------------------------------+------------------------------------+------------------------------------+
|   0   | 82.12729287147522 | 44.41935729980469 | 578.6907958984375 | [0.12804622 0.18411849 0.22267128] | [0.10043785 0.11880912 0.13039997] | [0.03705205 0.02705389 0.02205886] | [0.41198339 0.50931074 0.56808895] |
+-------+-------------------+-------------------+-------------------+------------------------------------+------------------------------------+------------------------------------+------------------------------------+
using time 89.3274s, training loss at epoch 1: 534.9552
using time 103.7495s, training loss at epoch 2: 517.6368
using time 99.4613s, training loss at epoch 3: 499.1224
using time 104.5232s, training loss at epoch 4: 473.9360
+-------+--------------------+--------------------+--------------------+------------------------------------+------------------------------------+------------------------------------+------------------------------------+
| Epoch |  training time(s)  |   tesing time(s)   |        Loss        |               recall               |                ndcg                |             precision              |             hit_ratio              |
+-------+--------------------+--------------------+--------------------+------------------------------------+------------------------------------+------------------------------------+------------------------------------+
|   5   | 103.51379704475403 | 47.143306493759155 | 443.03485107421875 | [0.15432842 0.21653683 0.2603126 ] | [0.1277321  0.147588   0.16062683] | [0.0458738  0.03255493 0.02632963] | [0.49390448 0.58660995 0.63952709] |
+-------+--------------------+--------------------+--------------------+------------------------------------+------------------------------------+------------------------------------+------------------------------------+
using time 99.4636s, training loss at epoch 6: 413.7978
using time 100.1911s, training loss at epoch 7: 388.8661
using time 102.8050s, training loss at epoch 8: 368.3892
using time 106.2796s, training loss at epoch 9: 351.8778
+-------+--------------------+--------------------+--------------+------------------------------------+------------------------------------+------------------------------------+------------------------------------+
| Epoch |  training time(s)  |   tesing time(s)   |     Loss     |               recall               |                ndcg                |             precision              |             hit_ratio              |
+-------+--------------------+--------------------+--------------+------------------------------------+------------------------------------+------------------------------------+------------------------------------+
|   10  | 103.43452620506287 | 54.253676652908325 | 338.76171875 | [0.18349878 0.25584734 0.30698534] | [0.15420984 0.17708799 0.19236046] | [0.05695626 0.04029322 0.03248152] | [0.5868109  0.68718601 0.74164378] |
+-------+--------------------+--------------------+--------------+------------------------------------+------------------------------------+------------------------------------+------------------------------------+
using time 103.2910s, training loss at epoch 11: 328.3843
using time 103.2146s, training loss at epoch 12: 320.0434
using time 103.0734s, training loss at epoch 13: 313.1470
using time 102.7494s, training loss at epoch 14: 307.6388
+-------+--------------------+-------------------+-------------------+------------------------------------+------------------------------------+------------------------------------+------------------------------------+
| Epoch |  training time(s)  |   tesing time(s)  |        Loss       |               recall               |                ndcg                |             precision              |             hit_ratio              |
+-------+--------------------+-------------------+-------------------+------------------------------------+------------------------------------+------------------------------------+------------------------------------+
|   15  | 104.55362892150879 | 54.64827561378479 | 302.8380432128906 | [0.18577351 0.25866272 0.309733  ] | [0.15623215 0.1792126  0.1944283 ] | [0.05779188 0.04072024 0.03271485] | [0.59086342 0.69113805 0.74552884] |
+-------+--------------------+-------------------+-------------------+------------------------------------+------------------------------------+------------------------------------+------------------------------------+
using time 105.3163s, training loss at epoch 16: 298.8518
using time 105.2901s, training loss at epoch 17: 295.2468
using time 103.0390s, training loss at epoch 18: 292.2721
using time 100.9373s, training loss at epoch 19: 289.6331
+-------+--------------------+--------------------+-------------------+------------------------------------+------------------------------------+------------------------------------+------------------------------------+
| Epoch |  training time(s)  |   tesing time(s)   |        Loss       |               recall               |                ndcg                |             precision              |             hit_ratio              |
+-------+--------------------+--------------------+-------------------+------------------------------------+------------------------------------+------------------------------------+------------------------------------+
|   20  | 103.74383473396301 | 50.008612871170044 | 287.2551574707031 | [0.18459141 0.25813255 0.30581304] | [0.15522841 0.1784051  0.19267251] | [0.0573163  0.04044896 0.03227555] | [0.58828455 0.69063568 0.74221314] |
+-------+--------------------+--------------------+-------------------+------------------------------------+------------------------------------+------------------------------------+------------------------------------+
using time 102.4017s, training loss at epoch 21: 285.2861
using time 103.4121s, training loss at epoch 22: 283.2824
using time 104.6136s, training loss at epoch 23: 281.7796
using time 104.1617s, training loss at epoch 24: 280.2575
+-------+--------------------+-------------------+--------------------+------------------------------------+------------------------------------+------------------------------------+------------------------------------+
| Epoch |  training time(s)  |   tesing time(s)  |        Loss        |               recall               |                ndcg                |             precision              |             hit_ratio              |
+-------+--------------------+-------------------+--------------------+------------------------------------+------------------------------------+------------------------------------+------------------------------------+
|   25  | 104.57130813598633 | 54.01286768913269 | 278.86956787109375 | [0.18246266 0.25451577 0.30080774] | [0.15338777 0.17610987 0.18995996] | [0.05656775 0.03983941 0.0317034 ] | [0.58496885 0.68661665 0.73849555] |
+-------+--------------------+-------------------+--------------------+------------------------------------+------------------------------------+------------------------------------+------------------------------------+
Early stopping is trigger at step: 2 log:0.18246266309483095
early stopping at 25, recall@20:0.1858
