reading train and test user-item set ...
building the adj mat ...
loading over ...
Method 2 GCL model setup
start training ...
+-------+--------------------+--------------------+-------------------+------------------------------------+------------------------------------+------------------------------------+------------------------------------+
| Epoch |  training time(s)  |   tesing time(s)   |        Loss       |               recall               |                ndcg                |             precision              |             hit_ratio              |
+-------+--------------------+--------------------+-------------------+------------------------------------+------------------------------------+------------------------------------+------------------------------------+
|   0   | 103.49766230583191 | 177.65869736671448 | 508.5260009765625 | [0.04158377 0.0561294  0.06563568] | [0.02048808 0.0236226  0.02540347] | [0.00252606 0.00172598 0.0013538 ] | [0.04899068 0.06618499 0.0774778 ] |
|   0   | 103.49766230583191 | 165.51473927497864 | 508.5260009765625 | [0.01668844 0.02394293 0.02902978] | [0.00742987 0.00897671 0.00991948] | [0.00094351 0.00069452 0.00056793] | [0.01855984 0.02707136 0.03296736] |
+-------+--------------------+--------------------+-------------------+------------------------------------+------------------------------------+------------------------------------+------------------------------------+
using time 104.0125s, training loss at epoch 1: 478.4669
using time 104.4509s, training loss at epoch 2: 466.4176
using time 104.1231s, training loss at epoch 3: 451.6241
using time 109.0960s, training loss at epoch 4: 428.1796
+-------+--------------------+--------------------+-------------------+------------------------------------+------------------------------------+------------------------------------+------------------------------------+
| Epoch |  training time(s)  |   tesing time(s)   |        Loss       |               recall               |                ndcg                |             precision              |             hit_ratio              |
+-------+--------------------+--------------------+-------------------+------------------------------------+------------------------------------+------------------------------------+------------------------------------+
|   5   | 114.13666105270386 | 164.10330629348755 | 396.8073425292969 | [0.0671493  0.09402099 0.11213705] | [0.03184092 0.03763168 0.04101865] | [0.00407382 0.00289111 0.00231487] | [0.07849815 0.10974298 0.13054989] |
|   5   | 114.13666105270386 | 119.58875489234924 | 396.8073425292969 | [0.01383898 0.02328192 0.0308956 ] | [0.00562349 0.00760106 0.00900552] | [0.00074919 0.00064575 0.00058443] | [0.01483605 0.02541634 0.03419384] |
+-------+--------------------+--------------------+-------------------+------------------------------------+------------------------------------+------------------------------------+------------------------------------+
using time 101.3551s, training loss at epoch 6: 363.3454
using time 99.9862s, training loss at epoch 7: 333.6169
using time 107.9151s, training loss at epoch 8: 310.3259
using time 112.2585s, training loss at epoch 9: 292.9893
+-------+--------------------+--------------------+------------------+------------------------------------+------------------------------------+------------------------------------+------------------------------------+
| Epoch |  training time(s)  |   tesing time(s)   |       Loss       |               recall               |                ndcg                |             precision              |             hit_ratio              |
+-------+--------------------+--------------------+------------------+------------------------------------+------------------------------------+------------------------------------+------------------------------------+
|   10  | 108.92345142364502 | 126.66521143913269 | 280.127197265625 | [0.07593897 0.10357825 0.12238986] | [0.03613293 0.04209552 0.04561819] | [0.00456056 0.00316033 0.00251158] | [0.08828802 0.12085654 0.14275274] |
|   10  | 108.92345142364502 | 122.75207018852234 | 280.127197265625 | [0.01411011 0.02324988 0.03112325] | [0.00563005 0.00754864 0.00898818] | [0.00076914 0.00064538 0.00058517] | [0.01522025 0.02538679 0.03419384] |
+-------+--------------------+--------------------+------------------+------------------------------------+------------------------------------+------------------------------------+------------------------------------+
Early stopping is trigger at step: 2 log:0.014110110159864134
early stopping at 10, recall@20:0.0167
