reading train and test user-item set ...
building the adj mat ...
loading over ...
reading train and test user-item set ...
building the adj mat ...
loading over ...
start training ...
+-------+-------------------+-------------------+--------------------+------------------------------------+------------------------------------+------------------------------------+------------------------------------+
| Epoch |  training time(s) |   tesing time(s)  |        Loss        |               recall               |                ndcg                |             precision              |             hit_ratio              |
+-------+-------------------+-------------------+--------------------+------------------------------------+------------------------------------+------------------------------------+------------------------------------+
|   0   | 66.48531675338745 | 34.91885948181152 | 130.86508178710938 | [0.0540603  0.07561138 0.09217997] | [0.09437353 0.10769736 0.11757884] | [0.03483489 0.02461987 0.02008563] | [0.42437538 0.51661196 0.57411749] |
+-------+-------------------+-------------------+--------------------+------------------------------------+------------------------------------+------------------------------------+------------------------------------+
using time 66.4337s, training loss at epoch 1: 114.2170
using time 66.1873s, training loss at epoch 2: 106.7419
using time 65.5081s, training loss at epoch 3: 102.7927
using time 65.5540s, training loss at epoch 4: 99.9166
+-------+-------------------+-------------------+-------------------+------------------------------------+------------------------------------+------------------------------------+------------------------------------+
| Epoch |  training time(s) |   tesing time(s)  |        Loss       |               recall               |                ndcg                |             precision              |             hit_ratio              |
+-------+-------------------+-------------------+-------------------+------------------------------------+------------------------------------+------------------------------------+------------------------------------+
|   5   | 65.87740588188171 | 35.25298047065735 | 97.74246215820312 | [0.06359625 0.089434   0.10986815] | [0.10967163 0.12568973 0.13787852] | [0.04077132 0.02887668 0.02376638] | [0.47973742 0.5794092  0.64254136] |
+-------+-------------------+-------------------+-------------------+------------------------------------+------------------------------------+------------------------------------+------------------------------------+
using time 65.6057s, training loss at epoch 6: 95.9099
using time 65.7158s, training loss at epoch 7: 94.3753
using time 65.5825s, training loss at epoch 8: 92.9810
using time 65.8049s, training loss at epoch 9: 91.6000
+-------+------------------+--------------------+-------------------+------------------------------------+------------------------------------+------------------------------------+------------------------------------+
| Epoch | training time(s) |   tesing time(s)   |        Loss       |               recall               |                ndcg                |             precision              |             hit_ratio              |
+-------+------------------+--------------------+-------------------+------------------------------------+------------------------------------+------------------------------------+------------------------------------+
|   10  | 65.8314368724823 | 35.037315368652344 | 90.37073516845703 | [0.06852866 0.0966721  0.11784754] | [0.11751095 0.13501396 0.14765056] | [0.0436265  0.03102686 0.02536618] | [0.50077031 0.60499699 0.6654163 ] |
+-------+------------------+--------------------+-------------------+------------------------------------+------------------------------------+------------------------------------+------------------------------------+
using time 65.6585s, training loss at epoch 11: 89.2827
using time 65.4705s, training loss at epoch 12: 88.3160
using time 65.7325s, training loss at epoch 13: 87.3457
using time 65.5104s, training loss at epoch 14: 86.4102
+-------+-------------------+--------------------+------------------+------------------------------------+------------------------------------+------------------------------------+------------------------------------+
| Epoch |  training time(s) |   tesing time(s)   |       Loss       |               recall               |                ndcg                |             precision              |             hit_ratio              |
+-------+-------------------+--------------------+------------------+------------------------------------+------------------------------------+------------------------------------+------------------------------------+
|   15  | 66.14455771446228 | 34.445942401885986 | 85.7115249633789 | [0.07117759 0.10083164 0.12255977] | [0.12203138 0.14055129 0.15349615] | [0.04517885 0.03228448 0.02632795] | [0.51219104 0.61785786 0.67770782] |
+-------+-------------------+--------------------+------------------+------------------------------------+------------------------------------+------------------------------------+------------------------------------+
using time 65.8742s, training loss at epoch 16: 84.5835
using time 65.9111s, training loss at epoch 17: 83.8904
using time 65.9185s, training loss at epoch 18: 83.2289
using time 65.9724s, training loss at epoch 19: 82.5411
+-------+-------------------+-------------------+-------------------+------------------------------------+------------------------------------+------------------------------------+------------------------------------+
| Epoch |  training time(s) |   tesing time(s)  |        Loss       |               recall               |                ndcg                |             precision              |             hit_ratio              |
+-------+-------------------+-------------------+-------------------+------------------------------------+------------------------------------+------------------------------------+------------------------------------+
|   20  | 65.85260915756226 | 34.83537006378174 | 81.56193542480469 | [0.07339452 0.10386202 0.12593417] | [0.12586575 0.14486801 0.1580257 ] | [0.04654866 0.03315024 0.02699277] | [0.52156876 0.62690066 0.68658316] |
+-------+-------------------+-------------------+-------------------+------------------------------------+------------------------------------+------------------------------------+------------------------------------+
using time 65.8389s, training loss at epoch 21: 81.0779
using time 66.0460s, training loss at epoch 22: 80.3067
using time 65.7542s, training loss at epoch 23: 79.7705
using time 66.0401s, training loss at epoch 24: 79.0468
+-------+-------------------+-------------------+-------------------+------------------------------------+------------------------------------+------------------------------------+------------------------------------+
| Epoch |  training time(s) |   tesing time(s)  |        Loss       |               recall               |                ndcg                |             precision              |             hit_ratio              |
+-------+-------------------+-------------------+-------------------+------------------------------------+------------------------------------+------------------------------------+------------------------------------+
|   25  | 65.66550850868225 | 35.15312671661377 | 78.38597106933594 | [0.07545691 0.10630019 0.12863608] | [0.12924605 0.14854602 0.16186931] | [0.04765724 0.03387534 0.02754538] | [0.53064505 0.63390046 0.69364994] |
+-------+-------------------+-------------------+-------------------+------------------------------------+------------------------------------+------------------------------------+------------------------------------+
using time 65.9832s, training loss at epoch 26: 77.8463
using time 65.6198s, training loss at epoch 27: 77.3624
using time 65.6466s, training loss at epoch 28: 76.7334
using time 65.8829s, training loss at epoch 29: 76.1619
+-------+-------------------+-------------------+-------------------+------------------------------------+------------------------------------+------------------------------------+------------------------------------+
| Epoch |  training time(s) |   tesing time(s)  |        Loss       |               recall               |                ndcg                |             precision              |             hit_ratio              |
+-------+-------------------+-------------------+-------------------+------------------------------------+------------------------------------+------------------------------------+------------------------------------+
|   30  | 65.47257423400879 | 35.24730658531189 | 75.66171264648438 | [0.07729383 0.10866701 0.13114798] | [0.13196454 0.15154659 0.16494906] | [0.04877252 0.03459207 0.02804832] | [0.53741041 0.64177105 0.69981245] |
+-------+-------------------+-------------------+-------------------+------------------------------------+------------------------------------+------------------------------------+------------------------------------+
using time 66.1173s, training loss at epoch 31: 75.0984
using time 65.5459s, training loss at epoch 32: 74.5299
using time 65.3664s, training loss at epoch 33: 73.9715
using time 65.6709s, training loss at epoch 34: 73.5576
+-------+-------------------+-------------------+-------------------+------------------------------------+------------------------------------+------------------------------------+------------------------------------+
| Epoch |  training time(s) |   tesing time(s)  |        Loss       |               recall               |                ndcg                |             precision              |             hit_ratio              |
+-------+-------------------+-------------------+-------------------+------------------------------------+------------------------------------+------------------------------------+------------------------------------+
|   35  | 65.53136467933655 | 34.87678265571594 | 72.89075469970703 | [0.07856315 0.11071183 0.13357302] | [0.13425864 0.15435384 0.16797881] | [0.04954953 0.03520581 0.02853507] | [0.54290307 0.64706276 0.70540559] |
+-------+-------------------+-------------------+-------------------+------------------------------------+------------------------------------+------------------------------------+------------------------------------+
using time 65.9775s, training loss at epoch 36: 72.4534
using time 65.7220s, training loss at epoch 37: 72.1063
using time 65.7830s, training loss at epoch 38: 71.4846
using time 65.8322s, training loss at epoch 39: 71.1659
+-------+------------------+-------------------+-------------------+------------------------------------+------------------------------------+------------------------------------+------------------------------------+
| Epoch | training time(s) |   tesing time(s)  |        Loss       |               recall               |                ndcg                |             precision              |             hit_ratio              |
+-------+------------------+-------------------+-------------------+------------------------------------+------------------------------------+------------------------------------+------------------------------------+
|   40  | 65.6743311882019 | 34.82955241203308 | 70.72712707519531 | [0.07993654 0.11222669 0.13561925] | [0.1364396  0.15668114 0.17061686] | [0.0503098  0.03569646 0.02896265] | [0.54796035 0.65111528 0.71126666] |
+-------+------------------+-------------------+-------------------+------------------------------------+------------------------------------+------------------------------------+------------------------------------+
using time 65.3998s, training loss at epoch 41: 70.1854
using time 66.0662s, training loss at epoch 42: 69.6209
using time 65.6869s, training loss at epoch 43: 69.3472
using time 65.6700s, training loss at epoch 44: 68.8164
+-------+-------------------+--------------------+-------------------+------------------------------------+------------------------------------+------------------------------------+------------------------------------+
| Epoch |  training time(s) |   tesing time(s)   |        Loss       |               recall               |                ndcg                |             precision              |             hit_ratio              |
+-------+-------------------+--------------------+-------------------+------------------------------------+------------------------------------+------------------------------------+------------------------------------+
|   45  | 65.73619222640991 | 35.094948291778564 | 68.66375732421875 | [0.08107044 0.11387004 0.13722391] | [0.13849799 0.15904746 0.17297422] | [0.05100141 0.03621391 0.0293171 ] | [0.55221381 0.65540224 0.71488378] |
+-------+-------------------+--------------------+-------------------+------------------------------------+------------------------------------+------------------------------------+------------------------------------+
using time 65.8886s, training loss at epoch 46: 67.9267
using time 65.5907s, training loss at epoch 47: 67.4892
using time 65.9380s, training loss at epoch 48: 67.2338
using time 65.8610s, training loss at epoch 49: 66.7533
+-------+------------------+--------------------+------------------+------------------------------------+------------------------------------+------------------------------------+------------------------------------+
| Epoch | training time(s) |   tesing time(s)   |       Loss       |               recall               |                ndcg                |             precision              |             hit_ratio              |
+-------+------------------+--------------------+------------------+------------------------------------+------------------------------------+------------------------------------+------------------------------------+
|   50  | 65.4955050945282 | 34.829827070236206 | 66.4093246459961 | [0.08205156 0.1151392  0.13886317] | [0.14014706 0.16085604 0.17498189] | [0.05160761 0.03656893 0.02960401] | [0.55676871 0.65871793 0.71776408] |
+-------+------------------+--------------------+------------------+------------------------------------+------------------------------------+------------------------------------+------------------------------------+
using time 66.1366s, training loss at epoch 51: 66.0204
using time 65.8995s, training loss at epoch 52: 65.7407
using time 65.9565s, training loss at epoch 53: 65.2539
using time 65.6235s, training loss at epoch 54: 64.9186
+-------+-------------------+-------------------+-------------------+------------------------------------+------------------------------------+------------------------------------+------------------------------------+
| Epoch |  training time(s) |   tesing time(s)  |        Loss       |               recall               |                ndcg                |             precision              |             hit_ratio              |
+-------+-------------------+-------------------+-------------------+------------------------------------+------------------------------------+------------------------------------+------------------------------------+
|   55  | 66.07786345481873 | 35.01796889305115 | 64.31890106201172 | [0.08292101 0.11635544 0.1400561 ] | [0.14161009 0.16249493 0.17662475] | [0.0521552  0.03690887 0.02984851] | [0.5596825  0.66270346 0.72067788] |
+-------+-------------------+-------------------+-------------------+------------------------------------+------------------------------------+------------------------------------+------------------------------------+
using time 65.4598s, training loss at epoch 56: 63.9605
using time 65.9329s, training loss at epoch 57: 63.9613
using time 65.3257s, training loss at epoch 58: 63.5796
using time 65.4872s, training loss at epoch 59: 62.9184
+-------+-------------------+--------------------+-------------------+------------------------------------+------------------------------------+------------------------------------+------------------------------------+
| Epoch |  training time(s) |   tesing time(s)   |        Loss       |               recall               |                ndcg                |             precision              |             hit_ratio              |
+-------+-------------------+--------------------+-------------------+------------------------------------+------------------------------------+------------------------------------+------------------------------------+
|   60  | 65.80907607078552 | 34.981629371643066 | 62.61020278930664 | [0.08349891 0.1173192  0.14121337] | [0.14272668 0.16385649 0.17813363] | [0.0524717  0.03715922 0.03008797] | [0.56199344 0.66524884 0.72231898] |
+-------+-------------------+--------------------+-------------------+------------------------------------+------------------------------------+------------------------------------+------------------------------------+
using time 65.6446s, training loss at epoch 61: 62.3834
using time 65.4988s, training loss at epoch 62: 62.2135
using time 65.8870s, training loss at epoch 63: 61.8085
using time 65.6059s, training loss at epoch 64: 61.3631
+-------+-------------------+-------------------+--------------------+------------------------------------+------------------------------------+------------------------------------+------------------------------------+
| Epoch |  training time(s) |   tesing time(s)  |        Loss        |               recall               |                ndcg                |             precision              |             hit_ratio              |
+-------+-------------------+-------------------+--------------------+------------------------------------+------------------------------------+------------------------------------+------------------------------------+
|   65  | 65.88141584396362 | 35.04596281051636 | 61.140499114990234 | [0.08406612 0.11819628 0.14241356] | [0.14381114 0.16513981 0.17959548] | [0.05282504 0.03742129 0.03030567] | [0.56356755 0.66809565 0.72560118] |
+-------+-------------------+-------------------+--------------------+------------------------------------+------------------------------------+------------------------------------+------------------------------------+
using time 65.9298s, training loss at epoch 66: 60.8181
using time 66.1041s, training loss at epoch 67: 60.5626
using time 65.5749s, training loss at epoch 68: 60.2010
using time 65.6075s, training loss at epoch 69: 59.8445
+-------+-------------------+-------------------+-------------------+------------------------------------+------------------------------------+------------------------------------+------------------------------------+
| Epoch |  training time(s) |   tesing time(s)  |        Loss       |               recall               |                ndcg                |             precision              |             hit_ratio              |
+-------+-------------------+-------------------+-------------------+------------------------------------+------------------------------------+------------------------------------+------------------------------------+
|   70  | 65.68449687957764 | 34.69349217414856 | 59.52928924560547 | [0.08474849 0.1190265  0.14341864] | [0.14498175 0.16640844 0.18098783] | [0.0531968  0.03766244 0.03051834] | [0.56587849 0.66993771 0.72824704] |
+-------+-------------------+-------------------+-------------------+------------------------------------+------------------------------------+------------------------------------+------------------------------------+
using time 65.8612s, training loss at epoch 71: 59.4166
using time 65.7609s, training loss at epoch 72: 58.7235
using time 66.2809s, training loss at epoch 73: 58.6836
using time 65.9963s, training loss at epoch 74: 58.2549
+-------+-------------------+-------------------+-------------------+------------------------------------+------------------------------------+------------------------------------+------------------------------------+
| Epoch |  training time(s) |   tesing time(s)  |        Loss       |               recall               |                ndcg                |             precision              |             hit_ratio              |
+-------+-------------------+-------------------+-------------------+------------------------------------+------------------------------------+------------------------------------+------------------------------------+
|   75  | 65.49558520317078 | 34.80495548248291 | 57.86870193481445 | [0.085301   0.11976313 0.14437876] | [0.14588563 0.16744492 0.18215309] | [0.05353842 0.03790609 0.03071985] | [0.56805546 0.67255007 0.73035702] |
+-------+-------------------+-------------------+-------------------+------------------------------------+------------------------------------+------------------------------------+------------------------------------+
using time 65.8586s, training loss at epoch 76: 57.6491
using time 65.9183s, training loss at epoch 77: 57.3826
using time 66.1707s, training loss at epoch 78: 57.2585
using time 65.3495s, training loss at epoch 79: 56.9663
+-------+-------------------+-------------------+-------------------+------------------------------------+------------------------------------+------------------------------------+------------------------------------+
| Epoch |  training time(s) |   tesing time(s)  |        Loss       |               recall               |                ndcg                |             precision              |             hit_ratio              |
+-------+-------------------+-------------------+-------------------+------------------------------------+------------------------------------+------------------------------------+------------------------------------+
|   80  | 65.89753746986389 | 34.82000231742859 | 56.47506332397461 | [0.08591073 0.12040663 0.14522202] | [0.14669877 0.16827161 0.18310142] | [0.05386329 0.03806936 0.03086833] | [0.57006497 0.67439212 0.73213209] |
+-------+-------------------+-------------------+-------------------+------------------------------------+------------------------------------+------------------------------------+------------------------------------+
using time 65.9470s, training loss at epoch 81: 56.1302
using time 65.8742s, training loss at epoch 82: 55.8678
using time 65.2454s, training loss at epoch 83: 55.6061
using time 65.9902s, training loss at epoch 84: 55.2867
+-------+-------------------+------------------+-------------------+------------------------------------+------------------------------------+------------------------------------+------------------------------------+
| Epoch |  training time(s) |  tesing time(s)  |        Loss       |               recall               |                ndcg                |             precision              |             hit_ratio              |
+-------+-------------------+------------------+-------------------+------------------------------------+------------------------------------+------------------------------------+------------------------------------+
|   85  | 65.66124486923218 | 35.0706000328064 | 55.14017868041992 | [0.0862338  0.12102884 0.14616126] | [0.14734469 0.16913155 0.184126  ] | [0.05407763 0.0382812  0.03104249] | [0.57110322 0.67603322 0.7341751 ] |
+-------+-------------------+------------------+-------------------+------------------------------------+------------------------------------+------------------------------------+------------------------------------+
using time 66.1269s, training loss at epoch 86: 54.9871
using time 65.8808s, training loss at epoch 87: 54.6348
using time 65.6912s, training loss at epoch 88: 54.3287
using time 65.7444s, training loss at epoch 89: 54.0008
+-------+-------------------+------------------+-------------------+------------------------------------+------------------------------------+------------------------------------+------------------------------------+
| Epoch |  training time(s) |  tesing time(s)  |        Loss       |               recall               |                ndcg                |             precision              |             hit_ratio              |
+-------+-------------------+------------------+-------------------+------------------------------------+------------------------------------+------------------------------------+------------------------------------+
|   90  | 65.82059788703918 | 35.1930878162384 | 53.79322052001953 | [0.08665105 0.12178827 0.14680037] | [0.14806202 0.17007028 0.18500434] | [0.05428863 0.03849722 0.03117478] | [0.5732467  0.67774131 0.7358162 ] |
+-------+-------------------+------------------+-------------------+------------------------------------+------------------------------------+------------------------------------+------------------------------------+
using time 66.1538s, training loss at epoch 91: 53.6019
using time 65.8484s, training loss at epoch 92: 53.2868
using time 65.2026s, training loss at epoch 93: 53.0378
using time 66.0536s, training loss at epoch 94: 52.7935
+-------+-------------------+-------------------+-------------------+------------------------------------+------------------------------------+------------------------------------+------------------------------------+
| Epoch |  training time(s) |   tesing time(s)  |        Loss       |               recall               |                ndcg                |             precision              |             hit_ratio              |
+-------+-------------------+-------------------+-------------------+------------------------------------+------------------------------------+------------------------------------+------------------------------------+
|   95  | 65.62162899971008 | 34.83282446861267 | 52.47166442871094 | [0.08697449 0.122197   0.14751303] | [0.14858497 0.17066914 0.18578935] | [0.05446614 0.03861109 0.03132271] | [0.574084   0.67904749 0.7370219 ] |
+-------+-------------------+-------------------+-------------------+------------------------------------+------------------------------------+------------------------------------+------------------------------------+
using time 66.2718s, training loss at epoch 96: 52.3110
using time 65.8190s, training loss at epoch 97: 52.0636
using time 65.6475s, training loss at epoch 98: 51.8285
using time 65.6029s, training loss at epoch 99: 51.5284
+-------+-------------------+--------------------+-------------------+------------------------------------+------------------------------------+------------------------------------+------------------------------------+
| Epoch |  training time(s) |   tesing time(s)   |        Loss       |               recall               |                ndcg                |             precision              |             hit_ratio              |
+-------+-------------------+--------------------+-------------------+------------------------------------+------------------------------------+------------------------------------+------------------------------------+
|  100  | 65.90525984764099 | 35.400243282318115 | 51.34698486328125 | [0.08712252 0.12270201 0.1481012 ] | [0.14893176 0.17125513 0.18644684] | [0.05460011 0.03876097 0.03145611] | [0.57482082 0.68011923 0.7378592 ] |
+-------+-------------------+--------------------+-------------------+------------------------------------+------------------------------------+------------------------------------+------------------------------------+
using time 66.0434s, training loss at epoch 101: 50.8003
using time 65.8093s, training loss at epoch 102: 50.7225
using time 65.4844s, training loss at epoch 103: 50.5988
using time 65.8039s, training loss at epoch 104: 50.3546
+-------+-------------------+-------------------+--------------------+------------------------------------+------------------------------------+------------------------------------+------------------------------------+
| Epoch |  training time(s) |   tesing time(s)  |        Loss        |               recall               |                ndcg                |             precision              |             hit_ratio              |
+-------+-------------------+-------------------+--------------------+------------------------------------+------------------------------------+------------------------------------+------------------------------------+
|  105  | 66.09520983695984 | 34.99298882484436 | 50.056278228759766 | [0.0877594  0.12300245 0.14867466] | [0.14975095 0.17187863 0.18721174] | [0.05489316 0.03887484 0.03155882] | [0.57689731 0.681057   0.73886396] |
+-------+-------------------+-------------------+--------------------+------------------------------------+------------------------------------+------------------------------------+------------------------------------+
using time 65.7612s, training loss at epoch 106: 49.9975
using time 65.7528s, training loss at epoch 107: 49.6815
using time 65.4952s, training loss at epoch 108: 49.4576
using time 65.9012s, training loss at epoch 109: 49.3675
+-------+-------------------+--------------------+-------------------+------------------------------------+------------------------------------+------------------------------------+------------------------------------+
| Epoch |  training time(s) |   tesing time(s)   |        Loss       |               recall               |                ndcg                |             precision              |             hit_ratio              |
+-------+-------------------+--------------------+-------------------+------------------------------------+------------------------------------+------------------------------------+------------------------------------+
|  110  | 65.76313424110413 | 36.046462297439575 | 49.05938720703125 | [0.08807751 0.12327064 0.14908134] | [0.15019757 0.17230079 0.18770649] | [0.05511253 0.03898788 0.03164367] | [0.57830397 0.68159287 0.7395003 ] |
+-------+-------------------+--------------------+-------------------+------------------------------------+------------------------------------+------------------------------------+------------------------------------+
using time 65.4445s, training loss at epoch 111: 48.9333
using time 65.4930s, training loss at epoch 112: 48.6871
using time 65.3771s, training loss at epoch 113: 48.3537
using time 65.9683s, training loss at epoch 114: 48.2052
+-------+-------------------+-------------------+-------------------+------------------------------------+------------------------------------+------------------------------------+------------------------------------+
| Epoch |  training time(s) |   tesing time(s)  |        Loss       |               recall               |                ndcg                |             precision              |             hit_ratio              |
+-------+-------------------+-------------------+-------------------+------------------------------------+------------------------------------+------------------------------------+------------------------------------+
|  115  | 65.68063473701477 | 34.82612943649292 | 47.96236801147461 | [0.08838067 0.1237564  0.14968941] | [0.15060008 0.17284989 0.18834833] | [0.05521133 0.03909505 0.03176257] | [0.57937571 0.6827316  0.7407395 ] |
+-------+-------------------+-------------------+-------------------+------------------------------------+------------------------------------+------------------------------------+------------------------------------+
using time 65.7940s, training loss at epoch 116: 47.7528
using time 65.4597s, training loss at epoch 117: 47.4428
using time 65.5586s, training loss at epoch 118: 47.3049
using time 65.7917s, training loss at epoch 119: 47.0207
+-------+-------------------+--------------------+------------------+------------------------------------+------------------------------------+------------------------------------+------------------------------------+
| Epoch |  training time(s) |   tesing time(s)   |       Loss       |               recall               |                ndcg                |             precision              |             hit_ratio              |
+-------+-------------------+--------------------+------------------+------------------------------------+------------------------------------+------------------------------------+------------------------------------+
|  120  | 65.97734093666077 | 34.771164417266846 | 47.0212516784668 | [0.08851602 0.12394804 0.15012994] | [0.15100623 0.17331951 0.18893555] | [0.05532186 0.03919553 0.03184015] | [0.58048094 0.68293255 0.74120839] |
+-------+-------------------+--------------------+------------------+------------------------------------+------------------------------------+------------------------------------+------------------------------------+
using time 65.4568s, training loss at epoch 121: 46.4622
using time 65.6446s, training loss at epoch 122: 46.4294
using time 65.5652s, training loss at epoch 123: 46.3707
using time 65.9234s, training loss at epoch 124: 46.2109
+-------+------------------+-------------------+--------------------+------------------------------------+------------------------------------+------------------------------------+------------------------------------+
| Epoch | training time(s) |   tesing time(s)  |        Loss        |               recall               |                ndcg                |             precision              |             hit_ratio              |
+-------+------------------+-------------------+--------------------+------------------------------------+------------------------------------+------------------------------------+------------------------------------+
|  125  | 65.3450767993927 | 35.51454257965088 | 45.906429290771484 | [0.08874371 0.12431016 0.15066599] | [0.15126007 0.17366466 0.18935885] | [0.05546587 0.03930772 0.03193002] | [0.58118427 0.68407127 0.74305044] |
+-------+------------------+-------------------+--------------------+------------------------------------+------------------------------------+------------------------------------+------------------------------------+
using time 65.9267s, training loss at epoch 126: 45.8063
using time 65.8091s, training loss at epoch 127: 45.4768
using time 65.7396s, training loss at epoch 128: 45.2308
using time 65.4679s, training loss at epoch 129: 45.0337
+-------+-------------------+-------------------+-------------------+------------------------------------+------------------------------------+------------------------------------+------------------------------------+
| Epoch |  training time(s) |   tesing time(s)  |        Loss       |               recall               |                ndcg                |             precision              |             hit_ratio              |
+-------+-------------------+-------------------+-------------------+------------------------------------+------------------------------------+------------------------------------+------------------------------------+
|  130  | 65.27755165100098 | 34.76176476478577 | 45.00151062011719 | [0.08893498 0.12453774 0.15093775] | [0.15154157 0.17394342 0.18968567] | [0.05559314 0.03933619 0.03197021] | [0.5814857  0.6843727  0.74388774] |
+-------+-------------------+-------------------+-------------------+------------------------------------+------------------------------------+------------------------------------+------------------------------------+
using time 66.1029s, training loss at epoch 131: 44.7712
using time 65.7777s, training loss at epoch 132: 44.5522
using time 65.8427s, training loss at epoch 133: 44.4600
using time 65.8715s, training loss at epoch 134: 44.1777
+-------+-------------------+-------------------+------------------+------------------------------------+------------------------------------+------------------------------------+------------------------------------+
| Epoch |  training time(s) |   tesing time(s)  |       Loss       |               recall               |                ndcg                |             precision              |             hit_ratio              |
+-------+-------------------+-------------------+------------------+------------------------------------+------------------------------------+------------------------------------+------------------------------------+
|  135  | 66.23455810546875 | 35.00867247581482 | 43.9253044128418 | [0.08913032 0.12482156 0.15104767] | [0.15176641 0.17424704 0.18989364] | [0.05568357 0.03941741 0.03200426] | [0.58242347 0.68484158 0.74442361] |
+-------+-------------------+-------------------+------------------+------------------------------------+------------------------------------+------------------------------------+------------------------------------+
using time 65.8050s, training loss at epoch 136: 43.9359
using time 65.6188s, training loss at epoch 137: 43.6442
using time 65.8748s, training loss at epoch 138: 43.5187
using time 65.7686s, training loss at epoch 139: 43.2956
+-------+-------------------+-------------------+--------------------+------------------------------------+------------------------------------+------------------------------------+------------------------------------+
| Epoch |  training time(s) |   tesing time(s)  |        Loss        |               recall               |                ndcg                |             precision              |             hit_ratio              |
+-------+-------------------+-------------------+--------------------+------------------------------------+------------------------------------+------------------------------------+------------------------------------+
|  140  | 65.53053641319275 | 34.83237552642822 | 43.153900146484375 | [0.08938601 0.12524428 0.15129582] | [0.15195189 0.17455648 0.19011363] | [0.05574051 0.03950281 0.03203217] | [0.58262442 0.6855784  0.74519392] |
+-------+-------------------+-------------------+--------------------+------------------------------------+------------------------------------+------------------------------------+------------------------------------+
using time 65.7187s, training loss at epoch 141: 42.8109
using time 65.8090s, training loss at epoch 142: 42.6550
using time 65.5121s, training loss at epoch 143: 42.4726
using time 65.4168s, training loss at epoch 144: 42.4239
+-------+-------------------+-------------------+-------------------+------------------------------------+------------------------------------+------------------------------------+------------------------------------+
| Epoch |  training time(s) |   tesing time(s)  |        Loss       |               recall               |                ndcg                |             precision              |             hit_ratio              |
+-------+-------------------+-------------------+-------------------+------------------------------------+------------------------------------+------------------------------------+------------------------------------+
|  145  | 65.43472528457642 | 34.73194336891174 | 42.07761001586914 | [0.08962454 0.12541414 0.15151704] | [0.15242248 0.17500899 0.19059181] | [0.05587447 0.03957984 0.03208074] | [0.58383013 0.68581285 0.74549534] |
+-------+-------------------+-------------------+-------------------+------------------------------------+------------------------------------+------------------------------------+------------------------------------+
using time 65.5493s, training loss at epoch 146: 42.0191
using time 65.5182s, training loss at epoch 147: 41.8756
using time 65.9094s, training loss at epoch 148: 41.6724
using time 65.7309s, training loss at epoch 149: 41.4471
+-------+------------------+-------------------+-------------------+------------------------------------+------------------------------------+------------------------------------+------------------------------------+
| Epoch | training time(s) |   tesing time(s)  |        Loss       |               recall               |                ndcg                |             precision              |             hit_ratio              |
+-------+------------------+-------------------+-------------------+------------------------------------+------------------------------------+------------------------------------+------------------------------------+
|  150  | 65.7178864479065 | 35.53726577758789 | 41.46006774902344 | [0.08992531 0.12574613 0.1517447 ] | [0.15274328 0.17534838 0.19086533] | [0.05602854 0.03967865 0.0321187 ] | [0.58486838 0.6868511  0.74536138] |
+-------+------------------+-------------------+-------------------+------------------------------------+------------------------------------+------------------------------------+------------------------------------+
using time 65.5402s, training loss at epoch 151: 41.1605
using time 65.5838s, training loss at epoch 152: 41.0844
using time 65.8587s, training loss at epoch 153: 40.8164
using time 66.1148s, training loss at epoch 154: 40.6526
+-------+-------------------+-------------------+-------------------+------------------------------------+------------------------------------+------------------------------------+------------------------------------+
| Epoch |  training time(s) |   tesing time(s)  |        Loss       |               recall               |                ndcg                |             precision              |             hit_ratio              |
+-------+-------------------+-------------------+-------------------+------------------------------------+------------------------------------+------------------------------------+------------------------------------+
|  155  | 66.16758322715759 | 35.31608462333679 | 40.47612380981445 | [0.09000566 0.12580955 0.15184159] | [0.15286112 0.17545927 0.19099534] | [0.056057   0.03968032 0.0321226 ] | [0.58513631 0.68688459 0.74576328] |
+-------+-------------------+-------------------+-------------------+------------------------------------+------------------------------------+------------------------------------+------------------------------------+
using time 65.3365s, training loss at epoch 156: 40.3923
using time 65.8769s, training loss at epoch 157: 40.1050
using time 65.9080s, training loss at epoch 158: 40.1047
using time 65.6718s, training loss at epoch 159: 39.9382
+-------+-------------------+-------------------+--------------------+------------------------------------+------------------------------------+------------------------------------+------------------------------------+
| Epoch |  training time(s) |   tesing time(s)  |        Loss        |               recall               |                ndcg                |             precision              |             hit_ratio              |
+-------+-------------------+-------------------+--------------------+------------------------------------+------------------------------------+------------------------------------+------------------------------------+
|  160  | 65.54195547103882 | 35.01159906387329 | 39.836204528808594 | [0.09013278 0.12610808 0.15198925] | [0.15301839 0.17569838 0.19115074] | [0.05615078 0.03974312 0.03214158] | [0.58580615 0.68815728 0.74623217] |
+-------+-------------------+-------------------+--------------------+------------------------------------+------------------------------------+------------------------------------+------------------------------------+
using time 65.6204s, training loss at epoch 161: 39.6284
using time 65.7240s, training loss at epoch 162: 39.5011
using time 65.8695s, training loss at epoch 163: 39.2725
using time 65.3776s, training loss at epoch 164: 39.2045
+-------+-------------------+--------------------+--------------------+------------------------------------+------------------------------------+------------------------------------+------------------------------------+
| Epoch |  training time(s) |   tesing time(s)   |        Loss        |               recall               |                ndcg                |             precision              |             hit_ratio              |
+-------+-------------------+--------------------+--------------------+------------------------------------+------------------------------------+------------------------------------+------------------------------------+
|  165  | 65.82418894767761 | 35.351340532302856 | 38.997833251953125 | [0.09023676 0.12641582 0.15224258] | [0.15327453 0.17607281 0.19148929] | [0.05622111 0.03981512 0.0321801 ] | [0.58597361 0.68939648 0.74663407] |
+-------+-------------------+--------------------+--------------------+------------------------------------+------------------------------------+------------------------------------+------------------------------------+
using time 65.5808s, training loss at epoch 166: 38.8698
using time 66.0416s, training loss at epoch 167: 38.5722
using time 65.5740s, training loss at epoch 168: 38.6392
using time 65.3544s, training loss at epoch 169: 38.3651
+-------+------------------+--------------------+--------------------+------------------------------------+------------------------------------+------------------------------------+------------------------------------+
| Epoch | training time(s) |   tesing time(s)   |        Loss        |               recall               |                ndcg                |             precision              |             hit_ratio              |
+-------+------------------+--------------------+--------------------+------------------------------------+------------------------------------+------------------------------------+------------------------------------+
|  170  | 65.4632134437561 | 35.264933347702026 | 38.321319580078125 | [0.09026315 0.12665827 0.15254792] | [0.15350839 0.17645214 0.191906  ] | [0.05622614 0.0398595  0.03221973] | [0.58567218 0.69040123 0.74693549] |
+-------+------------------+--------------------+--------------------+------------------------------------+------------------------------------+------------------------------------+------------------------------------+
using time 65.4931s, training loss at epoch 171: 38.1255
using time 65.7818s, training loss at epoch 172: 37.8481
using time 65.9626s, training loss at epoch 173: 38.0412
using time 65.7576s, training loss at epoch 174: 37.6796
+-------+------------------+-------------------+-------------------+------------------------------------+------------------------------------+------------------------------------+------------------------------------+
| Epoch | training time(s) |   tesing time(s)  |        Loss       |               recall               |                ndcg                |             precision              |             hit_ratio              |
+-------+------------------+-------------------+-------------------+------------------------------------+------------------------------------+------------------------------------+------------------------------------+
|  175  | 65.8429524898529 | 34.99486589431763 | 37.64099884033203 | [0.09045349 0.12700168 0.1527144 ] | [0.15372267 0.17675847 0.19210535] | [0.05633499 0.03994491 0.03224038] | [0.58664345 0.69147297 0.74713645] |
+-------+------------------+-------------------+-------------------+------------------------------------+------------------------------------+------------------------------------+------------------------------------+
using time 65.2547s, training loss at epoch 176: 37.4524
using time 65.6717s, training loss at epoch 177: 37.3849
using time 65.6393s, training loss at epoch 178: 37.2505
using time 66.3644s, training loss at epoch 179: 37.0353
+-------+-------------------+-------------------+-------------------+------------------------------------+------------------------------------+------------------------------------+------------------------------------+
| Epoch |  training time(s) |   tesing time(s)  |        Loss       |               recall               |                ndcg                |             precision              |             hit_ratio              |
+-------+-------------------+-------------------+-------------------+------------------------------------+------------------------------------+------------------------------------+------------------------------------+
|  180  | 65.68341326713562 | 35.02290725708008 | 36.96644973754883 | [0.09054452 0.12710899 0.15261775] | [0.15367215 0.1767481  0.19197528] | [0.05632829 0.039965   0.03220633] | [0.5868109  0.691339   0.74643312] |
+-------+-------------------+-------------------+-------------------+------------------------------------+------------------------------------+------------------------------------+------------------------------------+
using time 65.4076s, training loss at epoch 181: 36.7241
using time 65.6081s, training loss at epoch 182: 36.6167
using time 65.6926s, training loss at epoch 183: 36.5224
using time 66.3259s, training loss at epoch 184: 36.4986
+-------+-------------------+--------------------+-------------------+------------------------------------+------------------------------------+------------------------------------+------------------------------------+
| Epoch |  training time(s) |   tesing time(s)   |        Loss       |               recall               |                ndcg                |             precision              |             hit_ratio              |
+-------+-------------------+--------------------+-------------------+------------------------------------+------------------------------------+------------------------------------+------------------------------------+
|  185  | 65.85398960113525 | 35.589560985565186 | 36.36664581298828 | [0.09070068 0.12738232 0.15283507] | [0.15387182 0.17699839 0.19219693] | [0.05641369 0.04002277 0.0322348 ] | [0.5872463  0.69187487 0.74670105] |
+-------+-------------------+--------------------+-------------------+------------------------------------+------------------------------------+------------------------------------+------------------------------------+
using time 65.9536s, training loss at epoch 186: 36.0088
using time 65.5360s, training loss at epoch 187: 35.8905
using time 65.9657s, training loss at epoch 188: 35.8405
using time 65.8121s, training loss at epoch 189: 35.6974
+-------+-------------------+--------------------+-------------------+------------------------------------+------------------------------------+------------------------------------+------------------------------------+
| Epoch |  training time(s) |   tesing time(s)   |        Loss       |               recall               |                ndcg                |             precision              |             hit_ratio              |
+-------+-------------------+--------------------+-------------------+------------------------------------+------------------------------------+------------------------------------+------------------------------------+
|  190  | 65.89934039115906 | 35.031792402267456 | 35.65639114379883 | [0.09079758 0.12749082 0.15269189] | [0.15407628 0.17724065 0.19230857] | [0.05640197 0.04004203 0.03221917] | [0.5876482  0.69237725 0.74633264] |
+-------+-------------------+--------------------+-------------------+------------------------------------+------------------------------------+------------------------------------+------------------------------------+
using time 66.0618s, training loss at epoch 191: 35.4146
using time 65.5639s, training loss at epoch 192: 35.3004
using time 65.7033s, training loss at epoch 193: 35.2253
using time 65.9973s, training loss at epoch 194: 35.0476
+-------+-------------------+-------------------+-------------------+------------------------------------+------------------------------------+------------------------------------+------------------------------------+
| Epoch |  training time(s) |   tesing time(s)  |        Loss       |               recall               |                ndcg                |             precision              |             hit_ratio              |
+-------+-------------------+-------------------+-------------------+------------------------------------+------------------------------------+------------------------------------+------------------------------------+
|  195  | 65.91062021255493 | 35.56172466278076 | 35.07855224609375 | [0.09074966 0.1276069  0.15284982] | [0.15412232 0.17740281 0.19252102] | [0.05633833 0.04003198 0.03224485] | [0.58768169 0.69224328 0.74686851] |
+-------+-------------------+-------------------+-------------------+------------------------------------+------------------------------------+------------------------------------+------------------------------------+
using time 65.3036s, training loss at epoch 196: 34.7838
using time 65.6211s, training loss at epoch 197: 34.6707
using time 65.1846s, training loss at epoch 198: 34.7791
using time 65.3467s, training loss at epoch 199: 34.5885
+-------+-------------------+-------------------+-------------------+------------------------------------+------------------------------------+------------------------------------+------------------------------------+
| Epoch |  training time(s) |   tesing time(s)  |        Loss       |               recall               |                ndcg                |             precision              |             hit_ratio              |
+-------+-------------------+-------------------+-------------------+------------------------------------+------------------------------------+------------------------------------+------------------------------------+
|  200  | 65.40494322776794 | 35.28485870361328 | 34.40788650512695 | [0.09066394 0.12766578 0.15293886] | [0.15414961 0.17751478 0.19263388] | [0.05634503 0.04004706 0.03224317] | [0.58674392 0.69298011 0.74770581] |
+-------+-------------------+-------------------+-------------------+------------------------------------+------------------------------------+------------------------------------+------------------------------------+
using time 65.5586s, training loss at epoch 201: 34.3039
using time 65.7063s, training loss at epoch 202: 34.2841
using time 65.9511s, training loss at epoch 203: 34.0883
using time 65.8785s, training loss at epoch 204: 33.9691
+-------+-------------------+-------------------+--------------------+------------------------------------+------------------------------------+------------------------------------+------------------------------------+
| Epoch |  training time(s) |   tesing time(s)  |        Loss        |               recall               |                ndcg                |             precision              |             hit_ratio              |
+-------+-------------------+-------------------+--------------------+------------------------------------+------------------------------------+------------------------------------+------------------------------------+
|  205  | 65.76550960540771 | 34.89644765853882 | 33.736785888671875 | [0.09087246 0.12769984 0.15308285] | [0.15433559 0.17759985 0.1927952 ] | [0.05639527 0.04003617 0.03226606] | [0.5880836  0.69274566 0.74871056] |
+-------+-------------------+-------------------+--------------------+------------------------------------+------------------------------------+------------------------------------+------------------------------------+
using time 65.9909s, training loss at epoch 206: 33.7557
using time 65.6731s, training loss at epoch 207: 33.7522
using time 65.8085s, training loss at epoch 208: 33.5734
using time 65.7716s, training loss at epoch 209: 33.3854
+-------+------------------+--------------------+-------------------+------------------------------------+------------------------------------+------------------------------------+------------------------------------+
| Epoch | training time(s) |   tesing time(s)   |        Loss       |               recall               |                ndcg                |             precision              |             hit_ratio              |
+-------+------------------+--------------------+-------------------+------------------------------------+------------------------------------+------------------------------------+------------------------------------+
|  210  | 65.5187635421753 | 34.963911056518555 | 33.30995559692383 | [0.09099216 0.12781771 0.15316565] | [0.15445503 0.17771998 0.19288357] | [0.05647398 0.04007301 0.0322722 ] | [0.58818407 0.69324804 0.7481412 ] |
+-------+------------------+--------------------+-------------------+------------------------------------+------------------------------------+------------------------------------+------------------------------------+
using time 65.7242s, training loss at epoch 211: 33.0573
using time 65.6170s, training loss at epoch 212: 33.0837
using time 65.7197s, training loss at epoch 213: 33.0218
using time 65.3656s, training loss at epoch 214: 33.0020
+-------+-------------------+-------------------+------------------+------------------------------------+------------------------------------+------------------------------------+------------------------------------+
| Epoch |  training time(s) |   tesing time(s)  |       Loss       |               recall               |                ndcg                |             precision              |             hit_ratio              |
+-------+-------------------+-------------------+------------------+------------------------------------+------------------------------------+------------------------------------+------------------------------------+
|  215  | 65.69873857498169 | 35.27480959892273 | 32.8641357421875 | [0.09098703 0.12785108 0.15318818] | [0.15440124 0.17768302 0.19283087] | [0.05644551 0.04004957 0.03225043] | [0.58828455 0.69361645 0.74790676] |
+-------+-------------------+-------------------+------------------+------------------------------------+------------------------------------+------------------------------------+------------------------------------+
using time 65.6007s, training loss at epoch 216: 32.7820
using time 66.1401s, training loss at epoch 217: 32.6060
using time 65.9998s, training loss at epoch 218: 32.4499
using time 65.5408s, training loss at epoch 219: 32.3741
+-------+-------------------+------------------+-------------------+------------------------------------+------------------------------------+------------------------------------+------------------------------------+
| Epoch |  training time(s) |  tesing time(s)  |        Loss       |               recall               |                ndcg                |             precision              |             hit_ratio              |
+-------+-------------------+------------------+-------------------+------------------------------------+------------------------------------+------------------------------------+------------------------------------+
|  220  | 65.48179841041565 | 35.2280216217041 | 32.30742645263672 | [0.0909839  0.12799969 0.15308815] | [0.15442293 0.17781473 0.19282713] | [0.05640029 0.04005208 0.03221582] | [0.58794963 0.69398486 0.74794025] |
+-------+-------------------+------------------+-------------------+------------------------------------+------------------------------------+------------------------------------+------------------------------------+
using time 65.4414s, training loss at epoch 221: 32.2483
using time 65.4187s, training loss at epoch 222: 32.1153
using time 65.5977s, training loss at epoch 223: 31.9735
using time 66.0200s, training loss at epoch 224: 31.7656
+-------+-------------------+-------------------+-------------------+------------------------------------+------------------------------------+------------------------------------+------------------------------------+
| Epoch |  training time(s) |   tesing time(s)  |        Loss       |               recall               |                ndcg                |             precision              |             hit_ratio              |
+-------+-------------------+-------------------+-------------------+------------------------------------+------------------------------------+------------------------------------+------------------------------------+
|  225  | 65.59875559806824 | 35.34622359275818 | 31.78578758239746 | [0.09097663 0.12806494 0.15316302] | [0.15449497 0.1779205  0.1929402 ] | [0.05637685 0.04004789 0.03221861] | [0.58801661 0.69418581 0.74837564] |
+-------+-------------------+-------------------+-------------------+------------------------------------+------------------------------------+------------------------------------+------------------------------------+
using time 65.5740s, training loss at epoch 226: 31.6671
using time 65.5920s, training loss at epoch 227: 31.6030
using time 65.4854s, training loss at epoch 228: 31.4081
using time 65.6887s, training loss at epoch 229: 31.3867
+-------+-------------------+-------------------+-------------------+------------------------------------+------------------------------------+------------------------------------+------------------------------------+
| Epoch |  training time(s) |   tesing time(s)  |        Loss       |               recall               |                ndcg                |             precision              |             hit_ratio              |
+-------+-------------------+-------------------+-------------------+------------------------------------+------------------------------------+------------------------------------+------------------------------------+
|  230  | 65.41927671432495 | 34.88232374191284 | 31.09477996826172 | [0.0910673  0.12811794 0.15317225] | [0.15459147 0.17798883 0.19297411] | [0.05643211 0.04006715 0.03220522] | [0.58861947 0.69452073 0.74864358] |
+-------+-------------------+-------------------+-------------------+------------------------------------+------------------------------------+------------------------------------+------------------------------------+
using time 66.3173s, training loss at epoch 231: 31.2241
using time 65.4572s, training loss at epoch 232: 30.9671
using time 65.5289s, training loss at epoch 233: 30.9182
using time 65.4452s, training loss at epoch 234: 30.9113
+-------+-------------------+-------------------+--------------------+------------------------------------+------------------------------------+------------------------------------+------------------------------------+
| Epoch |  training time(s) |   tesing time(s)  |        Loss        |               recall               |                ndcg                |             precision              |             hit_ratio              |
+-------+-------------------+-------------------+--------------------+------------------------------------+------------------------------------+------------------------------------+------------------------------------+
|  235  | 65.77492427825928 | 35.19136691093445 | 30.887165069580078 | [0.09106276 0.12815561 0.15316962] | [0.15464578 0.17805737 0.1930496 ] | [0.05641704 0.04003366 0.03221024] | [0.58851899 0.69415232 0.74867707] |
+-------+-------------------+-------------------+--------------------+------------------------------------+------------------------------------+------------------------------------+------------------------------------+
using time 65.9330s, training loss at epoch 236: 30.7899
using time 65.9210s, training loss at epoch 237: 30.6926
using time 65.7656s, training loss at epoch 238: 30.5418
using time 65.6300s, training loss at epoch 239: 30.4707
+-------+-------------------+-------------------+-------------------+------------------------------------+------------------------------------+------------------------------------+------------------------------------+
| Epoch |  training time(s) |   tesing time(s)  |        Loss       |               recall               |                ndcg                |             precision              |             hit_ratio              |
+-------+-------------------+-------------------+-------------------+------------------------------------+------------------------------------+------------------------------------+------------------------------------+
|  240  | 65.92080020904541 | 34.93674087524414 | 30.34566879272461 | [0.09113888 0.12802561 0.15299232] | [0.15454531 0.17784442 0.19280979] | [0.05641704 0.03999682 0.03217117] | [0.58841851 0.69418581 0.74834215] |
+-------+-------------------+-------------------+-------------------+------------------------------------+------------------------------------+------------------------------------+------------------------------------+
using time 66.2374s, training loss at epoch 241: 30.4151
using time 65.7588s, training loss at epoch 242: 30.2602
using time 65.9304s, training loss at epoch 243: 30.0181
using time 65.4735s, training loss at epoch 244: 30.1558
+-------+-------------------+------------------+--------------------+------------------------------------+------------------------------------+------------------------------------+------------------------------------+
| Epoch |  training time(s) |  tesing time(s)  |        Loss        |               recall               |                ndcg                |             precision              |             hit_ratio              |
+-------+-------------------+------------------+--------------------+------------------------------------+------------------------------------+------------------------------------+------------------------------------+
|  245  | 65.95323753356934 | 35.5219783782959 | 29.967618942260742 | [0.09108027 0.12789946 0.15294159] | [0.15443484 0.17769282 0.1927011 ] | [0.05637183 0.03995328 0.03215665] | [0.58828455 0.69371693 0.74834215] |
+-------+-------------------+------------------+--------------------+------------------------------------+------------------------------------+------------------------------------+------------------------------------+
using time 65.6750s, training loss at epoch 246: 29.8954
using time 65.9441s, training loss at epoch 247: 29.6987
using time 65.5512s, training loss at epoch 248: 29.8029
using time 65.8438s, training loss at epoch 249: 29.5950
+-------+------------------+-------------------+--------------------+------------------------------------+------------------------------------+------------------------------------+------------------------------------+
| Epoch | training time(s) |   tesing time(s)  |        Loss        |               recall               |                ndcg                |             precision              |             hit_ratio              |
+-------+------------------+-------------------+--------------------+------------------------------------+------------------------------------+------------------------------------+------------------------------------+
|  250  | 65.612380027771  | 35.05220293998718 | 29.406696319580078 | [0.09103742 0.12784598 0.15308387] | [0.15444195 0.17769053 0.19280593] | [0.05631824 0.03990974 0.03214716] | [0.58774868 0.69308058 0.74877755] |
+-------+------------------+-------------------+--------------------+------------------------------------+------------------------------------+------------------------------------+------------------------------------+
using time 65.6459s, training loss at epoch 251: 29.3307
using time 65.5138s, training loss at epoch 252: 29.4174
using time 65.7926s, training loss at epoch 253: 29.3443
using time 65.8950s, training loss at epoch 254: 29.2976
+-------+-------------------+--------------------+-------------------+------------------------------------+------------------------------------+------------------------------------+------------------------------------+
| Epoch |  training time(s) |   tesing time(s)   |        Loss       |               recall               |                ndcg                |             precision              |             hit_ratio              |
+-------+-------------------+--------------------+-------------------+------------------------------------+------------------------------------+------------------------------------+------------------------------------+
|  255  | 65.39106702804565 | 35.378501892089844 | 29.11870002746582 | [0.09115476 0.1278799  0.15302736] | [0.15454149 0.17769558 0.19276533] | [0.05640364 0.03989467 0.03211814] | [0.58821756 0.69334852 0.74844263] |
+-------+-------------------+--------------------+-------------------+------------------------------------+------------------------------------+------------------------------------+------------------------------------+
using time 65.8716s, training loss at epoch 256: 29.0529
using time 65.8838s, training loss at epoch 257: 28.9049
using time 65.4014s, training loss at epoch 258: 28.8720
using time 65.5967s, training loss at epoch 259: 28.7038
+-------+-------------------+--------------------+--------------------+------------------------------------+------------------------------------+------------------------------------+------------------------------------+
| Epoch |  training time(s) |   tesing time(s)   |        Loss        |               recall               |                ndcg                |             precision              |             hit_ratio              |
+-------+-------------------+--------------------+--------------------+------------------------------------+------------------------------------+------------------------------------+------------------------------------+
|  260  | 65.90825033187866 | 34.969409227371216 | 28.672780990600586 | [0.09122528 0.12798993 0.15304495] | [0.15465917 0.17782419 0.19283987] | [0.05643714 0.03991141 0.03211925] | [0.58791614 0.69358296 0.74901199] |
+-------+-------------------+--------------------+--------------------+------------------------------------+------------------------------------+------------------------------------+------------------------------------+
using time 65.3767s, training loss at epoch 261: 28.7193
using time 65.5480s, training loss at epoch 262: 28.7171
using time 65.6722s, training loss at epoch 263: 28.5433
using time 66.0116s, training loss at epoch 264: 28.3948
+-------+-------------------+-------------------+--------------------+------------------------------------+------------------------------------+------------------------------------+------------------------------------+
| Epoch |  training time(s) |   tesing time(s)  |        Loss        |               recall               |                ndcg                |             precision              |             hit_ratio              |
+-------+-------------------+-------------------+--------------------+------------------------------------+------------------------------------+------------------------------------+------------------------------------+
|  265  | 65.82463836669922 | 34.82617712020874 | 28.468395233154297 | [0.09098517 0.12797102 0.15296241] | [0.15429298 0.17765677 0.19262347] | [0.05624791 0.03989132 0.03208018] | [0.58717932 0.69351598 0.7485766 ] |
+-------+-------------------+-------------------+--------------------+------------------------------------+------------------------------------+------------------------------------+------------------------------------+
using time 65.8214s, training loss at epoch 266: 28.3103
using time 65.6834s, training loss at epoch 267: 28.2909
using time 65.3228s, training loss at epoch 268: 28.1805
using time 65.4090s, training loss at epoch 269: 28.1131
+-------+-------------------+-------------------+-------------------+------------------------------------+------------------------------------+------------------------------------+------------------------------------+
| Epoch |  training time(s) |   tesing time(s)  |        Loss       |               recall               |                ndcg                |             precision              |             hit_ratio              |
+-------+-------------------+-------------------+-------------------+------------------------------------+------------------------------------+------------------------------------+------------------------------------+
|  270  | 65.67988467216492 | 35.41002321243286 | 27.92782974243164 | [0.09103558 0.12797989 0.15286883] | [0.15433242 0.17764242 0.1925566 ] | [0.0562747  0.03987039 0.03204836] | [0.58707884 0.69338201 0.74820819] |
+-------+-------------------+-------------------+-------------------+------------------------------------+------------------------------------+------------------------------------+------------------------------------+
using time 65.5054s, training loss at epoch 271: 27.8405
using time 65.3895s, training loss at epoch 272: 27.8816
using time 65.7540s, training loss at epoch 273: 27.8501
using time 65.9701s, training loss at epoch 274: 27.5911
+-------+------------------+-------------------+--------------------+------------------------------------+------------------------------------+------------------------------------+------------------------------------+
| Epoch | training time(s) |   tesing time(s)  |        Loss        |               recall               |                ndcg                |             precision              |             hit_ratio              |
+-------+------------------+-------------------+--------------------+------------------------------------+------------------------------------+------------------------------------+------------------------------------+
|  275  | 65.7316837310791 | 35.20977234840393 | 27.589004516601562 | [0.09096618 0.12781407 0.15286554] | [0.15431368 0.17757068 0.19258486] | [0.05622279 0.03982266 0.03204334] | [0.58677741 0.69287963 0.74877755] |
+-------+------------------+-------------------+--------------------+------------------------------------+------------------------------------+------------------------------------+------------------------------------+
using time 65.4087s, training loss at epoch 276: 27.4085
using time 65.8235s, training loss at epoch 277: 27.4492
using time 65.4601s, training loss at epoch 278: 27.3948
using time 65.5491s, training loss at epoch 279: 27.2881
+-------+-------------------+--------------------+-------------------+------------------------------------+------------------------------------+------------------------------------+------------------------------------+
| Epoch |  training time(s) |   tesing time(s)   |        Loss       |               recall               |                ndcg                |             precision              |             hit_ratio              |
+-------+-------------------+--------------------+-------------------+------------------------------------+------------------------------------+------------------------------------+------------------------------------+
|  280  | 65.74824619293213 | 34.900439500808716 | 27.32184410095215 | [0.09095348 0.12777082 0.15277804] | [0.15409043 0.17734177 0.19231791] | [0.05617757 0.03979587 0.0320065 ] | [0.58717932 0.69281265 0.74894501] |
+-------+-------------------+--------------------+-------------------+------------------------------------+------------------------------------+------------------------------------+------------------------------------+
using time 66.2846s, training loss at epoch 281: 27.2622
using time 65.8129s, training loss at epoch 282: 27.0854
using time 65.4793s, training loss at epoch 283: 27.1765
using time 65.8964s, training loss at epoch 284: 26.9671
+-------+-------------------+--------------------+--------------------+------------------------------------+------------------------------------+------------------------------------+------------------------------------+
| Epoch |  training time(s) |   tesing time(s)   |        Loss        |               recall               |                ndcg                |             precision              |             hit_ratio              |
+-------+-------------------+--------------------+--------------------+------------------------------------+------------------------------------+------------------------------------+------------------------------------+
|  285  | 65.60818576812744 | 34.725905895233154 | 26.994295120239258 | [0.09094408 0.12773817 0.15274049] | [0.15416533 0.17740195 0.19238405] | [0.05615413 0.03975233 0.03198752] | [0.58671043 0.69308058 0.74871056] |
+-------+-------------------+--------------------+--------------------+------------------------------------+------------------------------------+------------------------------------+------------------------------------+
using time 65.7158s, training loss at epoch 286: 26.8974
using time 65.3109s, training loss at epoch 287: 26.8020
using time 65.9339s, training loss at epoch 288: 26.7271
using time 65.6113s, training loss at epoch 289: 26.5677
+-------+-------------------+--------------------+------------------+------------------------------------+------------------------------------+------------------------------------+------------------------------------+
| Epoch |  training time(s) |   tesing time(s)   |       Loss       |               recall               |                ndcg                |             precision              |             hit_ratio              |
+-------+-------------------+--------------------+------------------+------------------------------------+------------------------------------+------------------------------------+------------------------------------+
|  290  | 65.45460104942322 | 34.752103090286255 | 26.6535587310791 | [0.09094032 0.12741335 0.15255582] | [0.15408032 0.17711812 0.19218709] | [0.05612064 0.03967027 0.031949  ] | [0.58734677 0.69284614 0.74864358] |
+-------+-------------------+--------------------+------------------+------------------------------------+------------------------------------+------------------------------------+------------------------------------+
using time 65.7473s, training loss at epoch 291: 26.5616
using time 65.4951s, training loss at epoch 292: 26.5279
using time 65.7465s, training loss at epoch 293: 26.5211
using time 65.8835s, training loss at epoch 294: 26.3785
+-------+-------------------+--------------------+-------------------+------------------------------------+------------------------------------+------------------------------------+------------------------------------+
| Epoch |  training time(s) |   tesing time(s)   |        Loss       |               recall               |                ndcg                |             precision              |             hit_ratio              |
+-------+-------------------+--------------------+-------------------+------------------------------------+------------------------------------+------------------------------------+------------------------------------+
|  295  | 66.01639080047607 | 34.912585735321045 | 26.27654457092285 | [0.0909589  0.1272302  0.15247296] | [0.15412055 0.17707315 0.19217807] | [0.05609217 0.03964264 0.03192668] | [0.58671043 0.69200884 0.74810771] |
+-------+-------------------+--------------------+-------------------+------------------------------------+------------------------------------+------------------------------------+------------------------------------+
using time 65.7088s, training loss at epoch 296: 26.3318
using time 66.1773s, training loss at epoch 297: 26.1406
using time 65.1439s, training loss at epoch 298: 26.1617
using time 65.3613s, training loss at epoch 299: 26.1056
+-------+-------------------+-------------------+-----------------+------------------------------------+------------------------------------+------------------------------------+------------------------------------+
| Epoch |  training time(s) |   tesing time(s)  |       Loss      |               recall               |                ndcg                |             precision              |             hit_ratio              |
+-------+-------------------+-------------------+-----------------+------------------------------------+------------------------------------+------------------------------------+------------------------------------+
|  300  | 66.05242490768433 | 35.34515643119812 | 25.999267578125 | [0.09093948 0.12728279 0.15247257] | [0.15392691 0.1769183  0.19198339] | [0.05606538 0.03963678 0.03191439] | [0.58701186 0.69224328 0.7485431 ] |
+-------+-------------------+-------------------+-----------------+------------------------------------+------------------------------------+------------------------------------+------------------------------------+
using time 65.1327s, training loss at epoch 301: 25.8823
using time 65.6404s, training loss at epoch 302: 25.9714
using time 65.8027s, training loss at epoch 303: 25.8253
using time 65.6173s, training loss at epoch 304: 25.6748
+-------+-------------------+------------------+--------------------+------------------------------------+------------------------------------+------------------------------------+------------------------------------+
| Epoch |  training time(s) |  tesing time(s)  |        Loss        |               recall               |                ndcg                |             precision              |             hit_ratio              |
+-------+-------------------+------------------+--------------------+------------------------------------+------------------------------------+------------------------------------+------------------------------------+
|  305  | 66.24770903587341 | 35.2266628742218 | 25.687545776367188 | [0.09087429 0.12723373 0.15215165] | [0.15376645 0.17676057 0.19166603] | [0.05602854 0.03961166 0.03183569] | [0.58627504 0.69234376 0.7477393 ] |
+-------+-------------------+------------------+--------------------+------------------------------------+------------------------------------+------------------------------------+------------------------------------+
using time 65.9733s, training loss at epoch 306: 25.5023
using time 65.7864s, training loss at epoch 307: 25.5716
using time 65.9501s, training loss at epoch 308: 25.6561
using time 65.8794s, training loss at epoch 309: 25.5684
+-------+-------------------+-------------------+-------------------+------------------------------------+------------------------------------+------------------------------------+------------------------------------+
| Epoch |  training time(s) |   tesing time(s)  |        Loss       |               recall               |                ndcg                |             precision              |             hit_ratio              |
+-------+-------------------+-------------------+-------------------+------------------------------------+------------------------------------+------------------------------------+------------------------------------+
|  310  | 65.28098130226135 | 35.13377070426941 | 25.47294807434082 | [0.09077078 0.12713888 0.15205393] | [0.15364485 0.17667046 0.19159184] | [0.0559515  0.03954886 0.03181671] | [0.58604059 0.69204233 0.74686851] |
+-------+-------------------+-------------------+-------------------+------------------------------------+------------------------------------+------------------------------------+------------------------------------+
Early stopping is trigger at step: 10 log:0.09077078076768183
early stopping at 310, recall@20:0.0912
