nohup python main_bgcf.py --dataset gowalla --gnn lightgcn --dim 64 --lr 0.001 --batch_size 4096 --gpu_id 0 --context_hops 3 --pool mean --ns mixgcf --K 1 --n_negs 16 --sample_method 1 &

reading train and test user-item set ...
data/gowalla/sampled_graph/sampled_graph_epoch1_epsilon0.01
building the adj mat ...
loading over ...
reading train and test user-item set ...
building the adj mat ...
loading over ...
start training ...
+-------+-------------------+--------------------+--------------------+------------------------------------+------------------------------------+------------------------------------+------------------------------------+
| Epoch |  training time(s) |   tesing time(s)   |        Loss        |               recall               |                ndcg                |             precision              |             hit_ratio              |
+-------+-------------------+--------------------+--------------------+------------------------------------+------------------------------------+------------------------------------+------------------------------------+
|   0   | 66.50410842895508 | 34.806145668029785 | 131.47305297851562 | [0.05370809 0.07545163 0.09195968] | [0.09381936 0.10730301 0.11712763] | [0.03458537 0.02454367 0.02000804] | [0.4230357  0.51600911 0.57341416] |
+-------+-------------------+--------------------+--------------------+------------------------------------+------------------------------------+------------------------------------+------------------------------------+
using time 66.6588s, training loss at epoch 1: 114.5867
using time 66.5218s, training loss at epoch 2: 106.9700
using time 66.6823s, training loss at epoch 3: 102.9504
using time 66.4153s, training loss at epoch 4: 100.2410
+-------+-------------------+-------------------+-------------------+------------------------------------+------------------------------------+------------------------------------+------------------------------------+
| Epoch |  training time(s) |   tesing time(s)  |        Loss       |               recall               |                ndcg                |             precision              |             hit_ratio              |
+-------+-------------------+-------------------+-------------------+------------------------------------+------------------------------------+------------------------------------+------------------------------------+
|   5   | 66.02019953727722 | 35.51127362251282 | 98.07434844970703 | [0.0632635  0.08961125 0.10996336] | [0.10927996 0.12566246 0.13779868] | [0.04057372 0.02891687 0.02377587] | [0.47682363 0.57991158 0.64150311] |
+-------+-------------------+-------------------+-------------------+------------------------------------+------------------------------------+------------------------------------+------------------------------------+
using time 65.9603s, training loss at epoch 6: 96.0940
using time 66.0727s, training loss at epoch 7: 94.6991
using time 66.3209s, training loss at epoch 8: 93.3639
using time 65.8523s, training loss at epoch 9: 91.9002
+-------+-------------------+--------------------+-------------------+------------------------------------+------------------------------------+------------------------------------+------------------------------------+
| Epoch |  training time(s) |   tesing time(s)   |        Loss       |               recall               |                ndcg                |             precision              |             hit_ratio              |
+-------+-------------------+--------------------+-------------------+------------------------------------+------------------------------------+------------------------------------+------------------------------------+
|   10  | 66.17628383636475 | 35.571499824523926 | 90.64227294921875 | [0.06817516 0.09658493 0.11756653] | [0.11700455 0.1347076  0.14726522] | [0.04339708 0.03098751 0.02534999] | [0.49953111 0.60379128 0.66350727] |
+-------+-------------------+--------------------+-------------------+------------------------------------+------------------------------------+------------------------------------+------------------------------------+
using time 66.1479s, training loss at epoch 11: 89.6113
using time 65.9588s, training loss at epoch 12: 88.4794
using time 66.2192s, training loss at epoch 13: 87.5098
using time 65.8152s, training loss at epoch 14: 86.5227
+-------+-------------------+-------------------+-------------------+------------------------------------+------------------------------------+------------------------------------+------------------------------------+
| Epoch |  training time(s) |   tesing time(s)  |        Loss       |               recall               |                ndcg                |             precision              |             hit_ratio              |
+-------+-------------------+-------------------+-------------------+------------------------------------+------------------------------------+------------------------------------+------------------------------------+
|   15  | 66.25072979927063 | 35.28889846801758 | 85.78665924072266 | [0.07080362 0.10029393 0.12204853] | [0.12153419 0.13997954 0.15293971] | [0.0449779  0.0321346  0.02622134] | [0.50974613 0.61531248 0.67506196] |
+-------+-------------------+-------------------+-------------------+------------------------------------+------------------------------------+------------------------------------+------------------------------------+
using time 65.9724s, training loss at epoch 16: 84.9525
using time 66.0151s, training loss at epoch 17: 84.2875
using time 65.9553s, training loss at epoch 18: 83.3231
using time 66.1806s, training loss at epoch 19: 82.7290
+-------+------------------+-------------------+-------------------+------------------------------------+------------------------------------+------------------------------------+------------------------------------+
| Epoch | training time(s) |   tesing time(s)  |        Loss       |               recall               |                ndcg                |             precision              |             hit_ratio              |
+-------+------------------+-------------------+-------------------+------------------------------------+------------------------------------+------------------------------------+------------------------------------+
|   20  | 65.7799162864685 | 36.04298543930054 | 81.90196228027344 | [0.073164   0.1034901  0.12527124] | [0.12525958 0.14422508 0.15721703] | [0.0462958  0.0330414  0.02686103] | [0.51969321 0.62519258 0.68360238] |
+-------+------------------+-------------------+-------------------+------------------------------------+------------------------------------+------------------------------------+------------------------------------+
using time 65.9085s, training loss at epoch 21: 81.2060
using time 66.0682s, training loss at epoch 22: 80.5064
using time 65.7903s, training loss at epoch 23: 79.7901
using time 66.3500s, training loss at epoch 24: 79.2566
+-------+-------------------+------------------+-------------------+------------------------------------+------------------------------------+------------------------------------+------------------------------------+
| Epoch |  training time(s) |  tesing time(s)  |        Loss       |               recall               |                ndcg                |             precision              |             hit_ratio              |
+-------+-------------------+------------------+-------------------+------------------------------------+------------------------------------+------------------------------------+------------------------------------+
|   25  | 65.76115298271179 | 35.1494619846344 | 78.64314270019531 | [0.07508737 0.10616506 0.12806055] | [0.12827994 0.14773619 0.16082906] | [0.04738763 0.03380668 0.02743709] | [0.52753031 0.63309666 0.69140599] |
+-------+-------------------+------------------+-------------------+------------------------------------+------------------------------------+------------------------------------+------------------------------------+
using time 66.1995s, training loss at epoch 26: 77.9113
using time 66.0231s, training loss at epoch 27: 77.5364
using time 66.1274s, training loss at epoch 28: 76.8971
using time 65.9294s, training loss at epoch 29: 76.1854
+-------+-------------------+--------------------+-----------------+------------------------------------+------------------------------------+------------------------------------+------------------------------------+
| Epoch |  training time(s) |   tesing time(s)   |       Loss      |               recall               |                ndcg                |             precision              |             hit_ratio              |
+-------+-------------------+--------------------+-----------------+------------------------------------+------------------------------------+------------------------------------+------------------------------------+
|   30  | 65.84398055076599 | 35.511022329330444 | 75.764404296875 | [0.07694797 0.10814858 0.13069912] | [0.13127544 0.15078914 0.1642306 ] | [0.04849789 0.03441372 0.02793445] | [0.5358028  0.63812044 0.69639628] |
+-------+-------------------+--------------------+-----------------+------------------------------------+------------------------------------+------------------------------------+------------------------------------+
using time 66.3560s, training loss at epoch 31: 75.0964
using time 65.6858s, training loss at epoch 32: 74.7012
using time 65.5656s, training loss at epoch 33: 74.1100
using time 66.2615s, training loss at epoch 34: 73.8566
+-------+------------------+-------------------+------------------+------------------------------------+------------------------------------+------------------------------------+------------------------------------+
| Epoch | training time(s) |   tesing time(s)  |       Loss       |               recall               |                ndcg                |             precision              |             hit_ratio              |
+-------+------------------+-------------------+------------------+------------------------------------+------------------------------------+------------------------------------+------------------------------------+
|   35  | 65.8895616531372 | 35.15648412704468 | 73.0655746459961 | [0.07829027 0.11036029 0.13291407] | [0.13364052 0.15368952 0.16713221] | [0.04934691 0.0350777  0.02838938] | [0.54129547 0.64498627 0.70232434] |
+-------+------------------+-------------------+------------------+------------------------------------+------------------------------------+------------------------------------+------------------------------------+
using time 66.2782s, training loss at epoch 36: 72.4442
using time 66.2974s, training loss at epoch 37: 72.0300
using time 65.8363s, training loss at epoch 38: 71.6630
using time 65.6937s, training loss at epoch 39: 71.0301
+-------+-------------------+-------------------+-------------------+------------------------------------+------------------------------------+------------------------------------+------------------------------------+
| Epoch |  training time(s) |   tesing time(s)  |        Loss       |               recall               |                ndcg                |             precision              |             hit_ratio              |
+-------+-------------------+-------------------+-------------------+------------------------------------+------------------------------------+------------------------------------+------------------------------------+
|   40  | 65.65494203567505 | 35.04107213020325 | 70.66378784179688 | [0.07942697 0.1118893  0.13493566] | [0.13578736 0.15608168 0.16981802] | [0.05003852 0.03552649 0.02878681] | [0.54548195 0.64900529 0.70674526] |
+-------+-------------------+-------------------+-------------------+------------------------------------+------------------------------------+------------------------------------+------------------------------------+
using time 65.9081s, training loss at epoch 41: 70.1499
using time 65.9674s, training loss at epoch 42: 69.8906
using time 65.6080s, training loss at epoch 43: 69.1767
using time 65.7511s, training loss at epoch 44: 68.8559
+-------+------------------+-------------------+-------------------+------------------------------------+------------------------------------+------------------------------------+------------------------------------+
| Epoch | training time(s) |   tesing time(s)  |        Loss       |               recall               |                ndcg                |             precision              |             hit_ratio              |
+-------+------------------+-------------------+-------------------+------------------------------------+------------------------------------+------------------------------------+------------------------------------+
|   45  | 66.4750623703003 | 35.63843131065369 | 68.65039825439453 | [0.08053085 0.11340309 0.13652112] | [0.13762908 0.15820246 0.17197889] | [0.05066314 0.03599203 0.02910499] | [0.55003684 0.65322527 0.71012794] |
+-------+------------------+-------------------+-------------------+------------------------------------+------------------------------------+------------------------------------+------------------------------------+
using time 66.0629s, training loss at epoch 46: 67.8683
using time 65.5360s, training loss at epoch 47: 67.5297
using time 66.2299s, training loss at epoch 48: 67.1616
using time 65.9695s, training loss at epoch 49: 66.8614
+-------+-------------------+--------------------+-------------------+------------------------------------+------------------------------------+------------------------------------+------------------------------------+
| Epoch |  training time(s) |   tesing time(s)   |        Loss       |               recall               |                ndcg                |             precision              |             hit_ratio              |
+-------+-------------------+--------------------+-------------------+------------------------------------+------------------------------------+------------------------------------+------------------------------------+
|   50  | 66.28924679756165 | 35.148061990737915 | 66.39823913574219 | [0.08163221 0.11471228 0.1380867 ] | [0.13930757 0.15997206 0.17391708] | [0.05129781 0.0363529  0.02942037] | [0.55402237 0.65607207 0.71458236] |
+-------+-------------------+--------------------+-------------------+------------------------------------+------------------------------------+------------------------------------+------------------------------------+
using time 65.8620s, training loss at epoch 51: 66.1030
using time 66.0649s, training loss at epoch 52: 65.7648
using time 65.9812s, training loss at epoch 53: 65.4384
using time 65.9385s, training loss at epoch 54: 64.8915
+-------+-------------------+-------------------+-------------------+------------------------------------+------------------------------------+------------------------------------+------------------------------------+
| Epoch |  training time(s) |   tesing time(s)  |        Loss       |               recall               |                ndcg                |             precision              |             hit_ratio              |
+-------+-------------------+-------------------+-------------------+------------------------------------+------------------------------------+------------------------------------+------------------------------------+
|   55  | 66.15604496002197 | 35.44432520866394 | 64.49896240234375 | [0.08247092 0.11584225 0.13923822] | [0.14069369 0.16155473 0.17551132] | [0.05177674 0.03667777 0.02964755] | [0.55693616 0.65975618 0.71742916] |
+-------+-------------------+-------------------+-------------------+------------------------------------+------------------------------------+------------------------------------+------------------------------------+
using time 65.8103s, training loss at epoch 56: 64.1783
using time 66.1477s, training loss at epoch 57: 63.6472
using time 66.2763s, training loss at epoch 58: 63.3337
using time 65.7978s, training loss at epoch 59: 63.0481
+-------+-------------------+--------------------+--------------------+------------------------------------+------------------------------------+------------------------------------+------------------------------------+
| Epoch |  training time(s) |   tesing time(s)   |        Loss        |               recall               |                ndcg                |             precision              |             hit_ratio              |
+-------+-------------------+--------------------+--------------------+------------------------------------+------------------------------------+------------------------------------+------------------------------------+
|   60  | 66.22474718093872 | 35.491482734680176 | 62.689727783203125 | [0.08322711 0.11655347 0.14044472] | [0.14199648 0.16284606 0.17711059] | [0.05221716 0.03690468 0.02990712] | [0.55954853 0.66163172 0.71963963] |
+-------+-------------------+--------------------+--------------------+------------------------------------+------------------------------------+------------------------------------+------------------------------------+
using time 65.7707s, training loss at epoch 61: 62.3049
using time 65.8690s, training loss at epoch 62: 62.0136
using time 66.2511s, training loss at epoch 63: 61.5405
using time 66.4140s, training loss at epoch 64: 61.4774
+-------+-------------------+-------------------+-------------------+------------------------------------+------------------------------------+------------------------------------+------------------------------------+
| Epoch |  training time(s) |   tesing time(s)  |        Loss       |               recall               |                ndcg                |             precision              |             hit_ratio              |
+-------+-------------------+-------------------+-------------------+------------------------------------+------------------------------------+------------------------------------+------------------------------------+
|   65  | 66.23215985298157 | 35.72235655784607 | 60.84095764160156 | [0.0839068  0.11737646 0.14156461] | [0.14325243 0.1641768  0.17863153] | [0.05260399 0.03712908 0.03011923] | [0.56206042 0.66397615 0.72215152] |
+-------+-------------------+-------------------+-------------------+------------------------------------+------------------------------------+------------------------------------+------------------------------------+
using time 65.8699s, training loss at epoch 66: 60.7212
using time 65.9883s, training loss at epoch 67: 60.3966
using time 66.1821s, training loss at epoch 68: 60.1013
using time 66.1371s, training loss at epoch 69: 59.7138
+-------+-------------------+-------------------+-------------------+------------------------------------+------------------------------------+------------------------------------+------------------------------------+
| Epoch |  training time(s) |   tesing time(s)  |        Loss       |               recall               |                ndcg                |             precision              |             hit_ratio              |
+-------+-------------------+-------------------+-------------------+------------------------------------+------------------------------------+------------------------------------+------------------------------------+
|   70  | 66.33027791976929 | 35.34397315979004 | 59.32624053955078 | [0.08448772 0.11812868 0.14235129] | [0.1442237  0.16528876 0.17976225] | [0.05289872 0.03738362 0.03029395] | [0.56417041 0.66531583 0.724295  ] |
+-------+-------------------+-------------------+-------------------+------------------------------------+------------------------------------+------------------------------------+------------------------------------+
using time 66.0121s, training loss at epoch 71: 58.8996
using time 65.9440s, training loss at epoch 72: 58.9194
using time 65.7754s, training loss at epoch 73: 58.6396
using time 66.0634s, training loss at epoch 74: 58.1283
+-------+-------------------+-------------------+------------------+------------------------------------+------------------------------------+------------------------------------+------------------------------------+
| Epoch |  training time(s) |   tesing time(s)  |       Loss       |               recall               |                ndcg                |             precision              |             hit_ratio              |
+-------+-------------------+-------------------+------------------+------------------------------------+------------------------------------+------------------------------------+------------------------------------+
|   75  | 65.77266716957092 | 35.51129722595215 | 57.6932258605957 | [0.08503907 0.11882236 0.14333891] | [0.14514311 0.16628412 0.18094812] | [0.05323196 0.03757954 0.03050495] | [0.56631389 0.66779423 0.72603657] |
+-------+-------------------+-------------------+------------------+------------------------------------+------------------------------------+------------------------------------+------------------------------------+
using time 65.8453s, training loss at epoch 76: 57.5903
using time 65.8087s, training loss at epoch 77: 57.3850
using time 66.1439s, training loss at epoch 78: 57.0259
using time 65.6620s, training loss at epoch 79: 56.6614
+-------+-------------------+-------------------+-------------------+------------------------------------+------------------------------------+------------------------------------+------------------------------------+
| Epoch |  training time(s) |   tesing time(s)  |        Loss       |               recall               |                ndcg                |             precision              |             hit_ratio              |
+-------+-------------------+-------------------+-------------------+------------------------------------+------------------------------------+------------------------------------+------------------------------------+
|   80  | 65.91289520263672 | 35.19686794281006 | 56.44713592529297 | [0.08543044 0.11980624 0.14436888] | [0.14587358 0.16740642 0.18206876] | [0.05346976 0.03787176 0.03067129] | [0.56758658 0.67060754 0.72804608] |
+-------+-------------------+-------------------+-------------------+------------------------------------+------------------------------------+------------------------------------+------------------------------------+
using time 65.9744s, training loss at epoch 81: 56.0095
using time 65.6395s, training loss at epoch 82: 55.9128
using time 66.0305s, training loss at epoch 83: 55.6533
using time 65.8415s, training loss at epoch 84: 55.2789
+-------+-------------------+--------------------+-------------------+------------------------------------+------------------------------------+------------------------------------+------------------------------------+
| Epoch |  training time(s) |   tesing time(s)   |        Loss       |               recall               |                ndcg                |             precision              |             hit_ratio              |
+-------+-------------------+--------------------+-------------------+------------------------------------+------------------------------------+------------------------------------+------------------------------------+
|   85  | 65.98820233345032 | 35.498472929000854 | 54.92441940307617 | [0.08585674 0.12026245 0.14520632] | [0.14666956 0.16825009 0.18312007] | [0.05372597 0.03805178 0.03085214] | [0.56976355 0.67147833 0.7296202 ] |
+-------+-------------------+--------------------+-------------------+------------------------------------+------------------------------------+------------------------------------+------------------------------------+
using time 66.1376s, training loss at epoch 86: 54.8679
using time 65.9619s, training loss at epoch 87: 54.5624
using time 66.3795s, training loss at epoch 88: 54.4765
using time 65.9001s, training loss at epoch 89: 53.8789
+-------+-------------------+-------------------+-------------------+------------------------------------+------------------------------------+------------------------------------+------------------------------------+
| Epoch |  training time(s) |   tesing time(s)  |        Loss       |               recall               |                ndcg                |             precision              |             hit_ratio              |
+-------+-------------------+-------------------+-------------------+------------------------------------+------------------------------------+------------------------------------+------------------------------------+
|   90  | 65.98834490776062 | 35.55395436286926 | 53.68379211425781 | [0.08619042 0.12081338 0.14586457] | [0.14720984 0.16892079 0.18384652] | [0.05397213 0.03822845 0.03097272] | [0.57117021 0.67321991 0.73092638] |
+-------+-------------------+-------------------+-------------------+------------------------------------+------------------------------------+------------------------------------+------------------------------------+
using time 66.2071s, training loss at epoch 91: 53.4638
using time 65.9339s, training loss at epoch 92: 53.1717
using time 65.9702s, training loss at epoch 93: 52.8259
using time 65.9705s, training loss at epoch 94: 52.6767
+-------+-------------------+--------------------+-------------------+------------------------------------+------------------------------------+------------------------------------+------------------------------------+
| Epoch |  training time(s) |   tesing time(s)   |        Loss       |               recall               |                ndcg                |             precision              |             hit_ratio              |
+-------+-------------------+--------------------+-------------------+------------------------------------+------------------------------------+------------------------------------+------------------------------------+
|   95  | 65.75541162490845 | 35.478551149368286 | 52.57431411743164 | [0.08645704 0.12122137 0.14642163] | [0.14767328 0.16950866 0.1845439 ] | [0.05410945 0.03834651 0.03110501] | [0.57210798 0.67385625 0.73142876] |
+-------+-------------------+--------------------+-------------------+------------------------------------+------------------------------------+------------------------------------+------------------------------------+
using time 65.7474s, training loss at epoch 96: 52.2212
using time 65.8292s, training loss at epoch 97: 51.8292
using time 66.0643s, training loss at epoch 98: 51.5870
using time 65.7095s, training loss at epoch 99: 51.3496
+-------+-------------------+-------------------+------------------+------------------------------------+------------------------------------+------------------------------------+------------------------------------+
| Epoch |  training time(s) |   tesing time(s)  |       Loss       |               recall               |                ndcg                |             precision              |             hit_ratio              |
+-------+-------------------+-------------------+------------------+------------------------------------+------------------------------------+------------------------------------+------------------------------------+
|  100  | 66.18456625938416 | 35.73457098007202 | 51.2810173034668 | [0.08687134 0.12171226 0.14684774] | [0.14834022 0.17017977 0.18520399] | [0.05435227 0.03845033 0.03118706] | [0.57381606 0.67536339 0.73253399] |
+-------+-------------------+-------------------+------------------+------------------------------------+------------------------------------+------------------------------------+------------------------------------+
using time 65.9999s, training loss at epoch 101: 50.9200
using time 66.0646s, training loss at epoch 102: 50.8231
using time 65.9534s, training loss at epoch 103: 50.4218
using time 65.8278s, training loss at epoch 104: 50.2289
+-------+-------------------+------------------+-------------------+------------------------------------+------------------------------------+------------------------------------+------------------------------------+
| Epoch |  training time(s) |  tesing time(s)  |        Loss       |               recall               |                ndcg                |             precision              |             hit_ratio              |
+-------+-------------------+------------------+-------------------+------------------------------------+------------------------------------+------------------------------------+------------------------------------+
|  105  | 65.76379251480103 | 35.6262629032135 | 49.92948532104492 | [0.08735665 0.12215258 0.14730979] | [0.14898952 0.17082601 0.18586825] | [0.05459006 0.03859183 0.03129033] | [0.57475383 0.67630116 0.73387367] |
+-------+-------------------+------------------+-------------------+------------------------------------+------------------------------------+------------------------------------+------------------------------------+
using time 66.2271s, training loss at epoch 106: 49.9613
using time 66.1521s, training loss at epoch 107: 49.4395
using time 65.9113s, training loss at epoch 108: 49.2837
using time 66.1684s, training loss at epoch 109: 49.0678
+-------+-------------------+-------------------+--------------------+------------------------------------+------------------------------------+------------------------------------+------------------------------------+
| Epoch |  training time(s) |   tesing time(s)  |        Loss        |               recall               |                ndcg                |             precision              |             hit_ratio              |
+-------+-------------------+-------------------+--------------------+------------------------------------+------------------------------------+------------------------------------+------------------------------------+
|  110  | 65.85359501838684 | 35.55566716194153 | 48.847564697265625 | [0.0876692  0.12253078 0.14784261] | [0.14934297 0.17123406 0.18635143] | [0.05475752 0.03870738 0.03136959] | [0.57599303 0.67680354 0.73514636] |
+-------+-------------------+-------------------+--------------------+------------------------------------+------------------------------------+------------------------------------+------------------------------------+
using time 66.0956s, training loss at epoch 111: 48.5429
using time 65.7559s, training loss at epoch 112: 48.4556
using time 65.8381s, training loss at epoch 113: 48.1792
using time 65.8820s, training loss at epoch 114: 47.8938
+-------+-------------------+-------------------+-------------------+------------------------------------+------------------------------------+------------------------------------+------------------------------------+
| Epoch |  training time(s) |   tesing time(s)  |        Loss       |               recall               |                ndcg                |             precision              |             hit_ratio              |
+-------+-------------------+-------------------+-------------------+------------------------------------+------------------------------------+------------------------------------+------------------------------------+
|  115  | 66.23051571846008 | 35.78638553619385 | 47.84071731567383 | [0.08797867 0.12276589 0.14818301] | [0.14981289 0.17166635 0.18683463] | [0.05492665 0.03878525 0.03142206] | [0.57713176 0.67720544 0.73591667] |
+-------+-------------------+-------------------+-------------------+------------------------------------+------------------------------------+------------------------------------+------------------------------------+
using time 65.7809s, training loss at epoch 116: 47.5064
using time 66.1470s, training loss at epoch 117: 47.4145
using time 65.9552s, training loss at epoch 118: 47.0954
using time 65.9724s, training loss at epoch 119: 47.0083
+-------+-------------------+------------------+-------------------+------------------------------------+------------------------------------+------------------------------------+------------------------------------+
| Epoch |  training time(s) |  tesing time(s)  |        Loss       |               recall               |                ndcg                |             precision              |             hit_ratio              |
+-------+-------------------+------------------+-------------------+------------------------------------+------------------------------------+------------------------------------+------------------------------------+
|  120  | 65.58022952079773 | 35.7111930847168 | 46.51179122924805 | [0.08828825 0.12321456 0.1486882 ] | [0.15027505 0.1722084  0.18743585] | [0.05510081 0.03888907 0.03152812] | [0.57817    0.67908098 0.73692143] |
+-------+-------------------+------------------+-------------------+------------------------------------+------------------------------------+------------------------------------+------------------------------------+
using time 65.9221s, training loss at epoch 121: 46.5182
using time 65.7462s, training loss at epoch 122: 46.3382
using time 65.8385s, training loss at epoch 123: 45.8943
using time 66.0722s, training loss at epoch 124: 45.8782
+-------+-------------------+-------------------+--------------------+------------------------------------+------------------------------------+------------------------------------+------------------------------------+
| Epoch |  training time(s) |   tesing time(s)  |        Loss        |               recall               |                ndcg                |             precision              |             hit_ratio              |
+-------+-------------------+-------------------+--------------------+------------------------------------+------------------------------------+------------------------------------+------------------------------------+
|  125  | 65.91753339767456 | 35.36657691001892 | 45.442928314208984 | [0.08842792 0.12357435 0.14914585] | [0.15056081 0.1726374  0.1879251 ] | [0.0551611  0.03896778 0.03161353] | [0.57873937 0.68028669 0.73725635] |
+-------+-------------------+-------------------+--------------------+------------------------------------+------------------------------------+------------------------------------+------------------------------------+
using time 65.9124s, training loss at epoch 126: 45.5405
using time 65.8860s, training loss at epoch 127: 45.1377
using time 65.7317s, training loss at epoch 128: 45.2162
using time 66.3855s, training loss at epoch 129: 44.8434
+-------+-------------------+-------------------+--------------------+------------------------------------+------------------------------------+------------------------------------+------------------------------------+
| Epoch |  training time(s) |   tesing time(s)  |        Loss        |               recall               |                ndcg                |             precision              |             hit_ratio              |
+-------+-------------------+-------------------+--------------------+------------------------------------+------------------------------------+------------------------------------+------------------------------------+
|  130  | 65.62614822387695 | 35.81691789627075 | 44.634098052978516 | [0.08862693 0.1238797  0.1495629 ] | [0.15083868 0.17299306 0.18833756] | [0.05526994 0.03906072 0.03167214] | [0.57910778 0.68095653 0.73765825] |
+-------+-------------------+-------------------+--------------------+------------------------------------+------------------------------------+------------------------------------+------------------------------------+
using time 66.0553s, training loss at epoch 131: 44.5948
using time 66.0026s, training loss at epoch 132: 44.3134
using time 66.0392s, training loss at epoch 133: 44.2414
using time 66.1360s, training loss at epoch 134: 43.8450
+-------+------------------+-------------------+-------------------+------------------------------------+------------------------------------+------------------------------------+------------------------------------+
| Epoch | training time(s) |   tesing time(s)  |        Loss       |               recall               |                ndcg                |             precision              |             hit_ratio              |
+-------+------------------+-------------------+-------------------+------------------------------------+------------------------------------+------------------------------------+------------------------------------+
|  135  | 65.8893678188324 | 35.37146019935608 | 43.69853210449219 | [0.08888094 0.12420374 0.14970339] | [0.1511822  0.17339592 0.18863064] | [0.05537712 0.0391612  0.03168888] | [0.58007904 0.68186081 0.73789269] |
+-------+------------------+-------------------+-------------------+------------------------------------+------------------------------------+------------------------------------+------------------------------------+
using time 66.1788s, training loss at epoch 136: 43.5199
using time 65.9046s, training loss at epoch 137: 43.4656
using time 66.0966s, training loss at epoch 138: 43.1608
using time 66.2769s, training loss at epoch 139: 43.0520
+-------+-------------------+-------------------+-------------------+------------------------------------+------------------------------------+------------------------------------+------------------------------------+
| Epoch |  training time(s) |   tesing time(s)  |        Loss       |               recall               |                ndcg                |             precision              |             hit_ratio              |
+-------+-------------------+-------------------+-------------------+------------------------------------+------------------------------------+------------------------------------+------------------------------------+
|  140  | 65.78849816322327 | 35.92823553085327 | 42.83686065673828 | [0.08900007 0.1245437  0.15005825] | [0.15141914 0.1738007  0.18904122] | [0.05541731 0.03925497 0.03175642] | [0.57997857 0.68263112 0.73906491] |
+-------+-------------------+-------------------+-------------------+------------------------------------+------------------------------------+------------------------------------+------------------------------------+
using time 66.1646s, training loss at epoch 141: 42.7944
using time 65.7734s, training loss at epoch 142: 42.4647
using time 65.6327s, training loss at epoch 143: 42.3992
using time 65.9591s, training loss at epoch 144: 42.1073
+-------+-------------------+-------------------+--------------------+------------------------------------+------------------------------------+------------------------------------+------------------------------------+
| Epoch |  training time(s) |   tesing time(s)  |        Loss        |               recall               |                ndcg                |             precision              |             hit_ratio              |
+-------+-------------------+-------------------+--------------------+------------------------------------+------------------------------------+------------------------------------+------------------------------------+
|  145  | 66.70407223701477 | 35.92484974861145 | 41.883609771728516 | [0.08914038 0.12480758 0.15023008] | [0.15166669 0.17410452 0.18934225] | [0.05550941 0.03929851 0.03180666] | [0.58031348 0.68303302 0.73963427] |
+-------+-------------------+-------------------+--------------------+------------------------------------+------------------------------------+------------------------------------+------------------------------------+
using time 66.0665s, training loss at epoch 146: 41.7979
using time 66.0382s, training loss at epoch 147: 41.6484
using time 66.0165s, training loss at epoch 148: 41.4537
using time 65.8372s, training loss at epoch 149: 41.4086
+-------+-------------------+-------------------+-------------------+------------------------------------+------------------------------------+------------------------------------+------------------------------------+
| Epoch |  training time(s) |   tesing time(s)  |        Loss       |               recall               |                ndcg                |             precision              |             hit_ratio              |
+-------+-------------------+-------------------+-------------------+------------------------------------+------------------------------------+------------------------------------+------------------------------------+
|  150  | 65.81982183456421 | 35.90388464927673 | 41.09824752807617 | [0.08924875 0.12520066 0.15052262] | [0.15183969 0.17445676 0.18963692] | [0.05557974 0.0393881  0.03185076] | [0.58141872 0.68413825 0.74060553] |
+-------+-------------------+-------------------+-------------------+------------------------------------+------------------------------------+------------------------------------+------------------------------------+
using time 66.0670s, training loss at epoch 151: 40.8967
using time 68.0619s, training loss at epoch 152: 40.6927
using time 75.7065s, training loss at epoch 153: 40.6059
using time 69.0224s, training loss at epoch 154: 40.5214
+-------+-------------------+-------------------+-------------------+------------------------------------+------------------------------------+------------------------------------+------------------------------------+
| Epoch |  training time(s) |   tesing time(s)  |        Loss       |               recall               |                ndcg                |             precision              |             hit_ratio              |
+-------+-------------------+-------------------+-------------------+------------------------------------+------------------------------------+------------------------------------+------------------------------------+
|  155  | 69.25941610336304 | 36.05874037742615 | 40.26815414428711 | [0.0893849  0.12547151 0.15069384] | [0.15215501 0.17485076 0.18998574] | [0.05563501 0.03945006 0.03188537] | [0.58138522 0.68527698 0.7407395 ] |
+-------+-------------------+-------------------+-------------------+------------------------------------+------------------------------------+------------------------------------+------------------------------------+
using time 74.3618s, training loss at epoch 156: 40.1739
using time 69.0149s, training loss at epoch 157: 39.9162
using time 68.7726s, training loss at epoch 158: 39.7838
using time 75.1333s, training loss at epoch 159: 39.6589
+-------+-------------------+-------------------+-------------------+------------------------------------+------------------------------------+------------------------------------+------------------------------------+
| Epoch |  training time(s) |   tesing time(s)  |        Loss       |               recall               |                ndcg                |             precision              |             hit_ratio              |
+-------+-------------------+-------------------+-------------------+------------------------------------+------------------------------------+------------------------------------+------------------------------------+
|  160  | 68.97099995613098 | 35.94746518135071 | 39.63811492919922 | [0.08955201 0.12575594 0.15088636] | [0.15234088 0.17512109 0.19018683] | [0.05571204 0.0395137  0.03189653] | [0.58178713 0.68587983 0.74140934] |
+-------+-------------------+-------------------+-------------------+------------------------------------+------------------------------------+------------------------------------+------------------------------------+
using time 69.5847s, training loss at epoch 161: 39.3791
using time 74.2658s, training loss at epoch 162: 39.3423
using time 69.1109s, training loss at epoch 163: 39.1041
using time 69.1535s, training loss at epoch 164: 38.9519
+-------+-------------------+-------------------+--------------------+------------------------------------+------------------------------------+------------------------------------+------------------------------------+
| Epoch |  training time(s) |   tesing time(s)  |        Loss        |               recall               |                ndcg                |             precision              |             hit_ratio              |
+-------+-------------------+-------------------+--------------------+------------------------------------+------------------------------------+------------------------------------+------------------------------------+
|  165  | 71.24448037147522 | 52.97166657447815 | 38.698299407958984 | [0.08962185 0.1260053  0.15114738] | [0.15250392 0.17538057 0.19045307] | [0.05577567 0.03956059 0.03194119] | [0.58168665 0.6868176  0.74224663] |
+-------+-------------------+-------------------+--------------------+------------------------------------+------------------------------------+------------------------------------+------------------------------------+
using time 69.1181s, training loss at epoch 166: 38.7135
using time 69.3462s, training loss at epoch 167: 38.5409
using time 71.5896s, training loss at epoch 168: 38.3465
using time 72.3979s, training loss at epoch 169: 38.0750
+-------+-------------------+-------------------+-------------------+------------------------------------+------------------------------------+------------------------------------+------------------------------------+
| Epoch |  training time(s) |   tesing time(s)  |        Loss       |               recall               |                ndcg                |             precision              |             hit_ratio              |
+-------+-------------------+-------------------+-------------------+------------------------------------+------------------------------------+------------------------------------+------------------------------------+
|  170  | 69.18895721435547 | 36.11263084411621 | 37.99711227416992 | [0.08957592 0.12602594 0.15122327] | [0.15264143 0.17557712 0.19067494] | [0.055774   0.03957231 0.03194286] | [0.58195459 0.68661665 0.7423806 ] |
+-------+-------------------+-------------------+-------------------+------------------------------------+------------------------------------+------------------------------------+------------------------------------+
using time 71.7025s, training loss at epoch 171: 37.9316
using time 71.4754s, training loss at epoch 172: 37.7042
using time 69.0479s, training loss at epoch 173: 37.5004
using time 69.0113s, training loss at epoch 174: 37.4645
+-------+-------------------+--------------------+------------------+------------------------------------+------------------------------------+------------------------------------+------------------------------------+
| Epoch |  training time(s) |   tesing time(s)   |       Loss       |               recall               |                ndcg                |             precision              |             hit_ratio              |
+-------+-------------------+--------------------+------------------+------------------------------------+------------------------------------+------------------------------------+------------------------------------+
|  175  | 74.16710376739502 | 36.214800119400024 | 37.3790168762207 | [0.08973141 0.12611265 0.15139334] | [0.15287231 0.17576769 0.19089387] | [0.05586275 0.03960161 0.03195068] | [0.58235649 0.68644919 0.7427825 ] |
+-------+-------------------+--------------------+------------------+------------------------------------+------------------------------------+------------------------------------+------------------------------------+
using time 69.3620s, training loss at epoch 176: 37.2840
using time 69.2505s, training loss at epoch 177: 37.0543
using time 74.1882s, training loss at epoch 178: 37.0079
using time 69.5413s, training loss at epoch 179: 36.7436
+-------+-------------------+-------------------+-------------------+------------------------------------+------------------------------------+------------------------------------+------------------------------------+
| Epoch |  training time(s) |   tesing time(s)  |        Loss       |               recall               |                ndcg                |             precision              |             hit_ratio              |
+-------+-------------------+-------------------+-------------------+------------------------------------+------------------------------------+------------------------------------+------------------------------------+
|  180  | 68.85063195228577 | 35.79047131538391 | 36.67185592651367 | [0.08980363 0.12622199 0.15164708] | [0.15287923 0.17580887 0.19101469] | [0.05587112 0.03962087 0.03198249] | [0.582323   0.68735347 0.74318441] |
+-------+-------------------+-------------------+-------------------+------------------------------------+------------------------------------+------------------------------------+------------------------------------+
using time 73.9265s, training loss at epoch 181: 36.5614
using time 69.0240s, training loss at epoch 182: 36.3052
using time 69.0519s, training loss at epoch 183: 36.2502
using time 74.4382s, training loss at epoch 184: 36.0897
+-------+------------------+-------------------+------------------+------------------------------------+------------------------------------+------------------------------------+------------------------------------+
| Epoch | training time(s) |   tesing time(s)  |       Loss       |               recall               |                ndcg                |             precision              |             hit_ratio              |
+-------+------------------+-------------------+------------------+------------------------------------+------------------------------------+------------------------------------+------------------------------------+
|  185  | 69.2820794582367 | 36.31765866279602 | 36.0543098449707 | [0.08990478 0.12643124 0.15159872] | [0.15314975 0.17613527 0.19121194] | [0.05594146 0.03967278 0.03198194] | [0.58322728 0.68755442 0.74365329] |
+-------+------------------+-------------------+------------------+------------------------------------+------------------------------------+------------------------------------+------------------------------------+
using time 68.7886s, training loss at epoch 186: 35.8102
using time 74.6399s, training loss at epoch 187: 35.6026
using time 69.2187s, training loss at epoch 188: 35.6514
using time 69.3031s, training loss at epoch 189: 35.4720
+-------+-------------------+-------------------+--------------------+------------------------------------+------------------------------------+------------------------------------+------------------------------------+
| Epoch |  training time(s) |   tesing time(s)  |        Loss        |               recall               |                ndcg                |             precision              |             hit_ratio              |
+-------+-------------------+-------------------+--------------------+------------------------------------+------------------------------------+------------------------------------+------------------------------------+
|  190  | 70.13376212120056 | 51.99769473075867 | 35.388221740722656 | [0.08988517 0.12624866 0.1515272 ] | [0.15304755 0.17594814 0.19107928] | [0.05589457 0.0396058  0.03194063] | [0.5835287  0.68738696 0.74308393] |
+-------+-------------------+-------------------+--------------------+------------------------------------+------------------------------------+------------------------------------+------------------------------------+
using time 69.5216s, training loss at epoch 191: 35.1873
using time 69.2321s, training loss at epoch 192: 35.0658
using time 70.8758s, training loss at epoch 193: 34.9598
using time 71.7061s, training loss at epoch 194: 35.0133
+-------+-------------------+--------------------+---------------+------------------------------------+------------------------------------+------------------------------------+------------------------------------+
| Epoch |  training time(s) |   tesing time(s)   |      Loss     |               recall               |                ndcg                |             precision              |             hit_ratio              |
+-------+-------------------+--------------------+---------------+------------------------------------+------------------------------------+------------------------------------+------------------------------------+
|  195  | 69.12021827697754 | 36.380430698394775 | 34.7060546875 | [0.09006313 0.12649465 0.15173731] | [0.15310598 0.17605888 0.19116431] | [0.05591801 0.03964264 0.03195626] | [0.58403108 0.68775538 0.7432179 ] |
+-------+-------------------+--------------------+---------------+------------------------------------+------------------------------------+------------------------------------+------------------------------------+
using time 71.6326s, training loss at epoch 196: 34.6883
using time 71.6998s, training loss at epoch 197: 34.3864
using time 69.1800s, training loss at epoch 198: 34.3709
using time 69.1064s, training loss at epoch 199: 34.1907
+-------+-------------------+-------------------+--------------------+------------------------------------+------------------------------------+------------------------------------+------------------------------------+
| Epoch |  training time(s) |   tesing time(s)  |        Loss        |               recall               |                ndcg                |             precision              |             hit_ratio              |
+-------+-------------------+-------------------+--------------------+------------------------------------+------------------------------------+------------------------------------+------------------------------------+
|  200  | 75.12690830230713 | 35.91157054901123 | 34.242637634277344 | [0.09002967 0.12645149 0.15184076] | [0.15309268 0.17605872 0.19124592] | [0.05588787 0.03962255 0.03197524] | [0.58409806 0.68855918 0.74305044] |
+-------+-------------------+-------------------+--------------------+------------------------------------+------------------------------------+------------------------------------+------------------------------------+
using time 69.2197s, training loss at epoch 201: 34.1386
using time 69.0241s, training loss at epoch 202: 33.9518
using time 74.1840s, training loss at epoch 203: 33.8764
using time 69.1246s, training loss at epoch 204: 33.7095
+-------+-------------------+-------------------+-------------------+------------------------------------+------------------------------------+------------------------------------+------------------------------------+
| Epoch |  training time(s) |   tesing time(s)  |        Loss       |               recall               |                ndcg                |             precision              |             hit_ratio              |
+-------+-------------------+-------------------+-------------------+------------------------------------+------------------------------------+------------------------------------+------------------------------------+
|  205  | 68.83859157562256 | 36.45922112464905 | 33.81317901611328 | [0.09016289 0.12645602 0.15178472] | [0.15320991 0.17610397 0.19125304] | [0.05592638 0.03961669 0.03195235] | [0.58426552 0.68792283 0.74271552] |
+-------+-------------------+-------------------+-------------------+------------------------------------+------------------------------------+------------------------------------+------------------------------------+
using time 73.9886s, training loss at epoch 206: 33.4297
using time 68.6479s, training loss at epoch 207: 33.2778
using time 69.2263s, training loss at epoch 208: 33.2686
using time 74.6337s, training loss at epoch 209: 33.2462
+-------+-------------------+--------------------+----------------+------------------------------------+------------------------------------+------------------------------------+------------------------------------+
| Epoch |  training time(s) |   tesing time(s)   |      Loss      |               recall               |                ndcg                |             precision              |             hit_ratio              |
+-------+-------------------+--------------------+----------------+------------------------------------+------------------------------------+------------------------------------+------------------------------------+
|  210  | 69.09050679206848 | 36.332067251205444 | 32.94287109375 | [0.09033627 0.126596   0.15175074] | [0.15336143 0.17621017 0.19126318] | [0.05603858 0.03965688 0.0319557 ] | [0.58506933 0.68876013 0.7427825 ] |
+-------+-------------------+--------------------+----------------+------------------------------------+------------------------------------+------------------------------------+------------------------------------+
using time 68.8478s, training loss at epoch 211: 33.0439
using time 74.3961s, training loss at epoch 212: 32.8437
using time 68.8491s, training loss at epoch 213: 32.6224
using time 68.8959s, training loss at epoch 214: 32.5865
+-------+-------------------+-------------------+-------------------+------------------------------------+------------------------------------+------------------------------------+------------------------------------+
| Epoch |  training time(s) |   tesing time(s)  |        Loss       |               recall               |                ndcg                |             precision              |             hit_ratio              |
+-------+-------------------+-------------------+-------------------+------------------------------------+------------------------------------+------------------------------------+------------------------------------+
|  215  | 70.66250228881836 | 49.03763127326965 | 32.61997985839844 | [0.09035037 0.12669726 0.15184701] | [0.15342685 0.17630049 0.19134774] | [0.05604696 0.0396259  0.03193337] | [0.58470092 0.68916203 0.742816  ] |
+-------+-------------------+-------------------+-------------------+------------------------------------+------------------------------------+------------------------------------+------------------------------------+
using time 68.7408s, training loss at epoch 216: 32.3838
using time 69.0605s, training loss at epoch 217: 32.2019
using time 70.4600s, training loss at epoch 218: 32.1930
using time 72.0043s, training loss at epoch 219: 32.0525
+-------+-------------------+-------------------+-------------------+------------------------------------+------------------------------------+------------------------------------+------------------------------------+
| Epoch |  training time(s) |   tesing time(s)  |        Loss       |               recall               |                ndcg                |             precision              |             hit_ratio              |
+-------+-------------------+-------------------+-------------------+------------------------------------+------------------------------------+------------------------------------+------------------------------------+
|  220  | 69.04949808120728 | 36.08420443534851 | 32.12307357788086 | [0.0903464  0.12665905 0.15193912] | [0.15343867 0.17631357 0.19143247] | [0.05603691 0.03964264 0.03196798] | [0.58460044 0.68852569 0.74395472] |
+-------+-------------------+-------------------+-------------------+------------------------------------+------------------------------------+------------------------------------+------------------------------------+
using time 70.7458s, training loss at epoch 221: 32.0495
using time 71.8884s, training loss at epoch 222: 31.8726
using time 68.7382s, training loss at epoch 223: 31.8207
using time 68.9803s, training loss at epoch 224: 31.7340
+-------+-------------------+-------------------+--------------------+------------------------------------+------------------------------------+------------------------------------+------------------------------------+
| Epoch |  training time(s) |   tesing time(s)  |        Loss        |               recall               |                ndcg                |             precision              |             hit_ratio              |
+-------+-------------------+-------------------+--------------------+------------------------------------+------------------------------------+------------------------------------+------------------------------------+
|  225  | 73.02701807022095 | 36.60254168510437 | 31.573274612426758 | [0.09049455 0.12673352 0.15194596] | [0.15349968 0.17632455 0.19140943] | [0.05606035 0.03963594 0.03195682] | [0.5852033  0.6888941  0.74422265] |
+-------+-------------------+-------------------+--------------------+------------------------------------+------------------------------------+------------------------------------+------------------------------------+
using time 69.2653s, training loss at epoch 226: 31.3961
using time 68.7888s, training loss at epoch 227: 31.3163
using time 73.5574s, training loss at epoch 228: 31.3066
using time 69.3041s, training loss at epoch 229: 31.1201
+-------+-------------------+--------------------+--------------------+------------------------------------+------------------------------------+------------------------------------+------------------------------------+
| Epoch |  training time(s) |   tesing time(s)   |        Loss        |               recall               |                ndcg                |             precision              |             hit_ratio              |
+-------+-------------------+--------------------+--------------------+------------------------------------+------------------------------------+------------------------------------+------------------------------------+
|  230  | 69.10201048851013 | 36.312451124191284 | 31.098445892333984 | [0.09035335 0.1267874  0.15197645] | [0.15340369 0.17634972 0.19142813] | [0.05603858 0.03963176 0.03195068] | [0.58500234 0.68939648 0.74375377] |
+-------+-------------------+--------------------+--------------------+------------------------------------+------------------------------------+------------------------------------+------------------------------------+
using time 74.0785s, training loss at epoch 231: 30.8811
using time 68.9673s, training loss at epoch 232: 30.7108
using time 69.3311s, training loss at epoch 233: 30.7934
using time 74.1117s, training loss at epoch 234: 30.5972
+-------+------------------+-------------------+--------------------+------------------------------------+------------------------------------+------------------------------------+------------------------------------+
| Epoch | training time(s) |   tesing time(s)  |        Loss        |               recall               |                ndcg                |             precision              |             hit_ratio              |
+-------+------------------+-------------------+--------------------+------------------------------------+------------------------------------+------------------------------------+------------------------------------+
|  235  | 69.1487033367157 | 36.30089735984802 | 30.584030151367188 | [0.09050768 0.12677958 0.15209865] | [0.15362773 0.17647014 0.19161531] | [0.0560838  0.03962757 0.0319691 ] | [0.58500234 0.68936298 0.74449059] |
+-------+------------------+-------------------+--------------------+------------------------------------+------------------------------------+------------------------------------+------------------------------------+
using time 68.6671s, training loss at epoch 236: 30.5408
using time 74.4576s, training loss at epoch 237: 30.3885
using time 68.8318s, training loss at epoch 238: 30.3453
using time 69.1852s, training loss at epoch 239: 30.2481
+-------+-------------------+-------------------+--------------------+------------------------------------+------------------------------------+------------------------------------+------------------------------------+
| Epoch |  training time(s) |   tesing time(s)  |        Loss        |               recall               |                ndcg                |             precision              |             hit_ratio              |
+-------+-------------------+-------------------+--------------------+------------------------------------+------------------------------------+------------------------------------+------------------------------------+
|  240  | 69.64540457725525 | 53.25665354728699 | 30.169151306152344 | [0.09061227 0.12667726 0.15198678] | [0.15366809 0.17638596 0.19153119] | [0.05610892 0.03958738 0.03193896] | [0.58570567 0.689296   0.74408869] |
+-------+-------------------+-------------------+--------------------+------------------------------------+------------------------------------+------------------------------------+------------------------------------+
using time 69.2723s, training loss at epoch 241: 30.0237
using time 69.2077s, training loss at epoch 242: 30.0321
using time 70.3957s, training loss at epoch 243: 29.9148
using time 72.7296s, training loss at epoch 244: 29.8368
+-------+-------------------+--------------------+--------------------+------------------------------------+------------------------------------+---------------------------------+------------------------------------+
| Epoch |  training time(s) |   tesing time(s)   |        Loss        |               recall               |                ndcg                |            precision            |             hit_ratio              |
+-------+-------------------+--------------------+--------------------+------------------------------------+------------------------------------+---------------------------------+------------------------------------+
|  245  | 68.82534766197205 | 36.436558961868286 | 29.677688598632812 | [0.0905779  0.12684878 0.15189544] | [0.15366394 0.17651207 0.19150779] | [0.0560637 0.0396058 0.0319116] | [0.58523679 0.68896108 0.74418916] |
+-------+-------------------+--------------------+--------------------+------------------------------------+------------------------------------+---------------------------------+------------------------------------+
using time 71.1406s, training loss at epoch 246: 29.6470
using time 73.0571s, training loss at epoch 247: 29.4661
using time 69.1491s, training loss at epoch 248: 29.3865
using time 69.1737s, training loss at epoch 249: 29.3326
+-------+------------------+-------------------+--------------------+------------------------------------+------------------------------------+------------------------------------+------------------------------------+
| Epoch | training time(s) |   tesing time(s)  |        Loss        |               recall               |                ndcg                |             precision              |             hit_ratio              |
+-------+------------------+-------------------+--------------------+------------------------------------+------------------------------------+------------------------------------+------------------------------------+
|  250  | 73.8907105922699 | 36.23345947265625 | 29.344276428222656 | [0.09053318 0.12678967 0.1517914 ] | [0.15362768 0.17647087 0.19143798] | [0.05602854 0.03957398 0.03188369] | [0.58543774 0.68859267 0.74378726] |
+-------+------------------+-------------------+--------------------+------------------------------------+------------------------------------+------------------------------------+------------------------------------+
using time 69.1406s, training loss at epoch 251: 29.2817
using time 69.4856s, training loss at epoch 252: 29.1993
using time 73.3203s, training loss at epoch 253: 29.0938
using time 69.1697s, training loss at epoch 254: 28.9542
+-------+-------------------+-------------------+-------------------+------------------------------------+------------------------------------+------------------------------------+------------------------------------+
| Epoch |  training time(s) |   tesing time(s)  |        Loss       |               recall               |                ndcg                |             precision              |             hit_ratio              |
+-------+-------------------+-------------------+-------------------+------------------------------------+------------------------------------+------------------------------------+------------------------------------+
|  255  | 68.83963060379028 | 36.07184410095215 | 29.00193977355957 | [0.09049569 0.12675712 0.15177632] | [0.15362834 0.17645986 0.19145721] | [0.05599337 0.03953296 0.03187365] | [0.58523679 0.68865966 0.74365329] |
+-------+-------------------+-------------------+-------------------+------------------------------------+------------------------------------+------------------------------------+------------------------------------+
using time 73.3998s, training loss at epoch 256: 28.8274
using time 69.1425s, training loss at epoch 257: 28.7159
using time 69.0837s, training loss at epoch 258: 28.7364
using time 73.4953s, training loss at epoch 259: 28.5595
+-------+-------------------+-------------------+--------------------+------------------------------------+------------------------------------+------------------------------------+------------------------------------+
| Epoch |  training time(s) |   tesing time(s)  |        Loss        |               recall               |                ndcg                |             precision              |             hit_ratio              |
+-------+-------------------+-------------------+--------------------+------------------------------------+------------------------------------+------------------------------------+------------------------------------+
|  260  | 69.24321413040161 | 36.10199570655823 | 28.475801467895508 | [0.09048564 0.12672028 0.15175155] | [0.15356434 0.17635532 0.19137708] | [0.05598834 0.03948607 0.03185188] | [0.58503584 0.68882712 0.7436198 ] |
+-------+-------------------+-------------------+--------------------+------------------------------------+------------------------------------+------------------------------------+------------------------------------+
using time 69.2706s, training loss at epoch 261: 28.3666
using time 74.1596s, training loss at epoch 262: 28.4129
using time 68.6593s, training loss at epoch 263: 28.2793
using time 68.7295s, training loss at epoch 264: 28.3187
+-------+-------------------+--------------------+-------------------+------------------------------------+------------------------------------+------------------------------------+------------------------------------+
| Epoch |  training time(s) |   tesing time(s)   |        Loss       |               recall               |                ndcg                |             precision              |             hit_ratio              |
+-------+-------------------+--------------------+-------------------+------------------------------------+------------------------------------+------------------------------------+------------------------------------+
|  265  | 69.26871848106384 | 54.289010524749756 | 28.21599769592285 | [0.09032135 0.12662264 0.15162499] | [0.15321955 0.17609177 0.19109633] | [0.0558661  0.03946848 0.03183122] | [0.584366   0.68872664 0.74325139] |
+-------+-------------------+--------------------+-------------------+------------------------------------+------------------------------------+------------------------------------+------------------------------------+
using time 69.1051s, training loss at epoch 266: 28.1234
using time 69.1232s, training loss at epoch 267: 28.0406
using time 70.2715s, training loss at epoch 268: 27.9570
using time 73.6218s, training loss at epoch 269: 27.9889
+-------+------------------+-------------------+-------------------+------------------------------------+------------------------------------+------------------------------------+------------------------------------+
| Epoch | training time(s) |   tesing time(s)  |        Loss       |               recall               |                ndcg                |             precision              |             hit_ratio              |
+-------+------------------+-------------------+-------------------+------------------------------------+------------------------------------+------------------------------------+------------------------------------+
|  270  | 68.8851113319397 | 36.10702061653137 | 27.72345733642578 | [0.09034207 0.12659114 0.15163488] | [0.15334046 0.17619938 0.19121636] | [0.05584935 0.03946262 0.03181838] | [0.58406457 0.68778887 0.7427825 ] |
+-------+------------------+-------------------+-------------------+------------------------------------+------------------------------------+------------------------------------+------------------------------------+
using time 70.3278s, training loss at epoch 271: 27.6905
using time 72.2454s, training loss at epoch 272: 27.6931
using time 69.3371s, training loss at epoch 273: 27.4420
using time 68.7804s, training loss at epoch 274: 27.3316
+-------+-------------------+-------------------+--------------------+------------------------------------+------------------------------------+------------------------------------+------------------------------------+
| Epoch |  training time(s) |   tesing time(s)  |        Loss        |               recall               |                ndcg                |             precision              |             hit_ratio              |
+-------+-------------------+-------------------+--------------------+------------------------------------+------------------------------------+------------------------------------+------------------------------------+
|  275  | 73.53277254104614 | 36.00987386703491 | 27.386211395263672 | [0.09029922 0.12651694 0.15152259] | [0.15326529 0.17609292 0.19108031] | [0.05583093 0.03942997 0.0317821 ] | [0.58379664 0.68792283 0.74318441] |
+-------+-------------------+-------------------+--------------------+------------------------------------+------------------------------------+------------------------------------+------------------------------------+
using time 68.7219s, training loss at epoch 276: 27.3474
using time 69.4895s, training loss at epoch 277: 27.3528
using time 74.0006s, training loss at epoch 278: 27.1627
using time 69.0576s, training loss at epoch 279: 27.1666
+-------+-------------------+-------------------+--------------------+------------------------------------+------------------------------------+------------------------------------+------------------------------------+
| Epoch |  training time(s) |   tesing time(s)  |        Loss        |               recall               |                ndcg                |             precision              |             hit_ratio              |
+-------+-------------------+-------------------+--------------------+------------------------------------+------------------------------------+------------------------------------+------------------------------------+
|  280  | 69.07180833816528 | 35.96942853927612 | 27.049863815307617 | [0.0902726  0.12647622 0.15136846] | [0.15318321 0.17600348 0.19092575] | [0.05579074 0.03939313 0.03172796] | [0.58403108 0.68798982 0.74294996] |
+-------+-------------------+-------------------+--------------------+------------------------------------+------------------------------------+------------------------------------+------------------------------------+
using time 74.2545s, training loss at epoch 281: 26.9747
using time 68.7051s, training loss at epoch 282: 26.9302
using time 69.2243s, training loss at epoch 283: 26.8419
using time 72.5693s, training loss at epoch 284: 26.8176
+-------+-------------------+-------------------+--------------------+------------------------------------+------------------------------------+------------------------------------+------------------------------------+
| Epoch |  training time(s) |   tesing time(s)  |        Loss        |               recall               |                ndcg                |             precision              |             hit_ratio              |
+-------+-------------------+-------------------+--------------------+------------------------------------+------------------------------------+------------------------------------+------------------------------------+
|  285  | 69.79898428916931 | 36.53218722343445 | 26.727367401123047 | [0.09031445 0.1264681  0.15125993] | [0.1531724  0.17598145 0.1908459 ] | [0.05576897 0.03939313 0.03171177] | [0.58403108 0.68802331 0.74234711] |
+-------+-------------------+-------------------+--------------------+------------------------------------+------------------------------------+------------------------------------+------------------------------------+
using time 68.9579s, training loss at epoch 286: 26.6704
using time 73.1894s, training loss at epoch 287: 26.5650
using time 69.1595s, training loss at epoch 288: 26.5469
using time 68.5677s, training loss at epoch 289: 26.5097
+-------+-------------------+-------------------+-------------------+------------------------------------+------------------------------------+------------------------------------+------------------------------------+
| Epoch |  training time(s) |   tesing time(s)  |        Loss       |               recall               |                ndcg                |             precision              |             hit_ratio              |
+-------+-------------------+-------------------+-------------------+------------------------------------+------------------------------------+------------------------------------+------------------------------------+
|  290  | 69.06541204452515 | 57.60814905166626 | 26.38913917541504 | [0.09038186 0.12622674 0.15137047] | [0.15321073 0.17587462 0.19092813] | [0.05572543 0.0393387  0.0317207 ] | [0.58446647 0.68798982 0.74301695] |
+-------+-------------------+-------------------+-------------------+------------------------------------+------------------------------------+------------------------------------+------------------------------------+
Early stopping is trigger at step: 10 log:0.09038185654739563
early stopping at 290, recall@20:0.0906
