nohup python main_bgcf.py --dataset gowalla --gnn lightgcn --dim 64 --lr 0.001 --batch_size 4096 --gpu_id 0 --context_hops 3 --pool mean --ns mixgcf --K 1 --n_negs 16 &
final embedding = [observed graph embedding || sampled graph embedding]

reading train and test user-item set ...
building the adj mat ...
loading over ...
reading train and test user-item set ...
building the adj mat ...
loading over ...
start training ...
+-------+-------------------+-------------------+--------------------+------------------------------------+------------------------------------+------------------------------------+------------------------------------+
| Epoch |  training time(s) |   tesing time(s)  |        Loss        |               recall               |                ndcg                |             precision              |             hit_ratio              |
+-------+-------------------+-------------------+--------------------+------------------------------------+------------------------------------+------------------------------------+------------------------------------+
|   0   | 64.37075161933899 | 34.13805532455444 | 136.59791564941406 | [0.02044211 0.02798251 0.03543474] | [0.03329856 0.03792812 0.04238132] | [0.01380702 0.00962472 0.0080827 ] | [0.20239132 0.25329895 0.30219707] |
+-------+-------------------+-------------------+--------------------+------------------------------------+------------------------------------+------------------------------------+------------------------------------+
using time 62.8937s, training loss at epoch 1: 135.0329
using time 63.0702s, training loss at epoch 2: 131.9441
using time 62.6411s, training loss at epoch 3: 129.0290
using time 62.6377s, training loss at epoch 4: 126.5358
+-------+-------------------+-------------------+--------------------+------------------------------------+------------------------------------+------------------------------------+------------------------------------+
| Epoch |  training time(s) |   tesing time(s)  |        Loss        |               recall               |                ndcg                |             precision              |             hit_ratio              |
+-------+-------------------+-------------------+--------------------+------------------------------------+------------------------------------+------------------------------------+------------------------------------+
|   5   | 62.77216362953186 | 34.68489742279053 | 124.72479248046875 | [0.05867844 0.08357388 0.10232976] | [0.09946736 0.11496137 0.12618181] | [0.03730491 0.02670139 0.02196173] | [0.44959475 0.55405586 0.61410677] |
+-------+-------------------+-------------------+--------------------+------------------------------------+------------------------------------+------------------------------------+------------------------------------+
using time 62.7646s, training loss at epoch 6: 123.1500
using time 62.5333s, training loss at epoch 7: 121.7200
using time 62.2489s, training loss at epoch 8: 120.3823
using time 62.7573s, training loss at epoch 9: 119.1076
+-------+-------------------+-------------------+--------------------+------------------------------------+------------------------------------+------------------------------------+------------------------------------+
| Epoch |  training time(s) |   tesing time(s)  |        Loss        |               recall               |                ndcg                |             precision              |             hit_ratio              |
+-------+-------------------+-------------------+--------------------+------------------------------------+------------------------------------+------------------------------------+------------------------------------+
|   10  | 63.34737682342529 | 34.67824363708496 | 117.83367919921875 | [0.06096382 0.08638081 0.10655281] | [0.10439209 0.12021777 0.13225109] | [0.03886396 0.02773545 0.02292797] | [0.46439815 0.56681626 0.63021636] |
+-------+-------------------+-------------------+--------------------+------------------------------------+------------------------------------+------------------------------------+------------------------------------+
using time 62.5393s, training loss at epoch 11: 116.6625
using time 62.9037s, training loss at epoch 12: 115.5061
using time 62.4657s, training loss at epoch 13: 114.4139
using time 62.9860s, training loss at epoch 14: 113.3636
+-------+-------------------+--------------------+--------------------+------------------------------------+------------------------------------+------------------------------------+------------------------------------+
| Epoch |  training time(s) |   tesing time(s)   |        Loss        |               recall               |                ndcg                |             precision              |             hit_ratio              |
+-------+-------------------+--------------------+--------------------+------------------------------------+------------------------------------+------------------------------------+------------------------------------+
|   15  | 62.98563361167908 | 35.383636236190796 | 112.38691711425781 | [0.06250707 0.08844344 0.10826282] | [0.10724536 0.12337338 0.13523403] | [0.03979168 0.0284078  0.0233522 ] | [0.47246969 0.57672985 0.63855583] |
+-------+-------------------+--------------------+--------------------+------------------------------------+------------------------------------+------------------------------------+------------------------------------+
using time 62.7013s, training loss at epoch 16: 111.4132
using time 62.8041s, training loss at epoch 17: 110.4483
using time 63.0477s, training loss at epoch 18: 109.5363
using time 62.6641s, training loss at epoch 19: 108.6660
+-------+-------------------+--------------------+--------------------+------------------------------------+------------------------------------+------------------------------------+------------------------------------+
| Epoch |  training time(s) |   tesing time(s)   |        Loss        |               recall               |                ndcg                |             precision              |             hit_ratio              |
+-------+-------------------+--------------------+--------------------+------------------------------------+------------------------------------+------------------------------------+------------------------------------+
|   20  | 62.89452886581421 | 35.325746297836304 | 107.73545837402344 | [0.06353006 0.09002757 0.10990846] | [0.10922364 0.1256889  0.137591  ] | [0.04048999 0.02892776 0.02373512] | [0.47876616 0.58379664 0.64575658] |
+-------+-------------------+--------------------+--------------------+------------------------------------+------------------------------------+------------------------------------+------------------------------------+
using time 62.4474s, training loss at epoch 21: 106.9848
using time 62.7913s, training loss at epoch 22: 106.1279
using time 62.6700s, training loss at epoch 23: 105.3764
using time 62.4965s, training loss at epoch 24: 104.6085
+-------+-------------------+--------------------+--------------------+------------------------------------+------------------------------------+------------------------------------+------------------------------------+
| Epoch |  training time(s) |   tesing time(s)   |        Loss        |               recall               |                ndcg                |             precision              |             hit_ratio              |
+-------+-------------------+--------------------+--------------------+------------------------------------+------------------------------------+------------------------------------+------------------------------------+
|   25  | 62.94114065170288 | 35.011130809783936 | 103.77227020263672 | [0.06456159 0.0911872  0.11155644] | [0.1111264  0.12769349 0.1398727 ] | [0.0411682  0.02935645 0.02412028] | [0.48553152 0.58979168 0.65091433] |
+-------+-------------------+--------------------+--------------------+------------------------------------+------------------------------------+------------------------------------+------------------------------------+
using time 62.5691s, training loss at epoch 26: 103.1455
using time 63.0505s, training loss at epoch 27: 102.4148
using time 63.0056s, training loss at epoch 28: 101.6666
using time 63.0023s, training loss at epoch 29: 101.0502
+-------+-------------------+--------------------+--------------------+------------------------------------+------------------------------------+------------------------------------+------------------------------------+
| Epoch |  training time(s) |   tesing time(s)   |        Loss        |               recall               |                ndcg                |             precision              |             hit_ratio              |
+-------+-------------------+--------------------+--------------------+------------------------------------+------------------------------------+------------------------------------+------------------------------------+
|   30  | 62.45341753959656 | 34.892526626586914 | 100.34806060791016 | [0.06547564 0.09274888 0.11307429] | [0.11301088 0.13001642 0.14214239] | [0.0417543  0.02990237 0.02445185] | [0.48968451 0.59454752 0.65493335] |
+-------+-------------------+--------------------+--------------------+------------------------------------+------------------------------------+------------------------------------+------------------------------------+
using time 62.5792s, training loss at epoch 31: 99.6607
using time 62.6998s, training loss at epoch 32: 99.1222
using time 62.6286s, training loss at epoch 33: 98.4252
using time 62.6408s, training loss at epoch 34: 97.8452
+-------+--------------------+-------------------+------------------+------------------------------------+------------------------------------+------------------------------------+------------------------------------+
| Epoch |  training time(s)  |   tesing time(s)  |       Loss       |               recall               |                ndcg                |             precision              |             hit_ratio              |
+-------+--------------------+-------------------+------------------+------------------------------------+------------------------------------+------------------------------------+------------------------------------+
|   35  | 62.248939752578735 | 34.84937596321106 | 97.1278305053711 | [0.06662526 0.09426744 0.11442969] | [0.11491977 0.13215278 0.14422616] | [0.04243419 0.03033274 0.02475997] | [0.49477527 0.59953781 0.6596892 ] |
+-------+--------------------+-------------------+------------------+------------------------------------+------------------------------------+------------------------------------+------------------------------------+
using time 62.9766s, training loss at epoch 36: 96.6089
using time 63.1413s, training loss at epoch 37: 96.0583
using time 62.5823s, training loss at epoch 38: 95.4770
using time 62.6093s, training loss at epoch 39: 94.9117
+-------+-------------------+-------------------+-------------------+------------------------------------+------------------------------------+------------------------------------+------------------------------------+
| Epoch |  training time(s) |   tesing time(s)  |        Loss       |               recall               |                ndcg                |             precision              |             hit_ratio              |
+-------+-------------------+-------------------+-------------------+------------------------------------+------------------------------------+------------------------------------+------------------------------------+
|   40  | 62.97594904899597 | 35.75540542602539 | 94.41854095458984 | [0.06732976 0.09546829 0.11601125] | [0.11638526 0.13394228 0.14621538] | [0.04296336 0.03074218 0.02509768] | [0.49842588 0.60335588 0.66494742] |
+-------+-------------------+-------------------+-------------------+------------------------------------+------------------------------------+------------------------------------+------------------------------------+
using time 62.7600s, training loss at epoch 41: 93.8711
using time 62.5496s, training loss at epoch 42: 93.2349
using time 63.1975s, training loss at epoch 43: 92.7862
using time 62.9733s, training loss at epoch 44: 92.1734
+-------+-------------------+-------------------+------------------+------------------------------------+------------------------------------+------------------------------------+------------------------------------+
| Epoch |  training time(s) |   tesing time(s)  |       Loss       |               recall               |                ndcg                |             precision              |             hit_ratio              |
+-------+-------------------+-------------------+------------------+------------------------------------+------------------------------------+------------------------------------+------------------------------------+
|   45  | 62.53284502029419 | 35.50268840789795 | 91.9063491821289 | [0.06838416 0.09675416 0.11758168] | [0.11819322 0.13589264 0.14835565] | [0.04355952 0.03113906 0.025446  ] | [0.50344966 0.6082122  0.66930136] |
+-------+-------------------+-------------------+------------------+------------------------------------+------------------------------------+------------------------------------+------------------------------------+
using time 63.6360s, training loss at epoch 46: 91.1627
using time 62.6539s, training loss at epoch 47: 90.7048
using time 62.7137s, training loss at epoch 48: 90.3250
using time 62.7401s, training loss at epoch 49: 89.6843
+-------+--------------------+-------------------+-------------------+------------------------------------+------------------------------------+------------------------------------+------------------------------------+
| Epoch |  training time(s)  |   tesing time(s)  |        Loss       |               recall               |                ndcg                |             precision              |             hit_ratio              |
+-------+--------------------+-------------------+-------------------+------------------------------------+------------------------------------+------------------------------------+------------------------------------+
|   50  | 62.442880630493164 | 34.83742380142212 | 89.27021026611328 | [0.06920176 0.0981012  0.11919665] | [0.11940136 0.13745099 0.15006302] | [0.04408366 0.03154431 0.02576641] | [0.50663139 0.61313551 0.67352133] |
+-------+--------------------+-------------------+-------------------+------------------------------------+------------------------------------+------------------------------------+------------------------------------+
using time 62.6208s, training loss at epoch 51: 88.7819
using time 62.7160s, training loss at epoch 52: 88.3384
using time 62.3602s, training loss at epoch 53: 87.8176
using time 62.8684s, training loss at epoch 54: 87.3812
+-------+-------------------+-------------------+-------------------+------------------------------------+------------------------------------+------------------------------------+------------------------------------+
| Epoch |  training time(s) |   tesing time(s)  |        Loss       |               recall               |                ndcg                |             precision              |             hit_ratio              |
+-------+-------------------+-------------------+-------------------+------------------------------------+------------------------------------+------------------------------------+------------------------------------+
|   55  | 62.75782513618469 | 35.93445658683777 | 86.92813110351562 | [0.0699629  0.0991676  0.12040794] | [0.12086407 0.13912908 0.15180918] | [0.04460111 0.03191858 0.02603267] | [0.51018153 0.61635073 0.67707147] |
+-------+-------------------+-------------------+-------------------+------------------------------------+------------------------------------+------------------------------------+------------------------------------+
using time 62.6977s, training loss at epoch 56: 86.3553
using time 62.5274s, training loss at epoch 57: 86.0547
using time 62.4522s, training loss at epoch 58: 85.6644
using time 62.7185s, training loss at epoch 59: 85.0731
+-------+-------------------+-------------------+-------------------+------------------------------------+------------------------------------+------------------------------------+------------------------------------+
| Epoch |  training time(s) |   tesing time(s)  |        Loss       |               recall               |                ndcg                |             precision              |             hit_ratio              |
+-------+-------------------+-------------------+-------------------+------------------------------------+------------------------------------+------------------------------------+------------------------------------+
|   60  | 62.69605875015259 | 35.04583525657654 | 84.64106750488281 | [0.07065886 0.10059782 0.12210048] | [0.12224797 0.14097444 0.15382033] | [0.04507    0.03233304 0.02636368] | [0.51299484 0.62043673 0.68165986] |
+-------+-------------------+-------------------+-------------------+------------------------------------+------------------------------------+------------------------------------+------------------------------------+
using time 62.4510s, training loss at epoch 61: 84.3563
using time 62.5236s, training loss at epoch 62: 83.9418
using time 62.3488s, training loss at epoch 63: 83.4916
using time 62.5247s, training loss at epoch 64: 82.9732
+-------+-------------------+-------------------+-------------------+------------------------------------+------------------------------------+------------------------------------+------------------------------------+
| Epoch |  training time(s) |   tesing time(s)  |        Loss       |               recall               |                ndcg                |             precision              |             hit_ratio              |
+-------+-------------------+-------------------+-------------------+------------------------------------+------------------------------------+------------------------------------+------------------------------------+
|   65  | 62.44182991981506 | 35.34671115875244 | 82.71070098876953 | [0.07147194 0.10131407 0.12342213] | [0.12339717 0.14208584 0.15530632] | [0.0454853  0.03256414 0.02664333] | [0.51627704 0.62197736 0.68464063] |
+-------+-------------------+-------------------+-------------------+------------------------------------+------------------------------------+------------------------------------+------------------------------------+
using time 62.6611s, training loss at epoch 66: 82.2244
using time 62.7687s, training loss at epoch 67: 81.8791
using time 62.2939s, training loss at epoch 68: 81.4735
using time 62.6171s, training loss at epoch 69: 81.0217
+-------+-------------------+--------------------+-------------------+------------------------------------+------------------------------------+------------------------------------+------------------------------------+
| Epoch |  training time(s) |   tesing time(s)   |        Loss       |               recall               |                ndcg                |             precision              |             hit_ratio              |
+-------+-------------------+--------------------+-------------------+------------------------------------+------------------------------------+------------------------------------+------------------------------------+
|   70  | 62.70237636566162 | 35.383806228637695 | 80.55951690673828 | [0.07237144 0.10259194 0.12489186] | [0.1248477  0.14377089 0.15708498] | [0.04605131 0.03296688 0.02692355] | [0.51992766 0.62649876 0.68829125] |
+-------+-------------------+--------------------+-------------------+------------------------------------+------------------------------------+------------------------------------+------------------------------------+
using time 62.7136s, training loss at epoch 71: 80.3621
using time 62.8316s, training loss at epoch 72: 79.8461
using time 62.5646s, training loss at epoch 73: 79.5187
using time 62.3125s, training loss at epoch 74: 79.1062
+-------+-------------------+-------------------+-------------------+------------------------------------+------------------------------------+------------------------------------+------------------------------------+
| Epoch |  training time(s) |   tesing time(s)  |        Loss       |               recall               |                ndcg                |             precision              |             hit_ratio              |
+-------+-------------------+-------------------+-------------------+------------------------------------+------------------------------------+------------------------------------+------------------------------------+
|   75  | 62.58841609954834 | 34.88443732261658 | 78.68878936767578 | [0.07321029 0.10366882 0.12617836] | [0.12605852 0.14510412 0.15855268] | [0.04662235 0.03329928 0.02720432] | [0.52374573 0.63014937 0.69070266] |
+-------+-------------------+-------------------+-------------------+------------------------------------+------------------------------------+------------------------------------+------------------------------------+
using time 62.7900s, training loss at epoch 76: 78.3415
using time 62.4366s, training loss at epoch 77: 77.9778
using time 62.3816s, training loss at epoch 78: 77.7140
using time 62.3475s, training loss at epoch 79: 77.2959
+-------+-------------------+------------------+-------------------+------------------------------------+------------------------------------+------------------------------------+------------------------------------+
| Epoch |  training time(s) |  tesing time(s)  |        Loss       |               recall               |                ndcg                |             precision              |             hit_ratio              |
+-------+-------------------+------------------+-------------------+------------------------------------+------------------------------------+------------------------------------+------------------------------------+
|   80  | 62.63207530975342 | 34.6819212436676 | 76.83998107910156 | [0.07379271 0.10461354 0.12744669] | [0.12728992 0.14654807 0.16019211] | [0.0470075  0.03354545 0.02743709] | [0.52505191 0.63289571 0.69458772] |
+-------+-------------------+------------------+-------------------+------------------------------------+------------------------------------+------------------------------------+------------------------------------+
using time 62.5460s, training loss at epoch 81: 76.5108
using time 62.8484s, training loss at epoch 82: 76.1033
using time 62.6147s, training loss at epoch 83: 75.7845
using time 62.7227s, training loss at epoch 84: 75.4254
+-------+-------------------+-------------------+------------------+------------------------------------+------------------------------------+------------------------------------+------------------------------------+
| Epoch |  training time(s) |   tesing time(s)  |       Loss       |               recall               |                ndcg                |             precision              |             hit_ratio              |
+-------+-------------------+-------------------+------------------+------------------------------------+------------------------------------+------------------------------------+------------------------------------+
|   85  | 62.65567088127136 | 35.24897766113281 | 75.1380844116211 | [0.07466978 0.10577314 0.12888853] | [0.12846124 0.14790301 0.1617259 ] | [0.04749481 0.0338812  0.02772847] | [0.52907094 0.63641235 0.69884118] |
+-------+-------------------+-------------------+------------------+------------------------------------+------------------------------------+------------------------------------+------------------------------------+
using time 62.5714s, training loss at epoch 86: 74.8314
using time 62.3851s, training loss at epoch 87: 74.3998
using time 62.5830s, training loss at epoch 88: 74.1094
using time 62.6746s, training loss at epoch 89: 73.7187
+-------+------------------+-------------------+-------------------+------------------------------------+------------------------------------+------------------------------------+------------------------------------+
| Epoch | training time(s) |   tesing time(s)  |        Loss       |               recall               |                ndcg                |             precision              |             hit_ratio              |
+-------+------------------+-------------------+-------------------+------------------------------------+------------------------------------+------------------------------------+------------------------------------+
|   90  | 62.7565860748291 | 35.66630816459656 | 73.38343811035156 | [0.07530922 0.10667318 0.1299228 ] | [0.12939308 0.14901694 0.16289893] | [0.04790508 0.03418514 0.02794114] | [0.53121441 0.63835488 0.70058276] |
+-------+------------------+-------------------+-------------------+------------------------------------+------------------------------------+------------------------------------+------------------------------------+
using time 62.8048s, training loss at epoch 91: 72.9971
using time 62.2976s, training loss at epoch 92: 72.7458
using time 62.5233s, training loss at epoch 93: 72.4665
using time 62.5879s, training loss at epoch 94: 72.0801
+-------+-------------------+-------------------+------------------+------------------------------------+------------------------------------+------------------------------------+------------------------------------+
| Epoch |  training time(s) |   tesing time(s)  |       Loss       |               recall               |                ndcg                |             precision              |             hit_ratio              |
+-------+-------------------+-------------------+------------------+------------------------------------+------------------------------------+------------------------------------+------------------------------------+
|   95  | 62.43683433532715 | 35.20307469367981 | 71.7230453491211 | [0.07606645 0.10766381 0.13119469] | [0.1304316  0.15016997 0.16422727] | [0.04830196 0.03442796 0.0281661 ] | [0.53509947 0.64063233 0.70433385] |
+-------+-------------------+-------------------+------------------+------------------------------------+------------------------------------+------------------------------------+------------------------------------+
using time 62.5836s, training loss at epoch 96: 71.4639
using time 62.3111s, training loss at epoch 97: 71.0872
using time 62.3239s, training loss at epoch 98: 70.8589
using time 62.7337s, training loss at epoch 99: 70.5680
+-------+-------------------+--------------------+-------------------+------------------------------------+------------------------------------+------------------------------------+------------------------------------+
| Epoch |  training time(s) |   tesing time(s)   |        Loss       |               recall               |                ndcg                |             precision              |             hit_ratio              |
+-------+-------------------+--------------------+-------------------+------------------------------------+------------------------------------+------------------------------------+------------------------------------+
|  100  | 62.68088746070862 | 34.676398515701294 | 70.18209075927734 | [0.07670128 0.10837035 0.13211693] | [0.13137058 0.15118281 0.16533638] | [0.04867875 0.03467915 0.02833523] | [0.53694152 0.64301025 0.70681224] |
+-------+-------------------+--------------------+-------------------+------------------------------------+------------------------------------+------------------------------------+------------------------------------+
using time 62.4777s, training loss at epoch 101: 69.8070
using time 63.1551s, training loss at epoch 102: 69.5879
using time 62.2760s, training loss at epoch 103: 69.2467
using time 62.1536s, training loss at epoch 104: 69.0186
+-------+--------------------+-------------------+-------------------+------------------------------------+------------------------------------+------------------------------------+------------------------------------+
| Epoch |  training time(s)  |   tesing time(s)  |        Loss       |               recall               |                ndcg                |             precision              |             hit_ratio              |
+-------+--------------------+-------------------+-------------------+------------------------------------+------------------------------------+------------------------------------+------------------------------------+
|  105  | 62.597914695739746 | 34.81592917442322 | 68.64169311523438 | [0.07744957 0.10947041 0.13300628] | [0.13243629 0.15247459 0.16651619] | [0.04899692 0.0349429  0.02848762] | [0.54012325 0.64672785 0.70959207] |
+-------+--------------------+-------------------+-------------------+------------------------------------+------------------------------------+------------------------------------+------------------------------------+
using time 62.5844s, training loss at epoch 106: 68.4156
using time 62.5427s, training loss at epoch 107: 68.0086
using time 62.6628s, training loss at epoch 108: 67.8362
using time 62.5249s, training loss at epoch 109: 67.6114
+-------+-------------------+-------------------+-------------------+------------------------------------+------------------------------------+------------------------------------+------------------------------------+
| Epoch |  training time(s) |   tesing time(s)  |        Loss       |               recall               |                ndcg                |             precision              |             hit_ratio              |
+-------+-------------------+-------------------+-------------------+------------------------------------+------------------------------------+------------------------------------+------------------------------------+
|  110  | 62.49493145942688 | 35.30637884140015 | 67.25940704345703 | [0.07802921 0.11029939 0.13414785] | [0.13366562 0.15384678 0.16805998] | [0.04934523 0.03515976 0.02867071] | [0.54163038 0.64873736 0.71173555] |
+-------+-------------------+-------------------+-------------------+------------------------------------+------------------------------------+------------------------------------+------------------------------------+
using time 62.7523s, training loss at epoch 111: 67.0263
using time 62.3986s, training loss at epoch 112: 66.6916
using time 63.0303s, training loss at epoch 113: 66.3879
using time 62.8639s, training loss at epoch 114: 66.0941
+-------+------------------+------------------+-------------------+------------------------------------+------------------------------------+------------------------------------+------------------------------------+
| Epoch | training time(s) |  tesing time(s)  |        Loss       |               recall               |                ndcg                |             precision              |             hit_ratio              |
+-------+------------------+------------------+-------------------+------------------------------------+------------------------------------+------------------------------------+------------------------------------+
|  115  | 62.5505952835083 | 35.7497878074646 | 65.83655548095703 | [0.07876882 0.11091996 0.13503827] | [0.13452849 0.15467473 0.16901885] | [0.04970862 0.03536657 0.02882086] | [0.54407529 0.64867037 0.71337665] |
+-------+------------------+------------------+-------------------+------------------------------------+------------------------------------+------------------------------------+------------------------------------+
using time 62.4182s, training loss at epoch 116: 65.6044
using time 63.0116s, training loss at epoch 117: 65.2451
using time 62.5501s, training loss at epoch 118: 64.9810
using time 62.7727s, training loss at epoch 119: 64.6413
+-------+--------------------+-------------------+-------------------+------------------------------------+------------------------------------+------------------------------------+------------------------------------+
| Epoch |  training time(s)  |   tesing time(s)  |        Loss       |               recall               |                ndcg                |             precision              |             hit_ratio              |
+-------+--------------------+-------------------+-------------------+------------------------------------+------------------------------------+------------------------------------+------------------------------------+
|  120  | 62.941216468811035 | 35.62488269805908 | 64.51775360107422 | [0.07933397 0.11161826 0.13576546] | [0.1354216  0.15561655 0.17002688] | [0.04995311 0.03548044 0.02895204] | [0.54605131 0.65078036 0.71478331] |
+-------+--------------------+-------------------+-------------------+------------------------------------+------------------------------------+------------------------------------+------------------------------------+
using time 62.7704s, training loss at epoch 121: 64.0648
using time 63.2455s, training loss at epoch 122: 63.8995
using time 62.8929s, training loss at epoch 123: 63.7049
using time 62.2575s, training loss at epoch 124: 63.4852
+-------+------------------+-------------------+--------------------+------------------------------------+------------------------------------+------------------------------------+------------------------------------+
| Epoch | training time(s) |   tesing time(s)  |        Loss        |               recall               |                ndcg                |             precision              |             hit_ratio              |
+-------+------------------+-------------------+--------------------+------------------------------------+------------------------------------+------------------------------------+------------------------------------+
|  125  | 62.4498176574707 | 34.83345890045166 | 63.132511138916016 | [0.07967076 0.11228403 0.13668535] | [0.13634945 0.15672007 0.17132088] | [0.05026626 0.0356546  0.02913904] | [0.54752495 0.65319177 0.71706075] |
+-------+------------------+-------------------+--------------------+------------------------------------+------------------------------------+------------------------------------+------------------------------------+
using time 62.4283s, training loss at epoch 126: 62.9692
using time 62.7568s, training loss at epoch 127: 62.6282
using time 62.6315s, training loss at epoch 128: 62.3807
using time 62.4759s, training loss at epoch 129: 62.1080
+-------+--------------------+-------------------+-------------------+------------------------------------+------------------------------------+------------------------------------+------------------------------------+
| Epoch |  training time(s)  |   tesing time(s)  |        Loss       |               recall               |                ndcg                |             precision              |             hit_ratio              |
+-------+--------------------+-------------------+-------------------+------------------------------------+------------------------------------+------------------------------------+------------------------------------+
|  130  | 62.451045751571655 | 34.47811198234558 | 62.00920867919922 | [0.07996421 0.11295068 0.13716794] | [0.13675796 0.15745903 0.17189588] | [0.05033827 0.03586392 0.02919206] | [0.54869717 0.6547324  0.71789805] |
+-------+--------------------+-------------------+-------------------+------------------------------------+------------------------------------+------------------------------------+------------------------------------+
using time 62.4399s, training loss at epoch 131: 61.7041
using time 62.4081s, training loss at epoch 132: 61.3879
using time 62.5024s, training loss at epoch 133: 61.2504
using time 62.8468s, training loss at epoch 134: 60.8674
+-------+-------------------+-------------------+--------------------+------------------------------------+------------------------------------+------------------------------------+------------------------------------+
| Epoch |  training time(s) |   tesing time(s)  |        Loss        |               recall               |                ndcg                |             precision              |             hit_ratio              |
+-------+-------------------+-------------------+--------------------+------------------------------------+------------------------------------+------------------------------------+------------------------------------+
|  135  | 62.64941954612732 | 35.06711006164551 | 60.690181732177734 | [0.08033336 0.11352381 0.13746585] | [0.137197   0.15798819 0.17229607] | [0.05051243 0.03595686 0.02923058] | [0.55053922 0.6563735  0.7172952 ] |
+-------+-------------------+-------------------+--------------------+------------------------------------+------------------------------------+------------------------------------+------------------------------------+
using time 62.6663s, training loss at epoch 136: 60.4697
using time 62.4122s, training loss at epoch 137: 60.1987
using time 62.1501s, training loss at epoch 138: 59.9945
using time 62.4998s, training loss at epoch 139: 59.8198
+-------+------------------+-------------------+--------------------+------------------------------------+------------------------------------+------------------------------------+------------------------------------+
| Epoch | training time(s) |   tesing time(s)  |        Loss        |               recall               |                ndcg                |             precision              |             hit_ratio              |
+-------+------------------+-------------------+--------------------+------------------------------------+------------------------------------+------------------------------------+------------------------------------+
|  140  | 62.6662437915802 | 34.67729377746582 | 59.543296813964844 | [0.08092584 0.11395612 0.13799212] | [0.1381875  0.15887113 0.17322299] | [0.0508038  0.03607241 0.02931487] | [0.55244826 0.65767968 0.71836694] |
+-------+------------------+-------------------+--------------------+------------------------------------+------------------------------------+------------------------------------+------------------------------------+
using time 62.6453s, training loss at epoch 141: 59.2642
using time 62.7744s, training loss at epoch 142: 59.0385
using time 62.9436s, training loss at epoch 143: 58.7440
using time 62.8467s, training loss at epoch 144: 58.6165
+-------+-------------------+--------------------+--------------------+------------------------------------+------------------------------------+------------------------------------+------------------------------------+
| Epoch |  training time(s) |   tesing time(s)   |        Loss        |               recall               |                ndcg                |             precision              |             hit_ratio              |
+-------+-------------------+--------------------+--------------------+------------------------------------+------------------------------------+------------------------------------+------------------------------------+
|  145  | 62.78666305541992 | 35.378268241882324 | 58.368526458740234 | [0.08107719 0.11438721 0.13864747] | [0.13826449 0.1591784  0.17363572] | [0.05086409 0.03620219 0.02942483] | [0.55271619 0.65764619 0.72051042] |
+-------+-------------------+--------------------+--------------------+------------------------------------+------------------------------------+------------------------------------+------------------------------------+
using time 62.6276s, training loss at epoch 146: 58.1843
using time 62.8093s, training loss at epoch 147: 58.0421
using time 63.1055s, training loss at epoch 148: 57.6926
using time 62.4187s, training loss at epoch 149: 57.5055
+-------+-------------------+-------------------+------------------+------------------------------------+------------------------------------+------------------------------------+------------------------------------+
| Epoch |  training time(s) |   tesing time(s)  |       Loss       |               recall               |                ndcg                |             precision              |             hit_ratio              |
+-------+-------------------+-------------------+------------------+------------------------------------+------------------------------------+------------------------------------+------------------------------------+
|  150  | 62.42313194274902 | 35.46795654296875 | 57.3986701965332 | [0.08136774 0.1146501  0.13927847] | [0.13883981 0.15970268 0.1743807 ] | [0.05105499 0.0362474  0.02952475] | [0.55331904 0.65858396 0.72131422] |
+-------+-------------------+-------------------+------------------+------------------------------------+------------------------------------+------------------------------------+------------------------------------+
using time 62.8620s, training loss at epoch 151: 57.1288
using time 62.6203s, training loss at epoch 152: 56.8455
using time 62.7714s, training loss at epoch 153: 56.6037
using time 62.6860s, training loss at epoch 154: 56.3871
+-------+-------------------+--------------------+--------------------+------------------------------------+------------------------------------+------------------------------------+------------------------------------+
| Epoch |  training time(s) |   tesing time(s)   |        Loss        |               recall               |                ndcg                |             precision              |             hit_ratio              |
+-------+-------------------+--------------------+--------------------+------------------------------------+------------------------------------+------------------------------------+------------------------------------+
|  155  | 62.65483784675598 | 35.316197872161865 | 56.228126525878906 | [0.08170083 0.11494196 0.13970274] | [0.13930588 0.16018249 0.1748862 ] | [0.05117054 0.03633867 0.02955154] | [0.55449126 0.66025856 0.72164914] |
+-------+-------------------+--------------------+--------------------+------------------------------------+------------------------------------+------------------------------------+------------------------------------+
using time 62.7192s, training loss at epoch 156: 56.0124
using time 62.7126s, training loss at epoch 157: 55.7066
using time 62.6665s, training loss at epoch 158: 55.6442
using time 62.7941s, training loss at epoch 159: 55.4590
+-------+--------------------+--------------------+-------------------+------------------------------------+------------------------------------+------------------------------------+------------------------------------+
| Epoch |  training time(s)  |   tesing time(s)   |        Loss       |               recall               |                ndcg                |             precision              |             hit_ratio              |
+-------+--------------------+--------------------+-------------------+------------------------------------+------------------------------------+------------------------------------+------------------------------------+
|  160  | 62.194692611694336 | 34.514652729034424 | 55.24662780761719 | [0.08204016 0.1152828  0.14005987] | [0.13954553 0.16038471 0.17516449] | [0.05128441 0.03634537 0.02962076] | [0.55539554 0.66233505 0.7222185 ] |
+-------+--------------------+--------------------+-------------------+------------------------------------+------------------------------------+------------------------------------+------------------------------------+
using time 62.4045s, training loss at epoch 161: 54.9892
using time 62.5762s, training loss at epoch 162: 54.8560
using time 62.5998s, training loss at epoch 163: 54.6257
using time 62.6253s, training loss at epoch 164: 54.5399
+-------+--------------------+--------------------+------------------+------------------------------------+------------------------------------+------------------------------------+------------------------------------+
| Epoch |  training time(s)  |   tesing time(s)   |       Loss       |               recall               |                ndcg                |             precision              |             hit_ratio              |
+-------+--------------------+--------------------+------------------+------------------------------------+------------------------------------+------------------------------------+------------------------------------+
|  165  | 62.566264152526855 | 35.120930910110474 | 54.3650016784668 | [0.08200818 0.11557381 0.14026235] | [0.13971022 0.16077678 0.17550387] | [0.05130116 0.03643998 0.02966932] | [0.55536205 0.66139728 0.7226539 ] |
+-------+--------------------+--------------------+------------------+------------------------------------+------------------------------------+------------------------------------+------------------------------------+
using time 62.3624s, training loss at epoch 166: 54.0385
using time 62.6530s, training loss at epoch 167: 53.7966
using time 62.9364s, training loss at epoch 168: 53.7490
using time 62.9565s, training loss at epoch 169: 53.5388
+-------+--------------------+------------------+-------------------+------------------------------------+------------------------------------+------------------------------------+------------------------------------+
| Epoch |  training time(s)  |  tesing time(s)  |        Loss       |               recall               |                ndcg                |             precision              |             hit_ratio              |
+-------+--------------------+------------------+-------------------+------------------------------------+------------------------------------+------------------------------------+------------------------------------+
|  170  | 62.739909648895264 | 35.0627920627594 | 53.32295608520508 | [0.08231122 0.11574786 0.14045092] | [0.14026356 0.16131673 0.17603764] | [0.05135642 0.03649608 0.02970393] | [0.55723759 0.66307187 0.72329024] |
+-------+--------------------+------------------+-------------------+------------------------------------+------------------------------------+------------------------------------+------------------------------------+
using time 62.6259s, training loss at epoch 171: 53.2005
using time 62.6411s, training loss at epoch 172: 52.9425
using time 62.9009s, training loss at epoch 173: 52.8851
using time 62.4711s, training loss at epoch 174: 52.5563
+-------+--------------------+-------------------+-------------------+------------------------------------+------------------------------------+------------------------------------+------------------------------------+
| Epoch |  training time(s)  |   tesing time(s)  |        Loss       |               recall               |                ndcg                |             precision              |             hit_ratio              |
+-------+--------------------+-------------------+-------------------+------------------------------------+------------------------------------+------------------------------------+------------------------------------+
|  175  | 62.436763525009155 | 35.58112835884094 | 52.48173522949219 | [0.08224506 0.11584268 0.14065069] | [0.1402902  0.16141392 0.17622992] | [0.05131121 0.03646594 0.02971733] | [0.55696966 0.66340679 0.72396008] |
+-------+--------------------+-------------------+-------------------+------------------------------------+------------------------------------+------------------------------------+------------------------------------+
using time 63.0962s, training loss at epoch 176: 52.2715
using time 62.9450s, training loss at epoch 177: 52.0674
using time 62.3253s, training loss at epoch 178: 51.8866
using time 62.6596s, training loss at epoch 179: 51.7110
+-------+-------------------+-------------------+--------------------+------------------------------------+------------------------------------+------------------------------------+------------------------------------+
| Epoch |  training time(s) |   tesing time(s)  |        Loss        |               recall               |                ndcg                |             precision              |             hit_ratio              |
+-------+-------------------+-------------------+--------------------+------------------------------------+------------------------------------+------------------------------------+------------------------------------+
|  180  | 62.76259112358093 | 35.34234666824341 | 51.540245056152344 | [0.0821922  0.11603765 0.14066773] | [0.1402495  0.16156054 0.17623166] | [0.05123752 0.03650194 0.02969109] | [0.55670172 0.66283743 0.72392659] |
+-------+-------------------+-------------------+--------------------+------------------------------------+------------------------------------+------------------------------------+------------------------------------+
using time 62.1266s, training loss at epoch 181: 51.4285
using time 62.8045s, training loss at epoch 182: 51.1928
using time 62.6244s, training loss at epoch 183: 51.1582
using time 62.1130s, training loss at epoch 184: 50.9729
+-------+-------------------+-------------------+--------------------+------------------------------------+------------------------------------+------------------------------------+------------------------------------+
| Epoch |  training time(s) |   tesing time(s)  |        Loss        |               recall               |                ndcg                |             precision              |             hit_ratio              |
+-------+-------------------+-------------------+--------------------+------------------------------------+------------------------------------+------------------------------------+------------------------------------+
|  185  | 62.50169324874878 | 35.78657579421997 | 50.694557189941406 | [0.08260107 0.11655193 0.14146456] | [0.14061548 0.16198135 0.17679847] | [0.05140833 0.0366334  0.02980552] | [0.55633331 0.66474647 0.72586911] |
+-------+-------------------+-------------------+--------------------+------------------------------------+------------------------------------+------------------------------------+------------------------------------+
using time 62.4779s, training loss at epoch 186: 50.4519
using time 62.4254s, training loss at epoch 187: 50.3018
using time 62.4604s, training loss at epoch 188: 50.2294
using time 62.7426s, training loss at epoch 189: 49.9408
+-------+--------------------+--------------------+--------------------+------------------------------------+------------------------------------+------------------------------------+------------------------------------+
| Epoch |  training time(s)  |   tesing time(s)   |        Loss        |               recall               |                ndcg                |             precision              |             hit_ratio              |
+-------+--------------------+--------------------+--------------------+------------------------------------+------------------------------------+------------------------------------+------------------------------------+
|  190  | 62.597712993621826 | 35.368614196777344 | 49.940696716308594 | [0.08262507 0.11658488 0.14113194] | [0.14078454 0.16215162 0.17678285] | [0.0514569  0.03661581 0.02975473] | [0.55629982 0.66451202 0.72543372] |
+-------+--------------------+--------------------+--------------------+------------------------------------+------------------------------------+------------------------------------+------------------------------------+
using time 62.7916s, training loss at epoch 191: 49.6588
using time 62.7037s, training loss at epoch 192: 49.5699
using time 62.3116s, training loss at epoch 193: 49.4210
using time 62.4684s, training loss at epoch 194: 49.2628
+-------+------------------+-----------------+-------------------+------------------------------------+------------------------------------+------------------------------------+------------------------------------+
| Epoch | training time(s) |  tesing time(s) |        Loss       |               recall               |                ndcg                |             precision              |             hit_ratio              |
+-------+------------------+-----------------+-------------------+------------------------------------+------------------------------------+------------------------------------+------------------------------------+
|  195  | 62.2252254486084 | 34.880610704422 | 49.25644302368164 | [0.08277828 0.11670041 0.14127343] | [0.1412786  0.16256801 0.17722672] | [0.05158249 0.0366267  0.02978152] | [0.55737156 0.66565075 0.72449595] |
+-------+------------------+-----------------+-------------------+------------------------------------+------------------------------------+------------------------------------+------------------------------------+
using time 63.2190s, training loss at epoch 196: 48.9623
using time 62.5199s, training loss at epoch 197: 48.7854
using time 63.1700s, training loss at epoch 198: 48.7425
using time 62.5610s, training loss at epoch 199: 48.5525
+-------+-------------------+--------------------+-------------------+------------------------------------+------------------------------------+------------------------------------+------------------------------------+
| Epoch |  training time(s) |   tesing time(s)   |        Loss       |               recall               |                ndcg                |             precision              |             hit_ratio              |
+-------+-------------------+--------------------+-------------------+------------------------------------+------------------------------------+------------------------------------+------------------------------------+
|  200  | 62.52795171737671 | 34.630051136016846 | 48.36235809326172 | [0.08272776 0.11664628 0.14137564] | [0.14139659 0.1626981  0.17748776] | [0.05152221 0.036584   0.02980217] | [0.55666823 0.66407663 0.72462991] |
+-------+-------------------+--------------------+-------------------+------------------------------------+------------------------------------+------------------------------------+------------------------------------+
using time 62.8486s, training loss at epoch 201: 48.2594
using time 62.9804s, training loss at epoch 202: 48.2379
using time 62.6039s, training loss at epoch 203: 48.0028
using time 62.6411s, training loss at epoch 204: 47.7712
+-------+--------------------+-------------------+-------------------+------------------------------------+------------------------------------+------------------------------------+------------------------------------+
| Epoch |  training time(s)  |   tesing time(s)  |        Loss       |               recall               |                ndcg                |             precision              |             hit_ratio              |
+-------+--------------------+-------------------+-------------------+------------------------------------+------------------------------------+------------------------------------+------------------------------------+
|  205  | 62.431620836257935 | 35.41237282752991 | 47.56536102294922 | [0.08258883 0.11667114 0.1418929 ] | [0.14116746 0.16260924 0.17762017] | [0.05146192 0.03661749 0.02983232] | [0.55660125 0.66504789 0.7250988 ] |
+-------+--------------------+-------------------+-------------------+------------------------------------+------------------------------------+------------------------------------+------------------------------------+
using time 62.4408s, training loss at epoch 206: 47.5904
using time 62.4662s, training loss at epoch 207: 47.3398
using time 62.4767s, training loss at epoch 208: 47.2647
using time 62.9149s, training loss at epoch 209: 47.0782
+-------+--------------------+--------------------+-------------------+------------------------------------+------------------------------------+------------------------------------+------------------------------------+
| Epoch |  training time(s)  |   tesing time(s)   |        Loss       |               recall               |                ndcg                |             precision              |             hit_ratio              |
+-------+--------------------+--------------------+-------------------+------------------------------------+------------------------------------+------------------------------------+------------------------------------+
|  210  | 62.332642555236816 | 35.912524700164795 | 46.95467758178711 | [0.0827938  0.11693742 0.14177986] | [0.14159047 0.1630924  0.17790542] | [0.05146527 0.03666019 0.02981669] | [0.55787394 0.66467948 0.7255007 ] |
+-------+--------------------+--------------------+-------------------+------------------------------------+------------------------------------+------------------------------------+------------------------------------+
using time 62.5175s, training loss at epoch 211: 46.7752
using time 62.7018s, training loss at epoch 212: 46.6970
using time 62.6001s, training loss at epoch 213: 46.6238
using time 62.3610s, training loss at epoch 214: 46.5119
+-------+--------------------+-------------------+-------------------+------------------------------------+------------------------------------+------------------------------------+------------------------------------+
| Epoch |  training time(s)  |   tesing time(s)  |        Loss       |               recall               |                ndcg                |             precision              |             hit_ratio              |
+-------+--------------------+-------------------+-------------------+------------------------------------+------------------------------------+------------------------------------+------------------------------------+
|  215  | 62.588841915130615 | 35.48540139198303 | 46.30155563354492 | [0.0826959  0.11696639 0.14187578] | [0.14142673 0.16302019 0.17785546] | [0.05142173 0.03664763 0.02979771] | [0.55700315 0.66447853 0.72516578] |
+-------+--------------------+-------------------+-------------------+------------------------------------+------------------------------------+------------------------------------+------------------------------------+
using time 62.3127s, training loss at epoch 216: 46.2597
using time 62.1761s, training loss at epoch 217: 46.0821
using time 62.6916s, training loss at epoch 218: 45.9549
using time 62.6112s, training loss at epoch 219: 45.7470
+-------+-------------------+-------------------+-------------------+------------------------------------+------------------------------------+------------------------------------+------------------------------------+
| Epoch |  training time(s) |   tesing time(s)  |        Loss       |               recall               |                ndcg                |             precision              |             hit_ratio              |
+-------+-------------------+-------------------+-------------------+------------------------------------+------------------------------------+------------------------------------+------------------------------------+
|  220  | 62.95902156829834 | 35.34445595741272 | 45.70817184448242 | [0.08275297 0.11704315 0.14206449] | [0.14137642 0.16297425 0.17786178] | [0.05145187 0.03666187 0.02982227] | [0.55763949 0.6641771  0.72586911] |
+-------+-------------------+-------------------+-------------------+------------------------------------+------------------------------------+------------------------------------+------------------------------------+
using time 62.4889s, training loss at epoch 221: 45.6351
using time 62.2060s, training loss at epoch 222: 45.4580
using time 62.1807s, training loss at epoch 223: 45.3389
using time 62.2858s, training loss at epoch 224: 45.0560
+-------+-------------------+-------------------+-------------------+------------------------------------+------------------------------------+------------------------------------+------------------------------------+
| Epoch |  training time(s) |   tesing time(s)  |        Loss       |               recall               |                ndcg                |             precision              |             hit_ratio              |
+-------+-------------------+-------------------+-------------------+------------------------------------+------------------------------------+------------------------------------+------------------------------------+
|  225  | 62.60576105117798 | 35.29680061340332 | 45.09469223022461 | [0.08285078 0.1170949  0.14229159] | [0.14151168 0.16307182 0.17805801] | [0.05147197 0.03665014 0.0298379 ] | [0.5580079  0.66464599 0.72623752] |
+-------+-------------------+-------------------+-------------------+------------------------------------+------------------------------------+------------------------------------+------------------------------------+
using time 62.2480s, training loss at epoch 226: 44.9234
using time 62.4028s, training loss at epoch 227: 44.7560
using time 62.3319s, training loss at epoch 228: 44.5323
using time 62.0757s, training loss at epoch 229: 44.6419
+-------+--------------------+-------------------+--------------------+------------------------------------+------------------------------------+------------------------------------+------------------------------------+
| Epoch |  training time(s)  |   tesing time(s)  |        Loss        |               recall               |                ndcg                |             precision              |             hit_ratio              |
+-------+--------------------+-------------------+--------------------+------------------------------------+------------------------------------+------------------------------------+------------------------------------+
|  230  | 62.608182191848755 | 34.74581503868103 | 44.403175354003906 | [0.08308106 0.11705285 0.14221321] | [0.14164376 0.1630086  0.17799463] | [0.05159924 0.0366401  0.02983008] | [0.55817536 0.66467948 0.72529975] |
+-------+--------------------+-------------------+--------------------+------------------------------------+------------------------------------+------------------------------------+------------------------------------+
using time 62.5658s, training loss at epoch 231: 44.3167
using time 62.4964s, training loss at epoch 232: 44.2478
using time 62.6250s, training loss at epoch 233: 44.0756
using time 62.2769s, training loss at epoch 234: 43.9973
+-------+-------------------+--------------------+--------------------+------------------------------------+------------------------------------+------------------------------------+------------------------------------+
| Epoch |  training time(s) |   tesing time(s)   |        Loss        |               recall               |                ndcg                |             precision              |             hit_ratio              |
+-------+-------------------+--------------------+--------------------+------------------------------------+------------------------------------+------------------------------------+------------------------------------+
|  235  | 62.46805214881897 | 35.299927711486816 | 43.912418365478516 | [0.08287455 0.11715784 0.1422237 ] | [0.14123342 0.16283553 0.17774516] | [0.05149374 0.03668447 0.02982674] | [0.55747203 0.66444504 0.72556769] |
+-------+-------------------+--------------------+--------------------+------------------------------------+------------------------------------+------------------------------------+------------------------------------+
using time 62.7436s, training loss at epoch 236: 43.7713
using time 62.9660s, training loss at epoch 237: 43.8622
using time 62.5739s, training loss at epoch 238: 43.5177
using time 62.9183s, training loss at epoch 239: 43.4529
+-------+-------------------+-------------------+-------------------+------------------------------------+------------------------------------+------------------------------------+------------------------------------+
| Epoch |  training time(s) |   tesing time(s)  |        Loss       |               recall               |                ndcg                |             precision              |             hit_ratio              |
+-------+-------------------+-------------------+-------------------+------------------------------------+------------------------------------+------------------------------------+------------------------------------+
|  240  | 62.11975049972534 | 35.43318009376526 | 43.35582733154297 | [0.08307988 0.11718573 0.14216455] | [0.14127208 0.16278279 0.17766167] | [0.05148704 0.03666019 0.0298005 ] | [0.55834282 0.66404314 0.72489785] |
+-------+-------------------+-------------------+-------------------+------------------------------------+------------------------------------+------------------------------------+------------------------------------+
using time 62.6600s, training loss at epoch 241: 43.2409
using time 62.5697s, training loss at epoch 242: 43.1717
using time 62.7341s, training loss at epoch 243: 42.9376
using time 62.1961s, training loss at epoch 244: 42.9770
+-------+-------------------+--------------------+--------------------+------------------------------------+------------------------------------+------------------------------------+------------------------------------+
| Epoch |  training time(s) |   tesing time(s)   |        Loss        |               recall               |                ndcg                |             precision              |             hit_ratio              |
+-------+-------------------+--------------------+--------------------+------------------------------------+------------------------------------+------------------------------------+------------------------------------+
|  245  | 62.46427249908447 | 34.699825286865234 | 42.825965881347656 | [0.08262307 0.11702156 0.14205746] | [0.14059421 0.16235113 0.17726858] | [0.05120571 0.03658651 0.02976366] | [0.55589792 0.66263648 0.72416103] |
+-------+-------------------+--------------------+--------------------+------------------------------------+------------------------------------+------------------------------------+------------------------------------+
using time 62.5904s, training loss at epoch 246: 42.6917
using time 62.8076s, training loss at epoch 247: 42.5879
using time 62.1711s, training loss at epoch 248: 42.5011
using time 62.8403s, training loss at epoch 249: 42.3857
+-------+-------------------+------------------+-------------------+------------------------------------+------------------------------------+------------------------------------+------------------------------------+
| Epoch |  training time(s) |  tesing time(s)  |        Loss       |               recall               |                ndcg                |             precision              |             hit_ratio              |
+-------+-------------------+------------------+-------------------+------------------------------------+------------------------------------+------------------------------------+------------------------------------+
|  250  | 62.74009156227112 | 35.2352933883667 | 42.16432189941406 | [0.08259915 0.11706438 0.14239137] | [0.14061392 0.16236796 0.17744774] | [0.05125427 0.03658567 0.02982339] | [0.55586442 0.6633733  0.72586911] |
+-------+-------------------+------------------+-------------------+------------------------------------+------------------------------------+------------------------------------+------------------------------------+
using time 62.7141s, training loss at epoch 251: 42.1455
using time 62.4981s, training loss at epoch 252: 42.0995
using time 62.8014s, training loss at epoch 253: 41.9892
using time 62.4456s, training loss at epoch 254: 41.9302
+-------+-------------------+--------------------+-------------------+------------------------------------+------------------------------------+------------------------------------+------------------------------------+
| Epoch |  training time(s) |   tesing time(s)   |        Loss       |               recall               |                ndcg                |             precision              |             hit_ratio              |
+-------+-------------------+--------------------+-------------------+------------------------------------+------------------------------------+------------------------------------+------------------------------------+
|  255  | 61.95732378959656 | 34.712143421173096 | 41.72488021850586 | [0.0824448  0.11701631 0.14231051] | [0.14052753 0.16242121 0.17747738] | [0.05111528 0.03659823 0.02981055] | [0.55455824 0.66317235 0.72419452] |
+-------+-------------------+--------------------+-------------------+------------------------------------+------------------------------------+------------------------------------+------------------------------------+
using time 62.3488s, training loss at epoch 256: 41.7301
using time 62.4048s, training loss at epoch 257: 41.5619
using time 62.0254s, training loss at epoch 258: 41.5134
using time 62.4983s, training loss at epoch 259: 41.3105
+-------+-------------------+-------------------+-------------------+------------------------------------+------------------------------------+------------------------------------+------------------------------------+
| Epoch |  training time(s) |   tesing time(s)  |        Loss       |               recall               |                ndcg                |             precision              |             hit_ratio              |
+-------+-------------------+-------------------+-------------------+------------------------------------+------------------------------------+------------------------------------+------------------------------------+
|  260  | 62.69940376281738 | 34.83948469161987 | 41.32606887817383 | [0.08264055 0.117152   0.14243761] | [0.14060966 0.16244772 0.17751888] | [0.05116719 0.03657395 0.02980999] | [0.55499364 0.66370822 0.7246969 ] |
+-------+-------------------+-------------------+-------------------+------------------------------------+------------------------------------+------------------------------------+------------------------------------+
using time 62.5161s, training loss at epoch 261: 41.2142
using time 62.6908s, training loss at epoch 262: 41.1716
using time 62.5639s, training loss at epoch 263: 41.0443
using time 62.8367s, training loss at epoch 264: 40.9535
+-------+-------------------+-------------------+-------------------+------------------------------------+------------------------------------+------------------------------------+------------------------------------+
| Epoch |  training time(s) |   tesing time(s)  |        Loss       |               recall               |                ndcg                |             precision              |             hit_ratio              |
+-------+-------------------+-------------------+-------------------+------------------------------------+------------------------------------+------------------------------------+------------------------------------+
|  265  | 62.67101287841797 | 34.86993098258972 | 40.89369583129883 | [0.08250281 0.11739001 0.14214086] | [0.14050984 0.16255984 0.17734101] | [0.0510483  0.03658735 0.02973966] | [0.55539554 0.66404314 0.72285485] |
+-------+-------------------+-------------------+-------------------+------------------------------------+------------------------------------+------------------------------------+------------------------------------+
using time 61.9144s, training loss at epoch 266: 40.7944
using time 62.2873s, training loss at epoch 267: 40.7397
using time 62.5301s, training loss at epoch 268: 40.5291
using time 62.2166s, training loss at epoch 269: 40.4926
+-------+-------------------+-------------------+-------------------+------------------------------------+------------------------------------+------------------------------------+------------------------------------+
| Epoch |  training time(s) |   tesing time(s)  |        Loss       |               recall               |                ndcg                |             precision              |             hit_ratio              |
+-------+-------------------+-------------------+-------------------+------------------------------------+------------------------------------+------------------------------------+------------------------------------+
|  270  | 62.77242040634155 | 35.60131311416626 | 40.33896255493164 | [0.08257363 0.11731552 0.14195007] | [0.14029795 0.16227996 0.17700212] | [0.05108011 0.03656809 0.02971565] | [0.55496014 0.66323933 0.72272088] |
+-------+-------------------+-------------------+-------------------+------------------------------------+------------------------------------+------------------------------------+------------------------------------+
using time 62.3861s, training loss at epoch 271: 40.3282
using time 62.1255s, training loss at epoch 272: 40.2490
using time 62.2829s, training loss at epoch 273: 40.1949
using time 62.3731s, training loss at epoch 274: 40.0417
+-------+-------------------+--------------------+------------------+------------------------------------+------------------------------------+------------------------------------+------------------------------------+
| Epoch |  training time(s) |   tesing time(s)   |       Loss       |               recall               |                ndcg                |             precision              |             hit_ratio              |
+-------+-------------------+--------------------+------------------+------------------------------------+------------------------------------+------------------------------------+------------------------------------+
|  275  | 62.30121827125549 | 35.300737619400024 | 39.9295768737793 | [0.08261879 0.1174127  0.14225997] | [0.14053113 0.16251539 0.17734698] | [0.0511337  0.03659153 0.02974915] | [0.55449126 0.66330632 0.7234577 ] |
+-------+-------------------+--------------------+------------------+------------------------------------+------------------------------------+------------------------------------+------------------------------------+
using time 62.4340s, training loss at epoch 276: 39.7822
using time 62.4196s, training loss at epoch 277: 39.7727
using time 62.4099s, training loss at epoch 278: 39.7238
using time 62.4628s, training loss at epoch 279: 39.5830
+-------+-------------------+-------------------+-------------------+------------------------------------+------------------------------------+------------------------------------+------------------------------------+
| Epoch |  training time(s) |   tesing time(s)  |        Loss       |               recall               |                ndcg                |             precision              |             hit_ratio              |
+-------+-------------------+-------------------+-------------------+------------------------------------+------------------------------------+------------------------------------+------------------------------------+
|  280  | 62.34566116333008 | 34.89419341087341 | 39.54595184326172 | [0.08274983 0.11699249 0.14207529] | [0.14030896 0.1619571  0.17693545] | [0.05108849 0.03647264 0.02971119] | [0.55449126 0.66203363 0.72362516] |
+-------+-------------------+-------------------+-------------------+------------------------------------+------------------------------------+------------------------------------+------------------------------------+
Early stopping is trigger at step: 10 log:0.08274982625673734
early stopping at 280, recall@20:0.0831
