reading train and test user-item set ...
building the adj mat ...
loading over ...
Method 1 GCL model setup
start training ...
+-------+--------------------+-------------------+-------------------+------------------------------------+------------------------------------+------------------------------------+------------------------------------+
| Epoch |  training time(s)  |   tesing time(s)  |        Loss       |               recall               |                ndcg                |             precision              |             hit_ratio              |
+-------+--------------------+-------------------+-------------------+------------------------------------+------------------------------------+------------------------------------+------------------------------------+
|   0   | 225.28326988220215 | 48.26185059547424 | 572.4146728515625 | [0.11135236 0.162865   0.20054209] | [0.08683224 0.1037995  0.11510911] | [0.0322108  0.0239224  0.01984281] | [0.35990354 0.45291044 0.51272691] |
+-------+--------------------+-------------------+-------------------+------------------------------------+------------------------------------+------------------------------------+------------------------------------+
using time 212.6140s, training loss at epoch 1: 528.0948
using time 208.7202s, training loss at epoch 2: 506.9689
using time 216.4920s, training loss at epoch 3: 484.3354
using time 210.2416s, training loss at epoch 4: 455.5252
+-------+--------------------+-------------------+--------------------+------------------------------------+------------------------------------+------------------------------------+------------------------------------+
| Epoch |  training time(s)  |   tesing time(s)  |        Loss        |               recall               |                ndcg                |             precision              |             hit_ratio              |
+-------+--------------------+-------------------+--------------------+------------------------------------+------------------------------------+------------------------------------+------------------------------------+
|   5   | 227.65150904655457 | 47.56297731399536 | 424.99432373046875 | [0.14832095 0.2097446  0.2536865 ] | [0.12183605 0.14147269 0.15454514] | [0.04430638 0.03169419 0.02575524] | [0.48174694 0.57619398 0.6292116 ] |
+-------+--------------------+-------------------+--------------------+------------------------------------+------------------------------------+------------------------------------+------------------------------------+
using time 219.6970s, training loss at epoch 6: 397.9989
using time 206.3981s, training loss at epoch 7: 375.0950
using time 210.3416s, training loss at epoch 8: 356.3849
using time 214.2449s, training loss at epoch 9: 341.4060
+-------+--------------------+-------------------+-------------------+------------------------------------+------------------------------------+------------------------------------+------------------------------------+
| Epoch |  training time(s)  |   tesing time(s)  |        Loss       |               recall               |                ndcg                |             precision              |             hit_ratio              |
+-------+--------------------+-------------------+-------------------+------------------------------------+------------------------------------+------------------------------------+------------------------------------+
|   10  | 216.78245544433594 | 45.24998903274536 | 329.5026550292969 | [0.17625308 0.24822127 0.29950443] | [0.14779954 0.17055439 0.1858857 ] | [0.05506397 0.03921813 0.0317955 ] | [0.57153862 0.67546386 0.73159622] |
+-------+--------------------+-------------------+-------------------+------------------------------------+------------------------------------+------------------------------------+------------------------------------+
using time 205.3090s, training loss at epoch 11: 320.2957
using time 212.3915s, training loss at epoch 12: 312.9156
using time 207.0145s, training loss at epoch 13: 306.8886
using time 207.5980s, training loss at epoch 14: 302.0916
+-------+--------------------+-------------------+-------------------+------------------------------------+------------------------------------+------------------------------------+------------------------------------+
| Epoch |  training time(s)  |   tesing time(s)  |        Loss       |               recall               |                ndcg                |             precision              |             hit_ratio              |
+-------+--------------------+-------------------+-------------------+------------------------------------+------------------------------------+------------------------------------+------------------------------------+
|   15  | 226.00091814994812 | 46.72880268096924 | 297.9326477050781 | [0.17947589 0.25213178 0.30412054] | [0.15074905 0.17368738 0.18918745] | [0.05621441 0.03991225 0.03227667] | [0.57800255 0.68212874 0.73762476] |
+-------+--------------------+-------------------+-------------------+------------------------------------+------------------------------------+------------------------------------+------------------------------------+
using time 216.7970s, training loss at epoch 16: 294.4590
using time 211.4874s, training loss at epoch 17: 291.3055
using time 214.5050s, training loss at epoch 18: 288.6941
using time 201.5916s, training loss at epoch 19: 286.4814
+-------+--------------------+--------------------+--------------------+------------------------------------+------------------------------------+------------------------------------+------------------------------------+
| Epoch |  training time(s)  |   tesing time(s)   |        Loss        |               recall               |                ndcg                |             precision              |             hit_ratio              |
+-------+--------------------+--------------------+--------------------+------------------------------------+------------------------------------+------------------------------------+------------------------------------+
|   20  | 194.25137758255005 | 45.963820695877075 | 284.32598876953125 | [0.18062866 0.25279442 0.30391878] | [0.15130012 0.17410927 0.1893486 ] | [0.05641704 0.03995914 0.03220801] | [0.57981111 0.68222922 0.73812714] |
+-------+--------------------+--------------------+--------------------+------------------------------------+------------------------------------+------------------------------------+------------------------------------+
using time 197.1250s, training loss at epoch 21: 282.6656
using time 193.2679s, training loss at epoch 22: 280.8715
using time 199.1200s, training loss at epoch 23: 279.5367
using time 199.0962s, training loss at epoch 24: 278.2278
+-------+--------------------+------------------+-------------------+------------------------------------+------------------------------------+------------------------------------+------------------------------------+
| Epoch |  training time(s)  |  tesing time(s)  |        Loss       |               recall               |                ndcg                |             precision              |             hit_ratio              |
+-------+--------------------+------------------+-------------------+------------------------------------+------------------------------------+------------------------------------+------------------------------------+
|   25  | 193.12955713272095 | 46.6437201499939 | 276.9707946777344 | [0.17985552 0.25214964 0.3026646 ] | [0.15044892 0.17338218 0.18842259] | [0.0560704  0.03981764 0.03202994] | [0.57703128 0.68119097 0.73728984] |
+-------+--------------------+------------------+-------------------+------------------------------------+------------------------------------+------------------------------------+------------------------------------+
using time 193.6004s, training loss at epoch 26: 275.9456
using time 194.3351s, training loss at epoch 27: 274.8339
using time 195.0731s, training loss at epoch 28: 274.0432
using time 208.6910s, training loss at epoch 29: 273.1871
+-------+--------------------+-------------------+--------------------+------------------------------------+------------------------------------+------------------------------------+------------------------------------+
| Epoch |  training time(s)  |   tesing time(s)  |        Loss        |               recall               |                ndcg                |             precision              |             hit_ratio              |
+-------+--------------------+-------------------+--------------------+------------------------------------+------------------------------------+------------------------------------+------------------------------------+
|   30  | 211.75274181365967 | 45.55732989311218 | 272.33245849609375 | [0.17904967 0.25073037 0.30086334] | [0.14983014 0.17253359 0.18745494] | [0.05577902 0.03951788 0.0317821 ] | [0.57646192 0.67844464 0.73574921] |
+-------+--------------------+-------------------+--------------------+------------------------------------+------------------------------------+------------------------------------+------------------------------------+
using time 192.3206s, training loss at epoch 31: 271.6453
using time 191.8030s, training loss at epoch 32: 270.9622
using time 192.5834s, training loss at epoch 33: 270.3556
using time 197.6712s, training loss at epoch 34: 269.6598
+-------+--------------------+--------------------+-------------------+------------------------------------+------------------------------------+------------------------------------+------------------------------------+
| Epoch |  training time(s)  |   tesing time(s)   |        Loss       |               recall               |                ndcg                |             precision              |             hit_ratio              |
+-------+--------------------+--------------------+-------------------+------------------------------------+------------------------------------+------------------------------------+------------------------------------+
|   35  | 221.35204601287842 | 44.426196813583374 | 269.1130065917969 | [0.17757448 0.24883552 0.29821291] | [0.14870765 0.1712866  0.18603171] | [0.05521301 0.03911263 0.03148291] | [0.5732467  0.67532989 0.73236653] |
+-------+--------------------+--------------------+-------------------+------------------------------------+------------------------------------+------------------------------------+------------------------------------+
Early stopping is trigger at step: 3 log:0.17757448437248285
early stopping at 35, recall@20:0.1806
