reading train and test user-item set ...
building the adj mat ...
loading over ...
Method 2 GCL model setup
start training ...
+-------+--------------------+-------------------+-------------------+------------------------------------+------------------------------------+------------------------------------+------------------------------------+
| Epoch |  training time(s)  |   tesing time(s)  |        Loss       |               recall               |                ndcg                |             precision              |             hit_ratio              |
+-------+--------------------+-------------------+-------------------+------------------------------------+------------------------------------+------------------------------------+------------------------------------+
|   0   | 100.64667129516602 | 53.05943322181702 | 578.6746826171875 | [0.13059159 0.18804212 0.22722338] | [0.10315697 0.12193689 0.13371074] | [0.03812379 0.02783257 0.02266394] | [0.42293523 0.52089892 0.57997857] |
+-------+--------------------+-------------------+-------------------+------------------------------------+------------------------------------+------------------------------------+------------------------------------+
using time 128.3197s, training loss at epoch 1: 534.8769
using time 94.3086s, training loss at epoch 2: 517.4863
using time 91.8337s, training loss at epoch 3: 498.9180
using time 104.7916s, training loss at epoch 4: 473.6911
+-------+-------------------+--------------------+--------------------+------------------------------------+------------------------------------+------------------------------------+------------------------------------+
| Epoch |  training time(s) |   tesing time(s)   |        Loss        |               recall               |                ndcg                |             precision              |             hit_ratio              |
+-------+-------------------+--------------------+--------------------+------------------------------------+------------------------------------+------------------------------------+------------------------------------+
|   5   | 93.03709077835083 | 51.907787799835205 | 442.53863525390625 | [0.15447126 0.21593368 0.26010363] | [0.12789093 0.14750241 0.16062677] | [0.04587883 0.0324511  0.0262766 ] | [0.4942394  0.58480139 0.6382544 ] |
+-------+-------------------+--------------------+--------------------+------------------------------------+------------------------------------+------------------------------------+------------------------------------+
using time 104.4547s, training loss at epoch 6: 413.1465
using time 99.7805s, training loss at epoch 7: 388.2222
using time 93.5459s, training loss at epoch 8: 367.7746
using time 98.4160s, training loss at epoch 9: 351.3277
+-------+-------------------+--------------------+--------------------+------------------------------------+------------------------------------+------------------------------------+------------------------------------+
| Epoch |  training time(s) |   tesing time(s)   |        Loss        |               recall               |                ndcg                |             precision              |             hit_ratio              |
+-------+-------------------+--------------------+--------------------+------------------------------------+------------------------------------+------------------------------------+------------------------------------+
|   10  | 92.82942080497742 | 61.790504455566406 | 338.21038818359375 | [0.18317867 0.25596318 0.30656212] | [0.15433321 0.17733059 0.19241954] | [0.05687086 0.04027313 0.03240728] | [0.58406457 0.68634872 0.74164378] |
+-------+-------------------+--------------------+--------------------+------------------------------------+------------------------------------+------------------------------------+------------------------------------+
using time 118.4334s, training loss at epoch 11: 327.8512
using time 89.9254s, training loss at epoch 12: 319.4854
using time 92.5439s, training loss at epoch 13: 312.6363
using time 97.0076s, training loss at epoch 14: 307.1507
+-------+-------------------+-------------------+-------------------+------------------------------------+------------------------------------+------------------------------------+------------------------------------+
| Epoch |  training time(s) |   tesing time(s)  |        Loss       |               recall               |                ndcg                |             precision              |             hit_ratio              |
+-------+-------------------+-------------------+-------------------+------------------------------------+------------------------------------+------------------------------------+------------------------------------+
|   15  | 88.03949117660522 | 49.05441164970398 | 302.3699035644531 | [0.18555488 0.25799512 0.30910315] | [0.15628925 0.17912971 0.19438911] | [0.05766796 0.04061558 0.03268415] | [0.59005962 0.68983187 0.74499297] |
+-------+-------------------+-------------------+-------------------+------------------------------------+------------------------------------+------------------------------------+------------------------------------+
using time 90.0617s, training loss at epoch 16: 298.3639
using time 90.1880s, training loss at epoch 17: 294.8326
using time 90.1712s, training loss at epoch 18: 291.8593
using time 87.2800s, training loss at epoch 19: 289.2859
+-------+-------------------+-------------------+-------------------+------------------------------------+------------------------------------+------------------------------------+------------------------------------+
| Epoch |  training time(s) |   tesing time(s)  |        Loss       |               recall               |                ndcg                |             precision              |             hit_ratio              |
+-------+-------------------+-------------------+-------------------+------------------------------------+------------------------------------+------------------------------------+------------------------------------+
|   20  | 89.89253211021423 | 51.47627377510071 | 286.9027404785156 | [0.18483809 0.25647672 0.30602464] | [0.15543131 0.17801639 0.19281684] | [0.05733807 0.0402681  0.03230569] | [0.58818407 0.68879362 0.74311742] |
+-------+-------------------+-------------------+-------------------+------------------------------------+------------------------------------+------------------------------------+------------------------------------+
using time 92.4978s, training loss at epoch 21: 284.9621
using time 87.6743s, training loss at epoch 22: 283.0159
using time 92.9966s, training loss at epoch 23: 281.4931
using time 87.6749s, training loss at epoch 24: 280.0102
+-------+-------------------+-------------------+-------------------+------------------------------------+------------------------------------+------------------------------------+------------------------------------+
| Epoch |  training time(s) |   tesing time(s)  |        Loss       |               recall               |                ndcg                |             precision              |             hit_ratio              |
+-------+-------------------+-------------------+-------------------+------------------------------------+------------------------------------+------------------------------------+------------------------------------+
|   25  | 87.90056610107422 | 46.70958924293518 | 278.5822448730469 | [0.182127   0.25370263 0.30121564] | [0.15337059 0.17598086 0.19023676] | [0.05638857 0.03970963 0.03178657] | [0.58369616 0.68494206 0.73889745] |
+-------+-------------------+-------------------+-------------------+------------------------------------+------------------------------------+------------------------------------+------------------------------------+
Early stopping is trigger at step: 2 log:0.18212700431247775
early stopping at 25, recall@20:0.1856
