reading train and test user-item set ...
building the adj mat ...
loading over ...
Method 2 GCL model setup
start training ...
+-------+-------------------+-------------------+-------------------+------------------------------------+------------------------------------+------------------------------------+------------------------------------+
| Epoch |  training time(s) |   tesing time(s)  |        Loss       |               recall               |                ndcg                |             precision              |             hit_ratio              |
+-------+-------------------+-------------------+-------------------+------------------------------------+------------------------------------+------------------------------------+------------------------------------+
|   0   | 270.5189073085785 | 45.17549657821655 | 578.5690307617188 | [0.12196559 0.17635886 0.21403429] | [0.09563901 0.11353128 0.12488552] | [0.03520497 0.02589842 0.02121933] | [0.3954719  0.491761   0.55197937] |
+-------+-------------------+-------------------+-------------------+------------------------------------+------------------------------------+------------------------------------+------------------------------------+
using time 295.7391s, training loss at epoch 1: 534.6536
using time 287.5183s, training loss at epoch 2: 517.1255
using time 295.0285s, training loss at epoch 3: 498.5096
using time 301.7424s, training loss at epoch 4: 473.4513
+-------+--------------------+--------------------+-------------------+------------------------------------+------------------------------------+------------------------------------+------------------------------------+
| Epoch |  training time(s)  |   tesing time(s)   |        Loss       |               recall               |                ndcg                |             precision              |             hit_ratio              |
+-------+--------------------+--------------------+-------------------+------------------------------------+------------------------------------+------------------------------------+------------------------------------+
|   5   | 298.29437232017517 | 44.287354946136475 | 442.5361633300781 | [0.15344976 0.21477953 0.25890407] | [0.12720116 0.14678911 0.15988999] | [0.04561926 0.03231881 0.0261711 ] | [0.49289973 0.58305982 0.6362114 ] |
+-------+--------------------+--------------------+-------------------+------------------------------------+------------------------------------+------------------------------------+------------------------------------+
using time 298.1390s, training loss at epoch 6: 413.3418
using time 294.0826s, training loss at epoch 7: 388.5612
using time 299.4762s, training loss at epoch 8: 368.1953
using time 270.8309s, training loss at epoch 9: 351.7909
+-------+-------------------+--------------------+--------------------+------------------------------------+------------------------------------+------------------------------------+------------------------------------+
| Epoch |  training time(s) |   tesing time(s)   |        Loss        |               recall               |                ndcg                |             precision              |             hit_ratio              |
+-------+-------------------+--------------------+--------------------+------------------------------------+------------------------------------+------------------------------------+------------------------------------+
|   10  | 294.5783648490906 | 45.725393295288086 | 338.69805908203125 | [0.18274807 0.25548538 0.30571007] | [0.1539228  0.17690559 0.19191309] | [0.05679215 0.0402321  0.03237212] | [0.58369616 0.68584634 0.74083998] |
+-------+-------------------+--------------------+--------------------+------------------------------------+------------------------------------+------------------------------------+------------------------------------+
using time 205.5538s, training loss at epoch 11: 328.3438
using time 197.7856s, training loss at epoch 12: 319.9870
using time 197.5275s, training loss at epoch 13: 313.1364
using time 197.0474s, training loss at epoch 14: 307.6288
+-------+--------------------+-------------------+-------------------+------------------------------------+------------------------------------+------------------------------------+------------------------------------+
| Epoch |  training time(s)  |   tesing time(s)  |        Loss       |               recall               |                ndcg                |             precision              |             hit_ratio              |
+-------+--------------------+-------------------+-------------------+------------------------------------+------------------------------------+------------------------------------+------------------------------------+
|   15  | 188.93070697784424 | 45.61044096946716 | 302.8317565917969 | [0.18556059 0.25775801 0.30895091] | [0.1561039  0.17886947 0.19412825] | [0.05772322 0.04062563 0.03267075] | [0.59032755 0.68966441 0.74482551] |
+-------+--------------------+-------------------+-------------------+------------------------------------+------------------------------------+------------------------------------+------------------------------------+
using time 183.4939s, training loss at epoch 16: 298.8135
using time 188.6401s, training loss at epoch 17: 295.2577
using time 182.8672s, training loss at epoch 18: 292.2666
using time 186.8117s, training loss at epoch 19: 289.6672
+-------+--------------------+--------------------+-------------------+------------------------------------+------------------------------------+------------------------------------+------------------------------------+
| Epoch |  training time(s)  |   tesing time(s)   |        Loss       |               recall               |                ndcg                |             precision              |             hit_ratio              |
+-------+--------------------+--------------------+-------------------+------------------------------------+------------------------------------+------------------------------------+------------------------------------+
|   20  | 193.31283688545227 | 44.630019426345825 | 287.2782897949219 | [0.1846578  0.25660356 0.30617363] | [0.15534909 0.17801479 0.19282251] | [0.05737658 0.04030411 0.03232858] | [0.58875343 0.68819077 0.74241409] |
+-------+--------------------+--------------------+-------------------+------------------------------------+------------------------------------+------------------------------------+------------------------------------+
using time 192.5543s, training loss at epoch 21: 285.3192
using time 195.6824s, training loss at epoch 22: 283.3455
using time 199.1949s, training loss at epoch 23: 281.8184
using time 209.4982s, training loss at epoch 24: 280.3139
+-------+--------------------+-------------------+-------------------+------------------------------------+------------------------------------+------------------------------------+------------------------------------+
| Epoch |  training time(s)  |   tesing time(s)  |        Loss       |               recall               |                ndcg                |             precision              |             hit_ratio              |
+-------+--------------------+-------------------+-------------------+------------------------------------+------------------------------------+------------------------------------+------------------------------------+
|   25  | 196.74806928634644 | 42.13924598693848 | 278.8827819824219 | [0.18244876 0.25357573 0.3015539 ] | [0.15345857 0.17591264 0.19027057] | [0.05647565 0.03971297 0.03179438] | [0.58406457 0.68417175 0.73876348] |
+-------+--------------------+-------------------+-------------------+------------------------------------+------------------------------------+------------------------------------+------------------------------------+
Early stopping is trigger at step: 2 log:0.18244876145446645
early stopping at 25, recall@20:0.1856
