reading train and test user-item set ...
building the adj mat ...
loading over ...
Method 2 GCL model setup
start training ...
+-------+--------------------+-------------------+-------------------+------------------------------------+------------------------------------+------------------------------------+------------------------------------+
| Epoch |  training time(s)  |   tesing time(s)  |        Loss       |               recall               |                ndcg                |             precision              |             hit_ratio              |
+-------+--------------------+-------------------+-------------------+------------------------------------+------------------------------------+------------------------------------+------------------------------------+
|   0   | 205.90932989120483 | 41.40309739112854 | 579.0949096679688 | [0.13167394 0.18993604 0.22896072] | [0.10417843 0.12319653 0.13493233] | [0.0385709  0.02814237 0.02286657] | [0.4275571  0.52595619 0.5839306 ] |
+-------+--------------------+-------------------+-------------------+------------------------------------+------------------------------------+------------------------------------+------------------------------------+
using time 207.1940s, training loss at epoch 1: 535.2999
using time 199.0790s, training loss at epoch 2: 518.1107
using time 201.5228s, training loss at epoch 3: 499.7681
using time 202.7840s, training loss at epoch 4: 474.8031
+-------+--------------------+-------------------+-------------------+------------------------------------+------------------------------------+------------------------------------+------------------------------------+
| Epoch |  training time(s)  |   tesing time(s)  |        Loss       |               recall               |                ndcg                |             precision              |             hit_ratio              |
+-------+--------------------+-------------------+-------------------+------------------------------------+------------------------------------+------------------------------------+------------------------------------+
|   5   | 198.85596537590027 | 44.06863451004028 | 443.7937316894531 | [0.15467914 0.21649648 0.26070496] | [0.12829837 0.14799805 0.16112725] | [0.04598767 0.03253399 0.02633465] | [0.49541161 0.5860071  0.63962757] |
+-------+--------------------+-------------------+-------------------+------------------------------------+------------------------------------+------------------------------------+------------------------------------+
using time 204.4229s, training loss at epoch 6: 414.3858
using time 199.7034s, training loss at epoch 7: 389.3670
using time 202.9995s, training loss at epoch 8: 368.8164
using time 203.6866s, training loss at epoch 9: 352.2697
+-------+--------------------+-------------------+-------------------+------------------------------------+------------------------------------+------------------------------------+------------------------------------+
| Epoch |  training time(s)  |   tesing time(s)  |        Loss       |               recall               |                ndcg                |             precision              |             hit_ratio              |
+-------+--------------------+-------------------+-------------------+------------------------------------+------------------------------------+------------------------------------+------------------------------------+
|   10  | 203.91484880447388 | 43.61109280586243 | 339.0751037597656 | [0.18347615 0.25639514 0.3067189 ] | [0.15458011 0.17761345 0.19262128] | [0.05697803 0.04035099 0.03243073] | [0.58490187 0.68634872 0.74164378] |
+-------+--------------------+-------------------+-------------------+------------------------------------+------------------------------------+------------------------------------+------------------------------------+
using time 195.6451s, training loss at epoch 11: 328.6391
using time 206.6663s, training loss at epoch 12: 320.2143
using time 201.1162s, training loss at epoch 13: 313.3150
using time 203.2519s, training loss at epoch 14: 307.7627
+-------+--------------------+--------------------+--------------------+------------------------------------+------------------------------------+------------------------------------+------------------------------------+
| Epoch |  training time(s)  |   tesing time(s)   |        Loss        |               recall               |                ndcg                |             precision              |             hit_ratio              |
+-------+--------------------+--------------------+--------------------+------------------------------------+------------------------------------+------------------------------------+------------------------------------+
|   15  | 202.62138843536377 | 42.786548137664795 | 302.93634033203125 | [0.18598389 0.25811099 0.30920157] | [0.15647131 0.17918839 0.19446164] | [0.05777346 0.04061056 0.03268861] | [0.59086342 0.69036774 0.74562931] |
+-------+--------------------+--------------------+--------------------+------------------------------------+------------------------------------+------------------------------------+------------------------------------+
using time 113.5110s, training loss at epoch 16: 298.8965
using time 113.4963s, training loss at epoch 17: 295.3252
using time 117.5200s, training loss at epoch 18: 292.3171
using time 110.9548s, training loss at epoch 19: 289.7044
+-------+--------------------+-------------------+-----------------+------------------------------------+------------------------------------+------------------------------------+------------------------------------+
| Epoch |  training time(s)  |   tesing time(s)  |       Loss      |               recall               |                ndcg                |             precision              |             hit_ratio              |
+-------+--------------------+-------------------+-----------------+------------------------------------+------------------------------------+------------------------------------+------------------------------------+
|   20  | 112.87224078178406 | 40.57704567909241 | 287.30908203125 | [0.18492251 0.25643143 0.30556961] | [0.15553108 0.17808676 0.19277386] | [0.057395   0.04027564 0.03227722] | [0.58861947 0.68899457 0.74284949] |
+-------+--------------------+-------------------+-----------------+------------------------------------+------------------------------------+------------------------------------+------------------------------------+
using time 112.0233s, training loss at epoch 21: 285.3356
using time 110.4442s, training loss at epoch 22: 283.3625
using time 110.7954s, training loss at epoch 23: 281.8191
using time 120.0609s, training loss at epoch 24: 280.3217
+-------+--------------------+-------------------+-------------------+------------------------------------+------------------------------------+------------------------------------+------------------------------------+
| Epoch |  training time(s)  |   tesing time(s)  |        Loss       |               recall               |                ndcg                |             precision              |             hit_ratio              |
+-------+--------------------+-------------------+-------------------+------------------------------------+------------------------------------+------------------------------------+------------------------------------+
|   25  | 113.21500277519226 | 41.37886357307434 | 278.8780212402344 | [0.18219033 0.25340083 0.30097487] | [0.15340531 0.17589631 0.19016635] | [0.0563936  0.03965771 0.03175531] | [0.58369616 0.68464063 0.73929935] |
+-------+--------------------+-------------------+-------------------+------------------------------------+------------------------------------+------------------------------------+------------------------------------+
Early stopping is trigger at step: 2 log:0.18219032840790533
early stopping at 25, recall@20:0.1860
