reading train and test user-item set ...
building the adj mat ...
loading over ...
Method 2 GCL model setup
start training ...
+-------+--------------------+-------------------+-------------------+------------------------------------+------------------------------------+------------------------------------+------------------------------------+
| Epoch |  training time(s)  |   tesing time(s)  |        Loss       |               recall               |                ndcg                |             precision              |             hit_ratio              |
+-------+--------------------+-------------------+-------------------+------------------------------------+------------------------------------+------------------------------------+------------------------------------+
|   0   | 202.00267457962036 | 54.39496159553528 | 578.9644775390625 | [0.13124561 0.1889792  0.22807739] | [0.10380656 0.12265927 0.13443775] | [0.03835488 0.02797073 0.02277949] | [0.42487775 0.52341081 0.58115078] |
+-------+--------------------+-------------------+-------------------+------------------------------------+------------------------------------+------------------------------------+------------------------------------+
using time 224.0370s, training loss at epoch 1: 535.0872
using time 202.4716s, training loss at epoch 2: 517.8212
using time 206.8140s, training loss at epoch 3: 499.3402
using time 209.0321s, training loss at epoch 4: 474.2724
+-------+--------------------+-------------------+--------------------+------------------------------------+------------------------------------+------------------------------------+------------------------------------+
| Epoch |  training time(s)  |   tesing time(s)  |        Loss        |               recall               |                ndcg                |             precision              |             hit_ratio              |
+-------+--------------------+-------------------+--------------------+------------------------------------+------------------------------------+------------------------------------+------------------------------------+
|   5   | 205.86930561065674 | 62.47913217544556 | 443.24456787109375 | [0.15463312 0.21637524 0.26037042] | [0.12821051 0.14789201 0.16095328] | [0.04593409 0.03250469 0.02629111] | [0.49460781 0.58580615 0.6386898 ] |
+-------+--------------------+-------------------+--------------------+------------------------------------+------------------------------------+------------------------------------+------------------------------------+
using time 210.1494s, training loss at epoch 6: 413.8765
using time 189.6387s, training loss at epoch 7: 388.9040
using time 188.8562s, training loss at epoch 8: 368.3875
using time 177.0419s, training loss at epoch 9: 351.8690
+-------+--------------------+-------------------+--------------+------------------------------------+------------------------------------+------------------------------------+------------------------------------+
| Epoch |  training time(s)  |   tesing time(s)  |     Loss     |               recall               |                ndcg                |             precision              |             hit_ratio              |
+-------+--------------------+-------------------+--------------+------------------------------------+------------------------------------+------------------------------------+------------------------------------+
|   10  | 177.44175124168396 | 49.21158027648926 | 338.70703125 | [0.18348446 0.25626754 0.30658632] | [0.15453806 0.17753725 0.19255408] | [0.05695291 0.04032169 0.03242682] | [0.58463393 0.68618126 0.74224663] |
+-------+--------------------+-------------------+--------------+------------------------------------+------------------------------------+------------------------------------+------------------------------------+
using time 183.4025s, training loss at epoch 11: 328.2963
using time 181.7244s, training loss at epoch 12: 319.8860
using time 182.9815s, training loss at epoch 13: 313.0036
using time 173.9938s, training loss at epoch 14: 307.4772
+-------+--------------------+-------------------+-------------------+------------------------------------+------------------------------------+------------------------------------+------------------------------------+
| Epoch |  training time(s)  |   tesing time(s)  |        Loss       |               recall               |                ndcg                |             precision              |             hit_ratio              |
+-------+--------------------+-------------------+-------------------+------------------------------------+------------------------------------+------------------------------------+------------------------------------+
|   15  | 169.31386590003967 | 56.14643096923828 | 302.6664733886719 | [0.18585159 0.25816872 0.30920787] | [0.15640752 0.17921552 0.19444413] | [0.05772657 0.04064489 0.03268638] | [0.59062898 0.69023377 0.74549534] |
+-------+--------------------+-------------------+-------------------+------------------------------------+------------------------------------+------------------------------------+------------------------------------+
using time 158.3537s, training loss at epoch 16: 298.6390
using time 156.8104s, training loss at epoch 17: 295.0765
using time 157.6593s, training loss at epoch 18: 292.0798
using time 166.8328s, training loss at epoch 19: 289.4873
+-------+-------------------+-------------------+------------------+------------------------------------+------------------------------------+------------------------------------+------------------------------------+
| Epoch |  training time(s) |   tesing time(s)  |       Loss       |               recall               |                ndcg                |             precision              |             hit_ratio              |
+-------+-------------------+-------------------+------------------+------------------------------------+------------------------------------+------------------------------------+------------------------------------+
|   20  | 151.2576196193695 | 41.01392960548401 | 287.095458984375 | [0.18487878 0.256804   0.30583379] | [0.15555804 0.1782077  0.19286814] | [0.05740003 0.04029825 0.03229118] | [0.58831804 0.68919553 0.74298346] |
+-------+-------------------+-------------------+------------------+------------------------------------+------------------------------------+------------------------------------+------------------------------------+
using time 142.4924s, training loss at epoch 21: 285.1374
using time 142.4752s, training loss at epoch 22: 283.1752
using time 142.0390s, training loss at epoch 23: 281.6322
using time 141.5404s, training loss at epoch 24: 280.1498
+-------+--------------------+-------------------+--------------------+------------------------------------+------------------------------------+------------------------------------+------------------------------------+
| Epoch |  training time(s)  |   tesing time(s)  |        Loss        |               recall               |                ndcg                |             precision              |             hit_ratio              |
+-------+--------------------+-------------------+--------------------+------------------------------------+------------------------------------+------------------------------------+------------------------------------+
|   25  | 141.32142901420593 | 44.52442026138306 | 278.71282958984375 | [0.1821594  0.25343365 0.30079177] | [0.15343519 0.17598512 0.19016464] | [0.05637853 0.03970293 0.03174749] | [0.58342823 0.68443968 0.73889745] |
+-------+--------------------+-------------------+--------------------+------------------------------------+------------------------------------+------------------------------------+------------------------------------+
Early stopping is trigger at step: 2 log:0.1821594044856762
early stopping at 25, recall@20:0.1859
