reading train and test user-item set ...
building the adj mat ...
loading over ...
Method 2 GCL model setup
start training ...
+-------+--------------------+--------------------+-------------------+------------------------------------+------------------------------------+------------------------------------+------------------------------------+
| Epoch |  training time(s)  |   tesing time(s)   |        Loss       |               recall               |                ndcg                |             precision              |             hit_ratio              |
+-------+--------------------+--------------------+-------------------+------------------------------------+------------------------------------+------------------------------------+------------------------------------+
|   0   | 179.67600798606873 | 44.951876401901245 | 579.0636596679688 | [0.13075829 0.18830791 0.22721405] | [0.10336915 0.12216761 0.13389206] | [0.03819412 0.02785853 0.0226846 ] | [0.42370554 0.52163574 0.57964365] |
+-------+--------------------+--------------------+-------------------+------------------------------------+------------------------------------+------------------------------------+------------------------------------+
using time 174.8236s, training loss at epoch 1: 535.2440
using time 219.0301s, training loss at epoch 2: 518.0333
using time 193.5685s, training loss at epoch 3: 499.6671
using time 217.9976s, training loss at epoch 4: 474.7109
+-------+--------------------+-------------------+-----------------+------------------------------------+------------------------------------+------------------------------------+------------------------------------+
| Epoch |  training time(s)  |   tesing time(s)  |       Loss      |               recall               |                ndcg                |             precision              |             hit_ratio              |
+-------+--------------------+-------------------+-----------------+------------------------------------+------------------------------------+------------------------------------+------------------------------------+
|   5   | 200.49583411216736 | 43.76480841636658 | 443.72216796875 | [0.15453444 0.21642398 0.26058227] | [0.1282786  0.1480032  0.16111909] | [0.04595083 0.0325273  0.02632125] | [0.49500971 0.58604059 0.63966106] |
+-------+--------------------+-------------------+-----------------+------------------------------------+------------------------------------+------------------------------------+------------------------------------+
using time 203.1785s, training loss at epoch 6: 414.3314
using time 204.4409s, training loss at epoch 7: 389.3333
using time 202.6849s, training loss at epoch 8: 368.7881
using time 196.4425s, training loss at epoch 9: 352.2533
+-------+--------------------+-------------------+--------------------+------------------------------------+------------------------------------+------------------------------------+------------------------------------+
| Epoch |  training time(s)  |   tesing time(s)  |        Loss        |               recall               |                ndcg                |             precision              |             hit_ratio              |
+-------+--------------------+-------------------+--------------------+------------------------------------+------------------------------------+------------------------------------+------------------------------------+
|   10  | 184.98285174369812 | 44.68408465385437 | 339.05975341796875 | [0.18346697 0.25634749 0.30672434] | [0.15458567 0.1776264  0.19264128] | [0.05694789 0.04035183 0.03243352] | [0.58493536 0.68658316 0.74201219] |
+-------+--------------------+-------------------+--------------------+------------------------------------+------------------------------------+------------------------------------+------------------------------------+
using time 195.5450s, training loss at epoch 11: 328.6290
using time 194.3151s, training loss at epoch 12: 320.2079
using time 194.7085s, training loss at epoch 13: 313.3133
using time 202.8505s, training loss at epoch 14: 307.7691
+-------+-------------------+--------------------+--------------------+------------------------------------+------------------------------------+------------------------------------+------------------------------------+
| Epoch |  training time(s) |   tesing time(s)   |        Loss        |               recall               |                ndcg                |             precision              |             hit_ratio              |
+-------+-------------------+--------------------+--------------------+------------------------------------+------------------------------------+------------------------------------+------------------------------------+
|   15  | 195.8450403213501 | 44.267712116241455 | 302.94268798828125 | [0.18567653 0.25824804 0.30916924] | [0.1563804  0.17924028 0.19445771] | [0.05772825 0.04063986 0.03269252] | [0.59062898 0.6905352  0.74552884] |
+-------+-------------------+--------------------+--------------------+------------------------------------+------------------------------------+------------------------------------+------------------------------------+
using time 186.6446s, training loss at epoch 16: 298.9034
using time 189.0774s, training loss at epoch 17: 295.3317
using time 189.3245s, training loss at epoch 18: 292.3238
using time 207.0395s, training loss at epoch 19: 289.7111
+-------+-------------------+--------------------+-------------------+------------------------------------+------------------------------------+------------------------------------+------------------------------------+
| Epoch |  training time(s) |   tesing time(s)   |        Loss       |               recall               |                ndcg                |             precision              |             hit_ratio              |
+-------+-------------------+--------------------+-------------------+------------------------------------+------------------------------------+------------------------------------+------------------------------------+
|   20  | 186.9599289894104 | 46.796297550201416 | 287.3173522949219 | [0.18479666 0.25669434 0.30574721] | [0.15546639 0.17811535 0.19279575] | [0.05736319 0.04028066 0.03228895] | [0.58825105 0.68939648 0.74274901] |
+-------+-------------------+--------------------+-------------------+------------------------------------+------------------------------------+------------------------------------+------------------------------------+
using time 187.6811s, training loss at epoch 21: 285.3443
using time 191.2387s, training loss at epoch 22: 283.3708
using time 187.5456s, training loss at epoch 23: 281.8273
using time 194.2190s, training loss at epoch 24: 280.3293
+-------+--------------------+-------------------+-------------------+------------------------------------+------------------------------------+------------------------------------+------------------------------------+
| Epoch |  training time(s)  |   tesing time(s)  |        Loss       |               recall               |                ndcg                |             precision              |             hit_ratio              |
+-------+--------------------+-------------------+-------------------+------------------------------------+------------------------------------+------------------------------------+------------------------------------+
|   25  | 195.43699097633362 | 45.77288818359375 | 278.8847351074219 | [0.18222295 0.253328   0.30079052] | [0.15338539 0.17584916 0.19008905] | [0.05638857 0.03965101 0.03173689] | [0.58423203 0.68460714 0.73916538] |
+-------+--------------------+-------------------+-------------------+------------------------------------+------------------------------------+------------------------------------+------------------------------------+
Early stopping is trigger at step: 2 log:0.1822229529555904
early stopping at 25, recall@20:0.1857
