reading train and test user-item set ...
building the adj mat ...
loading over ...
Method 2 GCL model setup
start training ...
+-------+--------------------+-------------------+-------------------+------------------------------------+------------------------------------+------------------------------------+------------------------------------+
| Epoch |  training time(s)  |   tesing time(s)  |        Loss       |               recall               |                ndcg                |             precision              |             hit_ratio              |
+-------+--------------------+-------------------+-------------------+------------------------------------+------------------------------------+------------------------------------+------------------------------------+
|   0   | 193.45160245895386 | 43.11571645736694 | 894.9440307617188 | [0.0585509  0.09392898 0.12226045] | [0.04843703 0.06179885 0.07172839] | [0.02592522 0.0210749  0.01843607] | [0.35809019 0.48841101 0.56637615] |
+-------+--------------------+-------------------+-------------------+------------------------------------+------------------------------------+------------------------------------+------------------------------------+
using time 199.6704s, training loss at epoch 1: 821.3740
using time 190.0917s, training loss at epoch 2: 800.1263
using time 191.7123s, training loss at epoch 3: 779.5442
using time 193.2746s, training loss at epoch 4: 750.1965
+-------+--------------------+-------------------+-------------------+------------------------------------+------------------------------------+------------------------------------+------------------------------------+
| Epoch |  training time(s)  |   tesing time(s)  |        Loss       |               recall               |                ndcg                |             precision              |             hit_ratio              |
+-------+--------------------+-------------------+-------------------+------------------------------------+------------------------------------+------------------------------------+------------------------------------+
|   5   | 202.43542528152466 | 45.82421159744263 | 714.3331298828125 | [0.06297209 0.10129265 0.13094016] | [0.05286305 0.06720381 0.07762866] | [0.02869774 0.02329086 0.02026757] | [0.37732095 0.50773652 0.58229127] |
+-------+--------------------+-------------------+-------------------+------------------------------------+------------------------------------+------------------------------------+------------------------------------+
using time 208.5373s, training loss at epoch 6: 673.1808
using time 203.8979s, training loss at epoch 7: 628.8470
using time 204.7521s, training loss at epoch 8: 589.4943
using time 204.8851s, training loss at epoch 9: 559.5879
+-------+--------------------+-------------------+------------------+------------------------------------+------------------------------------+------------------------------------+------------------------------------+
| Epoch |  training time(s)  |   tesing time(s)  |       Loss       |               recall               |                ndcg                |             precision              |             hit_ratio              |
+-------+--------------------+-------------------+------------------+------------------------------------+------------------------------------+------------------------------------+------------------------------------+
|   10  | 203.93170595169067 | 43.83038878440857 | 537.460205078125 | [0.07297924 0.1191804  0.15607533] | [0.06005855 0.07745983 0.0903092 ] | [0.03277441 0.02706597 0.023739  ] | [0.42727675 0.57824934 0.66275104] |
+-------+--------------------+-------------------+------------------+------------------------------------+------------------------------------+------------------------------------+------------------------------------+
using time 209.2328s, training loss at epoch 11: 521.0290
using time 202.5795s, training loss at epoch 12: 508.1606
using time 186.9026s, training loss at epoch 13: 498.0005
using time 184.5906s, training loss at epoch 14: 489.5135
+-------+--------------------+--------------------+-------------------+------------------------------------+------------------------------------+------------------------------------+------------------------------------+
| Epoch |  training time(s)  |   tesing time(s)   |        Loss       |               recall               |                ndcg                |             precision              |             hit_ratio              |
+-------+--------------------+--------------------+-------------------+------------------------------------+------------------------------------+------------------------------------+------------------------------------+
|   15  | 187.00230407714844 | 42.247514963150024 | 482.6625061035156 | [0.07244753 0.11882174 0.15483289] | [0.05968945 0.07711139 0.08969433] | [0.03255179 0.02692781 0.02356848] | [0.42648731 0.57749147 0.66076165] |
+-------+--------------------+--------------------+-------------------+------------------------------------+------------------------------------+------------------------------------+------------------------------------+
using time 199.1157s, training loss at epoch 16: 476.4522
using time 184.1187s, training loss at epoch 17: 471.3448
using time 182.1593s, training loss at epoch 18: 466.9266
using time 179.7572s, training loss at epoch 19: 462.9806
+-------+--------------------+--------------------+--------------------+------------------------------------+------------------------------------+------------------------------------+------------------------------------+
| Epoch |  training time(s)  |   tesing time(s)   |        Loss        |               recall               |                ndcg                |             precision              |             hit_ratio              |
+-------+--------------------+--------------------+--------------------+------------------------------------+------------------------------------+------------------------------------+------------------------------------+
|   20  | 178.52110505104065 | 43.104710817337036 | 459.43267822265625 | [0.07160757 0.11732127 0.15277946] | [0.05907076 0.07626792 0.08866846] | [0.03214128 0.02660099 0.02327323] | [0.42219275 0.57351269 0.65602501] |
+-------+--------------------+--------------------+--------------------+------------------------------------+------------------------------------+------------------------------------+------------------------------------+
Early stopping is trigger at step: 2 log:0.07160756988215762
early stopping at 20, recall@20:0.0730
