reading train and test user-item set ...
building the adj mat ...
loading over ...
Method 2 GCL model setup
start training ...
+-------+--------------------+-----------------+-------------------+------------------------------------+------------------------------------+------------------------------------+------------------------------------+
| Epoch |  training time(s)  |  tesing time(s) |        Loss       |               recall               |                ndcg                |             precision              |             hit_ratio              |
+-------+--------------------+-----------------+-------------------+------------------------------------+------------------------------------+------------------------------------+------------------------------------+
|   0   | 177.82481932640076 | 49.924067735672 | 885.7096557617188 | [0.05768717 0.09266013 0.11982377] | [0.04794526 0.06115979 0.07074028] | [0.0256726  0.02084991 0.01817871] | [0.35417456 0.4806745  0.5578502 ] |
+-------+--------------------+-----------------+-------------------+------------------------------------+------------------------------------+------------------------------------+------------------------------------+
using time 175.9435s, training loss at epoch 1: 816.0226
using time 176.2019s, training loss at epoch 2: 799.0297
using time 165.6272s, training loss at epoch 3: 786.3341
using time 171.3500s, training loss at epoch 4: 769.4069
+-------+--------------------+-------------------+-----------------+------------------------------------+------------------------------------+------------------------------------+------------------------------------+
| Epoch |  training time(s)  |   tesing time(s)  |       Loss      |               recall               |                ndcg                |             precision              |             hit_ratio              |
+-------+--------------------+-------------------+-----------------+------------------------------------+------------------------------------+------------------------------------+------------------------------------+
|   5   | 173.71270442008972 | 51.00882411003113 | 743.38916015625 | [0.04666551 0.07562668 0.09866216] | [0.03926734 0.05017657 0.05829559] | [0.02128174 0.0174119  0.01528094] | [0.28533535 0.39288872 0.4604964 ] |
+-------+--------------------+-------------------+-----------------+------------------------------------+------------------------------------+------------------------------------+------------------------------------+
using time 166.5811s, training loss at epoch 6: 711.4832
using time 177.2382s, training loss at epoch 7: 674.4061
using time 168.2067s, training loss at epoch 8: 632.8799
using time 173.1592s, training loss at epoch 9: 593.6901
+-------+--------------------+-------------------+-------------------+------------------------------------+------------------------------------+------------------------------------+------------------------------------+
| Epoch |  training time(s)  |   tesing time(s)  |        Loss       |               recall               |                ndcg                |             precision              |             hit_ratio              |
+-------+--------------------+-------------------+-------------------+------------------------------------+------------------------------------+------------------------------------+------------------------------------+
|   10  | 182.25922107696533 | 58.36298179626465 | 562.2817993164062 | [0.07277625 0.11939776 0.15569738] | [0.06006437 0.07757456 0.09026487] | [0.03277125 0.02708491 0.023709  ] | [0.4273399  0.57884931 0.66253   ] |
+-------+--------------------+-------------------+-------------------+------------------------------------+------------------------------------+------------------------------------+------------------------------------+
using time 175.7409s, training loss at epoch 11: 539.1282
using time 176.4607s, training loss at epoch 12: 521.6422
using time 172.9489s, training loss at epoch 13: 508.2994
using time 171.2417s, training loss at epoch 14: 497.5278
+-------+--------------------+------------------+-------------------+------------------------------------+------------------------------------+------------------------------------+------------------------------------+
| Epoch |  training time(s)  |  tesing time(s)  |        Loss       |               recall               |                ndcg                |             precision              |             hit_ratio              |
+-------+--------------------+------------------+-------------------+------------------------------------+------------------------------------+------------------------------------+------------------------------------+
|   15  | 177.87437343597412 | 44.9606032371521 | 488.9562683105469 | [0.07258361 0.11878188 0.15525839] | [0.05997731 0.07730337 0.0900402 ] | [0.03272231 0.02693018 0.02361901] | [0.42721359 0.57742832 0.66110901] |
+-------+--------------------+------------------+-------------------+------------------------------------+------------------------------------+------------------------------------+------------------------------------+
using time 174.1957s, training loss at epoch 16: 481.5585
using time 169.3450s, training loss at epoch 17: 475.4322
using time 167.2456s, training loss at epoch 18: 470.2638
using time 168.3073s, training loss at epoch 19: 465.6938
+-------+--------------------+-------------------+-------------------+------------------------------------+------------------------------------+------------------------------------+------------------------------------+
| Epoch |  training time(s)  |   tesing time(s)  |        Loss       |               recall               |                ndcg                |             precision              |             hit_ratio              |
+-------+--------------------+-------------------+-------------------+------------------------------------+------------------------------------+------------------------------------+------------------------------------+
|   20  | 170.33618760108948 | 44.26553463935852 | 461.7355041503906 | [0.07161605 0.11725033 0.15310382] | [0.0593768  0.07653109 0.08903791] | [0.03224706 0.02661204 0.02328428] | [0.42314008 0.57164961 0.65747758] |
+-------+--------------------+-------------------+-------------------+------------------------------------+------------------------------------+------------------------------------+------------------------------------+
Early stopping is trigger at step: 2 log:0.07161605156345552
early stopping at 20, recall@20:0.0728
