reading train and test user-item set ...
building the adj mat ...
loading over ...
Method 2 GCL model setup
start training ...
+-------+-------------------+-------------------+-------------------+------------------------------------+------------------------------------+------------------------------------+------------------------------------+
| Epoch |  training time(s) |   tesing time(s)  |        Loss       |               recall               |                ndcg                |             precision              |             hit_ratio              |
+-------+-------------------+-------------------+-------------------+------------------------------------+------------------------------------+------------------------------------+------------------------------------+
|   0   | 166.2188527584076 | 44.73569965362549 | 885.6725463867188 | [0.05767983 0.09269869 0.11958063] | [0.04789702 0.06112647 0.07059515] | [0.02568366 0.02086649 0.01813029] | [0.35509031 0.48061134 0.55668182] |
+-------+-------------------+-------------------+-------------------+------------------------------------+------------------------------------+------------------------------------+------------------------------------+
using time 177.0108s, training loss at epoch 1: 816.0186
using time 172.2856s, training loss at epoch 2: 798.9937
using time 171.7355s, training loss at epoch 3: 786.3224
using time 170.3478s, training loss at epoch 4: 769.3827
+-------+--------------------+--------------------+-------------------+------------------------------------+------------------------------------+------------------------------------+------------------------------------+
| Epoch |  training time(s)  |   tesing time(s)   |        Loss       |               recall               |                ndcg                |             precision              |             hit_ratio              |
+-------+--------------------+--------------------+-------------------+------------------------------------+------------------------------------+------------------------------------+------------------------------------+
|   5   | 171.98580384254456 | 52.709407567977905 | 743.3403930664062 | [0.0464098  0.07555474 0.0986424 ] | [0.03916304 0.05013875 0.05828468] | [0.02118542 0.01738585 0.01528041] | [0.28407225 0.39184666 0.4596438 ] |
+-------+--------------------+--------------------+-------------------+------------------------------------+------------------------------------+------------------------------------+------------------------------------+
using time 171.5136s, training loss at epoch 6: 711.4517
using time 168.1275s, training loss at epoch 7: 674.3940
using time 167.4764s, training loss at epoch 8: 632.8785
using time 168.9085s, training loss at epoch 9: 593.6771
+-------+--------------------+-------------------+-----------------+------------------------------------+------------------------------------+------------------------------------+------------------------------------+
| Epoch |  training time(s)  |   tesing time(s)  |       Loss      |               recall               |                ndcg                |             precision              |             hit_ratio              |
+-------+--------------------+-------------------+-----------------+------------------------------------+------------------------------------+------------------------------------+------------------------------------+
|   10  | 170.97629952430725 | 46.67081665992737 | 562.26123046875 | [0.07275885 0.11960918 0.1555769 ] | [0.06006822 0.07764863 0.09023855] | [0.03277441 0.02711649 0.023709  ] | [0.42746621 0.57951244 0.66208791] |
+-------+--------------------+-------------------+-----------------+------------------------------------+------------------------------------+------------------------------------+------------------------------------+
using time 172.0015s, training loss at epoch 11: 539.1061
using time 168.5368s, training loss at epoch 12: 521.6247
using time 168.5200s, training loss at epoch 13: 508.2858
using time 171.8922s, training loss at epoch 14: 497.5117
+-------+--------------------+-------------------+-------------------+------------------------------------+------------------------------------+------------------------------------+------------------------------------+
| Epoch |  training time(s)  |   tesing time(s)  |        Loss       |               recall               |                ndcg                |             precision              |             hit_ratio              |
+-------+--------------------+-------------------+-------------------+------------------------------------+------------------------------------+------------------------------------+------------------------------------+
|   15  | 173.01545906066895 | 46.50375819206238 | 488.9394836425781 | [0.072646   0.11880313 0.15519271] | [0.06003848 0.0773667  0.09006343] | [0.0327081  0.02693966 0.0236048 ] | [0.42800303 0.5774599  0.66117216] |
+-------+--------------------+-------------------+-------------------+------------------------------------+------------------------------------+------------------------------------+------------------------------------+
using time 174.9712s, training loss at epoch 16: 481.5442
using time 170.7419s, training loss at epoch 17: 475.4223
using time 168.9184s, training loss at epoch 18: 470.2520
using time 164.7545s, training loss at epoch 19: 465.6894
+-------+-------------------+-------------------+-------------------+------------------------------------+------------------------------------+------------------------------------+------------------------------------+
| Epoch |  training time(s) |   tesing time(s)  |        Loss       |               recall               |                ndcg                |             precision              |             hit_ratio              |
+-------+-------------------+-------------------+-------------------+------------------------------------+------------------------------------+------------------------------------+------------------------------------+
|   20  | 164.7626736164093 | 41.47718548774719 | 461.7262268066406 | [0.07172326 0.1173596  0.15289041] | [0.05941548 0.07657629 0.08897996] | [0.03224391 0.02662783 0.0232606 ] | [0.4231085  0.57228117 0.65662498] |
+-------+-------------------+-------------------+-------------------+------------------------------------+------------------------------------+------------------------------------+------------------------------------+
Early stopping is trigger at step: 2 log:0.07172326113409329
early stopping at 20, recall@20:0.0728
