reading train and test user-item set ...
building the adj mat ...
loading over ...
Method 2 GCL model setup
start training ...
+-------+--------------------+-------------------+-------------------+------------------------------------+------------------------------------+------------------------------------+------------------------------------+
| Epoch |  training time(s)  |   tesing time(s)  |        Loss       |               recall               |                ndcg                |             precision              |             hit_ratio              |
+-------+--------------------+-------------------+-------------------+------------------------------------+------------------------------------+------------------------------------+------------------------------------+
|   0   | 110.29357433319092 | 43.84314584732056 | 426.1361389160156 | [0.08983562 0.12585207 0.15101758] | [0.07639132 0.08749176 0.0950029 ] | [0.02880133 0.02027179 0.01636357] | [0.37551075 0.46228816 0.51420055] |
+-------+--------------------+-------------------+-------------------+------------------------------------+------------------------------------+------------------------------------+------------------------------------+
using time 112.1789s, training loss at epoch 1: 317.9618
using time 121.1956s, training loss at epoch 2: 295.6653
using time 114.8735s, training loss at epoch 3: 285.3667
using time 116.7903s, training loss at epoch 4: 278.4059
+-------+--------------------+-------------------+------------------+------------------------------------+------------------------------------+------------------------------------+------------------------------------+
| Epoch |  training time(s)  |   tesing time(s)  |       Loss       |               recall               |                ndcg                |             precision              |             hit_ratio              |
+-------+--------------------+-------------------+------------------+------------------------------------+------------------------------------+------------------------------------+------------------------------------+
|   5   | 116.40695905685425 | 47.31881761550903 | 272.374267578125 | [0.12390848 0.1738168  0.21143396] | [0.10846637 0.12389835 0.13508084] | [0.03921227 0.02771619 0.02257854] | [0.47575189 0.57398352 0.63530712] |
+-------+--------------------+-------------------+------------------+------------------------------------+------------------------------------+------------------------------------+------------------------------------+
using time 111.2785s, training loss at epoch 6: 267.1340
using time 106.4151s, training loss at epoch 7: 261.6740
using time 133.8101s, training loss at epoch 8: 256.1658
using time 112.4535s, training loss at epoch 9: 250.6492
+-------+--------------------+-------------------+--------------------+------------------------------------+------------------------------------+------------------------------------+------------------------------------+
| Epoch |  training time(s)  |   tesing time(s)  |        Loss        |               recall               |                ndcg                |             precision              |             hit_ratio              |
+-------+--------------------+-------------------+--------------------+------------------------------------+------------------------------------+------------------------------------+------------------------------------+
|   10  | 113.66257381439209 | 46.82424259185791 | 245.13446044921875 | [0.14275069 0.20061613 0.24434478] | [0.12323459 0.14119993 0.15419584] | [0.04461953 0.03163641 0.02584455] | [0.5176837  0.62301561 0.68390381] |
+-------+--------------------+-------------------+--------------------+------------------------------------+------------------------------------+------------------------------------+------------------------------------+
using time 115.0440s, training loss at epoch 11: 239.7691
using time 110.0662s, training loss at epoch 12: 233.6877
using time 117.7179s, training loss at epoch 13: 227.9755
using time 112.4415s, training loss at epoch 14: 222.7171
+-------+--------------------+-------------------+--------------------+------------------------------------+------------------------------------+------------------------------------+------------------------------------+
| Epoch |  training time(s)  |   tesing time(s)  |        Loss        |               recall               |                ndcg                |             precision              |             hit_ratio              |
+-------+--------------------+-------------------+--------------------+------------------------------------+------------------------------------+------------------------------------+------------------------------------+
|   15  | 112.71855759620667 | 47.54758954048157 | 217.23353576660156 | [0.15553078 0.21955626 0.26432872] | [0.132961   0.15295902 0.16625563] | [0.04829024 0.03440033 0.02781722] | [0.54350593 0.65124925 0.70972604] |
+-------+--------------------+-------------------+--------------------+------------------------------------+------------------------------------+------------------------------------+------------------------------------+
using time 114.4546s, training loss at epoch 16: 212.2204
using time 115.3164s, training loss at epoch 17: 207.5261
using time 114.4642s, training loss at epoch 18: 203.1380
using time 116.0449s, training loss at epoch 19: 199.5021
+-------+--------------------+------------------+--------------------+------------------------------------+------------------------------------+------------------------------------+------------------------------------+
| Epoch |  training time(s)  |  tesing time(s)  |        Loss        |               recall               |                ndcg                |             precision              |             hit_ratio              |
+-------+--------------------+------------------+--------------------+------------------------------------+------------------------------------+------------------------------------+------------------------------------+
|   20  | 126.70119285583496 | 48.4614315032959 | 195.94725036621094 | [0.16214025 0.22822415 0.27482394] | [0.13848333 0.15919508 0.17299306] | [0.05020932 0.0357601  0.02887892] | [0.55753902 0.66464599 0.72225199] |
+-------+--------------------+------------------+--------------------+------------------------------------+------------------------------------+------------------------------------+------------------------------------+
using time 111.6620s, training loss at epoch 21: 193.0322
using time 110.5869s, training loss at epoch 22: 189.8740
using time 114.0701s, training loss at epoch 23: 187.5579
using time 117.8807s, training loss at epoch 24: 185.3646
+-------+--------------------+-------------------+--------------------+------------------------------------+------------------------------------+------------------------------------+------------------------------------+
| Epoch |  training time(s)  |   tesing time(s)  |        Loss        |               recall               |                ndcg                |             precision              |             hit_ratio              |
+-------+--------------------+-------------------+--------------------+------------------------------------+------------------------------------+------------------------------------+------------------------------------+
|   25  | 114.63548302650452 | 46.35743260383606 | 183.31344604492188 | [0.16532219 0.23283651 0.28076828] | [0.14139934 0.16260149 0.17678712] | [0.05120068 0.03649189 0.02950577] | [0.56363454 0.67177976 0.72941925] |
+-------+--------------------+-------------------+--------------------+------------------------------------+------------------------------------+------------------------------------+------------------------------------+
using time 114.4327s, training loss at epoch 26: 181.5246
using time 114.9637s, training loss at epoch 27: 179.9872
using time 113.5606s, training loss at epoch 28: 178.7142
using time 114.7631s, training loss at epoch 29: 177.5730
+-------+--------------------+-------------------+--------------------+------------------------------------+------------------------------------+------------------------------------+------------------------------------+
| Epoch |  training time(s)  |   tesing time(s)  |        Loss        |               recall               |                ndcg                |             precision              |             hit_ratio              |
+-------+--------------------+-------------------+--------------------+------------------------------------+------------------------------------+------------------------------------+------------------------------------+
|   30  | 115.31353282928467 | 44.64399075508118 | 176.39682006835938 | [0.16821219 0.23608841 0.28455893] | [0.14371195 0.16498728 0.17933077] | [0.05211166 0.03701353 0.029906  ] | [0.57009847 0.67677004 0.7341416 ] |
+-------+--------------------+-------------------+--------------------+------------------------------------+------------------------------------+------------------------------------+------------------------------------+
using time 111.6366s, training loss at epoch 31: 175.3408
using time 123.9242s, training loss at epoch 32: 174.4245
using time 103.7037s, training loss at epoch 33: 173.8225
using time 103.8514s, training loss at epoch 34: 172.8136
+-------+--------------------+------------------+--------------------+------------------------------------+------------------------------------+------------------------------------+------------------------------------+
| Epoch |  training time(s)  |  tesing time(s)  |        Loss        |               recall               |                ndcg                |             precision              |             hit_ratio              |
+-------+--------------------+------------------+--------------------+------------------------------------+------------------------------------+------------------------------------+------------------------------------+
|   35  | 112.51752996444702 | 45.3924720287323 | 172.22686767578125 | [0.16986181 0.23794705 0.28683821] | [0.14514184 0.16645658 0.18096435] | [0.05262576 0.03726891 0.03014547] | [0.57314623 0.67958336 0.73685444] |
+-------+--------------------+------------------+--------------------+------------------------------------+------------------------------------+------------------------------------+------------------------------------+
using time 106.2577s, training loss at epoch 36: 171.6024
using time 107.3513s, training loss at epoch 37: 171.2348
using time 106.3856s, training loss at epoch 38: 170.3144
using time 108.1151s, training loss at epoch 39: 169.8703
+-------+-------------------+------------------+--------------------+------------------------------------+------------------------------------+------------------------------------+------------------------------------+
| Epoch |  training time(s) |  tesing time(s)  |        Loss        |               recall               |                ndcg                |             precision              |             hit_ratio              |
+-------+-------------------+------------------+--------------------+------------------------------------+------------------------------------+------------------------------------+------------------------------------+
|   40  | 107.0201473236084 | 45.0610249042511 | 169.41883850097656 | [0.17134874 0.23967212 0.28906705] | [0.14639445 0.16775242 0.18241791] | [0.0530913  0.03752177 0.03036707] | [0.57539018 0.68162636 0.73919887] |
+-------+-------------------+------------------+--------------------+------------------------------------+------------------------------------+------------------------------------+------------------------------------+
using time 107.9017s, training loss at epoch 41: 169.1976
using time 106.5271s, training loss at epoch 42: 168.7079
using time 107.3059s, training loss at epoch 43: 168.3162
using time 109.6285s, training loss at epoch 44: 167.9954
+-------+--------------------+--------------------+--------------------+------------------------------------+------------------------------------+------------------------------------+------------------------------------+
| Epoch |  training time(s)  |   tesing time(s)   |        Loss        |               recall               |                ndcg                |             precision              |             hit_ratio              |
+-------+--------------------+--------------------+--------------------+------------------------------------+------------------------------------+------------------------------------+------------------------------------+
|   45  | 106.32339072227478 | 45.188498973846436 | 167.71177673339844 | [0.17262477 0.24117624 0.29080363] | [0.1471893  0.16867408 0.18337731] | [0.0534145  0.03777547 0.03053062] | [0.57790207 0.68330096 0.74067252] |
+-------+--------------------+--------------------+--------------------+------------------------------------+------------------------------------+------------------------------------+------------------------------------+
using time 102.0957s, training loss at epoch 46: 167.3743
using time 111.6769s, training loss at epoch 47: 167.0812
using time 102.2647s, training loss at epoch 48: 166.8542
using time 114.5083s, training loss at epoch 49: 166.4788
+-------+--------------------+-------------------+-------------------+------------------------------------+------------------------------------+------------------------------------+------------------------------------+
| Epoch |  training time(s)  |   tesing time(s)  |        Loss       |               recall               |                ndcg                |             precision              |             hit_ratio              |
+-------+--------------------+-------------------+-------------------+------------------------------------+------------------------------------+------------------------------------+------------------------------------+
|   50  | 109.17409873008728 | 46.33822250366211 | 166.2805633544922 | [0.1731121  0.24238366 0.29198863] | [0.14773051 0.16939212 0.18411648] | [0.05366401 0.03792953 0.03064561] | [0.57830397 0.68413825 0.74204568] |
+-------+--------------------+-------------------+-------------------+------------------------------------+------------------------------------+------------------------------------+------------------------------------+
using time 108.3704s, training loss at epoch 51: 166.0830
using time 107.5040s, training loss at epoch 52: 165.8097
using time 106.6466s, training loss at epoch 53: 165.5665
using time 106.8135s, training loss at epoch 54: 165.5306
+-------+--------------------+-------------------+--------------------+------------------------------------+------------------------------------+------------------------------------+------------------------------------+
| Epoch |  training time(s)  |   tesing time(s)  |        Loss        |               recall               |                ndcg                |             precision              |             hit_ratio              |
+-------+--------------------+-------------------+--------------------+------------------------------------+------------------------------------+------------------------------------+------------------------------------+
|   55  | 109.19014978408813 | 47.08472514152527 | 164.97288513183594 | [0.17390994 0.2435898  0.29296912] | [0.14826088 0.1700885  0.18473238] | [0.05385659 0.0381263  0.03075893] | [0.57971063 0.68480809 0.74298346] |
+-------+--------------------+-------------------+--------------------+------------------------------------+------------------------------------+------------------------------------+------------------------------------+
using time 107.8951s, training loss at epoch 56: 164.9786
using time 110.5157s, training loss at epoch 57: 164.7985
using time 106.7100s, training loss at epoch 58: 164.6786
using time 106.8542s, training loss at epoch 59: 164.3927
+-------+-------------------+-------------------+--------------------+------------------------------------+------------------------------------+------------------------------------+------------------------------------+
| Epoch |  training time(s) |   tesing time(s)  |        Loss        |               recall               |                ndcg                |             precision              |             hit_ratio              |
+-------+-------------------+-------------------+--------------------+------------------------------------+------------------------------------+------------------------------------+------------------------------------+
|   60  | 107.3647780418396 | 45.02892279624939 | 164.22955322265625 | [0.17423081 0.24442149 0.29391576] | [0.14833681 0.17032583 0.18501064] | [0.05403912 0.03825943 0.03087112] | [0.58017952 0.68594681 0.74331837] |
+-------+-------------------+-------------------+--------------------+------------------------------------+------------------------------------+------------------------------------+------------------------------------+
using time 109.1141s, training loss at epoch 61: 164.1634
using time 114.4604s, training loss at epoch 62: 163.8556
using time 118.5146s, training loss at epoch 63: 163.7485
using time 117.0019s, training loss at epoch 64: 163.5899
+-------+-------------------+--------------------+--------------------+------------------------------------+------------------------------------+------------------------------------+------------------------------------+
| Epoch |  training time(s) |   tesing time(s)   |        Loss        |               recall               |                ndcg                |             precision              |             hit_ratio              |
+-------+-------------------+--------------------+--------------------+------------------------------------+------------------------------------+------------------------------------+------------------------------------+
|   65  | 114.9752128124237 | 45.914795875549316 | 163.38052368164062 | [0.17519322 0.24478821 0.29463354] | [0.14877999 0.17055859 0.18535431] | [0.05429031 0.03832139 0.03094201] | [0.58088285 0.68634872 0.74452408] |
+-------+-------------------+--------------------+--------------------+------------------------------------+------------------------------------+------------------------------------+------------------------------------+
using time 114.2184s, training loss at epoch 66: 163.4375
using time 115.2945s, training loss at epoch 67: 163.4093
using time 114.4965s, training loss at epoch 68: 163.1825
using time 115.1381s, training loss at epoch 69: 163.0199
+-------+--------------------+-------------------+--------------------+------------------------------------+------------------------------------+------------------------------------+------------------------------------+
| Epoch |  training time(s)  |   tesing time(s)  |        Loss        |               recall               |                ndcg                |             precision              |             hit_ratio              |
+-------+--------------------+-------------------+--------------------+------------------------------------+------------------------------------+------------------------------------+------------------------------------+
|   70  | 116.42548203468323 | 46.38299822807312 | 162.95794677734375 | [0.17565456 0.24574289 0.29509735] | [0.14878915 0.17071777 0.18540346] | [0.05443265 0.03846457 0.03103523] | [0.5810503  0.68762141 0.74459106] |
+-------+--------------------+-------------------+--------------------+------------------------------------+------------------------------------+------------------------------------+------------------------------------+
using time 114.0653s, training loss at epoch 71: 162.6409
using time 124.2536s, training loss at epoch 72: 162.6698
using time 102.4900s, training loss at epoch 73: 162.4145
using time 102.9481s, training loss at epoch 74: 162.4246
+-------+--------------------+-------------------+--------------------+------------------------------------+------------------------------------+------------------------------------+------------------------------------+
| Epoch |  training time(s)  |   tesing time(s)  |        Loss        |               recall               |                ndcg                |             precision              |             hit_ratio              |
+-------+--------------------+-------------------+--------------------+------------------------------------+------------------------------------+------------------------------------+------------------------------------+
|   75  | 105.44409680366516 | 47.98491096496582 | 162.32142639160156 | [0.17567772 0.24546015 0.29567164] | [0.14874108 0.1706487  0.18558002] | [0.05436734 0.03846624 0.03108882] | [0.58101681 0.6868176  0.74539487] |
+-------+--------------------+-------------------+--------------------+------------------------------------+------------------------------------+------------------------------------+------------------------------------+
using time 109.2674s, training loss at epoch 76: 162.2033
using time 112.8689s, training loss at epoch 77: 162.0485
using time 113.3117s, training loss at epoch 78: 161.9267
using time 109.9596s, training loss at epoch 79: 161.7086
+-------+--------------------+--------------------+--------------------+------------------------------------+------------------------------------+------------------------------------+------------------------------------+
| Epoch |  training time(s)  |   tesing time(s)   |        Loss        |               recall               |                ndcg                |             precision              |             hit_ratio              |
+-------+--------------------+--------------------+--------------------+------------------------------------+------------------------------------+------------------------------------+------------------------------------+
|   80  | 110.51699948310852 | 44.671334743499756 | 161.71180725097656 | [0.17606161 0.24584742 0.29562662] | [0.14872475 0.17059723 0.18542827] | [0.05448958 0.03848215 0.03108156] | [0.58205506 0.68752093 0.74516043] |
+-------+--------------------+--------------------+--------------------+------------------------------------+------------------------------------+------------------------------------+------------------------------------+
using time 110.3224s, training loss at epoch 81: 161.7395
using time 108.1699s, training loss at epoch 82: 161.6173
using time 108.4742s, training loss at epoch 83: 161.5222
using time 111.2347s, training loss at epoch 84: 161.5051
+-------+-------------------+--------------------+--------------------+------------------------------------+------------------------------------+------------------------------------+------------------------------------+
| Epoch |  training time(s) |   tesing time(s)   |        Loss        |               recall               |                ndcg                |             precision              |             hit_ratio              |
+-------+-------------------+--------------------+--------------------+------------------------------------+------------------------------------+------------------------------------+------------------------------------+
|   85  | 105.8477394580841 | 45.424020528793335 | 161.42176818847656 | [0.17654056 0.24589111 0.29610991] | [0.14860104 0.1703182  0.18526541] | [0.05460513 0.03845536 0.03108938] | [0.58238998 0.68691808 0.74559582] |
+-------+-------------------+--------------------+--------------------+------------------------------------+------------------------------------+------------------------------------+------------------------------------+
using time 114.0444s, training loss at epoch 86: 161.2857
using time 104.0283s, training loss at epoch 87: 161.2692
using time 106.2262s, training loss at epoch 88: 161.1067
using time 109.8207s, training loss at epoch 89: 161.0073
+-------+-------------------+-------------------+--------------------+------------------------------------+------------------------------------+------------------------------------+------------------------------------+
| Epoch |  training time(s) |   tesing time(s)  |        Loss        |               recall               |                ndcg                |             precision              |             hit_ratio              |
+-------+-------------------+-------------------+--------------------+------------------------------------+------------------------------------+------------------------------------+------------------------------------+
|   90  | 115.7643871307373 | 47.20998954772949 | 160.94004821777344 | [0.17643479 0.24586163 0.29632665] | [0.14864183 0.17038075 0.1853993 ] | [0.05462523 0.03847713 0.03113348] | [0.582323   0.68758792 0.74599772] |
+-------+-------------------+-------------------+--------------------+------------------------------------+------------------------------------+------------------------------------+------------------------------------+
using time 113.4349s, training loss at epoch 91: 160.9243
using time 116.0902s, training loss at epoch 92: 160.8608
using time 117.1561s, training loss at epoch 93: 160.6359
using time 116.3937s, training loss at epoch 94: 160.6837
+-------+-------------------+-------------------+-------------------+------------------------------------+------------------------------------+------------------------------------+------------------------------------+
| Epoch |  training time(s) |   tesing time(s)  |        Loss       |               recall               |                ndcg                |             precision              |             hit_ratio              |
+-------+-------------------+-------------------+-------------------+------------------------------------+------------------------------------+------------------------------------+------------------------------------+
|   95  | 116.3885006904602 | 48.51296544075012 | 160.5044708251953 | [0.17627337 0.2460007  0.29603286] | [0.14853085 0.17034468 0.18524115] | [0.05471398 0.0385349  0.03112566] | [0.58265791 0.68705205 0.74512693] |
+-------+-------------------+-------------------+-------------------+------------------------------------+------------------------------------+------------------------------------+------------------------------------+
using time 114.5984s, training loss at epoch 96: 160.4856
using time 116.1108s, training loss at epoch 97: 160.4147
using time 116.0601s, training loss at epoch 98: 160.4929
using time 115.7594s, training loss at epoch 99: 160.4026
+-------+--------------------+-------------------+--------------------+------------------------------------+------------------------------------+------------------------------------+------------------------------------+
| Epoch |  training time(s)  |   tesing time(s)  |        Loss        |               recall               |                ndcg                |             precision              |             hit_ratio              |
+-------+--------------------+-------------------+--------------------+------------------------------------+------------------------------------+------------------------------------+------------------------------------+
|  100  | 105.28769397735596 | 65.10990071296692 | 160.34469604492188 | [0.17611195 0.2463447  0.29619506] | [0.14838643 0.17035345 0.18523529] | [0.05461518 0.03850811 0.03114576] | [0.58212204 0.68715252 0.74442361] |
+-------+--------------------+-------------------+--------------------+------------------------------------+------------------------------------+------------------------------------+------------------------------------+
Early stopping is trigger at step: 3 log:0.1761119506942464
early stopping at 100, recall@20:0.1765
