reading train and test user-item set ...
building the adj mat ...
loading over ...
X Mix Simple GCL model setup
start training ...
+-------+-------------------+-----------------+------------------+------------------------------------+------------------------------------+------------------------------------+------------------------------------+------------------------------------+
| Epoch |  training time(s) |  tesing time(s) |       Loss       |               recall               |                ndcg                |              novelty               |             precision              |             hit_ratio              |
+-------+-------------------+-----------------+------------------+------------------------------------+------------------------------------+------------------------------------+------------------------------------+------------------------------------+
|   0   | 265.2439475059509 | 52.918949842453 | 738.275146484375 | [0.12036079 0.17016583 0.2061943 ] | [0.09737774 0.11343675 0.12420965] | [0.63928088 0.65972675 0.6711533 ] | [0.03554491 0.0254714  0.02076049] | [0.40153393 0.48968451 0.54387434] |
+-------+-------------------+-----------------+------------------+------------------------------------+------------------------------------+------------------------------------+------------------------------------+------------------------------------+
using time 262.6855s, training loss at epoch 1: 652.1180
using time 262.3485s, training loss at epoch 2: 632.7094
using time 251.7072s, training loss at epoch 3: 617.2510
using time 253.3115s, training loss at epoch 4: 601.7924
+-------+--------------------+-------------------+-------------------+------------------------------------+------------------------------------+------------------------------------+------------------------------------+------------------------------------+
| Epoch |  training time(s)  |   tesing time(s)  |        Loss       |               recall               |                ndcg                |              novelty               |             precision              |             hit_ratio              |
+-------+--------------------+-------------------+-------------------+------------------------------------+------------------------------------+------------------------------------+------------------------------------+------------------------------------+
|   5   | 252.61007523536682 | 56.65741276741028 | 584.8226318359375 | [0.12328309 0.17328445 0.20913705] | [0.10006582 0.11614138 0.12684029] | [0.63316796 0.65429541 0.66609002] | [0.03653962 0.02603071 0.02114453] | [0.40119901 0.48305312 0.53235314] |
+-------+--------------------+-------------------+-------------------+------------------------------------+------------------------------------+------------------------------------+------------------------------------+------------------------------------+
using time 250.5343s, training loss at epoch 6: 566.2476
using time 250.3629s, training loss at epoch 7: 546.7626
using time 264.1234s, training loss at epoch 8: 527.3273
using time 252.4875s, training loss at epoch 9: 508.1046
+-------+--------------------+-------------------+-------------------+------------------------------------+------------------------------------+------------------------------------+------------------------------------+------------------------------------+
| Epoch |  training time(s)  |   tesing time(s)  |        Loss       |               recall               |                ndcg                |              novelty               |             precision              |             hit_ratio              |
+-------+--------------------+-------------------+-------------------+------------------------------------+------------------------------------+------------------------------------+------------------------------------+------------------------------------+
|   10  | 249.81731867790222 | 64.43810796737671 | 489.6818542480469 | [0.17394303 0.24303355 0.29133002] | [0.14612868 0.16793228 0.18242882] | [0.57890333 0.60493393 0.62011297] | [0.05392692 0.03808946 0.03076897] | [0.56617992 0.66645455 0.72044343] |
+-------+--------------------+-------------------+-------------------+------------------------------------+------------------------------------+------------------------------------+------------------------------------+------------------------------------+
using time 255.8274s, training loss at epoch 11: 473.2884
using time 262.8055s, training loss at epoch 12: 459.9470
using time 261.3312s, training loss at epoch 13: 448.8867
using time 271.9715s, training loss at epoch 14: 440.1694
+-------+-------------------+--------------------+--------------------+------------------------------------+------------------------------------+------------------------------------+------------------------------------+------------------------------------+
| Epoch |  training time(s) |   tesing time(s)   |        Loss        |               recall               |                ndcg                |              novelty               |             precision              |             hit_ratio              |
+-------+-------------------+--------------------+--------------------+------------------------------------+------------------------------------+------------------------------------+------------------------------------+------------------------------------+
|   15  | 254.9372262954712 | 56.699846029281616 | 432.90203857421875 | [0.18301787 0.25549964 0.30672345] | [0.15437703 0.17720779 0.19251776] | [0.57857376 0.60374434 0.61823109] | [0.05709023 0.0403242  0.03253288] | [0.58523679 0.68772188 0.74274901] |
+-------+-------------------+--------------------+--------------------+------------------------------------+------------------------------------+------------------------------------+------------------------------------+------------------------------------+
using time 255.3696s, training loss at epoch 16: 426.9370
using time 256.2857s, training loss at epoch 17: 421.9905
using time 255.1767s, training loss at epoch 18: 417.6255
using time 267.7667s, training loss at epoch 19: 414.1314
+-------+--------------------+-------------------+--------------------+------------------------------------+------------------------------------+------------------------------------+------------------------------------+------------------------------------+
| Epoch |  training time(s)  |   tesing time(s)  |        Loss        |               recall               |                ndcg                |              novelty               |             precision              |             hit_ratio              |
+-------+--------------------+-------------------+--------------------+------------------------------------+------------------------------------+------------------------------------+------------------------------------+------------------------------------+
|   20  | 260.59697341918945 | 56.44474792480469 | 411.01202392578125 | [0.18537542 0.25842141 0.30998519] | [0.15590572 0.17893016 0.19433868] | [0.58259351 0.60665786 0.62031687] | [0.05774499 0.04073699 0.03284044] | [0.58871994 0.6905352  0.74683502] |
+-------+--------------------+-------------------+--------------------+------------------------------------+------------------------------------+------------------------------------+------------------------------------+------------------------------------+
using time 259.6418s, training loss at epoch 21: 408.3673
using time 255.9682s, training loss at epoch 22: 405.9778
using time 257.1768s, training loss at epoch 23: 404.0261
using time 269.8646s, training loss at epoch 24: 402.1483
+-------+-------------------+-------------------+--------------------+------------------------------------+------------------------------------+------------------------------------+------------------------------------+------------------------------------+
| Epoch |  training time(s) |   tesing time(s)  |        Loss        |               recall               |                ndcg                |              novelty               |             precision              |             hit_ratio              |
+-------+-------------------+-------------------+--------------------+------------------------------------+------------------------------------+------------------------------------+------------------------------------+------------------------------------+
|   25  | 265.0832862854004 | 54.13479971885681 | 400.45025634765625 | [0.18459431 0.25806802 0.30832221] | [0.15543157 0.17857078 0.19363232] | [0.5861215  0.60899653 0.62179994] | [0.05751892 0.04061642 0.03265512] | [0.58630853 0.68812379 0.74462456] |
+-------+-------------------+-------------------+--------------------+------------------------------------+------------------------------------+------------------------------------+------------------------------------+------------------------------------+
using time 258.0927s, training loss at epoch 26: 399.0358
using time 255.1652s, training loss at epoch 27: 397.5810
using time 260.4692s, training loss at epoch 28: 396.5755
using time 261.3803s, training loss at epoch 29: 395.4282
+-------+--------------------+--------------------+--------------------+------------------------------------+------------------------------------+------------------------------------+------------------------------------+------------------------------------+
| Epoch |  training time(s)  |   tesing time(s)   |        Loss        |               recall               |                ndcg                |              novelty               |             precision              |             hit_ratio              |
+-------+--------------------+--------------------+--------------------+------------------------------------+------------------------------------+------------------------------------+------------------------------------+------------------------------------+
|   30  | 254.64829969406128 | 53.640543937683105 | 394.40399169921875 | [0.1833813  0.25526848 0.30434855] | [0.15409356 0.17677752 0.19145705] | [0.58796947 0.60967522 0.62179839] | [0.05709693 0.04021284 0.03223647] | [0.58389711 0.68286556 0.73812714] |
+-------+--------------------+--------------------+--------------------+------------------------------------+------------------------------------+------------------------------------+------------------------------------+------------------------------------+
using time 259.1027s, training loss at epoch 31: 393.5023
using time 259.1777s, training loss at epoch 32: 392.7273
using time 260.5104s, training loss at epoch 33: 391.8001
using time 266.7430s, training loss at epoch 34: 391.1116
+-------+--------------------+-------------------+--------------------+------------------------------------+------------------------------------+------------------------------------+------------------------------------+------------------------------------+
| Epoch |  training time(s)  |   tesing time(s)  |        Loss        |               recall               |                ndcg                |              novelty               |             precision              |             hit_ratio              |
+-------+--------------------+-------------------+--------------------+------------------------------------+------------------------------------+------------------------------------+------------------------------------+------------------------------------+
|   35  | 262.56878209114075 | 54.35105633735657 | 390.35809326171875 | [0.18163906 0.25153439 0.29940163] | [0.15194844 0.17397935 0.18833762] | [0.58952578 0.61008317 0.62155242] | [0.05654264 0.03963929 0.03175754] | [0.57991158 0.67710496 0.73183067] |
+-------+--------------------+-------------------+--------------------+------------------------------------+------------------------------------+------------------------------------+------------------------------------+------------------------------------+
Early stopping is trigger at step: 3 log:0.18163906252768247
early stopping at 35, recall@20:0.1854
