reading train and test user-item set ...
building the adj mat ...
loading over ...
X Mix Simple GCL model setup
start training ...
+-------+--------------------+-------------------+-------------------+------------------------------------+------------------------------------+------------------------------------+------------------------------------+------------------------------------+
| Epoch |  training time(s)  |   tesing time(s)  |        Loss       |               recall               |                ndcg                |              novelty               |             precision              |             hit_ratio              |
+-------+--------------------+-------------------+-------------------+------------------------------------+------------------------------------+------------------------------------+------------------------------------+------------------------------------+
|   0   | 230.93849802017212 | 52.86196804046631 | 595.4347534179688 | [0.13917263 0.19810791 0.23952396] | [0.11284026 0.13171617 0.14414944] | [0.62834602 0.64945718 0.66161204] | [0.04253131 0.03054458 0.02485487] | [0.46902003 0.5674861  0.62408735] |
+-------+--------------------+-------------------+-------------------+------------------------------------+------------------------------------+------------------------------------+------------------------------------+------------------------------------+
using time 229.6811s, training loss at epoch 1: 521.7597
using time 227.2998s, training loss at epoch 2: 491.7939
using time 225.3867s, training loss at epoch 3: 467.4724
using time 231.7210s, training loss at epoch 4: 443.8483
+-------+--------------------+-------------------+-------------------+------------------------------------+------------------------------------+------------------------------------+------------------------------------+------------------------------------+
| Epoch |  training time(s)  |   tesing time(s)  |        Loss       |               recall               |                ndcg                |              novelty               |             precision              |             hit_ratio              |
+-------+--------------------+-------------------+-------------------+------------------------------------+------------------------------------+------------------------------------+------------------------------------+------------------------------------+
|   5   | 223.96027398109436 | 54.34880518913269 | 419.9771423339844 | [0.16477516 0.23174951 0.2793087 ] | [0.13661916 0.15787094 0.17218334] | [0.59003733 0.61472265 0.62915409] | [0.0509428  0.03619382 0.0293919 ] | [0.54169737 0.64324469 0.69900864] |
+-------+--------------------+-------------------+-------------------+------------------------------------+------------------------------------+------------------------------------+------------------------------------+------------------------------------+
using time 226.3691s, training loss at epoch 6: 396.8477
using time 226.2636s, training loss at epoch 7: 374.9286
using time 225.9337s, training loss at epoch 8: 355.9106
using time 231.6285s, training loss at epoch 9: 340.1380
+-------+-------------------+-------------------+-------------------+------------------------------------+------------------------------------+------------------------------------+------------------------------------+------------------------------------+
| Epoch |  training time(s) |   tesing time(s)  |        Loss       |               recall               |                ndcg                |              novelty               |             precision              |             hit_ratio              |
+-------+-------------------+-------------------+-------------------+------------------------------------+------------------------------------+------------------------------------+------------------------------------+------------------------------------+
|   10  | 225.9038553237915 | 54.04669952392578 | 327.6297607421875 | [0.17804465 0.24928415 0.3002937 ] | [0.14990095 0.17241443 0.18763075] | [0.57884677 0.60392772 0.61860325] | [0.05559649 0.03941741 0.03184909] | [0.57485431 0.67760734 0.73410811] |
+-------+-------------------+-------------------+-------------------+------------------------------------+------------------------------------+------------------------------------+------------------------------------+------------------------------------+
using time 224.7154s, training loss at epoch 11: 317.3917
using time 225.5157s, training loss at epoch 12: 309.2126
using time 232.9759s, training loss at epoch 13: 302.0355
using time 227.0608s, training loss at epoch 14: 296.4653
+-------+--------------------+--------------------+-------------------+------------------------------------+------------------------------------+------------------------------------+------------------------------------+------------------------------------+
| Epoch |  training time(s)  |   tesing time(s)   |        Loss       |               recall               |                ndcg                |              novelty               |             precision              |             hit_ratio              |
+-------+--------------------+--------------------+-------------------+------------------------------------+------------------------------------+------------------------------------+------------------------------------+------------------------------------+
|   15  | 225.24417853355408 | 54.924797773361206 | 291.4444580078125 | [0.18173848 0.25390161 0.30479233] | [0.15295795 0.17575157 0.1909126 ] | [0.58473758 0.6087694  0.62274769] | [0.05669837 0.04010232 0.03229229] | [0.5794092  0.68323397 0.73980173] |
+-------+--------------------+--------------------+-------------------+------------------------------------+------------------------------------+------------------------------------+------------------------------------+------------------------------------+
using time 225.2223s, training loss at epoch 16: 287.1254
using time 217.3790s, training loss at epoch 17: 283.5594
using time 233.1815s, training loss at epoch 18: 280.3059
using time 226.6238s, training loss at epoch 19: 277.7082
+-------+-------------------+-------------------+-------------------+------------------------------------+------------------------------------+------------------------------------+------------------------------------+------------------------------------+
| Epoch |  training time(s) |   tesing time(s)  |        Loss       |               recall               |                ndcg                |              novelty               |             precision              |             hit_ratio              |
+-------+-------------------+-------------------+-------------------+------------------------------------+------------------------------------+------------------------------------+------------------------------------+------------------------------------+
|   20  | 224.0555567741394 | 54.37634825706482 | 275.0914001464844 | [0.18363879 0.25465052 0.3061288 ] | [0.15393448 0.17639321 0.19172653] | [0.58883357 0.61195539 0.62533636] | [0.05706678 0.04018856 0.03238328] | [0.58252395 0.68420524 0.74134235] |
+-------+-------------------+-------------------+-------------------+------------------------------------+------------------------------------+------------------------------------+------------------------------------+------------------------------------+
using time 227.2290s, training loss at epoch 21: 273.0517
using time 238.8394s, training loss at epoch 22: 271.0468
using time 214.4386s, training loss at epoch 23: 269.4580
using time 222.4670s, training loss at epoch 24: 267.6859
+-------+--------------------+-------------------+----------------+------------------------------------+------------------------------------+------------------------------------+------------------------------------+------------------------------------+
| Epoch |  training time(s)  |   tesing time(s)  |      Loss      |               recall               |                ndcg                |              novelty               |             precision              |             hit_ratio              |
+-------+--------------------+-------------------+----------------+------------------------------------+------------------------------------+------------------------------------+------------------------------------+------------------------------------+
|   25  | 223.30519771575928 | 54.74338126182556 | 266.4423828125 | [0.18323382 0.25441322 0.30566188] | [0.15337089 0.17580819 0.19113606] | [0.59293293 0.61511534 0.62782142] | [0.05697803 0.04003533 0.03232188] | [0.58238998 0.68296604 0.73960078] |
+-------+--------------------+-------------------+----------------+------------------------------------+------------------------------------+------------------------------------+------------------------------------+------------------------------------+
using time 220.3416s, training loss at epoch 26: 264.9892
using time 225.8820s, training loss at epoch 27: 263.8130
using time 211.4508s, training loss at epoch 28: 262.7921
using time 222.3569s, training loss at epoch 29: 261.6813
+-------+-------------------+-------------------+-------------------+------------------------------------+------------------------------------+------------------------------------+------------------------------------+------------------------------------+
| Epoch |  training time(s) |   tesing time(s)  |        Loss       |               recall               |                ndcg                |              novelty               |             precision              |             hit_ratio              |
+-------+-------------------+-------------------+-------------------+------------------------------------+------------------------------------+------------------------------------+------------------------------------+------------------------------------+
|   30  | 221.4357829093933 | 51.48142886161804 | 260.7876281738281 | [0.18213909 0.25363479 0.30430176] | [0.15249667 0.17506485 0.19019509] | [0.59536061 0.61669755 0.62882517] | [0.05664311 0.03988462 0.03214716] | [0.58014602 0.68169335 0.73799317] |
+-------+-------------------+-------------------+-------------------+------------------------------------+------------------------------------+------------------------------------+------------------------------------+------------------------------------+
using time 222.6198s, training loss at epoch 31: 259.9010
using time 212.5856s, training loss at epoch 32: 259.0356
using time 214.0972s, training loss at epoch 33: 258.2110
using time 216.1197s, training loss at epoch 34: 257.5728
+-------+--------------------+--------------------+-------------------+------------------------------------+------------------------------------+------------------------------------+------------------------------------+------------------------------------+
| Epoch |  training time(s)  |   tesing time(s)   |        Loss       |               recall               |                ndcg                |              novelty               |             precision              |             hit_ratio              |
+-------+--------------------+--------------------+-------------------+------------------------------------+------------------------------------+------------------------------------+------------------------------------+------------------------------------+
|   35  | 212.52457237243652 | 53.392489194869995 | 256.8467102050781 | [0.18088004 0.25186998 0.30161717] | [0.15129591 0.17370879 0.18858954] | [0.59758    0.61820977 0.62984747] | [0.05629647 0.03962673 0.03187476] | [0.57850492 0.67837765 0.73350526] |
+-------+--------------------+--------------------+-------------------+------------------------------------+------------------------------------+------------------------------------+------------------------------------+------------------------------------+
Early stopping is trigger at step: 3 log:0.1808800443801178
early stopping at 35, recall@20:0.1836
