reading train and test user-item set ...
building the adj mat ...
loading over ...
X Mix Simple GCL model setup
start training ...
+-------+--------------------+-------------------+-------------------+------------------------------------+------------------------------------+------------------------------------+------------------------------------+------------------------------------+
| Epoch |  training time(s)  |   tesing time(s)  |        Loss       |               recall               |                ndcg                |              novelty               |             precision              |             hit_ratio              |
+-------+--------------------+-------------------+-------------------+------------------------------------+------------------------------------+------------------------------------+------------------------------------+------------------------------------+
|   0   | 218.87016677856445 | 60.64194369316101 | 706.6820678710938 | [0.13684652 0.19394788 0.23469021] | [0.11070558 0.1291069  0.14130726] | [0.63226936 0.65363938 0.66566383] | [0.04101916 0.02934892 0.02387021] | [0.4543171  0.55157747 0.60787729] |
+-------+--------------------+-------------------+-------------------+------------------------------------+------------------------------------+------------------------------------+------------------------------------+------------------------------------+
using time 207.8261s, training loss at epoch 1: 638.1927
using time 215.4658s, training loss at epoch 2: 609.3070
using time 216.8416s, training loss at epoch 3: 583.3672
using time 204.2479s, training loss at epoch 4: 557.0007
+-------+-------------------+-------------------+-------------------+------------------------------------+------------------------------------+------------------------------------+------------------------------------+------------------------------------+
| Epoch |  training time(s) |   tesing time(s)  |        Loss       |               recall               |                ndcg                |              novelty               |             precision              |             hit_ratio              |
+-------+-------------------+-------------------+-------------------+------------------------------------+------------------------------------+------------------------------------+------------------------------------+------------------------------------+
|   5   | 203.2448534965515 | 61.63376045227051 | 530.6802978515625 | [0.16709074 0.23503116 0.28253829] | [0.1392323  0.16087922 0.1751019 ] | [0.58440892 0.61009001 0.62520286] | [0.05151886 0.03672299 0.0296816 ] | [0.54739098 0.6497756  0.70490321] |
+-------+-------------------+-------------------+-------------------+------------------------------------+------------------------------------+------------------------------------+------------------------------------+------------------------------------+
using time 202.5516s, training loss at epoch 6: 505.6091
using time 210.9684s, training loss at epoch 7: 483.2387
using time 201.3420s, training loss at epoch 8: 465.0120
using time 208.5213s, training loss at epoch 9: 450.6295
+-------+-------------------+------------------+-------------------+------------------------------------+------------------------------------+------------------------------------+------------------------------------+------------------------------------+
| Epoch |  training time(s) |  tesing time(s)  |        Loss       |               recall               |                ndcg                |              novelty               |             precision              |             hit_ratio              |
+-------+-------------------+------------------+-------------------+------------------------------------+------------------------------------+------------------------------------+------------------------------------+------------------------------------+
|   10  | 202.9592535495758 | 58.0337393283844 | 439.3852233886719 | [0.18133261 0.25322699 0.30460517] | [0.15326102 0.17594268 0.19126568] | [0.57571488 0.60110492 0.61591518] | [0.05662302 0.04005124 0.03231797] | [0.58141872 0.68514301 0.74124188] |
+-------+-------------------+------------------+-------------------+------------------------------------+------------------------------------+------------------------------------+------------------------------------+------------------------------------+
using time 202.4787s, training loss at epoch 11: 430.3324
using time 209.6452s, training loss at epoch 12: 423.2147
using time 203.8979s, training loss at epoch 13: 417.0393
using time 202.7295s, training loss at epoch 14: 412.1516
+-------+--------------------+--------------------+-------------------+------------------------------------+------------------------------------+------------------------------------+------------------------------------+------------------------------------+
| Epoch |  training time(s)  |   tesing time(s)   |        Loss       |               recall               |                ndcg                |              novelty               |             precision              |             hit_ratio              |
+-------+--------------------+--------------------+-------------------+------------------------------------+------------------------------------+------------------------------------+------------------------------------+------------------------------------+
|   15  | 204.27748703956604 | 60.051326274871826 | 407.8465270996094 | [0.18466409 0.2573581  0.30847781] | [0.1555063  0.17847164 0.19372646] | [0.58153426 0.60580313 0.61980895] | [0.05749548 0.04062312 0.03269755] | [0.58671043 0.6901333  0.74552884] |
+-------+--------------------+--------------------+-------------------+------------------------------------+------------------------------------+------------------------------------+------------------------------------+------------------------------------+
using time 202.2695s, training loss at epoch 16: 404.1709
using time 201.2753s, training loss at epoch 17: 401.0924
using time 208.2040s, training loss at epoch 18: 398.2369
using time 203.5701s, training loss at epoch 19: 395.9764
+-------+--------------------+-------------------+-------------------+------------------------------------+------------------------------------+------------------------------------+------------------------------------+------------------------------------+
| Epoch |  training time(s)  |   tesing time(s)  |        Loss       |               recall               |                ndcg                |              novelty               |             precision              |             hit_ratio              |
+-------+--------------------+-------------------+-------------------+------------------------------------+------------------------------------+------------------------------------+------------------------------------+------------------------------------+
|   20  | 207.59887886047363 | 63.06518483161926 | 393.7654113769531 | [0.18493907 0.25777089 0.30858929] | [0.15560747 0.17865428 0.19379096] | [0.58568159 0.60877283 0.62198502] | [0.0575926  0.04070098 0.03266796] | [0.58650948 0.69066917 0.74589725] |
+-------+--------------------+-------------------+-------------------+------------------------------------+------------------------------------+------------------------------------+------------------------------------+------------------------------------+
using time 201.5543s, training loss at epoch 21: 392.0160
using time 203.7782s, training loss at epoch 22: 390.2897
using time 215.6051s, training loss at epoch 23: 388.9396
using time 208.5721s, training loss at epoch 24: 387.3907
+-------+--------------------+-------------------+-------------------+------------------------------------+------------------------------------+------------------------------------+------------------------------------+------------------------------------+
| Epoch |  training time(s)  |   tesing time(s)  |        Loss       |               recall               |                ndcg                |              novelty               |             precision              |             hit_ratio              |
+-------+--------------------+-------------------+-------------------+------------------------------------+------------------------------------+------------------------------------+------------------------------------+------------------------------------+
|   25  | 208.04625749588013 | 61.56646203994751 | 386.2647705078125 | [0.18424933 0.25644548 0.30603682] | [0.15469378 0.17757197 0.19233566] | [0.58919426 0.61125044 0.62370646] | [0.05730123 0.04045733 0.03237491] | [0.58567218 0.68792283 0.74207917] |
+-------+--------------------+-------------------+-------------------+------------------------------------+------------------------------------+------------------------------------+------------------------------------+------------------------------------+
using time 200.8696s, training loss at epoch 26: 385.0764
using time 204.4023s, training loss at epoch 27: 383.9795
using time 212.3639s, training loss at epoch 28: 383.1168
using time 201.9838s, training loss at epoch 29: 382.1648
+-------+--------------------+-------------------+-------------------+------------------------------------+------------------------------------+------------------------------------+------------------------------------+------------------------------------+
| Epoch |  training time(s)  |   tesing time(s)  |        Loss       |               recall               |                ndcg                |              novelty               |             precision              |             hit_ratio              |
+-------+--------------------+-------------------+-------------------+------------------------------------+------------------------------------+------------------------------------+------------------------------------+------------------------------------+
|   30  | 203.23772501945496 | 60.34014272689819 | 381.4046630859375 | [0.18250073 0.25416816 0.30305947] | [0.15325882 0.1760046  0.19056344] | [0.59116599 0.61223162 0.62390917] | [0.05673856 0.04008473 0.03207627] | [0.58168665 0.68480809 0.73829459] |
+-------+--------------------+-------------------+-------------------+------------------------------------+------------------------------------+------------------------------------+------------------------------------+------------------------------------+
using time 209.9616s, training loss at epoch 31: 380.5836
using time 203.6453s, training loss at epoch 32: 379.9103
using time 202.6623s, training loss at epoch 33: 379.1424
using time 219.2674s, training loss at epoch 34: 378.5884
+-------+--------------------+-------------------+-------------------+------------------------------------+------------------------------------+------------------------------------+------------------------------------+------------------------------------+
| Epoch |  training time(s)  |   tesing time(s)  |        Loss       |               recall               |                ndcg                |              novelty               |             precision              |             hit_ratio              |
+-------+--------------------+-------------------+-------------------+------------------------------------+------------------------------------+------------------------------------+------------------------------------+------------------------------------+
|   35  | 204.71948671340942 | 62.41641926765442 | 377.9629821777344 | [0.18074917 0.25100893 0.29877373] | [0.15157132 0.17387145 0.18812405] | [0.59291351 0.61301457 0.62414939] | [0.05620102 0.03962003 0.03167549] | [0.57766763 0.67898051 0.73296939] |
+-------+--------------------+-------------------+-------------------+------------------------------------+------------------------------------+------------------------------------+------------------------------------+------------------------------------+
Early stopping is trigger at step: 3 log:0.18074917042902752
early stopping at 35, recall@20:0.1849
