reading train and test user-item set ...
building the adj mat ...
loading over ...
start training ...
+-------+-------------------+-------------------+-----------------+------------------------------------+------------------------------------+------------------------------------+------------------------------------+------------------------------------+
| Epoch |  training time(s) |   tesing time(s)  |       Loss      |               recall               |                ndcg                |              novelty               |             precision              |             hit_ratio              |
+-------+-------------------+-------------------+-----------------+------------------------------------+------------------------------------+------------------------------------+------------------------------------+------------------------------------+
|   0   | 59.85932660102844 | 38.91745686531067 | 2663.9599609375 | [0.12318799 0.17574443 0.21422387] | [0.10284704 0.11931847 0.13079452] | [0.5293662  0.5563987  0.57269514] | [0.03906323 0.02804106 0.02290564] | [0.46342689 0.5666823  0.62529305] |
+-------+-------------------+-------------------+-----------------+------------------------------------+------------------------------------+------------------------------------+------------------------------------+------------------------------------+
using time 59.0808s, training loss at epoch 1: 2386.3347
using time 59.3890s, training loss at epoch 2: 2274.5488
using time 59.1124s, training loss at epoch 3: 2201.6746
using time 59.3062s, training loss at epoch 4: 2151.3054
+-------+-------------------+-------------------+-----------------+------------------------------------+------------------------------------+------------------------------------+------------------------------------+------------------------------------+
| Epoch |  training time(s) |   tesing time(s)  |       Loss      |               recall               |                ndcg                |              novelty               |             precision              |             hit_ratio              |
+-------+-------------------+-------------------+-----------------+------------------------------------+------------------------------------+------------------------------------+------------------------------------+------------------------------------+
|   5   | 58.77993440628052 | 37.85751295089722 | 2111.0693359375 | [0.14023989 0.19928216 0.24296367] | [0.11797476 0.13670714 0.14977865] | [0.55170994 0.57830281 0.59487312] | [0.04372363 0.03147481 0.02577924] | [0.49470829 0.60084399 0.6600911 ] |
+-------+-------------------+-------------------+-----------------+------------------------------------+------------------------------------+------------------------------------+------------------------------------+------------------------------------+
using time 58.6648s, training loss at epoch 6: 2078.2358
using time 58.8720s, training loss at epoch 7: 2049.9858
using time 58.8506s, training loss at epoch 8: 2025.8027
using time 58.8067s, training loss at epoch 9: 2005.2755
+-------+--------------------+-------------------+--------------------+------------------------------------+------------------------------------+------------------------------------+------------------------------------+------------------------------------+
| Epoch |  training time(s)  |   tesing time(s)  |        Loss        |               recall               |                ndcg                |              novelty               |             precision              |             hit_ratio              |
+-------+--------------------+-------------------+--------------------+------------------------------------+------------------------------------+------------------------------------+------------------------------------+------------------------------------+
|   10  | 58.932422161102295 | 37.94462037086487 | 1987.4129638671875 | [0.14853655 0.20962693 0.25533229] | [0.12582018 0.14521229 0.15884262] | [0.55138457 0.57789983 0.59457228] | [0.04633264 0.03317871 0.02709436] | [0.51557372 0.61872865 0.67958336] |
+-------+--------------------+-------------------+--------------------+------------------------------------+------------------------------------+------------------------------------+------------------------------------+------------------------------------+
using time 58.6691s, training loss at epoch 11: 1971.3785
using time 58.9926s, training loss at epoch 12: 1957.5577
using time 59.2049s, training loss at epoch 13: 1945.6353
using time 58.8164s, training loss at epoch 14: 1935.3762
+-------+-------------------+--------------------+-------------------+------------------------------------+------------------------------------+------------------------------------+------------------------------------+------------------------------------+
| Epoch |  training time(s) |   tesing time(s)   |        Loss       |               recall               |                ndcg                |              novelty               |             precision              |             hit_ratio              |
+-------+-------------------+--------------------+-------------------+------------------------------------+------------------------------------+------------------------------------+------------------------------------+------------------------------------+
|   15  | 58.94451189041138 | 38.624327182769775 | 1925.542724609375 | [0.15344857 0.2165259  0.26311513] | [0.13047068 0.15046417 0.16434616] | [0.55372683 0.58016009 0.59668563] | [0.04791513 0.03428813 0.02792216] | [0.52622413 0.6312881  0.69003282] |
+-------+-------------------+--------------------+-------------------+------------------------------------+------------------------------------+------------------------------------+------------------------------------+------------------------------------+
using time 58.7626s, training loss at epoch 16: 1916.8297
using time 58.7188s, training loss at epoch 17: 1909.2404
using time 58.6851s, training loss at epoch 18: 1901.6312
using time 58.9720s, training loss at epoch 19: 1895.5764
+-------+--------------------+-------------------+--------------------+------------------------------------+------------------------------------+------------------------------------+------------------------------------+------------------------------------+
| Epoch |  training time(s)  |   tesing time(s)  |        Loss        |               recall               |                ndcg                |              novelty               |             precision              |             hit_ratio              |
+-------+--------------------+-------------------+--------------------+------------------------------------+------------------------------------+------------------------------------+------------------------------------+------------------------------------+
|   20  | 58.908623456954956 | 37.90169930458069 | 1889.9989013671875 | [0.15675497 0.22060092 0.26776226] | [0.1332015  0.15345115 0.1675119 ] | [0.55614233 0.58227409 0.59862564] | [0.04891319 0.0349655  0.02845859] | [0.53265456 0.63912519 0.69679818] |
+-------+--------------------+-------------------+--------------------+------------------------------------+------------------------------------+------------------------------------+------------------------------------+------------------------------------+
using time 59.0457s, training loss at epoch 21: 1884.3879
using time 58.9929s, training loss at epoch 22: 1879.9258
using time 59.3049s, training loss at epoch 23: 1875.2810
using time 58.6280s, training loss at epoch 24: 1871.2400
+-------+--------------------+-------------------+--------------------+------------------------------------+------------------------------------+------------------------------------+------------------------------------+------------------------------------+
| Epoch |  training time(s)  |   tesing time(s)  |        Loss        |               recall               |                ndcg                |              novelty               |             precision              |             hit_ratio              |
+-------+--------------------+-------------------+--------------------+------------------------------------+------------------------------------+------------------------------------+------------------------------------+------------------------------------+
|   25  | 58.834035873413086 | 38.27395987510681 | 1867.9940185546875 | [0.15867428 0.22316087 0.27015231] | [0.13483322 0.15523653 0.16925267] | [0.55800018 0.58387948 0.59997085] | [0.04965503 0.03540425 0.02875165] | [0.53694152 0.64230692 0.70172148] |
+-------+--------------------+-------------------+--------------------+------------------------------------+------------------------------------+------------------------------------+------------------------------------+------------------------------------+
using time 58.6113s, training loss at epoch 26: 1864.0245
using time 58.9501s, training loss at epoch 27: 1860.9861
using time 59.0244s, training loss at epoch 28: 1857.5999
using time 59.2896s, training loss at epoch 29: 1854.3967
+-------+-------------------+--------------------+-------------------+------------------------------------+------------------------------------+------------------------------------+------------------------------------+------------------------------------+
| Epoch |  training time(s) |   tesing time(s)   |        Loss       |               recall               |                ndcg                |              novelty               |             precision              |             hit_ratio              |
+-------+-------------------+--------------------+-------------------+------------------------------------+------------------------------------+------------------------------------+------------------------------------+------------------------------------+
|   30  | 59.06458401679993 | 37.886298418045044 | 1852.325927734375 | [0.16021754 0.22434192 0.27188401] | [0.13591504 0.15622243 0.17038134] | [0.55904993 0.58471305 0.60056957] | [0.05011052 0.03565292 0.02895037] | [0.53972135 0.64424945 0.70500368] |
+-------+-------------------+--------------------+-------------------+------------------------------------+------------------------------------+------------------------------------+------------------------------------+------------------------------------+
using time 59.1257s, training loss at epoch 31: 1849.7190
using time 58.8386s, training loss at epoch 32: 1847.5775
using time 58.8631s, training loss at epoch 33: 1845.3835
using time 58.8863s, training loss at epoch 34: 1842.8649
+-------+-------------------+-------------------+--------------------+------------------------------------+------------------------------------+------------------------------------+------------------------------------+------------------------------------+
| Epoch |  training time(s) |   tesing time(s)  |        Loss        |               recall               |                ndcg                |              novelty               |             precision              |             hit_ratio              |
+-------+-------------------+-------------------+--------------------+------------------------------------+------------------------------------+------------------------------------+------------------------------------+------------------------------------+
|   35  | 58.92245864868164 | 38.32246947288513 | 1841.0758056640625 | [0.16065522 0.22536755 0.27297824] | [0.13652275 0.15699406 0.17118237] | [0.55997696 0.58537357 0.60105243] | [0.05031482 0.03581034 0.02907596] | [0.5407596  0.64612499 0.70724764] |
+-------+-------------------+-------------------+--------------------+------------------------------------+------------------------------------+------------------------------------+------------------------------------+------------------------------------+
using time 58.7687s, training loss at epoch 36: 1839.3617
using time 58.8999s, training loss at epoch 37: 1837.5117
using time 59.2262s, training loss at epoch 38: 1835.6139
using time 58.9409s, training loss at epoch 39: 1834.3459
+-------+-------------------+-------------------+--------------------+------------------------------------+------------------------------------+------------------------------------+------------------------------------+------------------------------------+
| Epoch |  training time(s) |   tesing time(s)  |        Loss        |               recall               |                ndcg                |              novelty               |             precision              |             hit_ratio              |
+-------+-------------------+-------------------+--------------------+------------------------------------+------------------------------------+------------------------------------+------------------------------------+------------------------------------+
|   40  | 58.75678038597107 | 38.56941199302673 | 1832.3785400390625 | [0.16118929 0.2261764  0.27318677] | [0.13687583 0.15741163 0.17143866] | [0.56048061 0.58560673 0.60108875] | [0.05046889 0.035915   0.02909494] | [0.54233371 0.64800054 0.70848684] |
+-------+-------------------+-------------------+--------------------+------------------------------------+------------------------------------+------------------------------------+------------------------------------+------------------------------------+
using time 58.6963s, training loss at epoch 41: 1831.3124
using time 58.8585s, training loss at epoch 42: 1829.6104
using time 58.9363s, training loss at epoch 43: 1828.9205
using time 58.8190s, training loss at epoch 44: 1827.0743
+-------+--------------------+--------------------+--------------------+------------------------------------+------------------------------------+------------------------------------+------------------------------------+------------------------------------+
| Epoch |  training time(s)  |   tesing time(s)   |        Loss        |               recall               |                ndcg                |              novelty               |             precision              |             hit_ratio              |
+-------+--------------------+--------------------+--------------------+------------------------------------+------------------------------------+------------------------------------+------------------------------------+------------------------------------+
|   45  | 58.855960845947266 | 37.812488317489624 | 1826.3409423828125 | [0.16119751 0.22679703 0.27316612] | [0.13683301 0.15757413 0.17143174] | [0.56070433 0.58560104 0.60088345] | [0.05051075 0.03599203 0.02911336] | [0.54313752 0.64940719 0.7086543 ] |
+-------+--------------------+--------------------+--------------------+------------------------------------+------------------------------------+------------------------------------+------------------------------------+------------------------------------+
using time 58.5391s, training loss at epoch 46: 1824.9113
using time 59.0473s, training loss at epoch 47: 1823.8389
using time 58.9978s, training loss at epoch 48: 1822.7240
using time 58.9417s, training loss at epoch 49: 1821.3280
+-------+--------------------+-------------------+-------------------+------------------------------------+------------------------------------+------------------------------------+------------------------------------+------------------------------------+
| Epoch |  training time(s)  |   tesing time(s)  |        Loss       |               recall               |                ndcg                |              novelty               |             precision              |             hit_ratio              |
+-------+--------------------+-------------------+-------------------+------------------------------------+------------------------------------+------------------------------------+------------------------------------+------------------------------------+
|   50  | 59.053346395492554 | 38.30270600318909 | 1820.471435546875 | [0.16129304 0.22693775 0.27319237] | [0.13692426 0.15771916 0.17152844] | [0.56102467 0.58560578 0.60070775] | [0.05051912 0.03604394 0.02913122] | [0.54347244 0.65037846 0.70932413] |
+-------+--------------------+-------------------+-------------------+------------------------------------+------------------------------------+------------------------------------+------------------------------------+------------------------------------+
using time 58.7023s, training loss at epoch 51: 1819.3219
using time 58.7812s, training loss at epoch 52: 1818.4855
using time 59.0599s, training loss at epoch 53: 1817.3903
using time 58.9654s, training loss at epoch 54: 1816.8096
+-------+-------------------+-------------------+-----------------+------------------------------------+------------------------------------+------------------------------------+------------------------------------+------------------------------------+
| Epoch |  training time(s) |   tesing time(s)  |       Loss      |               recall               |                ndcg                |              novelty               |             precision              |             hit_ratio              |
+-------+-------------------+-------------------+-----------------+------------------------------------+------------------------------------+------------------------------------+------------------------------------+------------------------------------+
|   55  | 59.08311223983765 | 38.31447100639343 | 1815.7236328125 | [0.16126862 0.22673972 0.27287737] | [0.1367503  0.15748364 0.17128112] | [0.56116176 0.58549526 0.60041522] | [0.05052415 0.03601296 0.02912117] | [0.54374037 0.65034497 0.7094581 ] |
+-------+-------------------+-------------------+-----------------+------------------------------------+------------------------------------+------------------------------------+------------------------------------+------------------------------------+
using time 58.8268s, training loss at epoch 56: 1814.9967
using time 58.6837s, training loss at epoch 57: 1814.3036
using time 59.0786s, training loss at epoch 58: 1813.5728
using time 59.0445s, training loss at epoch 59: 1813.2112
+-------+-------------------+-------------------+-------------------+------------------------------------+------------------------------------+------------------------------------+------------------------------------+------------------------------------+
| Epoch |  training time(s) |   tesing time(s)  |        Loss       |               recall               |                ndcg                |              novelty               |             precision              |             hit_ratio              |
+-------+-------------------+-------------------+-------------------+------------------------------------+------------------------------------+------------------------------------+------------------------------------+------------------------------------+
|   60  | 59.11997652053833 | 37.85114789009094 | 1812.261962890625 | [0.16139985 0.22657283 0.27322701] | [0.13675442 0.15738865 0.1713205 ] | [0.5613029  0.58533197 0.60008739] | [0.05056099 0.03599454 0.02912731] | [0.54430973 0.65054592 0.70979302] |
+-------+-------------------+-------------------+-------------------+------------------------------------+------------------------------------+------------------------------------+------------------------------------+------------------------------------+
using time 58.6318s, training loss at epoch 61: 1811.5256
using time 59.0666s, training loss at epoch 62: 1810.7542
using time 58.9856s, training loss at epoch 63: 1810.1193
using time 59.1104s, training loss at epoch 64: 1809.6105
+-------+-------------------+-------------------+------------------+------------------------------------+------------------------------------+------------------------------------+------------------------------------+------------------------------------+
| Epoch |  training time(s) |   tesing time(s)  |       Loss       |               recall               |                ndcg                |              novelty               |             precision              |             hit_ratio              |
+-------+-------------------+-------------------+------------------+------------------------------------+------------------------------------+------------------------------------+------------------------------------+------------------------------------+
|   65  | 58.82047939300537 | 38.42931270599365 | 1809.12451171875 | [0.16129031 0.22640563 0.27273724] | [0.13651684 0.15712345 0.17095116] | [0.56133341 0.58511629 0.59966581] | [0.05054257 0.03597193 0.0290648 ] | [0.54377386 0.65044544 0.70986   ] |
+-------+-------------------+-------------------+------------------+------------------------------------+------------------------------------+------------------------------------+------------------------------------+------------------------------------+
using time 58.7805s, training loss at epoch 66: 1808.1543
using time 59.2439s, training loss at epoch 67: 1807.3527
using time 58.9827s, training loss at epoch 68: 1807.2238
using time 58.8670s, training loss at epoch 69: 1806.5042
+-------+------------------+--------------------+-------------+------------------------------------+------------------------------------+------------------------------------+------------------------------------+------------------------------------+
| Epoch | training time(s) |   tesing time(s)   |     Loss    |               recall               |                ndcg                |              novelty               |             precision              |             hit_ratio              |
+-------+------------------+--------------------+-------------+------------------------------------+------------------------------------+------------------------------------+------------------------------------+------------------------------------+
|   70  | 59.1508584022522 | 38.544628858566284 | 1805.984375 | [0.16117425 0.22604927 0.27265224] | [0.13639845 0.15695344 0.17086757] | [0.56128087 0.58485664 0.59921183] | [0.05049735 0.03593593 0.02906982] | [0.54377386 0.65011052 0.71056333] |
+-------+------------------+--------------------+-------------+------------------------------------+------------------------------------+------------------------------------+------------------------------------+------------------------------------+
using time 58.6492s, training loss at epoch 71: 1805.3817
using time 58.5362s, training loss at epoch 72: 1804.7554
using time 58.8329s, training loss at epoch 73: 1804.0297
using time 59.1550s, training loss at epoch 74: 1804.1924
+-------+-------------------+------------------+-----------------+------------------------------------+------------------------------------+------------------------------------+------------------------------------+------------------------------------+
| Epoch |  training time(s) |  tesing time(s)  |       Loss      |               recall               |                ndcg                |              novelty               |             precision              |             hit_ratio              |
+-------+-------------------+------------------+-----------------+------------------------------------+------------------------------------+------------------------------------+------------------------------------+------------------------------------+
|   75  | 58.93355989456177 | 38.2139368057251 | 1803.2919921875 | [0.16073183 0.22567788 0.27198869] | [0.13597232 0.15656204 0.17040309] | [0.56140666 0.58465902 0.59883169] | [0.05037511 0.03587313 0.02900674] | [0.54307053 0.64964164 0.7102954 ] |
+-------+-------------------+------------------+-----------------+------------------------------------+------------------------------------+------------------------------------+------------------------------------+------------------------------------+
Early stopping is trigger at step: 3 log:0.1607318275221736
early stopping at 75, recall@20:0.1614
