python main.py --dataset gowalla --gnn mgcl --dim 64 --lr 0.001 --batch_size 2048 --gpu_id 3 --context_hops 3 --pool mean --ns mixgcf --n_negs 128 --K 1 --tau 0.2 --lamb 0.5 --eps 0.1
reading train and test user-item set ...
building the adj mat ...
loading over ...
start training ...
+-------+-------------------+-------------------+-------------------+------------------------------------+------------------------------------+------------------------------------+------------------------------------+------------------------------------+
| Epoch |  training time(s) |   tesing time(s)  |        Loss       |               recall               |                ndcg                |              novelty               |             precision              |             hit_ratio              |
+-------+-------------------+-------------------+-------------------+------------------------------------+------------------------------------+------------------------------------+------------------------------------+------------------------------------+
|   0   | 226.6686794757843 | 56.27152371406555 | 1483.903076171875 | [0.14695262 0.20718174 0.24792008] | [0.11790129 0.13737765 0.14958654] | [0.64507158 0.66177843 0.67071311] | [0.04405854 0.0314991  0.02533492] | [0.48218233 0.58145221 0.63657981] |
+-------+-------------------+-------------------+-------------------+------------------------------------+------------------------------------+------------------------------------+------------------------------------+------------------------------------+
using time 213.8507s, training loss at epoch 1: 1407.9618
using time 219.2332s, training loss at epoch 2: 1389.4309
using time 215.0528s, training loss at epoch 3: 1376.8772
using time 215.6546s, training loss at epoch 4: 1365.8723
+-------+-------------------+-------------------+--------------------+------------------------------------+------------------------------------+------------------------------------+------------------------------------+------------------------------------+
| Epoch |  training time(s) |   tesing time(s)  |        Loss        |               recall               |                ndcg                |              novelty               |             precision              |             hit_ratio              |
+-------+-------------------+-------------------+--------------------+------------------------------------+------------------------------------+------------------------------------+------------------------------------+------------------------------------+
|   5   | 213.8960349559784 | 57.72378396987915 | 1355.3289794921875 | [0.12282771 0.17302593 0.20860514] | [0.09876857 0.1151798  0.12591705] | [0.65278004 0.66838744 0.67682967] | [0.03666354 0.0261965  0.02124724] | [0.4205908  0.51600911 0.57086878] |
+-------+-------------------+-------------------+--------------------+------------------------------------+------------------------------------+------------------------------------+------------------------------------+------------------------------------+
using time 211.8977s, training loss at epoch 6: 1345.2689
using time 212.4591s, training loss at epoch 7: 1334.7937
using time 211.3039s, training loss at epoch 8: 1322.7009
using time 222.7098s, training loss at epoch 9: 1307.5428
+-------+--------------------+-------------------+--------------------+------------------------------------+------------------------------------+------------------------------------+------------------------------------+------------------------------------+
| Epoch |  training time(s)  |   tesing time(s)  |        Loss        |               recall               |                ndcg                |              novelty               |             precision              |             hit_ratio              |
+-------+--------------------+-------------------+--------------------+------------------------------------+------------------------------------+------------------------------------+------------------------------------+------------------------------------+
|   10  | 211.97187900543213 | 58.69569277763367 | 1289.7474365234375 | [0.16168658 0.22847572 0.27458652] | [0.13264721 0.1540763  0.16791651] | [0.61232459 0.63544182 0.64840287] | [0.04888807 0.03495211 0.02831625] | [0.52518588 0.62857526 0.68350191] |
+-------+--------------------+-------------------+--------------------+------------------------------------+------------------------------------+------------------------------------+------------------------------------+------------------------------------+
using time 211.5487s, training loss at epoch 11: 1270.9469
using time 212.8374s, training loss at epoch 12: 1252.7452
using time 212.0741s, training loss at epoch 13: 1235.7417
using time 217.2069s, training loss at epoch 14: 1221.2280
+-------+--------------------+-------------------+-------------------+------------------------------------+------------------------------------+------------------------------------+------------------------------------+------------------------------------+
| Epoch |  training time(s)  |   tesing time(s)  |        Loss       |               recall               |                ndcg                |              novelty               |             precision              |             hit_ratio              |
+-------+--------------------+-------------------+-------------------+------------------------------------+------------------------------------+------------------------------------+------------------------------------+------------------------------------+
|   15  | 211.63103222846985 | 60.50394129753113 | 1208.516357421875 | [0.17817889 0.25052599 0.30009302] | [0.14876906 0.17169221 0.1865047 ] | [0.59359435 0.61815439 0.63221049] | [0.0552264  0.03924828 0.03157892] | [0.57170608 0.67623418 0.73082591] |
+-------+--------------------+-------------------+-------------------+------------------------------------+------------------------------------+------------------------------------+------------------------------------+------------------------------------+
using time 212.1742s, training loss at epoch 16: 1197.5972
using time 211.5592s, training loss at epoch 17: 1188.6727
using time 212.1230s, training loss at epoch 18: 1180.8583
using time 211.7331s, training loss at epoch 19: 1174.4995
+-------+--------------------+-------------------+--------------------+------------------------------------+------------------------------------+------------------------------------+------------------------------------+------------------------------------+
| Epoch |  training time(s)  |   tesing time(s)  |        Loss        |               recall               |                ndcg                |              novelty               |             precision              |             hit_ratio              |
+-------+--------------------+-------------------+--------------------+------------------------------------+------------------------------------+------------------------------------+------------------------------------+------------------------------------+
|   20  | 210.81402373313904 | 57.58024024963379 | 1168.9600830078125 | [0.18189301 0.25420056 0.30544969] | [0.15240625 0.17530057 0.19056085] | [0.59285368 0.61667601 0.63027928] | [0.05655436 0.04001524 0.03223424] | [0.57981111 0.68286556 0.73822761] |
+-------+--------------------+-------------------+--------------------+------------------------------------+------------------------------------+------------------------------------+------------------------------------+------------------------------------+
using time 211.5723s, training loss at epoch 21: 1164.4274
using time 211.8895s, training loss at epoch 22: 1160.2635
using time 215.7337s, training loss at epoch 23: 1156.9625
using time 211.8371s, training loss at epoch 24: 1153.6722
+-------+--------------------+-------------------+--------------------+------------------------------------+------------------------------------+------------------------------------+------------------------------------+------------------------------------+
| Epoch |  training time(s)  |   tesing time(s)  |        Loss        |               recall               |                ndcg                |              novelty               |             precision              |             hit_ratio              |
+-------+--------------------+-------------------+--------------------+------------------------------------+------------------------------------+------------------------------------+------------------------------------+------------------------------------+
|   25  | 213.40484881401062 | 59.00019454956055 | 1151.1053466796875 | [0.18325502 0.25547529 0.30559603] | [0.15311351 0.1759185  0.19087004] | [0.59388472 0.61697436 0.63003232] | [0.05694286 0.04014753 0.03224764] | [0.58305982 0.68400429 0.74003617] |
+-------+--------------------+-------------------+--------------------+------------------------------------+------------------------------------+------------------------------------+------------------------------------+------------------------------------+
using time 210.6672s, training loss at epoch 26: 1148.6460
using time 214.8718s, training loss at epoch 27: 1146.3726
using time 250.8110s, training loss at epoch 28: 1144.5996
using time 241.3637s, training loss at epoch 29: 1142.7534
+-------+-------------------+--------------------+---------------+------------------------------------+------------------------------------+------------------------------------+------------------------------------+------------------------------------+
| Epoch |  training time(s) |   tesing time(s)   |      Loss     |               recall               |                ndcg                |              novelty               |             precision              |             hit_ratio              |
+-------+-------------------+--------------------+---------------+------------------------------------+------------------------------------+------------------------------------+------------------------------------+------------------------------------+
|   30  | 228.6877155303955 | 57.932424783706665 | 1141.23046875 | [0.18271534 0.25467216 0.30393884] | [0.15300287 0.17574382 0.19046514] | [0.59425531 0.61667367 0.62916124] | [0.05673521 0.03996333 0.03206455] | [0.58249045 0.68330096 0.73806015] |
+-------+-------------------+--------------------+---------------+------------------------------------+------------------------------------+------------------------------------+------------------------------------+------------------------------------+
using time 211.3884s, training loss at epoch 31: 1139.8141
using time 225.9896s, training loss at epoch 32: 1138.3711
using time 244.2309s, training loss at epoch 33: 1137.1254
using time 211.8379s, training loss at epoch 34: 1136.0095
+-------+--------------------+--------------------+--------------------+------------------------------------+------------------------------------+------------------------------------+------------------------------------+------------------------------------+
| Epoch |  training time(s)  |   tesing time(s)   |        Loss        |               recall               |                ndcg                |              novelty               |             precision              |             hit_ratio              |
+-------+--------------------+--------------------+--------------------+------------------------------------+------------------------------------+------------------------------------+------------------------------------+------------------------------------+
|   35  | 231.86876225471497 | 63.888997316360474 | 1134.9788818359375 | [0.18155514 0.25357812 0.30228112] | [0.15219632 0.1749787  0.18952844] | [0.5945029  0.61620828 0.62820662] | [0.05630819 0.03971297 0.03181448] | [0.58038047 0.68239668 0.73735682] |
+-------+--------------------+--------------------+--------------------+------------------------------------+------------------------------------+------------------------------------+------------------------------------+------------------------------------+
using time 238.6400s, training loss at epoch 36: 1134.0004
using time 237.6897s, training loss at epoch 37: 1132.8618
using time 217.0721s, training loss at epoch 38: 1132.1572
using time 213.0895s, training loss at epoch 39: 1131.3895
+-------+--------------------+------------------+--------------------+------------------------------------+------------------------------------+------------------------------------+------------------------------------+------------------------------------+
| Epoch |  training time(s)  |  tesing time(s)  |        Loss        |               recall               |                ndcg                |              novelty               |             precision              |             hit_ratio              |
+-------+--------------------+------------------+--------------------+------------------------------------+------------------------------------+------------------------------------+------------------------------------+------------------------------------+
|   40  | 212.62344670295715 | 62.9385826587677 | 1130.7781982421875 | [0.18021023 0.2518221  0.29937654] | [0.15088517 0.17354533 0.18775888] | [0.59470719 0.61568407 0.62719801] | [0.05584935 0.03940234 0.03149072] | [0.57616049 0.67928193 0.7341751 ] |
+-------+--------------------+------------------+--------------------+------------------------------------+------------------------------------+------------------------------------+------------------------------------+------------------------------------+
Early stopping is trigger at step: 3 log:0.18021022530624203
early stopping at 40, recall@20:0.1833
