reading train and test user-item set ...
building the adj mat ...
loading over ...
start training ...
+-------+------------------+-------------------+-----------------+------------------------------------+------------------------------------+------------------------------------+------------------------------------+------------------------------------+
| Epoch | training time(s) |   tesing time(s)  |       Loss      |               recall               |                ndcg                |              novelty               |             precision              |             hit_ratio              |
+-------+------------------+-------------------+-----------------+------------------------------------+------------------------------------+------------------------------------+------------------------------------+------------------------------------+
|   0   | 33.5393271446228 | 38.60833501815796 | 608.61669921875 | [0.14277838 0.20154455 0.24345818] | [0.11523061 0.13419602 0.14671485] | [0.63697372 0.65759699 0.66896077] | [0.04256983 0.03038717 0.02466006] | [0.46754639 0.56437136 0.61923103] |
+-------+------------------+-------------------+-----------------+------------------------------------+------------------------------------+------------------------------------+------------------------------------+------------------------------------+
using time 32.7845s, training loss at epoch 1: 555.3983
using time 32.4250s, training loss at epoch 2: 540.1512
using time 32.1784s, training loss at epoch 3: 530.4083
using time 33.1321s, training loss at epoch 4: 522.7539
+-------+-------------------+-------------------+-------------------+------------------------------------+------------------------------------+------------------------------------+------------------------------------+------------------------------------+
| Epoch |  training time(s) |   tesing time(s)  |        Loss       |               recall               |                ndcg                |              novelty               |             precision              |             hit_ratio              |
+-------+-------------------+-------------------+-------------------+------------------------------------+------------------------------------+------------------------------------+------------------------------------+------------------------------------+
|   5   | 32.59864544868469 | 39.40174150466919 | 515.9183349609375 | [0.10855019 0.15486436 0.18752865] | [0.08729386 0.10222532 0.11192288] | [0.65740089 0.67569247 0.6856171 ] | [0.03143211 0.0226405  0.01845625] | [0.34232032 0.42069127 0.46942193] |
+-------+-------------------+-------------------+-------------------+------------------------------------+------------------------------------+------------------------------------+------------------------------------+------------------------------------+
using time 32.7247s, training loss at epoch 6: 509.2447
using time 35.8264s, training loss at epoch 7: 502.0516
using time 37.0288s, training loss at epoch 8: 494.4465
using time 35.1513s, training loss at epoch 9: 486.3257
+-------+--------------------+--------------------+-------------------+------------------------------------+------------------------------------+------------------------------------+------------------------------------+------------------------------------+
| Epoch |  training time(s)  |   tesing time(s)   |        Loss       |               recall               |                ndcg                |              novelty               |             precision              |             hit_ratio              |
+-------+--------------------+--------------------+-------------------+------------------------------------+------------------------------------+------------------------------------+------------------------------------+------------------------------------+
|   10  | 31.939769983291626 | 38.418776750564575 | 477.8146667480469 | [0.1493336  0.20894526 0.25026833] | [0.12318016 0.14222203 0.15451464] | [0.61214518 0.63531272 0.64873439] | [0.04419921 0.0312613  0.02519928] | [0.47250318 0.56219439 0.61229821] |
+-------+--------------------+--------------------+-------------------+------------------------------------+------------------------------------+------------------------------------+------------------------------------+------------------------------------+
using time 31.4841s, training loss at epoch 11: 469.4684
using time 31.5222s, training loss at epoch 12: 461.1169
using time 31.6956s, training loss at epoch 13: 452.9438
using time 31.8655s, training loss at epoch 14: 445.1419
+-------+-------------------+--------------------+-------------------+------------------------------------+------------------------------------+------------------------------------+------------------------------------+------------------------------------+
| Epoch |  training time(s) |   tesing time(s)   |        Loss       |               recall               |                ndcg                |              novelty               |             precision              |             hit_ratio              |
+-------+-------------------+--------------------+-------------------+------------------------------------+------------------------------------+------------------------------------+------------------------------------+------------------------------------+
|   15  | 31.46520471572876 | 37.631680488586426 | 437.4478759765625 | [0.17479517 0.24396975 0.29246337] | [0.1470976  0.16905358 0.183534  ] | [0.57803936 0.60457776 0.62011932] | [0.05375611 0.03802498 0.0306445 ] | [0.55767299 0.65989015 0.71424744] |
+-------+-------------------+--------------------+-------------------+------------------------------------+------------------------------------+------------------------------------+------------------------------------+------------------------------------+
using time 31.4347s, training loss at epoch 16: 430.1162
using time 32.0809s, training loss at epoch 17: 423.3704
using time 32.1851s, training loss at epoch 18: 416.9220
using time 32.5044s, training loss at epoch 19: 411.1960
+-------+-------------------+-------------------+-------------------+------------------------------------+------------------------------------+------------------------------------+------------------------------------+------------------------------------+
| Epoch |  training time(s) |   tesing time(s)  |        Loss       |               recall               |                ndcg                |              novelty               |             precision              |             hit_ratio              |
+-------+-------------------+-------------------+-------------------+------------------------------------+------------------------------------+------------------------------------+------------------------------------+------------------------------------+
|   20  | 31.72045135498047 | 39.17151379585266 | 406.0483093261719 | [0.18228436 0.25393028 0.30553633] | [0.15438857 0.17702978 0.19241738] | [0.56872036 0.59532045 0.61088142] | [0.05666488 0.04003868 0.03235091] | [0.58155268 0.6827316  0.73852904] |
+-------+-------------------+-------------------+-------------------+------------------------------------+------------------------------------+------------------------------------+------------------------------------+------------------------------------+
using time 32.3673s, training loss at epoch 21: 401.2907
using time 33.1555s, training loss at epoch 22: 396.9139
using time 32.6860s, training loss at epoch 23: 392.9609
using time 32.5909s, training loss at epoch 24: 389.2548
+-------+-------------------+--------------------+-------------------+------------------------------------+------------------------------------+------------------------------------+------------------------------------+------------------------------------+
| Epoch |  training time(s) |   tesing time(s)   |        Loss       |               recall               |                ndcg                |              novelty               |             precision              |             hit_ratio              |
+-------+-------------------+--------------------+-------------------+------------------------------------+------------------------------------+------------------------------------+------------------------------------+------------------------------------+
|   25  | 32.59141206741333 | 40.104506969451904 | 386.0081787109375 | [0.18383995 0.25679559 0.30864277] | [0.15595624 0.17900749 0.19445075] | [0.56779871 0.5942283  0.60968854] | [0.05725936 0.04053604 0.0327009 ] | [0.58590662 0.68778887 0.74395472] |
+-------+-------------------+--------------------+-------------------+------------------------------------+------------------------------------+------------------------------------+------------------------------------+------------------------------------+
using time 32.9620s, training loss at epoch 26: 383.0101
using time 32.8091s, training loss at epoch 27: 379.9590
using time 32.8790s, training loss at epoch 28: 377.2774
using time 33.2015s, training loss at epoch 29: 374.9482
+-------+-------------------+--------------------+-------------------+------------------------------------+------------------------------------+------------------------------------+------------------------------------+------------------------------------+
| Epoch |  training time(s) |   tesing time(s)   |        Loss       |               recall               |                ndcg                |              novelty               |             precision              |             hit_ratio              |
+-------+-------------------+--------------------+-------------------+------------------------------------+------------------------------------+------------------------------------+------------------------------------+------------------------------------+
|   30  | 31.53269672393799 | 37.711456537246704 | 372.5310974121094 | [0.18462259 0.25819017 0.31021323] | [0.15641995 0.17966879 0.19514062] | [0.5679155  0.59414767 0.60939018] | [0.05753567 0.0407529  0.03284938] | [0.5880501  0.68939648 0.74636613] |
+-------+-------------------+--------------------+-------------------+------------------------------------+------------------------------------+------------------------------------+------------------------------------+------------------------------------+
using time 32.9829s, training loss at epoch 31: 370.7056
using time 32.6267s, training loss at epoch 32: 368.1374
using time 32.0063s, training loss at epoch 33: 366.1406
using time 32.0077s, training loss at epoch 34: 364.3133
+-------+--------------------+-------------------+--------------------+------------------------------------+------------------------------------+------------------------------------+------------------------------------+------------------------------------+
| Epoch |  training time(s)  |   tesing time(s)  |        Loss        |               recall               |                ndcg                |              novelty               |             precision              |             hit_ratio              |
+-------+--------------------+-------------------+--------------------+------------------------------------+------------------------------------+------------------------------------+------------------------------------+------------------------------------+
|   35  | 31.074492931365967 | 37.73708748817444 | 362.67388916015625 | [0.18511276 0.2585501  0.31051803] | [0.15668281 0.17989086 0.19538316] | [0.5685394  0.59450966 0.60953886] | [0.05759428 0.04075792 0.03286501] | [0.58918883 0.69113805 0.74710295] |
+-------+--------------------+-------------------+--------------------+------------------------------------+------------------------------------+------------------------------------+------------------------------------+------------------------------------+
using time 31.3401s, training loss at epoch 36: 361.0892
using time 31.6070s, training loss at epoch 37: 359.3686
using time 31.7852s, training loss at epoch 38: 357.5218
using time 32.5673s, training loss at epoch 39: 356.2607
+-------+-------------------+-------------------+--------------------+------------------------------------+------------------------------------+------------------------------------+------------------------------------+------------------------------------+
| Epoch |  training time(s) |   tesing time(s)  |        Loss        |               recall               |                ndcg                |              novelty               |             precision              |             hit_ratio              |
+-------+-------------------+-------------------+--------------------+------------------------------------+------------------------------------+------------------------------------+------------------------------------+------------------------------------+
|   40  | 31.77104139328003 | 38.61196827888489 | 354.75091552734375 | [0.18500939 0.25829944 0.31035712] | [0.15651721 0.179684   0.19520421] | [0.56915104 0.594875   0.60970786] | [0.05755576 0.04070182 0.0328237 ] | [0.58918883 0.69060218 0.74753835] |
+-------+-------------------+-------------------+--------------------+------------------------------------+------------------------------------+------------------------------------+------------------------------------+------------------------------------+
using time 32.1685s, training loss at epoch 41: 353.6312
using time 31.5628s, training loss at epoch 42: 352.1333
using time 31.6673s, training loss at epoch 43: 351.0217
using time 32.0225s, training loss at epoch 44: 349.4987
+-------+--------------------+-------------------+-------------------+------------------------------------+------------------------------------+------------------------------------+------------------------------------+------------------------------------+
| Epoch |  training time(s)  |   tesing time(s)  |        Loss       |               recall               |                ndcg                |              novelty               |             precision              |             hit_ratio              |
+-------+--------------------+-------------------+-------------------+------------------------------------+------------------------------------+------------------------------------+------------------------------------+------------------------------------+
|   45  | 31.645225048065186 | 38.43505525588989 | 348.3833312988281 | [0.18478923 0.25805824 0.30982417] | [0.15633758 0.17950216 0.19495078] | [0.56989801 0.59537364 0.61003249] | [0.05747873 0.04063484 0.03275895] | [0.58791614 0.69040123 0.74670105] |
+-------+--------------------+-------------------+-------------------+------------------------------------+------------------------------------+------------------------------------+------------------------------------+------------------------------------+
using time 32.1211s, training loss at epoch 46: 347.3173
using time 31.3672s, training loss at epoch 47: 346.1747
using time 31.3535s, training loss at epoch 48: 345.1804
using time 31.8110s, training loss at epoch 49: 343.9002
+-------+--------------------+--------------------+-----------------+------------------------------------+------------------------------------+------------------------------------+------------------------------------+------------------------------------+
| Epoch |  training time(s)  |   tesing time(s)   |       Loss      |               recall               |                ndcg                |              novelty               |             precision              |             hit_ratio              |
+-------+--------------------+--------------------+-----------------+------------------------------------+------------------------------------+------------------------------------+------------------------------------+------------------------------------+
|   50  | 31.555625915527344 | 38.424115896224976 | 343.02978515625 | [0.18487656 0.25799483 0.30896768] | [0.15629727 0.17937939 0.19461127] | [0.57020913 0.59547277 0.60996083] | [0.05747203 0.04058293 0.03265624] | [0.58855248 0.69040123 0.74589725] |
+-------+--------------------+--------------------+-----------------+------------------------------------+------------------------------------+------------------------------------+------------------------------------+------------------------------------+
Early stopping is trigger at step: 3 log:0.18487655799052005
early stopping at 50, recall@20:0.1851
