nohup python main.py --dataset gowalla --gnn mgcl --dim 64 --lr 0.001 --batch_size 2048 --gpu_id 0 --context_hops 3 --pool mean --ns mixgcf --K 1 --n_negs 64 &
reading train and test user-item set ...
building the adj mat ...
loading over ...
start training ...
+-------+-------------------+-------------------+-------------------+------------------------------------+------------------------------------+------------------------------------+------------------------------------+------------------------------------+
| Epoch |  training time(s) |   tesing time(s)  |        Loss       |               recall               |                ndcg                |              novelty               |             precision              |             hit_ratio              |
+-------+-------------------+-------------------+-------------------+------------------------------------+------------------------------------+------------------------------------+------------------------------------+------------------------------------+
|   0   | 91.33371257781982 | 38.89305400848389 | 610.2164916992188 | [0.14403941 0.20337467 0.24569237] | [0.11633075 0.13549867 0.14812315] | [0.6373574  0.65777831 0.66896372] | [0.0429868  0.03073883 0.02490008] | [0.47052716 0.56892625 0.62351799] |
+-------+-------------------+-------------------+-------------------+------------------------------------+------------------------------------+------------------------------------+------------------------------------+------------------------------------+
using time 89.4783s, training loss at epoch 1: 557.9045
using time 89.8320s, training loss at epoch 2: 543.6956
using time 88.6864s, training loss at epoch 3: 535.3167
using time 88.1118s, training loss at epoch 4: 529.3441
+-------+-------------------+-------------------+-------------------+------------------------------------+------------------------------------+------------------------------------+------------------------------------+------------------------------------+
| Epoch |  training time(s) |   tesing time(s)  |        Loss       |               recall               |                ndcg                |              novelty               |             precision              |             hit_ratio              |
+-------+-------------------+-------------------+-------------------+------------------------------------+------------------------------------+------------------------------------+------------------------------------+------------------------------------+
|   5   | 87.60707187652588 | 40.40495848655701 | 524.6102905273438 | [0.12091766 0.17063218 0.20572828] | [0.09766242 0.11371556 0.12414074] | [0.65957735 0.67612066 0.68473591] | [0.03524684 0.02512392 0.02033737] | [0.38575926 0.47002478 0.52243955] |
+-------+-------------------+-------------------+-------------------+------------------------------------+------------------------------------+------------------------------------+------------------------------------+------------------------------------+
using time 88.8655s, training loss at epoch 6: 520.6823
using time 87.7747s, training loss at epoch 7: 516.9922
using time 85.1270s, training loss at epoch 8: 513.6196
using time 86.4115s, training loss at epoch 9: 510.1374
+-------+-------------------+-------------------+------------------+------------------------------------+------------------------------------+------------------------------------+------------------------------------+------------------------------------+
| Epoch |  training time(s) |   tesing time(s)  |       Loss       |               recall               |                ndcg                |              novelty               |             precision              |             hit_ratio              |
+-------+-------------------+-------------------+------------------+------------------------------------+------------------------------------+------------------------------------+------------------------------------+------------------------------------+
|   10  | 85.74336218833923 | 39.20471167564392 | 506.551513671875 | [0.14419862 0.2009687  0.23969911] | [0.11864343 0.13685968 0.14840187] | [0.6265981  0.64689047 0.65801454] | [0.04266528 0.03011253 0.02416326] | [0.45508741 0.54183133 0.59330833] |
+-------+-------------------+-------------------+------------------+------------------------------------+------------------------------------+------------------------------------+------------------------------------+------------------------------------+
using time 85.2133s, training loss at epoch 11: 502.9421
using time 85.9233s, training loss at epoch 12: 499.2415
using time 86.6703s, training loss at epoch 13: 495.3546
using time 87.0318s, training loss at epoch 14: 491.5690
+-------+-------------------+-------------------+-------------------+------------------------------------+------------------------------------+------------------------------------+------------------------------------+------------------------------------+
| Epoch |  training time(s) |   tesing time(s)  |        Loss       |               recall               |                ndcg                |              novelty               |             precision              |             hit_ratio              |
+-------+-------------------+-------------------+-------------------+------------------------------------+------------------------------------+------------------------------------+------------------------------------+------------------------------------+
|   15  | 88.44776511192322 | 39.40194511413574 | 487.7186279296875 | [0.16598322 0.2302243  0.27465764] | [0.13842069 0.15888608 0.17214823] | [0.59735067 0.62192957 0.63557703] | [0.05017583 0.03526191 0.02829727] | [0.52411414 0.61862817 0.67107643] |
+-------+-------------------+-------------------+-------------------+------------------------------------+------------------------------------+------------------------------------+------------------------------------+------------------------------------+
using time 86.6812s, training loss at epoch 16: 484.1183
using time 86.9891s, training loss at epoch 17: 480.4521
using time 85.1067s, training loss at epoch 18: 476.9093
using time 84.6006s, training loss at epoch 19: 473.5377
+-------+-------------------+-------------------+-------------------+------------------------------------+------------------------------------+------------------------------------+------------------------------------+------------------------------------+
| Epoch |  training time(s) |   tesing time(s)  |        Loss       |               recall               |                ndcg                |              novelty               |             precision              |             hit_ratio              |
+-------+-------------------+-------------------+-------------------+------------------------------------+------------------------------------+------------------------------------+------------------------------------+------------------------------------+
|   20  | 85.92580032348633 | 39.10702657699585 | 470.3201599121094 | [0.17719989 0.2456937  0.29338022] | [0.14888155 0.17065863 0.18488338] | [0.58157765 0.60755661 0.622213  ] | [0.05446279 0.03834902 0.03076116] | [0.5604863  0.65784714 0.71083127] |
+-------+-------------------+-------------------+-------------------+------------------------------------+------------------------------------+------------------------------------+------------------------------------+------------------------------------+
using time 87.4085s, training loss at epoch 21: 466.9213
using time 85.4518s, training loss at epoch 22: 463.9335
using time 84.6852s, training loss at epoch 23: 461.1175
using time 84.5516s, training loss at epoch 24: 458.2841
+-------+-------------------+--------------------+-------------------+------------------------------------+------------------------------------+------------------------------------+------------------------------------+------------------------------------+
| Epoch |  training time(s) |   tesing time(s)   |        Loss       |               recall               |                ndcg                |              novelty               |             precision              |             hit_ratio              |
+-------+-------------------+--------------------+-------------------+------------------------------------+------------------------------------+------------------------------------+------------------------------------+------------------------------------+
|   25  | 85.23754930496216 | 39.338905334472656 | 455.6029968261719 | [0.18138575 0.25205926 0.30074671] | [0.15292677 0.17532239 0.18989491] | [0.57653179 0.60254331 0.61716642] | [0.05615748 0.03955891 0.03174024] | [0.57311273 0.67392324 0.72603657] |
+-------+-------------------+--------------------+-------------------+------------------------------------+------------------------------------+------------------------------------+------------------------------------+------------------------------------+
using time 86.5995s, training loss at epoch 26: 453.1418
using time 86.5665s, training loss at epoch 27: 450.5206
using time 86.2222s, training loss at epoch 28: 448.2240
using time 85.9411s, training loss at epoch 29: 446.0211
+-------+-------------------+-------------------+-------------------+------------------------------------+------------------------------------+------------------------------------+------------------------------------+------------------------------------+
| Epoch |  training time(s) |   tesing time(s)  |        Loss       |               recall               |                ndcg                |              novelty               |             precision              |             hit_ratio              |
+-------+-------------------+-------------------+-------------------+------------------------------------+------------------------------------+------------------------------------+------------------------------------+------------------------------------+
|   30  | 84.93572306632996 | 39.36594367027283 | 443.7716979980469 | [0.1833997  0.25428811 0.30385145] | [0.15466272 0.17711347 0.19196163] | [0.57454564 0.60037624 0.61490402] | [0.05687755 0.04001189 0.03215721] | [0.5798446  0.67998526 0.7329359 ] |
+-------+-------------------+-------------------+-------------------+------------------------------------+------------------------------------+------------------------------------+------------------------------------+------------------------------------+
using time 85.0930s, training loss at epoch 31: 441.7961
using time 84.7422s, training loss at epoch 32: 439.8976
using time 85.9488s, training loss at epoch 33: 437.8532
using time 84.6066s, training loss at epoch 34: 436.0577
+-------+-------------------+--------------------+-------------------+------------------------------------+------------------------------------+------------------------------------+------------------------------------+------------------------------------+
| Epoch |  training time(s) |   tesing time(s)   |        Loss       |               recall               |                ndcg                |              novelty               |             precision              |             hit_ratio              |
+-------+-------------------+--------------------+-------------------+------------------------------------+------------------------------------+------------------------------------+------------------------------------+------------------------------------+
|   35  | 85.84041380882263 | 39.192283630371094 | 434.2269592285156 | [0.18405495 0.25495829 0.30452518] | [0.15520164 0.17767117 0.19252977] | [0.57416396 0.59971585 0.61405969] | [0.05706008 0.04013665 0.03224038] | [0.58295934 0.68212874 0.73467747] |
+-------+-------------------+--------------------+-------------------+------------------------------------+------------------------------------+------------------------------------+------------------------------------+------------------------------------+
using time 86.3160s, training loss at epoch 36: 432.5900
using time 85.8562s, training loss at epoch 37: 430.7404
using time 84.7227s, training loss at epoch 38: 429.0820
using time 85.0212s, training loss at epoch 39: 427.5504
+-------+------------------+--------------------+-------------------+------------------------------------+------------------------------------+------------------------------------+------------------------------------+------------------------------------+
| Epoch | training time(s) |   tesing time(s)   |        Loss       |               recall               |                ndcg                |              novelty               |             precision              |             hit_ratio              |
+-------+------------------+--------------------+-------------------+------------------------------------+------------------------------------+------------------------------------+------------------------------------+------------------------------------+
|   40  | 84.6833860874176 | 39.164432764053345 | 426.1682434082031 | [0.18426822 0.25540304 0.30447797] | [0.15536532 0.17783202 0.19258291] | [0.57442411 0.59976026 0.61394792] | [0.0572041  0.04017265 0.0322549 ] | [0.58399759 0.68346842 0.73551477] |
+-------+------------------+--------------------+-------------------+------------------------------------+------------------------------------+------------------------------------+------------------------------------+------------------------------------+
using time 84.9291s, training loss at epoch 41: 424.4830
using time 85.3328s, training loss at epoch 42: 423.0796
using time 86.8064s, training loss at epoch 43: 421.4212
using time 85.0507s, training loss at epoch 44: 420.2161
+-------+-------------------+-----------------+-------------------+------------------------------------+------------------------------------+------------------------------------+------------------------------------+------------------------------------+
| Epoch |  training time(s) |  tesing time(s) |        Loss       |               recall               |                ndcg                |              novelty               |             precision              |             hit_ratio              |
+-------+-------------------+-----------------+-------------------+------------------------------------+------------------------------------+------------------------------------+------------------------------------+------------------------------------+
|   45  | 84.97842693328857 | 39.250652551651 | 418.7303466796875 | [0.18417709 0.25496112 0.30434017] | [0.15518681 0.17758696 0.19244126] | [0.5750484  0.60002462 0.61398778] | [0.05705506 0.04008557 0.03222978] | [0.584366   0.68246366 0.73635207] |
+-------+-------------------+-----------------+-------------------+------------------------------------+------------------------------------+------------------------------------+------------------------------------+------------------------------------+
using time 86.9932s, training loss at epoch 46: 417.5471
using time 87.0786s, training loss at epoch 47: 416.2514
using time 86.7445s, training loss at epoch 48: 414.8979
using time 86.6914s, training loss at epoch 49: 413.9419
+-------+-------------------+-------------------+------------------+------------------------------------+------------------------------------+------------------------------------+------------------------------------+------------------------------------+
| Epoch |  training time(s) |   tesing time(s)  |       Loss       |               recall               |                ndcg                |              novelty               |             precision              |             hit_ratio              |
+-------+-------------------+-------------------+------------------+------------------------------------+------------------------------------+------------------------------------+------------------------------------+------------------------------------+
|   50  | 86.79178094863892 | 39.78508543968201 | 412.594970703125 | [0.18346072 0.25436183 0.30325492] | [0.15453223 0.17700142 0.19168066] | [0.57523819 0.60005876 0.61389011] | [0.05683904 0.03998007 0.03208465] | [0.58409806 0.68155938 0.73615112] |
+-------+-------------------+-------------------+------------------+------------------------------------+------------------------------------+------------------------------------+------------------------------------+------------------------------------+
using time 86.2416s, training loss at epoch 51: 411.6191
using time 86.0942s, training loss at epoch 52: 410.1879
using time 86.7452s, training loss at epoch 53: 409.1229
using time 86.6676s, training loss at epoch 54: 407.8636
+-------+-------------------+-------------------+--------------------+------------------------------------+------------------------------------+------------------------------------+------------------------------------+------------------------------------+
| Epoch |  training time(s) |   tesing time(s)  |        Loss        |               recall               |                ndcg                |              novelty               |             precision              |             hit_ratio              |
+-------+-------------------+-------------------+--------------------+------------------------------------+------------------------------------+------------------------------------+------------------------------------+------------------------------------+
|   55  | 87.89335060119629 | 39.59309434890747 | 406.69000244140625 | [0.1831235  0.25324849 0.30223471] | [0.15411501 0.17637802 0.19107013] | [0.57600273 0.60057092 0.61419254] | [0.05662636 0.03981345 0.03195347] | [0.5839306  0.68021971 0.73501239] |
+-------+-------------------+-------------------+--------------------+------------------------------------+------------------------------------+------------------------------------+------------------------------------+------------------------------------+
Early stopping is trigger at step: 3 log:0.1831234957149803
early stopping at 55, recall@20:0.1843
