reading train and test user-item set ...
building the adj mat ...
loading over ...
start training ...
+-------+-------------------+-------------------+-----------------+------------------------------------+------------------------------------+------------------------------------+------------------------------------+------------------------------------+
| Epoch |  training time(s) |   tesing time(s)  |       Loss      |               recall               |                ndcg                |              novelty               |             precision              |             hit_ratio              |
+-------+-------------------+-------------------+-----------------+------------------------------------+------------------------------------+------------------------------------+------------------------------------+------------------------------------+
|   0   | 91.30583620071411 | 40.12902021408081 | 2663.9599609375 | [0.12318799 0.17574443 0.21423057] | [0.10284704 0.11931844 0.13079641] | [0.52936618 0.5563987  0.57269515] | [0.03906323 0.02804106 0.0229062 ] | [0.46342689 0.5666823  0.62529305] |
+-------+-------------------+-------------------+-----------------+------------------------------------+------------------------------------+------------------------------------+------------------------------------+------------------------------------+
using time 90.1727s, training loss at epoch 1: 2386.3350
using time 89.9557s, training loss at epoch 2: 2274.5491
using time 89.9323s, training loss at epoch 3: 2201.6748
using time 90.0464s, training loss at epoch 4: 2151.3057
+-------+-------------------+-------------------+-------------------+------------------------------------+------------------------------------+------------------------------------+------------------------------------+------------------------------------+
| Epoch |  training time(s) |   tesing time(s)  |        Loss       |               recall               |                ndcg                |              novelty               |             precision              |             hit_ratio              |
+-------+-------------------+-------------------+-------------------+------------------------------------+------------------------------------+------------------------------------+------------------------------------+------------------------------------+
|   5   | 89.90611720085144 | 39.50367021560669 | 2111.069580078125 | [0.14023989 0.19928216 0.24296367] | [0.11797463 0.13670701 0.14977853] | [0.55170941 0.57830226 0.59487313] | [0.04372363 0.03147481 0.02577924] | [0.49470829 0.60084399 0.6600911 ] |
+-------+-------------------+-------------------+-------------------+------------------------------------+------------------------------------+------------------------------------+------------------------------------+------------------------------------+
using time 89.7631s, training loss at epoch 6: 2078.2363
using time 89.6005s, training loss at epoch 7: 2049.9868
using time 89.7171s, training loss at epoch 8: 2025.8027
using time 89.6778s, training loss at epoch 9: 2005.2762
+-------+-------------------+-------------------+--------------------+------------------------------------+------------------------------------+------------------------------------+------------------------------------+------------------------------------+
| Epoch |  training time(s) |   tesing time(s)  |        Loss        |               recall               |                ndcg                |              novelty               |             precision              |             hit_ratio              |
+-------+-------------------+-------------------+--------------------+------------------------------------+------------------------------------+------------------------------------+------------------------------------+------------------------------------+
|   10  | 89.94547915458679 | 39.21518397331238 | 1987.4132080078125 | [0.1485332  0.20962693 0.25533229] | [0.12581852 0.14521223 0.15884255] | [0.55138435 0.57789949 0.59457252] | [0.04633097 0.03317871 0.02709436] | [0.51554022 0.61872865 0.67958336] |
+-------+-------------------+-------------------+--------------------+------------------------------------+------------------------------------+------------------------------------+------------------------------------+------------------------------------+
using time 89.9565s, training loss at epoch 11: 1971.3784
using time 89.8519s, training loss at epoch 12: 1957.5577
using time 90.0314s, training loss at epoch 13: 1945.6353
using time 89.9160s, training loss at epoch 14: 1935.3767
+-------+-------------------+-------------------+--------------------+------------------------------------+------------------------------------+------------------------------------+------------------------------------+------------------------------------+
| Epoch |  training time(s) |   tesing time(s)  |        Loss        |               recall               |                ndcg                |              novelty               |             precision              |             hit_ratio              |
+-------+-------------------+-------------------+--------------------+------------------------------------+------------------------------------+------------------------------------+------------------------------------+------------------------------------+
|   15  | 89.93372702598572 | 39.65271711349487 | 1925.5428466796875 | [0.15344857 0.2165259  0.26311513] | [0.13047052 0.15046399 0.16434596] | [0.55372623 0.58016009 0.59668557] | [0.04791513 0.03428813 0.02792216] | [0.52622413 0.6312881  0.69003282] |
+-------+-------------------+-------------------+--------------------+------------------------------------+------------------------------------+------------------------------------+------------------------------------+------------------------------------+
using time 90.1215s, training loss at epoch 16: 1916.8303
using time 89.9092s, training loss at epoch 17: 1909.2405
using time 90.1099s, training loss at epoch 18: 1901.6313
using time 89.9101s, training loss at epoch 19: 1895.5765
