nohup python main.py --dataset gowalla --gnn xgcl --dim 64 --lr 0.001 --batch_size 4096 --gpu_id 3 --context_hops 3 --pool mean --ns mixgcf --n_negs 1 --K 1 &
reading train and test user-item set ...
building the adj mat ...
loading over ...
XSimple GCL model setup
start training ...
+-------+--------------------+-------------------+-------------------+------------------------------------+------------------------------------+------------------------------------+------------------------------------+------------------------------------+
| Epoch |  training time(s)  |   tesing time(s)  |        Loss       |               recall               |                ndcg                |              novelty               |             precision              |             hit_ratio              |
+-------+--------------------+-------------------+-------------------+------------------------------------+------------------------------------+------------------------------------+------------------------------------+------------------------------------+
|   0   | 10.002400398254395 | 50.99225068092346 | 358.0691833496094 | [0.14232657 0.2021215  0.24433767] | [0.11532432 0.13452513 0.14714611] | [0.62712627 0.64913081 0.66166356] | [0.04285284 0.03069278 0.02494697] | [0.47240271 0.57187353 0.62649876] |
+-------+--------------------+-------------------+-------------------+------------------------------------+------------------------------------+------------------------------------+------------------------------------+------------------------------------+
using time 9.5056s, training loss at epoch 1: 323.4721
using time 9.5298s, training loss at epoch 2: 311.2110
using time 9.4730s, training loss at epoch 3: 302.5742
using time 9.4811s, training loss at epoch 4: 294.9520
+-------+------------------+------------------+-------------------+------------------------------------+------------------------------------+------------------------------------+------------------------------------+------------------------------------+
| Epoch | training time(s) |  tesing time(s)  |        Loss       |               recall               |                ndcg                |              novelty               |             precision              |             hit_ratio              |
+-------+------------------+------------------+-------------------+------------------------------------+------------------------------------+------------------------------------+------------------------------------+------------------------------------+
|   5   | 9.48508596420288 | 48.0831995010376 | 287.3650207519531 | [0.1314726  0.18505883 0.22448397] | [0.10663023 0.1239358  0.13563916] | [0.63043513 0.65222389 0.66449375] | [0.03839842 0.02746835 0.02236977] | [0.4205908  0.50753567 0.55984996] |
+-------+------------------+------------------+-------------------+------------------------------------+------------------------------------+------------------------------------+------------------------------------+------------------------------------+
using time 9.5102s, training loss at epoch 6: 279.6519
using time 9.4752s, training loss at epoch 7: 271.9200
using time 9.5221s, training loss at epoch 8: 264.2472
using time 9.5007s, training loss at epoch 9: 256.7697
+-------+------------------+-------------------+-------------------+------------------------------------+------------------------------------+------------------------------------+------------------------------------+------------------------------------+
| Epoch | training time(s) |   tesing time(s)  |        Loss       |               recall               |                ndcg                |              novelty               |             precision              |             hit_ratio              |
+-------+------------------+-------------------+-------------------+------------------------------------+------------------------------------+------------------------------------+------------------------------------+------------------------------------+
|   10  | 9.49160623550415 | 50.02399444580078 | 249.4423065185547 | [0.16935801 0.23741523 0.28479442] | [0.14219896 0.16373097 0.17791007] | [0.58144173 0.60790513 0.62351326] | [0.05211334 0.03690468 0.02979603] | [0.54963494 0.65067988 0.70567352] |
+-------+------------------+-------------------+-------------------+------------------------------------+------------------------------------+------------------------------------+------------------------------------+------------------------------------+
using time 10.4200s, training loss at epoch 11: 242.5165
using time 10.9962s, training loss at epoch 12: 236.0204
using time 10.8885s, training loss at epoch 13: 230.1846
using time 11.0273s, training loss at epoch 14: 225.1564
+-------+--------------------+--------------------+--------------------+------------------------------------+------------------------------------+------------------------------------+------------------------------------+------------------------------------+
| Epoch |  training time(s)  |   tesing time(s)   |        Loss        |               recall               |                ndcg                |              novelty               |             precision              |             hit_ratio              |
+-------+--------------------+--------------------+--------------------+------------------------------------+------------------------------------+------------------------------------+------------------------------------+------------------------------------+
|   15  | 10.904245376586914 | 49.199052810668945 | 220.80862426757812 | [0.1819211  0.25419755 0.30497165] | [0.15395786 0.17671891 0.19193901] | [0.57061368 0.59673862 0.61199325] | [0.05670675 0.04009813 0.03237882] | [0.58195459 0.68688459 0.74053855] |
+-------+--------------------+--------------------+--------------------+------------------------------------+------------------------------------+------------------------------------+------------------------------------+------------------------------------+
using time 9.4270s, training loss at epoch 16: 216.9985
using time 9.4658s, training loss at epoch 17: 213.7674
using time 9.4478s, training loss at epoch 18: 210.8416
using time 9.4207s, training loss at epoch 19: 208.3390
+-------+------------------+-------------------+--------------------+------------------------------------+------------------------------------+------------------------------------+------------------------------------+------------------------------------+
| Epoch | training time(s) |   tesing time(s)  |        Loss        |               recall               |                ndcg                |              novelty               |             precision              |             hit_ratio              |
+-------+------------------+-------------------+--------------------+------------------------------------+------------------------------------+------------------------------------+------------------------------------+------------------------------------+
|   20  | 9.46713924407959 | 50.40014457702637 | 206.14529418945312 | [0.18450674 0.25874458 0.31024208] | [0.15633703 0.17974541 0.19515784] | [0.57428412 0.59949265 0.61420732] | [0.05756581 0.04081821 0.03292585] | [0.58774868 0.6917744  0.74606471] |
+-------+------------------+-------------------+--------------------+------------------------------------+------------------------------------+------------------------------------+------------------------------------+------------------------------------+
using time 9.4407s, training loss at epoch 21: 204.2750
using time 9.4347s, training loss at epoch 22: 202.4177
using time 9.4554s, training loss at epoch 23: 200.8901
using time 9.4067s, training loss at epoch 24: 199.4364
+-------+-------------------+-------------------+--------------------+------------------------------------+------------------------------------+------------------------------------+------------------------------------+------------------------------------+
| Epoch |  training time(s) |   tesing time(s)  |        Loss        |               recall               |                ndcg                |              novelty               |             precision              |             hit_ratio              |
+-------+-------------------+-------------------+--------------------+------------------------------------+------------------------------------+------------------------------------+------------------------------------+------------------------------------+
|   25  | 9.414189100265503 | 52.31382775306702 | 198.11666870117188 | [0.18605704 0.25980715 0.31092229] | [0.15698587 0.18022588 0.19549881] | [0.57815266 0.60247262 0.61643775] | [0.058028   0.0409865  0.03297385] | [0.59032755 0.69190837 0.74636613] |
+-------+-------------------+-------------------+--------------------+------------------------------------+------------------------------------+------------------------------------+------------------------------------+------------------------------------+
using time 9.4527s, training loss at epoch 26: 196.9467
using time 9.4340s, training loss at epoch 27: 195.8980
using time 9.4397s, training loss at epoch 28: 194.9328
using time 9.4679s, training loss at epoch 29: 194.0490
+-------+-------------------+-------------------+-------------------+------------------------------------+------------------------------------+------------------------------------+------------------------------------+------------------------------------+
| Epoch |  training time(s) |   tesing time(s)  |        Loss       |               recall               |                ndcg                |              novelty               |             precision              |             hit_ratio              |
+-------+-------------------+-------------------+-------------------+------------------------------------+------------------------------------+------------------------------------+------------------------------------+------------------------------------+
|   30  | 9.443519115447998 | 50.10999822616577 | 193.2600555419922 | [0.18619959 0.25971009 0.30993168] | [0.15671093 0.17992661 0.19492883] | [0.58137808 0.60476061 0.6180773 ] | [0.05798613 0.0409639  0.03285607] | [0.58965771 0.69231027 0.74599772] |
+-------+-------------------+-------------------+-------------------+------------------------------------+------------------------------------+------------------------------------+------------------------------------+------------------------------------+
using time 9.4409s, training loss at epoch 31: 192.4868
using time 9.5048s, training loss at epoch 32: 191.7693
using time 9.4837s, training loss at epoch 33: 191.1529
using time 9.4793s, training loss at epoch 34: 190.5650
+-------+------------------+-------------------+--------------------+------------------------------------+------------------------------------+------------------------------------+------------------------------------+------------------------------------+
| Epoch | training time(s) |   tesing time(s)  |        Loss        |               recall               |                ndcg                |              novelty               |             precision              |             hit_ratio              |
+-------+------------------+-------------------+--------------------+------------------------------------+------------------------------------+------------------------------------+------------------------------------+------------------------------------+
|   35  | 9.46863865852356 | 49.36921715736389 | 189.96316528320312 | [0.18527973 0.25838882 0.30812629] | [0.15569232 0.17878146 0.19366145] | [0.58413318 0.60656317 0.61915797] | [0.05767633 0.04072862 0.03267578] | [0.58855248 0.68959743 0.74305044] |
+-------+------------------+-------------------+--------------------+------------------------------------+------------------------------------+------------------------------------+------------------------------------+------------------------------------+
using time 9.5941s, training loss at epoch 36: 189.4266
using time 9.5180s, training loss at epoch 37: 188.9843
using time 9.4903s, training loss at epoch 38: 188.4854
using time 9.4141s, training loss at epoch 39: 188.0456
+-------+-------------------+-------------------+--------------------+------------------------------------+------------------------------------+------------------------------------+------------------------------------+------------------------------------+
| Epoch |  training time(s) |   tesing time(s)  |        Loss        |               recall               |                ndcg                |              novelty               |             precision              |             hit_ratio              |
+-------+-------------------+-------------------+--------------------+------------------------------------+------------------------------------+------------------------------------+------------------------------------+------------------------------------+
|   40  | 9.455922842025757 | 49.60185432434082 | 187.69375610351562 | [0.18398881 0.25597455 0.30479626] | [0.15424636 0.17694344 0.19159487] | [0.5863255  0.60774612 0.61964584] | [0.05733807 0.04034513 0.03235649] | [0.58557171 0.68591332 0.73936633] |
+-------+-------------------+-------------------+--------------------+------------------------------------+------------------------------------+------------------------------------+------------------------------------+------------------------------------+
using time 9.4846s, training loss at epoch 41: 187.3665
using time 9.4385s, training loss at epoch 42: 186.9515
using time 9.4401s, training loss at epoch 43: 186.5531
using time 9.4483s, training loss at epoch 44: 186.2545
+-------+-------------------+-------------------+--------------------+------------------------------------+------------------------------------+------------------------------------+------------------------------------+------------------------------------+
| Epoch |  training time(s) |   tesing time(s)  |        Loss        |               recall               |                ndcg                |              novelty               |             precision              |             hit_ratio              |
+-------+-------------------+-------------------+--------------------+------------------------------------+------------------------------------+------------------------------------+------------------------------------+------------------------------------+
|   45  | 9.393425703048706 | 50.57106113433838 | 185.99220275878906 | [0.18199159 0.25324937 0.30094424] | [0.15248554 0.1749987  0.18927759] | [0.58830304 0.60879978 0.61996656] | [0.05672014 0.03997672 0.03197412] | [0.58172014 0.68165986 0.73477795] |
+-------+-------------------+-------------------+--------------------+------------------------------------+------------------------------------+------------------------------------+------------------------------------+------------------------------------+
Early stopping is trigger at step: 3 log:0.18199159136216264
early stopping at 45, recall@20:0.1862
