reading train and test user-item set ...
building the adj mat ...
loading over ...
X Mix Simple GCL model setup
start training ...
+-------+--------------------+-------------------+-------------------+------------------------------------+------------------------------------+------------------------------------+------------------------------------+------------------------------------+
| Epoch |  training time(s)  |   tesing time(s)  |        Loss       |               recall               |                ndcg                |              novelty               |             precision              |             hit_ratio              |
+-------+--------------------+-------------------+-------------------+------------------------------------+------------------------------------+------------------------------------+------------------------------------+------------------------------------+
|   0   | 217.31328439712524 | 49.78434610366821 | 359.2439270019531 | [0.13077233 0.18597907 0.22569937] | [0.10545931 0.12336728 0.13522365] | [0.6329303  0.65432883 0.66657868] | [0.03853239 0.02773545 0.02260031] | [0.43258088 0.52779825 0.58473441] |
+-------+--------------------+-------------------+-------------------+------------------------------------+------------------------------------+------------------------------------+------------------------------------+------------------------------------+
using time 210.0193s, training loss at epoch 1: 294.7245
using time 215.8217s, training loss at epoch 2: 265.9771
using time 221.8423s, training loss at epoch 3: 239.1972
using time 207.5444s, training loss at epoch 4: 212.1535
+-------+--------------------+--------------------+--------------------+------------------------------------+------------------------------------+------------------------------------+------------------------------------+------------------------------------+
| Epoch |  training time(s)  |   tesing time(s)   |        Loss        |               recall               |                ndcg                |              novelty               |             precision              |             hit_ratio              |
+-------+--------------------+--------------------+--------------------+------------------------------------+------------------------------------+------------------------------------+------------------------------------+------------------------------------+
|   5   | 218.53396368026733 | 63.138277769088745 | 185.82550048828125 | [0.162861   0.22898478 0.27509635] | [0.1363349  0.15732502 0.17112537] | [0.584222   0.61070007 0.62617847] | [0.04994809 0.03547123 0.02866848] | [0.53533391 0.6358095  0.69030076] |
+-------+--------------------+--------------------+--------------------+------------------------------------+------------------------------------+------------------------------------+------------------------------------+------------------------------------+
using time 207.6843s, training loss at epoch 6: 160.8565
using time 207.5323s, training loss at epoch 7: 138.7033
using time 207.6730s, training loss at epoch 8: 120.8653
using time 215.8374s, training loss at epoch 9: 107.0889
+-------+------------------+--------------------+-------------------+------------------------------------+------------------------------------+------------------------------------+------------------------------------+------------------------------------+
| Epoch | training time(s) |   tesing time(s)   |        Loss       |               recall               |                ndcg                |              novelty               |             precision              |             hit_ratio              |
+-------+------------------+--------------------+-------------------+------------------------------------+------------------------------------+------------------------------------+------------------------------------+------------------------------------+
|   10  | 215.57461810112  | 53.004122734069824 | 96.30919647216797 | [0.18188455 0.2539919  0.30504588] | [0.15394698 0.17665021 0.19191684] | [0.5715419  0.59736065 0.61248817] | [0.05681559 0.04016595 0.03239947] | [0.58429902 0.68631523 0.74191172] |
+-------+------------------+--------------------+-------------------+------------------------------------+------------------------------------+------------------------------------+------------------------------------+------------------------------------+
using time 206.7133s, training loss at epoch 11: 87.6871
using time 219.2796s, training loss at epoch 12: 80.9713
using time 221.3164s, training loss at epoch 13: 75.1548
using time 220.7604s, training loss at epoch 14: 70.5152
+-------+------------------+--------------------+------------------+------------------------------------+------------------------------------+------------------------------------+------------------------------------+------------------------------------+
| Epoch | training time(s) |   tesing time(s)   |       Loss       |               recall               |                ndcg                |              novelty               |             precision              |             hit_ratio              |
+-------+------------------+--------------------+------------------+------------------------------------+------------------------------------+------------------------------------+------------------------------------+------------------------------------+
|   15  | 224.705548286438 | 56.176865339279175 | 66.4463119506836 | [0.18427129 0.25797151 0.30882872] | [0.1559004  0.17919999 0.19437851] | [0.57728156 0.60204123 0.61625793] | [0.05749883 0.04075206 0.03275616] | [0.5880836  0.69107107 0.7460982 ] |
+-------+------------------+--------------------+------------------+------------------------------------+------------------------------------+------------------------------------+------------------------------------+------------------------------------+
using time 216.0102s, training loss at epoch 16: 62.9854
using time 212.9117s, training loss at epoch 17: 60.0751
using time 214.6190s, training loss at epoch 18: 57.3895
using time 217.7151s, training loss at epoch 19: 55.2977
+-------+--------------------+--------------------+-------------------+------------------------------------+------------------------------------+------------------------------------+------------------------------------+------------------------------------+
| Epoch |  training time(s)  |   tesing time(s)   |        Loss       |               recall               |                ndcg                |              novelty               |             precision              |             hit_ratio              |
+-------+--------------------+--------------------+-------------------+------------------------------------+------------------------------------+------------------------------------+------------------------------------+------------------------------------+
|   20  | 227.57181525230408 | 62.889811992645264 | 53.23078155517578 | [0.18499674 0.25771509 0.30809277] | [0.15594998 0.17900971 0.19402566] | [0.5815498  0.60498095 0.61844212] | [0.0575926  0.04072778 0.03266182] | [0.58902137 0.69046822 0.74539487] |
+-------+--------------------+--------------------+-------------------+------------------------------------+------------------------------------+------------------------------------+------------------------------------+------------------------------------+
using time 222.2921s, training loss at epoch 21: 51.5113
using time 224.0589s, training loss at epoch 22: 49.9422
using time 211.2719s, training loss at epoch 23: 48.5952
using time 219.4039s, training loss at epoch 24: 47.1944
+-------+------------------+-------------------+------------------+------------------------------------+------------------------------------+------------------------------------+------------------------------------+------------------------------------+
| Epoch | training time(s) |   tesing time(s)  |       Loss       |               recall               |                ndcg                |              novelty               |             precision              |             hit_ratio              |
+-------+------------------+-------------------+------------------+------------------------------------+------------------------------------+------------------------------------+------------------------------------+------------------------------------+
|   25  | 216.366126537323 | 54.34759306907654 | 46.0891227722168 | [0.18409348 0.25604885 0.30529626] | [0.15458009 0.17739662 0.19213067] | [0.58483639 0.60709996 0.61954032] | [0.05718903 0.0404004  0.03236933] | [0.58587313 0.68755442 0.74167727] |
+-------+------------------+-------------------+------------------+------------------------------------+------------------------------------+------------------------------------+------------------------------------+------------------------------------+
using time 217.5453s, training loss at epoch 26: 44.9865
using time 214.0134s, training loss at epoch 27: 43.9635
using time 218.6772s, training loss at epoch 28: 43.1568
using time 205.0024s, training loss at epoch 29: 42.2654
+-------+--------------------+-------------------+-------------------+------------------------------------+------------------------------------+------------------------------------+------------------------------------+------------------------------------+
| Epoch |  training time(s)  |   tesing time(s)  |        Loss       |               recall               |                ndcg                |              novelty               |             precision              |             hit_ratio              |
+-------+--------------------+-------------------+-------------------+------------------------------------+------------------------------------+------------------------------------+------------------------------------+------------------------------------+
|   30  | 215.62834215164185 | 65.44831967353821 | 41.52914810180664 | [0.18207651 0.25315171 0.30065099] | [0.15270842 0.17520988 0.18947241] | [0.58657079 0.60767184 0.61938531] | [0.05660962 0.03992481 0.031925  ] | [0.58238998 0.68407127 0.73605064] |
+-------+--------------------+-------------------+-------------------+------------------------------------+------------------------------------+------------------------------------+------------------------------------+------------------------------------+
using time 203.9803s, training loss at epoch 31: 40.7790
using time 201.8704s, training loss at epoch 32: 40.1467
using time 217.6315s, training loss at epoch 33: 39.4022
using time 217.7609s, training loss at epoch 34: 38.8803
+-------+--------------------+-------------------+-------------------+------------------------------------+------------------------------------+------------------------------------+------------------------------------+------------------------------------+
| Epoch |  training time(s)  |   tesing time(s)  |        Loss       |               recall               |                ndcg                |              novelty               |             precision              |             hit_ratio              |
+-------+--------------------+-------------------+-------------------+------------------------------------+------------------------------------+------------------------------------+------------------------------------+------------------------------------+
|   35  | 218.03975105285645 | 65.48294711112976 | 38.28163528442383 | [0.17983756 0.24896151 0.29561595] | [0.150716   0.17265522 0.18664916] | [0.58798719 0.60803011 0.61906023] | [0.05589289 0.03933535 0.03141983] | [0.57756715 0.676971   0.72978766] |
+-------+--------------------+-------------------+-------------------+------------------------------------+------------------------------------+------------------------------------+------------------------------------+------------------------------------+
Early stopping is trigger at step: 3 log:0.17983755669923662
early stopping at 35, recall@20:0.1850
