nohup python main.py --dataset gowalla --gnn xmgcl --dim 64 --lr 0.001 --batch_size 4096 --gpu_id 2 --context_hops 3 --pool mean --ns mixgcf --n_negs 128 --K 1 &
reading train and test user-item set ...
building the adj mat ...
loading over ...
start training ...
+-------+-------------------+--------------------+-----------------+------------------------------------+------------------------------------+------------------------------------+------------------------------------+------------------------------------+
| Epoch |  training time(s) |   tesing time(s)   |       Loss      |               recall               |                ndcg                |              novelty               |             precision              |             hit_ratio              |
+-------+-------------------+--------------------+-----------------+------------------------------------+------------------------------------+------------------------------------+------------------------------------+------------------------------------+
|   0   | 104.7327446937561 | 49.016953468322754 | 409.43017578125 | [0.1455801  0.20532087 0.24929645] | [0.11780033 0.13692015 0.15009279] | [0.62844749 0.64993003 0.6621067 ] | [0.04436165 0.03159204 0.02579208] | [0.48479469 0.58074888 0.63956059] |
+-------+-------------------+--------------------+-----------------+------------------------------------+------------------------------------+------------------------------------+------------------------------------+------------------------------------+
using time 103.7590s, training loss at epoch 1: 375.8669
using time 104.9815s, training loss at epoch 2: 364.2336
using time 100.2068s, training loss at epoch 3: 355.9064
using time 105.1626s, training loss at epoch 4: 348.6435
+-------+-------------------+-------------------+--------------------+------------------------------------+------------------------------------+------------------------------------+------------------------------------+------------------------------------+
| Epoch |  training time(s) |   tesing time(s)  |        Loss        |               recall               |                ndcg                |              novelty               |             precision              |             hit_ratio              |
+-------+-------------------+-------------------+--------------------+------------------------------------+------------------------------------+------------------------------------+------------------------------------+------------------------------------+
|   5   | 106.6886534690857 | 56.46732974052429 | 341.53375244140625 | [0.14431506 0.20389644 0.24541568] | [0.1176157  0.1367385  0.14916414] | [0.62344348 0.64534971 0.65767105] | [0.04343057 0.03103188 0.02516802] | [0.47226874 0.5670842  0.62231228] |
+-------+-------------------+-------------------+--------------------+------------------------------------+------------------------------------+------------------------------------+------------------------------------+------------------------------------+
using time 101.8873s, training loss at epoch 6: 334.1974
using time 99.8380s, training loss at epoch 7: 326.7521
using time 100.9547s, training loss at epoch 8: 319.1600
using time 99.7987s, training loss at epoch 9: 311.6250
+-------+--------------------+-----------------+-------------------+------------------------------------+------------------------------------+------------------------------------+------------------------------------+------------------------------------+
| Epoch |  training time(s)  |  tesing time(s) |        Loss       |               recall               |                ndcg                |              novelty               |             precision              |             hit_ratio              |
+-------+--------------------+-----------------+-------------------+------------------------------------+------------------------------------+------------------------------------+------------------------------------+------------------------------------+
|   10  | 103.87397503852844 | 49.288738489151 | 304.2273864746094 | [0.17124976 0.24043458 0.28856133] | [0.14331037 0.16527839 0.17968284] | [0.58145574 0.60712846 0.62218638] | [0.05300255 0.03765741 0.0303827 ] | [0.55609887 0.65697635 0.7127403 ] |
+-------+--------------------+-----------------+-------------------+------------------------------------+------------------------------------+------------------------------------+------------------------------------+------------------------------------+
using time 99.3123s, training loss at epoch 11: 297.1101
using time 99.7554s, training loss at epoch 12: 290.4390
using time 103.6076s, training loss at epoch 13: 284.4685
using time 103.2292s, training loss at epoch 14: 279.2141
+-------+--------------------+-------------------+--------------------+------------------------------------+------------------------------------+------------------------------------+------------------------------------+------------------------------------+
| Epoch |  training time(s)  |   tesing time(s)  |        Loss        |               recall               |                ndcg                |              novelty               |             precision              |             hit_ratio              |
+-------+--------------------+-------------------+--------------------+------------------------------------+------------------------------------+------------------------------------+------------------------------------+------------------------------------+
|   15  | 103.45331764221191 | 53.13611555099487 | 274.69793701171875 | [0.18091047 0.25238783 0.3034494 ] | [0.15250132 0.17507149 0.19036348] | [0.57339606 0.59905682 0.61409774] | [0.05633499 0.03983355 0.03221526] | [0.57981111 0.68226271 0.73846205] |
+-------+--------------------+-------------------+--------------------+------------------------------------+------------------------------------+------------------------------------+------------------------------------+------------------------------------+
using time 104.0667s, training loss at epoch 16: 270.7071
using time 103.4569s, training loss at epoch 17: 267.2513
using time 103.8329s, training loss at epoch 18: 264.1657
using time 104.0282s, training loss at epoch 19: 261.5170
+-------+--------------------+-------------------+------------------+------------------------------------+------------------------------------+------------------------------------+------------------------------------+------------------------------------+
| Epoch |  training time(s)  |   tesing time(s)  |       Loss       |               recall               |                ndcg                |              novelty               |             precision              |             hit_ratio              |
+-------+--------------------+-------------------+------------------+------------------------------------+------------------------------------+------------------------------------+------------------------------------+------------------------------------+
|   20  | 103.54285216331482 | 52.00062298774719 | 259.196044921875 | [0.18351938 0.25655893 0.30836074] | [0.15495763 0.1780725  0.19352572] | [0.57697103 0.60184613 0.61636739] | [0.05716056 0.0405352  0.03270313] | [0.58369616 0.68795633 0.74331837] |
+-------+--------------------+-------------------+------------------+------------------------------------+------------------------------------+------------------------------------+------------------------------------+------------------------------------+
using time 109.7028s, training loss at epoch 21: 257.1196
using time 103.6537s, training loss at epoch 22: 255.1317
using time 99.3957s, training loss at epoch 23: 253.4975
using time 99.8013s, training loss at epoch 24: 251.9417
+-------+--------------------+-------------------+--------------------+------------------------------------+------------------------------------+------------------------------------+------------------------------------+------------------------------------+
| Epoch |  training time(s)  |   tesing time(s)  |        Loss        |               recall               |                ndcg                |              novelty               |             precision              |             hit_ratio              |
+-------+--------------------+-------------------+--------------------+------------------------------------+------------------------------------+------------------------------------+------------------------------------+------------------------------------+
|   25  | 103.63404774665833 | 49.14208936691284 | 250.60128784179688 | [0.18498982 0.25890252 0.31035148] | [0.15575824 0.17906917 0.1943969 ] | [0.5809954  0.6051222  0.61908201] | [0.05769643 0.04082574 0.03285328] | [0.58630853 0.69060218 0.7460982 ] |
+-------+--------------------+-------------------+--------------------+------------------------------------+------------------------------------+------------------------------------+------------------------------------+------------------------------------+
using time 103.3058s, training loss at epoch 26: 249.3873
using time 109.7947s, training loss at epoch 27: 248.2354
using time 103.6954s, training loss at epoch 28: 247.2361
using time 103.1768s, training loss at epoch 29: 246.2574
+-------+--------------------+-------------------+--------------------+------------------------------------+------------------------------------+------------------------------------+------------------------------------+------------------------------------+
| Epoch |  training time(s)  |   tesing time(s)  |        Loss        |               recall               |                ndcg                |              novelty               |             precision              |             hit_ratio              |
+-------+--------------------+-------------------+--------------------+------------------------------------+------------------------------------+------------------------------------+------------------------------------+------------------------------------+
|   30  | 103.76091504096985 | 46.74175429344177 | 245.41770935058594 | [0.18560323 0.25886635 0.31049719] | [0.15592704 0.17905551 0.19442423] | [0.58435009 0.60763353 0.62106414] | [0.05777681 0.04079225 0.0328371 ] | [0.58788264 0.69046822 0.74619867] |
+-------+--------------------+-------------------+--------------------+------------------------------------+------------------------------------+------------------------------------+------------------------------------+------------------------------------+
using time 103.8139s, training loss at epoch 31: 244.5986
using time 103.0435s, training loss at epoch 32: 243.8228
using time 103.6588s, training loss at epoch 33: 243.1377
using time 103.7687s, training loss at epoch 34: 242.4347
+-------+--------------------+------------------+--------------------+------------------------------------+------------------------------------+------------------------------------+------------------------------------+------------------------------------+
| Epoch |  training time(s)  |  tesing time(s)  |        Loss        |               recall               |                ndcg                |              novelty               |             precision              |             hit_ratio              |
+-------+--------------------+------------------+--------------------+------------------------------------+------------------------------------+------------------------------------+------------------------------------+------------------------------------+
|   35  | 103.25680685043335 | 50.9503071308136 | 241.86111450195312 | [0.18544408 0.25836159 0.30907049] | [0.15545745 0.17850503 0.19362107] | [0.58734035 0.60975556 0.62253453] | [0.05766964 0.04070936 0.03270424] | [0.58717932 0.68892759 0.74338536] |
+-------+--------------------+------------------+--------------------+------------------------------------+------------------------------------+------------------------------------+------------------------------------+------------------------------------+
using time 103.9652s, training loss at epoch 36: 241.3353
using time 104.1336s, training loss at epoch 37: 240.8197
using time 107.6449s, training loss at epoch 38: 240.3394
using time 105.8105s, training loss at epoch 39: 239.8569
+-------+--------------------+--------------------+--------------------+------------------------------------+------------------------------------+------------------------------------+------------------------------------+------------------------------------+
| Epoch |  training time(s)  |   tesing time(s)   |        Loss        |               recall               |                ndcg                |              novelty               |             precision              |             hit_ratio              |
+-------+--------------------+--------------------+--------------------+------------------------------------+------------------------------------+------------------------------------+------------------------------------+------------------------------------+
|   40  | 105.72953414916992 | 50.993732929229736 | 239.47537231445312 | [0.18451395 0.25700007 0.30724088] | [0.15448636 0.17737979 0.19238031] | [0.58972528 0.61137911 0.62365471] | [0.05739333 0.04049082 0.0325273 ] | [0.58594012 0.68648268 0.74063902] |
+-------+--------------------+--------------------+--------------------+------------------------------------+------------------------------------+------------------------------------+------------------------------------+------------------------------------+
using time 103.8081s, training loss at epoch 41: 239.0169
using time 104.5151s, training loss at epoch 42: 238.6945
using time 104.6779s, training loss at epoch 43: 238.2853
using time 103.6399s, training loss at epoch 44: 237.9481
+-------+--------------------+-----------------+--------------------+------------------------------------+------------------------------------+------------------------------------+------------------------------------+------------------------------------+
| Epoch |  training time(s)  |  tesing time(s) |        Loss        |               recall               |                ndcg                |              novelty               |             precision              |             hit_ratio              |
+-------+--------------------+-----------------+--------------------+------------------------------------+------------------------------------+------------------------------------+------------------------------------+------------------------------------+
|   45  | 104.51668095588684 | 52.883141040802 | 237.61428833007812 | [0.18290091 0.25503193 0.30419756] | [0.15309586 0.17589433 0.19060724] | [0.59199893 0.61276226 0.62447634] | [0.05689263 0.04016846 0.03222308] | [0.58168665 0.68340143 0.73712238] |
+-------+--------------------+-----------------+--------------------+------------------------------------+------------------------------------+------------------------------------+------------------------------------+------------------------------------+
Early stopping is trigger at step: 3 log:0.18290090699691866
early stopping at 45, recall@20:0.1856
