reading train and test user-item set ...
building the adj mat ...
loading over ...
start training ...
+-------+-------------------+-------------------+-------------------+------------------------------------+------------------------------------+------------------------------------+------------------------------------+------------------------------------+
| Epoch |  training time(s) |   tesing time(s)  |        Loss       |               recall               |                ndcg                |              novelty               |             precision              |             hit_ratio              |
+-------+-------------------+-------------------+-------------------+------------------------------------+------------------------------------+------------------------------------+------------------------------------+------------------------------------+
|   0   | 279.4014022350311 | 49.78761911392212 | 702.5294189453125 | [0.14047168 0.19950158 0.24154919] | [0.11336943 0.13235433 0.14495042] | [0.62810299 0.64986404 0.66231365] | [0.04248108 0.03047759 0.02480631] | [0.46895304 0.56705071 0.6226472 ] |
+-------+-------------------+-------------------+-------------------+------------------------------------+------------------------------------+------------------------------------+------------------------------------+------------------------------------+
using time 279.4925s, training loss at epoch 1: 635.6898
using time 280.3520s, training loss at epoch 2: 606.9750
using time 277.7058s, training loss at epoch 3: 580.4150
using time 278.3489s, training loss at epoch 4: 553.3750
+-------+-------------------+--------------------+-------------------+------------------------------------+------------------------------------+------------------------------------+------------------------------------+------------------------------------+
| Epoch |  training time(s) |   tesing time(s)   |        Loss       |               recall               |                ndcg                |              novelty               |             precision              |             hit_ratio              |
+-------+-------------------+--------------------+-------------------+------------------------------------+------------------------------------+------------------------------------+------------------------------------+------------------------------------+
|   5   | 279.6535894870758 | 53.704445600509644 | 526.7731323242188 | [0.16366778 0.23055134 0.27760802] | [0.13647181 0.15764417 0.17174876] | [0.58492335 0.61079489 0.62613699] | [0.05070668 0.03601882 0.02917923] | [0.54012325 0.6424074  0.69760198] |
+-------+-------------------+--------------------+-------------------+------------------------------------+------------------------------------+------------------------------------+------------------------------------+------------------------------------+
using time 281.0267s, training loss at epoch 6: 501.4807
using time 281.8873s, training loss at epoch 7: 479.1202
using time 282.4684s, training loss at epoch 8: 461.3297
using time 282.9394s, training loss at epoch 9: 447.2580
+-------+-------------------+-------------------+-------------------+------------------------------------+------------------------------------+------------------------------------+------------------------------------+------------------------------------+
| Epoch |  training time(s) |   tesing time(s)  |        Loss       |               recall               |                ndcg                |              novelty               |             precision              |             hit_ratio              |
+-------+-------------------+-------------------+-------------------+------------------------------------+------------------------------------+------------------------------------+------------------------------------+------------------------------------+
|   10  | 283.3008530139923 | 53.34289526939392 | 436.3871765136719 | [0.17919358 0.25102133 0.30163432] | [0.1515647  0.17420272 0.18931535] | [0.574977   0.60066445 0.61575706] | [0.0560503  0.03974898 0.03208185] | [0.57803604 0.68102351 0.73648603] |
+-------+-------------------+-------------------+-------------------+------------------------------------+------------------------------------+------------------------------------+------------------------------------+------------------------------------+
using time 284.2446s, training loss at epoch 11: 427.6371
using time 285.1087s, training loss at epoch 12: 420.6995
using time 285.3583s, training loss at epoch 13: 414.7230
using time 285.8296s, training loss at epoch 14: 409.9751
+-------+------------------+-------------------+-------------------+------------------------------------+------------------------------------+------------------------------------+------------------------------------+------------------------------------+
| Epoch | training time(s) |   tesing time(s)  |        Loss       |               recall               |                ndcg                |              novelty               |             precision              |             hit_ratio              |
+-------+------------------+-------------------+-------------------+------------------------------------+------------------------------------+------------------------------------+------------------------------------+------------------------------------+
|   15  | 286.145409822464 | 51.08974075317383 | 405.9327392578125 | [0.18326349 0.25604081 0.30727006] | [0.15435748 0.17730439 0.19258111] | [0.58108604 0.60570302 0.62008977] | [0.05718903 0.04048161 0.03260768] | [0.58657646 0.68785585 0.74274901] |
+-------+------------------+-------------------+-------------------+------------------------------------+------------------------------------+------------------------------------+------------------------------------+------------------------------------+
using time 285.3201s, training loss at epoch 16: 402.3896
using time 284.0826s, training loss at epoch 17: 399.3633
using time 283.6134s, training loss at epoch 18: 396.7021
using time 284.0558s, training loss at epoch 19: 394.3452
+-------+-------------------+-------------------+--------------------+------------------------------------+------------------------------------+------------------------------------+------------------------------------+------------------------------------+
| Epoch |  training time(s) |   tesing time(s)  |        Loss        |               recall               |                ndcg                |              novelty               |             precision              |             hit_ratio              |
+-------+-------------------+-------------------+--------------------+------------------------------------+------------------------------------+------------------------------------+------------------------------------+------------------------------------+
|   20  | 284.3181324005127 | 54.23354887962341 | 392.33074951171875 | [0.18411469 0.25778935 0.30816822] | [0.15495418 0.17819795 0.19323572] | [0.58539469 0.60916651 0.62279541] | [0.05741342 0.04067921 0.03267578] | [0.5868109  0.68892759 0.74368678] |
+-------+-------------------+-------------------+--------------------+------------------------------------+------------------------------------+------------------------------------+------------------------------------+------------------------------------+
using time 284.2431s, training loss at epoch 21: 390.6343
using time 285.0498s, training loss at epoch 22: 388.8353
using time 285.5842s, training loss at epoch 23: 387.5298
using time 285.6949s, training loss at epoch 24: 386.2053
+-------+--------------------+-------------------+-------------------+------------------------------------+------------------------------------+------------------------------------+------------------------------------+------------------------------------+
| Epoch |  training time(s)  |   tesing time(s)  |        Loss       |               recall               |                ndcg                |              novelty               |             precision              |             hit_ratio              |
+-------+--------------------+-------------------+-------------------+------------------------------------+------------------------------------+------------------------------------+------------------------------------+------------------------------------+
|   25  | 286.08762645721436 | 55.43408799171448 | 384.8951416015625 | [0.18397153 0.25665547 0.30739618] | [0.15458017 0.17749411 0.1926499 ] | [0.58927021 0.61194568 0.62486697] | [0.05728448 0.04046403 0.03257084] | [0.58537075 0.68731998 0.74097394] |
+-------+--------------------+-------------------+-------------------+------------------------------------+------------------------------------+------------------------------------+------------------------------------+------------------------------------+
using time 286.1548s, training loss at epoch 26: 383.8359
using time 286.8617s, training loss at epoch 27: 382.7647
using time 287.3236s, training loss at epoch 28: 381.8459
using time 287.7472s, training loss at epoch 29: 381.1163
+-------+-------------------+-------------------+--------------------+------------------------------------+------------------------------------+------------------------------------+------------------------------------+------------------------------------+
| Epoch |  training time(s) |   tesing time(s)  |        Loss        |               recall               |                ndcg                |              novelty               |             precision              |             hit_ratio              |
+-------+-------------------+-------------------+--------------------+------------------------------------+------------------------------------+------------------------------------+------------------------------------+------------------------------------+
|   30  | 287.0023958683014 | 60.47044253349304 | 380.20025634765625 | [0.18275864 0.25390771 0.30470028] | [0.15354808 0.17601898 0.19123382] | [0.59174    0.61348349 0.62576199] | [0.05693951 0.04009143 0.03234365] | [0.58238998 0.6831335  0.73712238] |
+-------+-------------------+-------------------+--------------------+------------------------------------+------------------------------------+------------------------------------+------------------------------------+------------------------------------+
using time 287.2414s, training loss at epoch 31: 379.4501
using time 287.4610s, training loss at epoch 32: 378.7914
using time 287.0525s, training loss at epoch 33: 378.0366
using time 287.0757s, training loss at epoch 34: 377.4757
+-------+--------------------+-------------------+-------------------+------------------------------------+------------------------------------+------------------------------------+------------------------------------+------------------------------------+
| Epoch |  training time(s)  |   tesing time(s)  |        Loss       |               recall               |                ndcg                |              novelty               |             precision              |             hit_ratio              |
+-------+--------------------+-------------------+-------------------+------------------------------------+------------------------------------+------------------------------------+------------------------------------+------------------------------------+
|   35  | 287.42756724357605 | 55.13914656639099 | 376.8887634277344 | [0.18095231 0.2520582  0.30032355] | [0.15176795 0.17422641 0.18874654] | [0.59397649 0.61475544 0.62636522] | [0.05643546 0.03977745 0.03195068] | [0.57800255 0.67975082 0.73223257] |
+-------+--------------------+-------------------+-------------------+------------------------------------+------------------------------------+------------------------------------+------------------------------------+------------------------------------+
Early stopping is trigger at step: 3 log:0.18095230786461636
early stopping at 35, recall@20:0.1841
