nohup python main.py --dataset gowalla --gnn xmgcl --dim 64 --lr 0.001 --batch_size 2048 --gpu_id 3 --context_hops 3 --pool mean --ns mixgcf --n_negs 64 --K 1 &
reading train and test user-item set ...
building the adj mat ...
loading over ...
X Mix Simple GCL model setup
start training ...
+-------+-------------------+-------------------+-------------------+------------------------------------+------------------------------------+------------------------------------+------------------------------------+------------------------------------+
| Epoch |  training time(s) |   tesing time(s)  |        Loss       |               recall               |                ndcg                |              novelty               |             precision              |             hit_ratio              |
+-------+-------------------+-------------------+-------------------+------------------------------------+------------------------------------+------------------------------------+------------------------------------+------------------------------------+
|   0   | 126.3050389289856 | 55.79200839996338 | 703.1289672851562 | [0.14439209 0.20355505 0.24560742] | [0.11740715 0.13637866 0.14894705] | [0.6268786  0.64836935 0.66056919] | [0.04389108 0.03130484 0.02537232] | [0.47762744 0.5748878  0.63162302] |
+-------+-------------------+-------------------+-------------------+------------------------------------+------------------------------------+------------------------------------+------------------------------------+------------------------------------+
using time 120.5991s, training loss at epoch 1: 639.3710
using time 120.8541s, training loss at epoch 2: 612.7612
using time 120.9113s, training loss at epoch 3: 588.3412
using time 120.8175s, training loss at epoch 4: 562.3568
+-------+--------------------+-------------------+-------------------+------------------------------------+------------------------------------+------------------------------------+------------------------------------+------------------------------------+
| Epoch |  training time(s)  |   tesing time(s)  |        Loss       |               recall               |                ndcg                |              novelty               |             precision              |             hit_ratio              |
+-------+--------------------+-------------------+-------------------+------------------------------------+------------------------------------+------------------------------------+------------------------------------+------------------------------------+
|   5   | 118.59527540206909 | 50.70037770271301 | 535.5966186523438 | [0.16998118 0.23780641 0.28519157] | [0.14166963 0.16320708 0.17736681] | [0.58332569 0.60876878 0.62384138] | [0.05233438 0.03709391 0.02990935] | [0.55151048 0.65208654 0.7061759 ] |
+-------+--------------------+-------------------+-------------------+------------------------------------+------------------------------------+------------------------------------+------------------------------------+------------------------------------+
using time 118.8560s, training loss at epoch 6: 509.4794
using time 119.2648s, training loss at epoch 7: 485.9043
using time 117.4185s, training loss at epoch 8: 466.6872
using time 118.9666s, training loss at epoch 9: 451.2827
+-------+-------------------+--------------------+-------------------+------------------------------------+------------------------------------+------------------------------------+------------------------------------+------------------------------------+
| Epoch |  training time(s) |   tesing time(s)   |        Loss       |               recall               |                ndcg                |              novelty               |             precision              |             hit_ratio              |
+-------+-------------------+--------------------+-------------------+------------------------------------+------------------------------------+------------------------------------+------------------------------------+------------------------------------+
|   10  | 118.3395266532898 | 53.306063652038574 | 439.1958923339844 | [0.1831122  0.25557711 0.3068499 ] | [0.15496136 0.17782116 0.19313472] | [0.57264842 0.59812575 0.61307261] | [0.0570919  0.04037109 0.03255855] | [0.58399759 0.68815728 0.744859  ] |
+-------+-------------------+--------------------+-------------------+------------------------------------+------------------------------------+------------------------------------+------------------------------------+------------------------------------+
using time 128.4248s, training loss at epoch 11: 429.7362
using time 119.5655s, training loss at epoch 12: 422.0012
using time 120.1218s, training loss at epoch 13: 415.7382
using time 118.3698s, training loss at epoch 14: 410.4572
+-------+--------------------+-------------------+-------------------+------------------------------------+------------------------------------+------------------------------------+------------------------------------+------------------------------------+
| Epoch |  training time(s)  |   tesing time(s)  |        Loss       |               recall               |                ndcg                |              novelty               |             precision              |             hit_ratio              |
+-------+--------------------+-------------------+-------------------+------------------------------------+------------------------------------+------------------------------------+------------------------------------+------------------------------------+
|   15  | 123.47591519355774 | 59.53153967857361 | 405.9530029296875 | [0.18565513 0.25928722 0.31018131] | [0.15685987 0.18011531 0.1952761 ] | [0.5787861  0.60302616 0.61712525] | [0.05783542 0.04088854 0.03283319] | [0.58949025 0.69241074 0.74713645] |
+-------+--------------------+-------------------+-------------------+------------------------------------+------------------------------------+------------------------------------+------------------------------------+------------------------------------+
using time 118.5417s, training loss at epoch 16: 402.1317
using time 117.3804s, training loss at epoch 17: 398.8805
using time 117.5359s, training loss at epoch 18: 395.9876
using time 118.1745s, training loss at epoch 19: 393.5087
+-------+--------------------+--------------------+--------------------+------------------------------------+------------------------------------+------------------------------------+------------------------------------+------------------------------------+
| Epoch |  training time(s)  |   tesing time(s)   |        Loss        |               recall               |                ndcg                |              novelty               |             precision              |             hit_ratio              |
+-------+--------------------+--------------------+--------------------+------------------------------------+------------------------------------+------------------------------------+------------------------------------+------------------------------------+
|   20  | 117.12462520599365 | 52.738125801086426 | 391.30755615234375 | [0.18573719 0.25935005 0.3094179 ] | [0.15646923 0.17967476 0.1946717 ] | [0.58282532 0.60597434 0.61917202] | [0.05783877 0.0408023  0.03275839] | [0.59002612 0.6925782  0.74495947] |
+-------+--------------------+--------------------+--------------------+------------------------------------+------------------------------------+------------------------------------+------------------------------------+------------------------------------+
using time 118.6981s, training loss at epoch 21: 389.3008
using time 118.0392s, training loss at epoch 22: 387.5937
using time 117.2534s, training loss at epoch 23: 386.0436
using time 117.7213s, training loss at epoch 24: 384.6140
+-------+--------------------+-------------------+-------------------+------------------------------------+------------------------------------+------------------------------------+------------------------------------+------------------------------------+
| Epoch |  training time(s)  |   tesing time(s)  |        Loss       |               recall               |                ndcg                |              novelty               |             precision              |             hit_ratio              |
+-------+--------------------+-------------------+-------------------+------------------------------------+------------------------------------+------------------------------------+------------------------------------+------------------------------------+
|   25  | 141.34099555015564 | 49.75778675079346 | 383.4041748046875 | [0.18457394 0.25742144 0.30650628] | [0.15508969 0.17805093 0.19277195] | [0.58605707 0.60808718 0.62043444] | [0.0574151  0.04048329 0.03244971] | [0.58707884 0.6884587  0.74080648] |
+-------+--------------------+-------------------+-------------------+------------------------------------+------------------------------------+------------------------------------+------------------------------------+------------------------------------+
using time 117.3623s, training loss at epoch 26: 382.1853
using time 118.9810s, training loss at epoch 27: 381.1513
using time 118.5769s, training loss at epoch 28: 380.1208
using time 117.5204s, training loss at epoch 29: 379.1267
+-------+--------------------+-------------------+----------------+------------------------------------+------------------------------------+------------------------------------+------------------------------------+------------------------------------+
| Epoch |  training time(s)  |   tesing time(s)  |      Loss      |               recall               |                ndcg                |              novelty               |             precision              |             hit_ratio              |
+-------+--------------------+-------------------+----------------+------------------------------------+------------------------------------+------------------------------------+------------------------------------+------------------------------------+
|   30  | 118.71828269958496 | 51.95195484161377 | 378.3720703125 | [0.1817371  0.25394489 0.30144487] | [0.15308104 0.17586661 0.19013755] | [0.58828246 0.60910495 0.62072069] | [0.05665483 0.03998175 0.03196463] | [0.58084935 0.68336794 0.73514636] |
+-------+--------------------+-------------------+----------------+------------------------------------+------------------------------------+------------------------------------+------------------------------------+------------------------------------+
using time 118.3480s, training loss at epoch 31: 377.5369
using time 116.9954s, training loss at epoch 32: 376.8485
using time 118.1638s, training loss at epoch 33: 376.0751
using time 118.2940s, training loss at epoch 34: 375.4923
+-------+-------------------+-------------------+-------------------+------------------------------------+------------------------------------+------------------------------------+------------------------------------+------------------------------------+
| Epoch |  training time(s) |   tesing time(s)  |        Loss       |               recall               |                ndcg                |              novelty               |             precision              |             hit_ratio              |
+-------+-------------------+-------------------+-------------------+------------------------------------+------------------------------------+------------------------------------+------------------------------------+------------------------------------+
|   35  | 129.6884593963623 | 53.39659118652344 | 374.8279113769531 | [0.17962699 0.24952411 0.29619611] | [0.15101852 0.17307933 0.18709557] | [0.5901568  0.60987268 0.62076589] | [0.05601849 0.0393722  0.03146895] | [0.57629446 0.6757318  0.72931878] |
+-------+-------------------+-------------------+-------------------+------------------------------------+------------------------------------+------------------------------------+------------------------------------+------------------------------------+
Early stopping is trigger at step: 3 log:0.17962699183464434
early stopping at 35, recall@20:0.1857
