nohup python main.py --dataset gowalla --gnn xmgcl --dim 64 --lr 0.001 --batch_size 2048 --gpu_id 3 --context_hops 3 --pool mean --ns mixgcf --n_negs 8 --K 1 &
reading train and test user-item set ...
building the adj mat ...
loading over ...
start training ...
+-------+-------------------+-------------------+-------------------+------------------------------------+------------------------------------+------------------------------------+------------------------------------+------------------------------------+
| Epoch |  training time(s) |   tesing time(s)  |        Loss       |               recall               |                ndcg                |              novelty               |             precision              |             hit_ratio              |
+-------+-------------------+-------------------+-------------------+------------------------------------+------------------------------------+------------------------------------+------------------------------------+------------------------------------+
|   0   | 37.31208109855652 | 49.17604851722717 | 701.9954833984375 | [0.14060976 0.19989026 0.24197896] | [0.11346695 0.13257791 0.14518013] | [0.62757658 0.64944661 0.66192183] | [0.04256816 0.03063501 0.02493134] | [0.469154   0.56926117 0.62572845] |
+-------+-------------------+-------------------+-------------------+------------------------------------+------------------------------------+------------------------------------+------------------------------------+------------------------------------+
using time 35.9649s, training loss at epoch 1: 635.5228
using time 39.9619s, training loss at epoch 2: 606.5375
using time 35.7802s, training loss at epoch 3: 579.8413
using time 36.0822s, training loss at epoch 4: 552.6628
+-------+-------------------+--------------------+-------------------+------------------------------------+------------------------------------+------------------------------------+------------------------------------+------------------------------------+
| Epoch |  training time(s) |   tesing time(s)   |        Loss       |               recall               |                ndcg                |              novelty               |             precision              |             hit_ratio              |
+-------+-------------------+--------------------+-------------------+------------------------------------+------------------------------------+------------------------------------+------------------------------------+------------------------------------+
|   5   | 36.16382884979248 | 51.076969385147095 | 526.0550537109375 | [0.16384089 0.23078623 0.27765025] | [0.13665519 0.15788153 0.17192205] | [0.58435965 0.61026134 0.62558086] | [0.05077701 0.03610255 0.02922779] | [0.54136245 0.64301025 0.69723357] |
+-------+-------------------+--------------------+-------------------+------------------------------------+------------------------------------+------------------------------------+------------------------------------+------------------------------------+
using time 35.6474s, training loss at epoch 6: 500.8462
using time 35.9059s, training loss at epoch 7: 478.5337
using time 36.0858s, training loss at epoch 8: 460.9394
using time 35.6004s, training loss at epoch 9: 447.1054
+-------+-------------------+--------------------+--------------------+------------------------------------+------------------------------------+------------------------------------+------------------------------------+------------------------------------+
| Epoch |  training time(s) |   tesing time(s)   |        Loss        |               recall               |                ndcg                |              novelty               |             precision              |             hit_ratio              |
+-------+-------------------+--------------------+--------------------+------------------------------------+------------------------------------+------------------------------------+------------------------------------+------------------------------------+
|   10  | 35.94881248474121 | 51.150354862213135 | 436.16790771484375 | [0.17909477 0.2505891  0.30152997] | [0.15144754 0.17399705 0.1892303 ] | [0.57495749 0.60068066 0.61575528] | [0.05597662 0.03967446 0.03207683] | [0.57880635 0.68202827 0.73806015] |
+-------+-------------------+--------------------+--------------------+------------------------------------+------------------------------------+------------------------------------+------------------------------------+------------------------------------+
using time 42.8415s, training loss at epoch 11: 427.5302
using time 39.9907s, training loss at epoch 12: 420.5255
using time 38.0398s, training loss at epoch 13: 414.7127
using time 42.5074s, training loss at epoch 14: 409.8206
+-------+-------------------+-------------------+--------------------+------------------------------------+------------------------------------+------------------------------------+------------------------------------+------------------------------------+
| Epoch |  training time(s) |   tesing time(s)  |        Loss        |               recall               |                ndcg                |              novelty               |             precision              |             hit_ratio              |
+-------+-------------------+-------------------+--------------------+------------------------------------+------------------------------------+------------------------------------+------------------------------------+------------------------------------+
|   15  | 35.72641658782959 | 51.16458773612976 | 405.83929443359375 | [0.18312565 0.25603723 0.30724441] | [0.15430891 0.17727066 0.19257386] | [0.58100514 0.60569698 0.62004181] | [0.05716223 0.04044812 0.03261996] | [0.58580615 0.68882712 0.74355282] |
+-------+-------------------+-------------------+--------------------+------------------------------------+------------------------------------+------------------------------------+------------------------------------+------------------------------------+
using time 36.0736s, training loss at epoch 16: 402.3904
using time 42.3048s, training loss at epoch 17: 399.2675
using time 35.8805s, training loss at epoch 18: 396.6152
using time 35.9303s, training loss at epoch 19: 394.3309
+-------+-------------------+-------------------+-------------------+------------------------------------+------------------------------------+------------------------------------+------------------------------------+------------------------------------+
| Epoch |  training time(s) |   tesing time(s)  |        Loss       |               recall               |                ndcg                |              novelty               |             precision              |             hit_ratio              |
+-------+-------------------+-------------------+-------------------+------------------------------------+------------------------------------+------------------------------------+------------------------------------+------------------------------------+
|   20  | 36.18488430976868 | 51.44681739807129 | 392.2940673828125 | [0.18460739 0.25691251 0.30821147] | [0.15499224 0.17782107 0.19308993] | [0.5852069  0.60891301 0.62256244] | [0.05751055 0.04058879 0.03266908] | [0.58989216 0.6896979  0.74422265] |
+-------+-------------------+-------------------+-------------------+------------------------------------+------------------------------------+------------------------------------+------------------------------------+------------------------------------+
using time 35.7931s, training loss at epoch 21: 390.6587
using time 36.1401s, training loss at epoch 22: 388.8698
using time 36.3343s, training loss at epoch 23: 387.5229
using time 35.9273s, training loss at epoch 24: 386.0665
+-------+-------------------+--------------------+-------------------+------------------------------------+------------------------------------+------------------------------------+------------------------------------+------------------------------------+
| Epoch |  training time(s) |   tesing time(s)   |        Loss       |               recall               |                ndcg                |              novelty               |             precision              |             hit_ratio              |
+-------+-------------------+--------------------+-------------------+------------------------------------+------------------------------------+------------------------------------+------------------------------------+------------------------------------+
|   25  | 38.02086663246155 | 49.824164628982544 | 384.9105224609375 | [0.18416892 0.25652091 0.30699697] | [0.15462386 0.17748797 0.19255052] | [0.58890788 0.61158889 0.62453568] | [0.0573029  0.04046905 0.03254404] | [0.58798312 0.68906156 0.74217965] |
+-------+-------------------+--------------------+-------------------+------------------------------------+------------------------------------+------------------------------------+------------------------------------+------------------------------------+
using time 37.1820s, training loss at epoch 26: 383.8860
using time 35.8488s, training loss at epoch 27: 382.7745
using time 36.0110s, training loss at epoch 28: 381.8229
using time 39.6086s, training loss at epoch 29: 380.9892
Process ForkPoolWorker-145:
Traceback (most recent call last):