reading train and test user-item set ...
building the adj mat ...
loading over ...
start training ...
+-------+-------------------+------------------+-------------------+------------------------------------+------------------------------------+------------------------------------+------------------------------------+
| Epoch |  training time(s) |  tesing time(s)  |        Loss       |               recall               |                ndcg                |             precision              |             hit_ratio              |
+-------+-------------------+------------------+-------------------+------------------------------------+------------------------------------+------------------------------------+------------------------------------+
|   0   | 25.19032096862793 | 35.6870276927948 | 134.8106689453125 | [0.10809389 0.15338359 0.18761924] | [0.09374972 0.10785127 0.11809333] | [0.03443466 0.02459224 0.02019392] | [0.41724161 0.5135977  0.5724094 ] |
+-------+-------------------+------------------+-------------------+------------------------------------+------------------------------------+------------------------------------+------------------------------------+
using time 25.7916s, training loss at epoch 1: 123.0947
using time 30.7951s, training loss at epoch 2: 112.7049
using time 25.2282s, training loss at epoch 3: 106.1763
using time 25.0366s, training loss at epoch 4: 101.9652
+-------+-------------------+-------------------+-------------------+------------------------------------+------------------------------------+------------------------------------+------------------------------------+
| Epoch |  training time(s) |   tesing time(s)  |        Loss       |               recall               |                ndcg                |             precision              |             hit_ratio              |
+-------+-------------------+-------------------+-------------------+------------------------------------+------------------------------------+------------------------------------+------------------------------------+
|   5   | 25.06138849258423 | 36.58987474441528 | 98.68057250976562 | [0.12770202 0.17934565 0.21920446] | [0.11018214 0.12620129 0.13812289] | [0.04079644 0.02888757 0.02369828] | [0.4785987  0.57693081 0.63698171] |
+-------+-------------------+-------------------+-------------------+------------------------------------+------------------------------------+------------------------------------+------------------------------------+
using time 28.1883s, training loss at epoch 6: 95.9945
using time 26.6743s, training loss at epoch 7: 93.7991
using time 24.8765s, training loss at epoch 8: 92.1245
using time 25.3816s, training loss at epoch 9: 90.2216
+-------+--------------------+-------------------+------------------+------------------------------------+------------------------------------+------------------------------------+------------------------------------+
| Epoch |  training time(s)  |   tesing time(s)  |       Loss       |               recall               |                ndcg                |             precision              |             hit_ratio              |
+-------+--------------------+-------------------+------------------+------------------------------------+------------------------------------+------------------------------------+------------------------------------+
|   10  | 24.693068027496338 | 36.67429780960083 | 88.6980209350586 | [0.13643823 0.193087   0.23501861] | [0.11783395 0.13541412 0.1479718 ] | [0.04353105 0.03097244 0.02533994] | [0.49983254 0.60295398 0.66290441] |
+-------+--------------------+-------------------+------------------+------------------------------------+------------------------------------+------------------------------------+------------------------------------+
using time 30.1439s, training loss at epoch 11: 87.3435
using time 25.6110s, training loss at epoch 12: 86.0264
using time 24.7861s, training loss at epoch 13: 84.7805
using time 25.1155s, training loss at epoch 14: 83.4467
+-------+------------------+--------------------+-------------------+------------------------------------+------------------------------------+------------------------------------+------------------------------------+
| Epoch | training time(s) |   tesing time(s)   |        Loss       |               recall               |                ndcg                |             precision              |             hit_ratio              |
+-------+------------------+--------------------+-------------------+------------------------------------+------------------------------------+------------------------------------+------------------------------------+
|   15  | 24.4747474193573 | 43.186912536621094 | 82.33072662353516 | [0.14332049 0.20285355 0.24616971] | [0.12317651 0.14173059 0.15463822] | [0.04546688 0.03241091 0.0263927 ] | [0.51503785 0.62020229 0.67834416] |
+-------+------------------+--------------------+-------------------+------------------------------------+------------------------------------+------------------------------------+------------------------------------+
using time 28.5312s, training loss at epoch 16: 81.3624
using time 24.1982s, training loss at epoch 17: 80.1277
using time 23.8761s, training loss at epoch 18: 79.1554
using time 24.2111s, training loss at epoch 19: 78.1619
+-------+--------------------+-------------------+-------------------+------------------------------------+------------------------------------+------------------------------------+------------------------------------+
| Epoch |  training time(s)  |   tesing time(s)  |        Loss       |               recall               |                ndcg                |             precision              |             hit_ratio              |
+-------+--------------------+-------------------+-------------------+------------------------------------+------------------------------------+------------------------------------+------------------------------------+
|   20  | 24.124305963516235 | 35.60376501083374 | 77.33368682861328 | [0.14871029 0.21033828 0.25376504] | [0.12759826 0.14692312 0.15986728] | [0.04689865 0.03356303 0.02717809] | [0.52635809 0.63185746 0.68862616] |
+-------+--------------------+-------------------+-------------------+------------------------------------+------------------------------------+------------------------------------+------------------------------------+
using time 23.9426s, training loss at epoch 21: 76.4104
using time 23.9054s, training loss at epoch 22: 75.5349
using time 23.8146s, training loss at epoch 23: 74.4568
using time 23.8708s, training loss at epoch 24: 73.6675
+-------+-------------------+--------------------+-------------------+------------------------------------+------------------------------------+------------------------------------+------------------------------------+
| Epoch |  training time(s) |   tesing time(s)   |        Loss       |               recall               |                ndcg                |             precision              |             hit_ratio              |
+-------+-------------------+--------------------+-------------------+------------------------------------+------------------------------------+------------------------------------+------------------------------------+
|   25  | 24.18096661567688 | 35.950077295303345 | 72.77458190917969 | [0.15316421 0.2153175  0.26077842] | [0.13132625 0.15081824 0.16435546] | [0.04816967 0.03427138 0.02783732] | [0.53583629 0.63812044 0.69830531] |
+-------+-------------------+--------------------+-------------------+------------------------------------+------------------------------------+------------------------------------+------------------------------------+
using time 24.3430s, training loss at epoch 26: 72.0788
using time 24.2580s, training loss at epoch 27: 71.1986
using time 24.0808s, training loss at epoch 28: 70.2511
using time 23.9844s, training loss at epoch 29: 69.5528
+-------+--------------------+-------------------+------------------+------------------------------------+------------------------------------+------------------------------------+------------------------------------+
| Epoch |  training time(s)  |   tesing time(s)  |       Loss       |               recall               |                ndcg                |             precision              |             hit_ratio              |
+-------+--------------------+-------------------+------------------+------------------------------------+------------------------------------+------------------------------------+------------------------------------+
|   30  | 24.329275131225586 | 35.42535471916199 | 68.7721176147461 | [0.1568601  0.22127708 0.26735975] | [0.13464415 0.1547989  0.16852829] | [0.04930672 0.03510115 0.02848315] | [0.54300355 0.64759863 0.70788398] |
+-------+--------------------+-------------------+------------------+------------------------------------+------------------------------------+------------------------------------+------------------------------------+
using time 24.0871s, training loss at epoch 31: 67.9973
using time 24.4565s, training loss at epoch 32: 67.1768
using time 24.3541s, training loss at epoch 33: 66.4269
using time 24.5422s, training loss at epoch 34: 65.8135
+-------+--------------------+-------------------+-------------------+------------------------------------+------------------------------------+------------------------------------+------------------------------------+
| Epoch |  training time(s)  |   tesing time(s)  |        Loss       |               recall               |                ndcg                |             precision              |             hit_ratio              |
+-------+--------------------+-------------------+-------------------+------------------------------------+------------------------------------+------------------------------------+------------------------------------+
|   35  | 24.239511251449585 | 35.39533257484436 | 64.95903015136719 | [0.16022876 0.22485788 0.27222524] | [0.1373757  0.15758407 0.1717112 ] | [0.05029808 0.03560687 0.02896934] | [0.54923304 0.65362717 0.71237189] |
+-------+--------------------+-------------------+-------------------+------------------------------------+------------------------------------+------------------------------------+------------------------------------+
using time 24.1876s, training loss at epoch 36: 64.1448
using time 23.8033s, training loss at epoch 37: 63.6471
using time 24.0807s, training loss at epoch 38: 62.9784
using time 24.1149s, training loss at epoch 39: 62.1104
+-------+-------------------+-------------------+--------------------+------------------------------------+------------------------------------+------------------------------------+------------------------------------+
| Epoch |  training time(s) |   tesing time(s)  |        Loss        |               recall               |                ndcg                |             precision              |             hit_ratio              |
+-------+-------------------+-------------------+--------------------+------------------------------------+------------------------------------+------------------------------------+------------------------------------+
|   40  | 24.30040693283081 | 35.69354462623596 | 61.578468322753906 | [0.1628001  0.22946608 0.27628011] | [0.139474   0.16030899 0.17429775] | [0.05106672 0.03624238 0.02938185] | [0.55368745 0.6592538  0.71675933] |
+-------+-------------------+-------------------+--------------------+------------------------------------+------------------------------------+------------------------------------+------------------------------------+
using time 24.4835s, training loss at epoch 41: 60.8566
using time 23.6408s, training loss at epoch 42: 60.3577
using time 24.2482s, training loss at epoch 43: 59.6672
using time 24.1012s, training loss at epoch 44: 59.0362
+-------+-------------------+-------------------+-------------------+------------------------------------+------------------------------------+------------------------------------+------------------------------------+
| Epoch |  training time(s) |   tesing time(s)  |        Loss       |               recall               |                ndcg                |             precision              |             hit_ratio              |
+-------+-------------------+-------------------+-------------------+------------------------------------+------------------------------------+------------------------------------+------------------------------------+
|   45  | 24.36022448539734 | 35.75275945663452 | 58.46880340576172 | [0.16561103 0.23232139 0.28013462] | [0.14162989 0.16247787 0.17677089] | [0.05184205 0.03668782 0.02978375] | [0.55897917 0.66323933 0.72081184] |
+-------+-------------------+-------------------+-------------------+------------------------------------+------------------------------------+------------------------------------+------------------------------------+
using time 23.9439s, training loss at epoch 46: 57.8040
using time 23.8355s, training loss at epoch 47: 57.2206
using time 23.9224s, training loss at epoch 48: 56.4053
using time 24.0809s, training loss at epoch 49: 55.8604
+-------+--------------------+-------------------+-------------------+------------------------------------+------------------------------------+------------------------------------+------------------------------------+
| Epoch |  training time(s)  |   tesing time(s)  |        Loss       |               recall               |                ndcg                |             precision              |             hit_ratio              |
+-------+--------------------+-------------------+-------------------+------------------------------------+------------------------------------+------------------------------------+------------------------------------+
|   50  | 23.924246788024902 | 35.76700019836426 | 55.46910095214844 | [0.16751487 0.23506016 0.28338508] | [0.14347122 0.16457523 0.17898303] | [0.05244993 0.03713745 0.03009244] | [0.56309867 0.66863152 0.72529975] |
+-------+--------------------+-------------------+-------------------+------------------------------------+------------------------------------+------------------------------------+------------------------------------+
using time 24.2748s, training loss at epoch 51: 54.7514
using time 24.2541s, training loss at epoch 52: 54.2172
using time 24.1618s, training loss at epoch 53: 53.7539
using time 24.6569s, training loss at epoch 54: 53.1863
+-------+--------------------+-------------------+-------------------+------------------------------------+------------------------------------+------------------------------------+------------------------------------+
| Epoch |  training time(s)  |   tesing time(s)  |        Loss       |               recall               |                ndcg                |             precision              |             hit_ratio              |
+-------+--------------------+-------------------+-------------------+------------------------------------+------------------------------------+------------------------------------+------------------------------------+
|   55  | 23.939995288848877 | 34.91705656051636 | 52.69459915161133 | [0.16913522 0.23755063 0.28619133] | [0.14505328 0.16648843 0.18100657] | [0.05287025 0.03751507 0.0303894 ] | [0.56577802 0.67114341 0.72811307] |
+-------+--------------------+-------------------+-------------------+------------------------------------+------------------------------------+------------------------------------+------------------------------------+
using time 24.0392s, training loss at epoch 56: 52.0199
using time 24.0164s, training loss at epoch 57: 51.5088
using time 24.3415s, training loss at epoch 58: 50.8951
using time 23.8308s, training loss at epoch 59: 50.5471
+-------+--------------------+-------------------+-------------------+------------------------------------+------------------------------------+------------------------------------+------------------------------------+
| Epoch |  training time(s)  |   tesing time(s)  |        Loss       |               recall               |                ndcg                |             precision              |             hit_ratio              |
+-------+--------------------+-------------------+-------------------+------------------------------------+------------------------------------+------------------------------------+------------------------------------+
|   60  | 24.208354234695435 | 35.92766737937927 | 50.09196472167969 | [0.170843   0.23951275 0.28808215] | [0.14645191 0.16793086 0.18245498] | [0.05339273 0.03779389 0.03058979] | [0.56926117 0.67399022 0.72955322] |
+-------+--------------------+-------------------+-------------------+------------------------------------+------------------------------------+------------------------------------+------------------------------------+
using time 24.0348s, training loss at epoch 61: 49.6593
using time 24.0253s, training loss at epoch 62: 49.0087
using time 24.1616s, training loss at epoch 63: 48.4340
using time 24.0357s, training loss at epoch 64: 48.0079
+-------+--------------------+--------------------+--------------------+------------------------------------+------------------------------------+------------------------------------+------------------------------------+
| Epoch |  training time(s)  |   tesing time(s)   |        Loss        |               recall               |                ndcg                |             precision              |             hit_ratio              |
+-------+--------------------+--------------------+--------------------+------------------------------------+------------------------------------+------------------------------------+------------------------------------+
|   65  | 24.028865814208984 | 35.400524377822876 | 47.572715759277344 | [0.17232821 0.24089953 0.28990101] | [0.14763672 0.16910215 0.18376046] | [0.05376449 0.03800154 0.03077567] | [0.57250988 0.67522942 0.73162971] |
+-------+--------------------+--------------------+--------------------+------------------------------------+------------------------------------+------------------------------------+------------------------------------+
using time 23.9690s, training loss at epoch 66: 47.1240
using time 23.9240s, training loss at epoch 67: 46.7382
using time 24.5342s, training loss at epoch 68: 46.2054
using time 23.9595s, training loss at epoch 69: 45.9548
+-------+--------------------+------------------+--------------------+------------------------------------+------------------------------------+------------------------------------+------------------------------------+
| Epoch |  training time(s)  |  tesing time(s)  |        Loss        |               recall               |                ndcg                |             precision              |             hit_ratio              |
+-------+--------------------+------------------+--------------------+------------------------------------+------------------------------------+------------------------------------+------------------------------------+
|   70  | 24.001490592956543 | 36.2636296749115 | 45.496177673339844 | [0.17390235 0.24213469 0.29182055] | [0.14893559 0.17027195 0.18511094] | [0.05424007 0.03819077 0.03094536] | [0.57441892 0.67703798 0.73451001] |
+-------+--------------------+------------------+--------------------+------------------------------------+------------------------------------+------------------------------------+------------------------------------+
using time 23.9684s, training loss at epoch 71: 44.9503
using time 24.1195s, training loss at epoch 72: 44.5292
using time 23.8319s, training loss at epoch 73: 44.2043
using time 24.0885s, training loss at epoch 74: 43.6042
+-------+--------------------+-------------------+--------------------+------------------------------------+------------------------------------+------------------------------------+------------------------------------+
| Epoch |  training time(s)  |   tesing time(s)  |        Loss        |               recall               |                ndcg                |             precision              |             hit_ratio              |
+-------+--------------------+-------------------+--------------------+------------------------------------+------------------------------------+------------------------------------+------------------------------------+
|   75  | 24.050087213516235 | 35.39553618431091 | 43.235286712646484 | [0.17471231 0.24359939 0.29374589] | [0.14952164 0.17109073 0.18602969] | [0.05445944 0.03841265 0.03109161] | [0.57672985 0.67888003 0.73625159] |
+-------+--------------------+-------------------+--------------------+------------------------------------+------------------------------------+------------------------------------+------------------------------------+
using time 24.7640s, training loss at epoch 76: 42.7612
using time 24.1425s, training loss at epoch 77: 42.5250
using time 24.1709s, training loss at epoch 78: 42.0301
using time 24.4166s, training loss at epoch 79: 41.5959
+-------+-------------------+--------------------+-------------------+------------------------------------+------------------------------------+------------------------------------+------------------------------------+
| Epoch |  training time(s) |   tesing time(s)   |        Loss       |               recall               |                ndcg                |             precision              |             hit_ratio              |
+-------+-------------------+--------------------+-------------------+------------------------------------+------------------------------------+------------------------------------+------------------------------------+
|   80  | 23.95051884651184 | 36.204118728637695 | 41.32395935058594 | [0.17571002 0.24447351 0.29472047] | [0.15025898 0.17178866 0.18677492] | [0.0547257  0.03854746 0.03120548] | [0.57817    0.67978431 0.73752428] |
+-------+-------------------+--------------------+-------------------+------------------------------------+------------------------------------+------------------------------------+------------------------------------+
using time 24.0601s, training loss at epoch 81: 40.9412
using time 24.4031s, training loss at epoch 82: 40.6137
using time 24.1344s, training loss at epoch 83: 40.1000
using time 24.4602s, training loss at epoch 84: 39.9827
+-------+--------------------+-------------------+-------------------+------------------------------------+------------------------------------+------------------------------------+------------------------------------+
| Epoch |  training time(s)  |   tesing time(s)  |        Loss       |               recall               |                ndcg                |             precision              |             hit_ratio              |
+-------+--------------------+-------------------+-------------------+------------------------------------+------------------------------------+------------------------------------+------------------------------------+
|   85  | 24.580657243728638 | 35.84870362281799 | 39.41231918334961 | [0.17637931 0.24572816 0.29587764] | [0.15078993 0.17246844 0.18746628] | [0.05493    0.03868059 0.03132829] | [0.58011253 0.68209525 0.73819412] |
+-------+--------------------+-------------------+-------------------+------------------------------------+------------------------------------+------------------------------------+------------------------------------+
using time 23.9768s, training loss at epoch 86: 39.0641
using time 24.0577s, training loss at epoch 87: 38.8576
using time 24.0027s, training loss at epoch 88: 38.5066
using time 24.5816s, training loss at epoch 89: 38.2809
+-------+--------------------+-------------------+-------------------+------------------------------------+------------------------------------+------------------------------------+------------------------------------+
| Epoch |  training time(s)  |   tesing time(s)  |        Loss       |               recall               |                ndcg                |             precision              |             hit_ratio              |
+-------+--------------------+-------------------+-------------------+------------------------------------+------------------------------------+------------------------------------+------------------------------------+
|   90  | 24.012784242630005 | 35.92154788970947 | 37.95237350463867 | [0.17667955 0.24640597 0.29685743] | [0.15127616 0.1731153  0.18819325] | [0.05497187 0.03876516 0.03140197] | [0.5810838  0.6814924  0.73862951] |
+-------+--------------------+-------------------+-------------------+------------------------------------+------------------------------------+------------------------------------+------------------------------------+
using time 24.6315s, training loss at epoch 91: 37.4805
using time 23.8083s, training loss at epoch 92: 37.1666
using time 24.2522s, training loss at epoch 93: 36.9171
using time 24.1472s, training loss at epoch 94: 36.6033
+-------+--------------------+--------------------+--------------------+------------------------------------+------------------------------------+------------------------------------+------------------------------------+
| Epoch |  training time(s)  |   tesing time(s)   |        Loss        |               recall               |                ndcg                |             precision              |             hit_ratio              |
+-------+--------------------+--------------------+--------------------+------------------------------------+------------------------------------+------------------------------------+------------------------------------+
|   95  | 24.420093774795532 | 35.612714529037476 | 36.273887634277344 | [0.17694338 0.24738735 0.29715516] | [0.15164329 0.17371194 0.18860888] | [0.05506062 0.03889159 0.03142876] | [0.58101681 0.68276509 0.73970125] |
+-------+--------------------+--------------------+--------------------+------------------------------------+------------------------------------+------------------------------------+------------------------------------+
using time 23.9358s, training loss at epoch 96: 35.9445
using time 24.5684s, training loss at epoch 97: 35.6753
using time 24.0406s, training loss at epoch 98: 35.4198
using time 24.0059s, training loss at epoch 99: 35.0708
+-------+--------------------+-------------------+-------------------+------------------------------------+------------------------------------+------------------------------------+------------------------------------+
| Epoch |  training time(s)  |   tesing time(s)  |        Loss       |               recall               |                ndcg                |             precision              |             hit_ratio              |
+-------+--------------------+-------------------+-------------------+------------------------------------+------------------------------------+------------------------------------+------------------------------------+
|  100  | 24.297733068466187 | 36.13346743583679 | 34.86227798461914 | [0.17721799 0.24755359 0.29762573] | [0.15181944 0.17389382 0.18884977] | [0.05510416 0.03892927 0.03144328] | [0.5814857  0.68356889 0.74083998] |
+-------+--------------------+-------------------+-------------------+------------------------------------+------------------------------------+------------------------------------+------------------------------------+
using time 23.9923s, training loss at epoch 101: 34.4827
using time 24.2769s, training loss at epoch 102: 34.1900
using time 24.1359s, training loss at epoch 103: 34.0526
using time 24.0971s, training loss at epoch 104: 33.6828
+-------+-------------------+-------------------+--------------------+------------------------------------+------------------------------------+------------------------------------+------------------------------------+
| Epoch |  training time(s) |   tesing time(s)  |        Loss        |               recall               |                ndcg                |             precision              |             hit_ratio              |
+-------+-------------------+-------------------+--------------------+------------------------------------+------------------------------------+------------------------------------+------------------------------------+
|  105  | 24.21393918991089 | 35.73474335670471 | 33.644920349121094 | [0.1776547  0.24820243 0.29806493] | [0.15230723 0.17442682 0.18934253] | [0.05521971 0.03897867 0.03149351] | [0.58161967 0.68400429 0.74047157] |
+-------+-------------------+-------------------+--------------------+------------------------------------+------------------------------------+------------------------------------+------------------------------------+
using time 23.8804s, training loss at epoch 106: 33.1053
using time 23.9685s, training loss at epoch 107: 32.7758
using time 24.3398s, training loss at epoch 108: 32.6708
using time 23.8450s, training loss at epoch 109: 32.3649
+-------+--------------------+-------------------+--------------------+------------------------------------+------------------------------------+------------------------------------+------------------------------------+
| Epoch |  training time(s)  |   tesing time(s)  |        Loss        |               recall               |                ndcg                |             precision              |             hit_ratio              |
+-------+--------------------+-------------------+--------------------+------------------------------------+------------------------------------+------------------------------------+------------------------------------+
|  110  | 24.225366830825806 | 35.75707793235779 | 32.148765563964844 | [0.17792078 0.24810014 0.29839066] | [0.15253118 0.17453211 0.18958957] | [0.05525487 0.03894015 0.03150077] | [0.58195459 0.68390381 0.74040458] |
+-------+--------------------+-------------------+--------------------+------------------------------------+------------------------------------+------------------------------------+------------------------------------+
using time 23.9535s, training loss at epoch 111: 31.9716
using time 24.4587s, training loss at epoch 112: 31.7781
using time 24.3985s, training loss at epoch 113: 31.6817
using time 24.4651s, training loss at epoch 114: 31.1853
+-------+--------------------+-------------------+--------------------+------------------------------------+------------------------------------+------------------------------------+------------------------------------+
| Epoch |  training time(s)  |   tesing time(s)  |        Loss        |               recall               |                ndcg                |             precision              |             hit_ratio              |
+-------+--------------------+-------------------+--------------------+------------------------------------+------------------------------------+------------------------------------+------------------------------------+
|  115  | 24.056989908218384 | 36.13645696640015 | 31.102582931518555 | [0.17792427 0.24831447 0.29887988] | [0.15261873 0.17469766 0.18981496] | [0.05526325 0.03896694 0.03151473] | [0.58242347 0.68457365 0.74117489] |
+-------+--------------------+-------------------+--------------------+------------------------------------+------------------------------------+------------------------------------+------------------------------------+
using time 24.0841s, training loss at epoch 116: 30.6474
using time 24.1451s, training loss at epoch 117: 30.5860
using time 24.1731s, training loss at epoch 118: 30.2746
using time 24.0313s, training loss at epoch 119: 30.0923
+-------+------------------+-------------------+--------------------+------------------------------------+------------------------------------+------------------------------------+------------------------------------+
| Epoch | training time(s) |   tesing time(s)  |        Loss        |               recall               |                ndcg                |             precision              |             hit_ratio              |
+-------+------------------+-------------------+--------------------+------------------------------------+------------------------------------+------------------------------------+------------------------------------+
|  120  | 24.2916898727417 | 36.34407114982605 | 30.110383987426758 | [0.17827525 0.24882379 0.29893532] | [0.15270292 0.17482657 0.18981944] | [0.05529339 0.03899457 0.0315097 ] | [0.58235649 0.68480809 0.74047157] |
+-------+------------------+-------------------+--------------------+------------------------------------+------------------------------------+------------------------------------+------------------------------------+
using time 23.8207s, training loss at epoch 121: 29.7320
using time 24.2211s, training loss at epoch 122: 29.4129
using time 24.1019s, training loss at epoch 123: 29.3181
using time 24.1954s, training loss at epoch 124: 29.1297
+-------+--------------------+--------------------+--------------------+------------------------------------+------------------------------------+------------------------------------+------------------------------------+
| Epoch |  training time(s)  |   tesing time(s)   |        Loss        |               recall               |                ndcg                |             precision              |             hit_ratio              |
+-------+--------------------+--------------------+--------------------+------------------------------------+------------------------------------+------------------------------------+------------------------------------+
|  125  | 24.262370109558105 | 35.073020935058594 | 28.820037841796875 | [0.1785931  0.24854842 0.29905879] | [0.15281832 0.17475301 0.18981222] | [0.05537879 0.03895606 0.0314723 ] | [0.58359569 0.68507603 0.74057204] |
+-------+--------------------+--------------------+--------------------+------------------------------------+------------------------------------+------------------------------------+------------------------------------+
using time 24.0126s, training loss at epoch 126: 28.7787
using time 23.9450s, training loss at epoch 127: 28.4659
using time 24.0507s, training loss at epoch 128: 28.2611
using time 23.9481s, training loss at epoch 129: 28.0655
+-------+-------------------+-------------------+-------------------+------------------------------------+------------------------------------+------------------------------------+------------------------------------+
| Epoch |  training time(s) |   tesing time(s)  |        Loss       |               recall               |                ndcg                |             precision              |             hit_ratio              |
+-------+-------------------+-------------------+-------------------+------------------------------------+------------------------------------+------------------------------------+------------------------------------+
|  130  | 24.03182029724121 | 36.26775765419006 | 28.05056381225586 | [0.17832251 0.24853552 0.29874242] | [0.15275759 0.17482586 0.18981375] | [0.05528669 0.03898034 0.03145444] | [0.58289236 0.68450666 0.74050506] |
+-------+-------------------+-------------------+-------------------+------------------------------------+------------------------------------+------------------------------------+------------------------------------+
using time 24.2601s, training loss at epoch 131: 27.8422
using time 24.4103s, training loss at epoch 132: 27.4891
using time 24.0236s, training loss at epoch 133: 27.3090
using time 24.2080s, training loss at epoch 134: 27.2358
+-------+-------------------+-------------------+-------------------+------------------------------------+------------------------------------+------------------------------------+------------------------------------+
| Epoch |  training time(s) |   tesing time(s)  |        Loss       |               recall               |                ndcg                |             precision              |             hit_ratio              |
+-------+-------------------+-------------------+-------------------+------------------------------------+------------------------------------+------------------------------------+------------------------------------+
|  135  | 24.24328112602234 | 35.29369306564331 | 26.99332618713379 | [0.17854088 0.24870283 0.29861383] | [0.15271871 0.17477128 0.18967047] | [0.05533693 0.0389795  0.0314349 ] | [0.58322728 0.68474111 0.74050506] |
+-------+-------------------+-------------------+-------------------+------------------------------------+------------------------------------+------------------------------------+------------------------------------+
using time 24.2107s, training loss at epoch 136: 26.8130
using time 24.2049s, training loss at epoch 137: 26.7135
using time 24.1446s, training loss at epoch 138: 26.4915
using time 23.8657s, training loss at epoch 139: 26.4302
+-------+-------------------+-------------------+------------------+------------------------------------+------------------------------------+------------------------------------+------------------------------------+
| Epoch |  training time(s) |   tesing time(s)  |       Loss       |               recall               |                ndcg                |             precision              |             hit_ratio              |
+-------+-------------------+-------------------+------------------+------------------------------------+------------------------------------+------------------------------------+------------------------------------+
|  140  | 24.21548104286194 | 35.47525715827942 | 26.2974853515625 | [0.17837929 0.24849104 0.29882186] | [0.15263012 0.17465719 0.18970155] | [0.05522473 0.03889159 0.03143714] | [0.58282537 0.68433921 0.74010315] |
+-------+-------------------+-------------------+------------------+------------------------------------+------------------------------------+------------------------------------+------------------------------------+
using time 23.7918s, training loss at epoch 141: 26.1517
using time 23.8643s, training loss at epoch 142: 26.0557
using time 24.0123s, training loss at epoch 143: 25.7628
using time 23.9722s, training loss at epoch 144: 25.6689
+-------+-------------------+--------------------+--------------------+------------------------------------+------------------------------------+------------------------------------+------------------------------------+
| Epoch |  training time(s) |   tesing time(s)   |        Loss        |               recall               |                ndcg                |             precision              |             hit_ratio              |
+-------+-------------------+--------------------+--------------------+------------------------------------+------------------------------------+------------------------------------+------------------------------------+
|  145  | 24.12794017791748 | 34.924543619155884 | 25.470840454101562 | [0.17835938 0.24882239 0.29844753] | [0.15245361 0.17460222 0.18944717] | [0.05515775 0.03890331 0.03138746] | [0.58299283 0.6843727  0.73986871] |
+-------+-------------------+--------------------+--------------------+------------------------------------+------------------------------------+------------------------------------+------------------------------------+
using time 24.4361s, training loss at epoch 146: 25.4691
using time 24.0323s, training loss at epoch 147: 25.2428
using time 23.8771s, training loss at epoch 148: 24.9749
using time 23.9436s, training loss at epoch 149: 24.9079
+-------+--------------------+--------------------+--------------------+------------------------------------+------------------------------------+------------------------------------+------------------------------------+
| Epoch |  training time(s)  |   tesing time(s)   |        Loss        |               recall               |                ndcg                |             precision              |             hit_ratio              |
+-------+--------------------+--------------------+--------------------+------------------------------------+------------------------------------+------------------------------------+------------------------------------+
|  150  | 23.997455596923828 | 36.156431913375854 | 24.814760208129883 | [0.17819796 0.24848763 0.29788758] | [0.15247729 0.17453231 0.18932062] | [0.05517784 0.03882042 0.03131042] | [0.58242347 0.68380334 0.74017014] |
+-------+--------------------+--------------------+--------------------+------------------------------------+------------------------------------+------------------------------------+------------------------------------+
using time 24.1127s, training loss at epoch 151: 24.7329
using time 24.3684s, training loss at epoch 152: 24.4876
using time 24.2895s, training loss at epoch 153: 24.3938
using time 24.4116s, training loss at epoch 154: 24.1383
+-------+-------------------+--------------------+-------------------+------------------------------------+------------------------------------+------------------------------------+------------------------------------+
| Epoch |  training time(s) |   tesing time(s)   |        Loss       |               recall               |                ndcg                |             precision              |             hit_ratio              |
+-------+-------------------+--------------------+-------------------+------------------------------------+------------------------------------+------------------------------------+------------------------------------+
|  155  | 24.40414047241211 | 35.608609437942505 | 24.04137420654297 | [0.17805333 0.24822981 0.29798996] | [0.15211252 0.17412651 0.18901622] | [0.05509579 0.03876767 0.0313121 ] | [0.58198808 0.6831335  0.73983522] |
+-------+-------------------+--------------------+-------------------+------------------------------------+------------------------------------+------------------------------------+------------------------------------+
using time 23.9096s, training loss at epoch 156: 23.9595
using time 24.3794s, training loss at epoch 157: 23.9188
using time 24.0404s, training loss at epoch 158: 23.7392
using time 23.9018s, training loss at epoch 159: 23.7098
+-------+--------------------+-------------------+--------------------+------------------------------------+------------------------------------+------------------------------------+------------------------------------+
| Epoch |  training time(s)  |   tesing time(s)  |        Loss        |               recall               |                ndcg                |             precision              |             hit_ratio              |
+-------+--------------------+-------------------+--------------------+------------------------------------+------------------------------------+------------------------------------+------------------------------------+
|  160  | 24.488564014434814 | 35.00374722480774 | 23.438867568969727 | [0.17804717 0.24792196 0.29752897] | [0.15208888 0.17403863 0.18887268] | [0.05501541 0.03870822 0.03124679] | [0.58048094 0.68259763 0.73973474] |
+-------+--------------------+-------------------+--------------------+------------------------------------+------------------------------------+------------------------------------+------------------------------------+
using time 24.1588s, training loss at epoch 161: 23.3220
using time 23.7952s, training loss at epoch 162: 23.2114
using time 24.5234s, training loss at epoch 163: 23.0238
using time 24.2149s, training loss at epoch 164: 22.9098
+-------+--------------------+-------------------+--------------------+------------------------------------+------------------------------------+------------------------------------+------------------------------------+
| Epoch |  training time(s)  |   tesing time(s)  |        Loss        |               recall               |                ndcg                |             precision              |             hit_ratio              |
+-------+--------------------+-------------------+--------------------+------------------------------------+------------------------------------+------------------------------------+------------------------------------+
|  165  | 24.071370840072632 | 34.80803442001343 | 22.951557159423828 | [0.17787014 0.24781178 0.29688322] | [0.15197471 0.17391857 0.18860938] | [0.05495177 0.03862868 0.03116641] | [0.58058142 0.68336794 0.73832809] |
+-------+--------------------+-------------------+--------------------+------------------------------------+------------------------------------+------------------------------------+------------------------------------+
using time 23.9546s, training loss at epoch 166: 22.7922
using time 24.0547s, training loss at epoch 167: 22.6076
using time 24.7060s, training loss at epoch 168: 22.4917
using time 24.3263s, training loss at epoch 169: 22.4147
+-------+-------------------+-------------------+-------------------+------------------------------------+------------------------------------+------------------------------------+------------------------------------+
| Epoch |  training time(s) |   tesing time(s)  |        Loss       |               recall               |                ndcg                |             precision              |             hit_ratio              |
+-------+-------------------+-------------------+-------------------+------------------------------------+------------------------------------+------------------------------------+------------------------------------+
|  170  | 24.30817484855652 | 36.00424313545227 | 22.32759666442871 | [0.17741119 0.24699766 0.29641317] | [0.15173672 0.17362612 0.18839216] | [0.05476589 0.03854327 0.0310905 ] | [0.5794427  0.68155938 0.73762476] |
+-------+-------------------+-------------------+-------------------+------------------------------------+------------------------------------+------------------------------------+------------------------------------+
using time 23.8583s, training loss at epoch 171: 22.2812
using time 24.1258s, training loss at epoch 172: 22.1960
using time 23.9666s, training loss at epoch 173: 22.0824
using time 24.3107s, training loss at epoch 174: 21.8991
+-------+-------------------+-------------------+--------------------+------------------------------------+------------------------------------+------------------------------------+------------------------------------+
| Epoch |  training time(s) |   tesing time(s)  |        Loss        |               recall               |                ndcg                |             precision              |             hit_ratio              |
+-------+-------------------+-------------------+--------------------+------------------------------------+------------------------------------+------------------------------------+------------------------------------+
|  175  | 24.09158754348755 | 35.39688062667847 | 21.797470092773438 | [0.17736716 0.24658244 0.29599511] | [0.15167141 0.17341786 0.1882066 ] | [0.05472738 0.03844949 0.03103914] | [0.5802465  0.68172684 0.73739031] |
+-------+-------------------+-------------------+--------------------+------------------------------------+------------------------------------+------------------------------------+------------------------------------+
Early stopping is trigger at step: 10 log:0.17736716011537132
early stopping at 175, recall@20:0.1786
