reading train and test user-item set ...
data/gowalla/sampled_graph/sampled_graph_epoch1_epsilon0.01
building the adj mat ...
loading over ...
start training ...
+-------+-------------------+-------------------+--------------------+------------------------------------+------------------------------------+------------------------------------+------------------------------------+
| Epoch |  training time(s) |   tesing time(s)  |        Loss        |               recall               |                ndcg                |             precision              |             hit_ratio              |
+-------+-------------------+-------------------+--------------------+------------------------------------+------------------------------------+------------------------------------+------------------------------------+
|   0   | 26.63944983482361 | 35.22364330291748 | 134.82591247558594 | [0.10608697 0.15060687 0.18369772] | [0.09176947 0.10565164 0.11550706] | [0.0339507  0.02430002 0.01985286] | [0.41422734 0.50977962 0.56487374] |
+-------+-------------------+-------------------+--------------------+------------------------------------+------------------------------------+------------------------------------+------------------------------------+
using time 26.1684s, training loss at epoch 1: 121.8437
using time 26.5029s, training loss at epoch 2: 112.1574
using time 26.3905s, training loss at epoch 3: 106.4288
using time 26.3535s, training loss at epoch 4: 102.5815
+-------+--------------------+-------------------+-------------------+------------------------------------+------------------------------------+------------------------------------+------------------------------------+
| Epoch |  training time(s)  |   tesing time(s)  |        Loss       |               recall               |                ndcg                |             precision              |             hit_ratio              |
+-------+--------------------+-------------------+-------------------+------------------------------------+------------------------------------+------------------------------------+------------------------------------+
|   5   | 25.760921955108643 | 34.87658166885376 | 99.70890045166016 | [0.12212447 0.17355879 0.21300516] | [0.1059146  0.12189148 0.13362376] | [0.03929265 0.02805781 0.02303961] | [0.46536942 0.56604595 0.62820685] |
+-------+--------------------+-------------------+-------------------+------------------------------------+------------------------------------+------------------------------------+------------------------------------+
using time 25.7556s, training loss at epoch 6: 97.5928
using time 25.7625s, training loss at epoch 7: 95.8229
using time 25.6053s, training loss at epoch 8: 93.9805
using time 26.0404s, training loss at epoch 9: 92.6831
+-------+-------------------+-------------------+-------------------+------------------------------------+------------------------------------+------------------------------------+------------------------------------+
| Epoch |  training time(s) |   tesing time(s)  |        Loss       |               recall               |                ndcg                |             precision              |             hit_ratio              |
+-------+-------------------+-------------------+-------------------+------------------------------------+------------------------------------+------------------------------------+------------------------------------+
|   10  | 25.77295422554016 | 35.34756517410278 | 91.19204711914062 | [0.13123584 0.18663291 0.2280561 ] | [0.11347311 0.13070603 0.1430356 ] | [0.04200214 0.03000368 0.02455456] | [0.48777547 0.59153326 0.65198607] |
+-------+-------------------+-------------------+-------------------+------------------------------------+------------------------------------+------------------------------------+------------------------------------+
using time 25.9092s, training loss at epoch 11: 90.0250
using time 25.7378s, training loss at epoch 12: 88.7952
using time 25.6516s, training loss at epoch 13: 87.9106
using time 25.9552s, training loss at epoch 14: 86.8376
+-------+--------------------+-------------------+-------------------+------------------------------------+------------------------------------+------------------------------------+------------------------------------+
| Epoch |  training time(s)  |   tesing time(s)  |        Loss       |               recall               |                ndcg                |             precision              |             hit_ratio              |
+-------+--------------------+-------------------+-------------------+------------------------------------+------------------------------------+------------------------------------+------------------------------------+
|   15  | 26.038334369659424 | 35.41145634651184 | 85.73763275146484 | [0.1379331  0.19565727 0.2383598 ] | [0.11857778 0.13654641 0.14926748] | [0.0439296  0.03135424 0.02561904] | [0.50271284 0.60717396 0.66722486] |
+-------+--------------------+-------------------+-------------------+------------------------------------+------------------------------------+------------------------------------+------------------------------------+
using time 25.8130s, training loss at epoch 16: 84.8296
using time 26.2131s, training loss at epoch 17: 83.9578
using time 25.7139s, training loss at epoch 18: 83.0006
using time 25.6695s, training loss at epoch 19: 82.2089
+-------+-------------------+--------------------+-------------------+------------------------------------+------------------------------------+------------------------------------+------------------------------------+
| Epoch |  training time(s) |   tesing time(s)   |        Loss       |               recall               |                ndcg                |             precision              |             hit_ratio              |
+-------+-------------------+--------------------+-------------------+------------------------------------+------------------------------------+------------------------------------+------------------------------------+
|   20  | 25.54282522201538 | 35.489078521728516 | 81.38035583496094 | [0.14299436 0.20245022 0.24641497] | [0.12276824 0.1413174  0.15438644] | [0.0453664  0.03237993 0.02640219] | [0.51426753 0.61866167 0.67790877] |
+-------+-------------------+--------------------+-------------------+------------------------------------+------------------------------------+------------------------------------+------------------------------------+
using time 26.1082s, training loss at epoch 21: 80.5548
using time 25.7660s, training loss at epoch 22: 79.6706
using time 26.3523s, training loss at epoch 23: 78.9480
using time 26.0048s, training loss at epoch 24: 78.0347
+-------+-------------------+-------------------+------------------+------------------------------------+------------------------------------+------------------------------------+------------------------------------+
| Epoch |  training time(s) |   tesing time(s)  |       Loss       |               recall               |                ndcg                |             precision              |             hit_ratio              |
+-------+-------------------+-------------------+------------------+------------------------------------+------------------------------------+------------------------------------+------------------------------------+
|   25  | 25.93917965888977 | 35.48864245414734 | 77.3704605102539 | [0.14663241 0.20835569 0.25240802] | [0.12604963 0.14533133 0.15848021] | [0.04643982 0.03321304 0.02701788] | [0.52183669 0.6271686  0.68534396] |
+-------+-------------------+-------------------+------------------+------------------------------------+------------------------------------+------------------------------------+------------------------------------+
using time 25.9602s, training loss at epoch 26: 76.7275
using time 25.6546s, training loss at epoch 27: 75.9744
using time 25.7857s, training loss at epoch 28: 75.2244
using time 25.9352s, training loss at epoch 29: 74.7319
+-------+--------------------+-------------------+-------------------+------------------------------------+------------------------------------+------------------------------------+------------------------------------+
| Epoch |  training time(s)  |   tesing time(s)  |        Loss       |               recall               |                ndcg                |             precision              |             hit_ratio              |
+-------+--------------------+-------------------+-------------------+------------------------------------+------------------------------------+------------------------------------+------------------------------------+
|   30  | 25.962944269180298 | 35.14463543891907 | 73.91577911376953 | [0.15028804 0.21285328 0.2578212 ] | [0.12914036 0.14872346 0.16214777] | [0.04742113 0.03388037 0.02756045] | [0.52907094 0.6341684  0.69187487] |
+-------+--------------------+-------------------+-------------------+------------------------------------+------------------------------------+------------------------------------+------------------------------------+
using time 26.1396s, training loss at epoch 31: 73.3043
using time 25.6611s, training loss at epoch 32: 72.6718
using time 25.8702s, training loss at epoch 33: 72.0046
using time 25.8126s, training loss at epoch 34: 71.3124
+-------+--------------------+-------------------+-------------------+------------------------------------+------------------------------------+------------------------------------+------------------------------------+
| Epoch |  training time(s)  |   tesing time(s)  |        Loss       |               recall               |                ndcg                |             precision              |             hit_ratio              |
+-------+--------------------+-------------------+-------------------+------------------------------------+------------------------------------+------------------------------------+------------------------------------+
|   35  | 26.331584692001343 | 35.78037667274475 | 70.90033721923828 | [0.15392568 0.21733686 0.26262665] | [0.13210976 0.1519545  0.16542808] | [0.04847612 0.03453681 0.02799417] | [0.53590328 0.64083328 0.69813785] |
+-------+--------------------+-------------------+-------------------+------------------------------------+------------------------------------+------------------------------------+------------------------------------+
using time 25.7477s, training loss at epoch 36: 70.3138
using time 25.8978s, training loss at epoch 37: 69.5922
using time 25.9871s, training loss at epoch 38: 68.9785
using time 25.8031s, training loss at epoch 39: 68.3522
+-------+--------------------+------------------+-------------------+------------------------------------+------------------------------------+------------------------------------+------------------------------------+
| Epoch |  training time(s)  |  tesing time(s)  |        Loss       |               recall               |                ndcg                |             precision              |             hit_ratio              |
+-------+--------------------+------------------+-------------------+------------------------------------+------------------------------------+------------------------------------+------------------------------------+
|   40  | 26.071042776107788 | 35.7844922542572 | 67.77189636230469 | [0.15654654 0.22160336 0.26723817] | [0.13434684 0.15464858 0.1682621 ] | [0.04930169 0.03509361 0.02844631] | [0.54146292 0.64712975 0.70456829] |
+-------+--------------------+------------------+-------------------+------------------------------------+------------------------------------+------------------------------------+------------------------------------+
using time 25.9376s, training loss at epoch 41: 67.2896
using time 25.7853s, training loss at epoch 42: 66.5560
using time 26.3697s, training loss at epoch 43: 66.0192
using time 25.7139s, training loss at epoch 44: 65.6237
+-------+--------------------+-------------------+-------------------+------------------------------------+------------------------------------+------------------------------------+------------------------------------+
| Epoch |  training time(s)  |   tesing time(s)  |        Loss       |               recall               |                ndcg                |             precision              |             hit_ratio              |
+-------+--------------------+-------------------+-------------------+------------------------------------+------------------------------------+------------------------------------+------------------------------------+
|   45  | 25.876397609710693 | 35.25700879096985 | 64.92395782470703 | [0.159064   0.22469384 0.27115916] | [0.13640435 0.15690153 0.17076517] | [0.05       0.03555747 0.02882589] | [0.54698908 0.65148369 0.70939112] |
+-------+--------------------+-------------------+-------------------+------------------------------------+------------------------------------+------------------------------------+------------------------------------+
using time 25.8362s, training loss at epoch 46: 64.4873
using time 25.8961s, training loss at epoch 47: 63.8025
using time 25.9964s, training loss at epoch 48: 63.2906
using time 25.7595s, training loss at epoch 49: 62.7571
+-------+-------------------+-------------------+-------------------+------------------------------------+------------------------------------+------------------------------------+------------------------------------+
| Epoch |  training time(s) |   tesing time(s)  |        Loss       |               recall               |                ndcg                |             precision              |             hit_ratio              |
+-------+-------------------+-------------------+-------------------+------------------------------------+------------------------------------+------------------------------------+------------------------------------+
|   50  | 25.79496192932129 | 34.79266810417175 | 62.35774612426758 | [0.16145242 0.22751179 0.27477737] | [0.13831286 0.15895476 0.17305408] | [0.05066816 0.03594681 0.02919095] | [0.55244826 0.65580414 0.7135776 ] |
+-------+-------------------+-------------------+-------------------+------------------------------------+------------------------------------+------------------------------------+------------------------------------+
using time 25.8706s, training loss at epoch 51: 61.7963
using time 25.8016s, training loss at epoch 52: 61.3897
using time 26.1163s, training loss at epoch 53: 60.8041
using time 26.1524s, training loss at epoch 54: 60.2345
+-------+-------------------+-------------------+-------------------+------------------------------------+------------------------------------+------------------------------------+------------------------------------+
| Epoch |  training time(s) |   tesing time(s)  |        Loss       |               recall               |                ndcg                |             precision              |             hit_ratio              |
+-------+-------------------+-------------------+-------------------+------------------------------------+------------------------------------+------------------------------------+------------------------------------+
|   55  | 25.92131018638611 | 35.57432317733765 | 59.88627243041992 | [0.16347642 0.23036041 0.27804029] | [0.13992998 0.16087831 0.17513324] | [0.05118729 0.03637886 0.02954485] | [0.55552951 0.65992364 0.71679282] |
+-------+-------------------+-------------------+-------------------+------------------------------------+------------------------------------+------------------------------------+------------------------------------+
using time 25.9430s, training loss at epoch 56: 59.4889
using time 25.8961s, training loss at epoch 57: 58.9164
using time 25.8873s, training loss at epoch 58: 58.4517
using time 25.7784s, training loss at epoch 59: 57.8716
+-------+--------------------+--------------------+--------------------+------------------------------------+------------------------------------+------------------------------------+------------------------------------+
| Epoch |  training time(s)  |   tesing time(s)   |        Loss        |               recall               |                ndcg                |             precision              |             hit_ratio              |
+-------+--------------------+--------------------+--------------------+------------------------------------+------------------------------------+------------------------------------+------------------------------------+
|   60  | 25.662185430526733 | 35.573999643325806 | 57.427635192871094 | [0.16561207 0.23282329 0.28115223] | [0.14158466 0.16262412 0.17707844] | [0.05179181 0.03673136 0.02985297] | [0.55921361 0.66367473 0.72061089] |
+-------+--------------------+--------------------+--------------------+------------------------------------+------------------------------------+------------------------------------+------------------------------------+
using time 26.0969s, training loss at epoch 61: 56.9932
using time 25.7648s, training loss at epoch 62: 56.3506
using time 25.8597s, training loss at epoch 63: 56.1137
using time 25.9548s, training loss at epoch 64: 55.7549
+-------+-------------------+-------------------+-------------------+------------------------------------+------------------------------------+------------------------------------+------------------------------------+
| Epoch |  training time(s) |   tesing time(s)  |        Loss       |               recall               |                ndcg                |             precision              |             hit_ratio              |
+-------+-------------------+-------------------+-------------------+------------------------------------+------------------------------------+------------------------------------+------------------------------------+
|   65  | 26.00735092163086 | 35.58249521255493 | 55.34325408935547 | [0.16706179 0.23466019 0.28352448] | [0.14291772 0.16408692 0.17870706] | [0.05222386 0.03701437 0.03008853] | [0.56232835 0.66601916 0.72392659] |
+-------+-------------------+-------------------+-------------------+------------------------------------+------------------------------------+------------------------------------+------------------------------------+
using time 25.8836s, training loss at epoch 66: 54.7910
using time 25.7753s, training loss at epoch 67: 54.3938
using time 25.8926s, training loss at epoch 68: 54.0197
using time 26.2430s, training loss at epoch 69: 53.6049
+-------+--------------------+-------------------+-------------------+------------------------------------+------------------------------------+------------------------------------+------------------------------------+
| Epoch |  training time(s)  |   tesing time(s)  |        Loss       |               recall               |                ndcg                |             precision              |             hit_ratio              |
+-------+--------------------+-------------------+-------------------+------------------------------------+------------------------------------+------------------------------------+------------------------------------+
|   70  | 25.980908393859863 | 35.74274039268494 | 53.23417282104492 | [0.16867544 0.23654312 0.28595532] | [0.14461104 0.16580739 0.18057554] | [0.0527614  0.03727812 0.03029395] | [0.56510818 0.66859803 0.7271418 ] |
+-------+--------------------+-------------------+-------------------+------------------------------------+------------------------------------+------------------------------------+------------------------------------+
using time 26.0308s, training loss at epoch 71: 52.7993
using time 25.8347s, training loss at epoch 72: 52.4132
using time 25.1473s, training loss at epoch 73: 52.0410
using time 25.6080s, training loss at epoch 74: 51.6769
+-------+--------------------+-------------------+-------------------+------------------------------------+------------------------------------+------------------------------------+------------------------------------+
| Epoch |  training time(s)  |   tesing time(s)  |        Loss       |               recall               |                ndcg                |             precision              |             hit_ratio              |
+-------+--------------------+-------------------+-------------------+------------------------------------+------------------------------------+------------------------------------+------------------------------------+
|   75  | 26.060471296310425 | 35.65210795402527 | 51.13364028930664 | [0.16975694 0.23847484 0.2872928 ] | [0.14561689 0.16711384 0.18166168] | [0.05305111 0.03758624 0.03041842] | [0.56621341 0.67124389 0.72878291] |
+-------+--------------------+-------------------+-------------------+------------------------------------+------------------------------------+------------------------------------+------------------------------------+
using time 26.1585s, training loss at epoch 76: 50.9080
using time 25.7428s, training loss at epoch 77: 50.4293
using time 25.4134s, training loss at epoch 78: 50.1194
using time 25.6854s, training loss at epoch 79: 49.7003
+-------+-------------------+-------------------+-------------------+------------------------------------+------------------------------------+------------------------------------+------------------------------------+
| Epoch |  training time(s) |   tesing time(s)  |        Loss       |               recall               |                ndcg                |             precision              |             hit_ratio              |
+-------+-------------------+-------------------+-------------------+------------------------------------+------------------------------------+------------------------------------+------------------------------------+
|   80  | 25.57932448387146 | 35.96621131896973 | 49.38034439086914 | [0.17100895 0.23982715 0.28920981] | [0.14665919 0.16819634 0.18290447] | [0.05341617 0.03780813 0.03060989] | [0.56902673 0.67291848 0.7300221 ] |
+-------+-------------------+-------------------+-------------------+------------------------------------+------------------------------------+------------------------------------+------------------------------------+
using time 25.9895s, training loss at epoch 81: 49.0420
using time 25.8413s, training loss at epoch 82: 48.7391
using time 26.0823s, training loss at epoch 83: 48.2712
using time 26.1057s, training loss at epoch 84: 47.8056
+-------+--------------------+--------------------+-------------------+------------------------------------+------------------------------------+------------------------------------+------------------------------------+
| Epoch |  training time(s)  |   tesing time(s)   |        Loss       |               recall               |                ndcg                |             precision              |             hit_ratio              |
+-------+--------------------+--------------------+-------------------+------------------------------------+------------------------------------+------------------------------------+------------------------------------+
|   85  | 25.892860651016235 | 35.463804721832275 | 47.51997375488281 | [0.17183552 0.24068967 0.29033238] | [0.14742282 0.16896962 0.1838083 ] | [0.05365564 0.03793205 0.03076395] | [0.57039989 0.6740907  0.73079242] |
+-------+--------------------+--------------------+-------------------+------------------------------------+------------------------------------+------------------------------------+------------------------------------+
using time 26.4595s, training loss at epoch 86: 47.1187
using time 26.0700s, training loss at epoch 87: 46.8649
using time 25.7354s, training loss at epoch 88: 46.4168
using time 25.8692s, training loss at epoch 89: 46.2706
+-------+--------------------+-------------------+--------------------+------------------------------------+------------------------------------+------------------------------------+------------------------------------+
| Epoch |  training time(s)  |   tesing time(s)  |        Loss        |               recall               |                ndcg                |             precision              |             hit_ratio              |
+-------+--------------------+-------------------+--------------------+------------------------------------+------------------------------------+------------------------------------+------------------------------------+
|   90  | 25.266952514648438 | 35.10977816581726 | 45.771629333496094 | [0.17295374 0.2415895  0.29161713] | [0.14829248 0.16979115 0.18472881] | [0.05392357 0.03806266 0.03085438] | [0.57237591 0.6761337  0.73253399] |
+-------+--------------------+-------------------+--------------------+------------------------------------+------------------------------------+------------------------------------+------------------------------------+
using time 25.8212s, training loss at epoch 91: 45.6054
using time 25.7119s, training loss at epoch 92: 45.3250
using time 26.0461s, training loss at epoch 93: 44.9622
using time 25.5821s, training loss at epoch 94: 44.5141
+-------+------------------+--------------------+-------------------+------------------------------------+------------------------------------+------------------------------------+------------------------------------+
| Epoch | training time(s) |   tesing time(s)   |        Loss       |               recall               |                ndcg                |             precision              |             hit_ratio              |
+-------+------------------+--------------------+-------------------+------------------------------------+------------------------------------+------------------------------------+------------------------------------+
|   95  | 25.6999409198761 | 35.603692054748535 | 44.58414077758789 | [0.17346862 0.24265437 0.293013  ] | [0.1489173  0.17059602 0.18562005] | [0.05408098 0.03820835 0.03097495] | [0.57401701 0.67666957 0.73400764] |
+-------+------------------+--------------------+-------------------+------------------------------------+------------------------------------+------------------------------------+------------------------------------+
using time 26.1811s, training loss at epoch 96: 44.0739
using time 26.1984s, training loss at epoch 97: 43.7218
using time 25.5546s, training loss at epoch 98: 43.3133
using time 25.8911s, training loss at epoch 99: 43.0570
+-------+--------------------+-------------------+------------------+------------------------------------+------------------------------------+------------------------------------+------------------------------------+
| Epoch |  training time(s)  |   tesing time(s)  |       Loss       |               recall               |                ndcg                |             precision              |             hit_ratio              |
+-------+--------------------+-------------------+------------------+------------------------------------+------------------------------------+------------------------------------+------------------------------------+
|  100  | 26.158081531524658 | 36.15981912612915 | 42.8106575012207 | [0.17410789 0.24363145 0.2940415 ] | [0.14949186 0.17122291 0.18625266] | [0.05434724 0.03833562 0.03106705] | [0.57495479 0.67824369 0.73491192] |
+-------+--------------------+-------------------+------------------+------------------------------------+------------------------------------+------------------------------------+------------------------------------+
using time 26.1540s, training loss at epoch 101: 42.5515
using time 25.6489s, training loss at epoch 102: 42.2414
using time 26.0219s, training loss at epoch 103: 41.8664
using time 25.4923s, training loss at epoch 104: 41.4984
+-------+-------------------+-------------------+-------------------+------------------------------------+------------------------------------+------------------------------------+------------------------------------+
| Epoch |  training time(s) |   tesing time(s)  |        Loss       |               recall               |                ndcg                |             precision              |             hit_ratio              |
+-------+-------------------+-------------------+-------------------+------------------------------------+------------------------------------+------------------------------------+------------------------------------+
|  105  | 25.57870364189148 | 35.79899001121521 | 41.36759567260742 | [0.17496913 0.24437793 0.2950736 ] | [0.15010363 0.17179737 0.18689967] | [0.05455657 0.03845284 0.03116753] | [0.576127   0.67911448 0.73628508] |
+-------+-------------------+-------------------+-------------------+------------------------------------+------------------------------------+------------------------------------+------------------------------------+
using time 25.7203s, training loss at epoch 106: 41.2056
using time 26.2072s, training loss at epoch 107: 40.8873
using time 25.8729s, training loss at epoch 108: 40.4840
using time 25.7468s, training loss at epoch 109: 40.1795
+-------+--------------------+--------------------+-------------------+------------------------------------+------------------------------------+------------------------------------+------------------------------------+
| Epoch |  training time(s)  |   tesing time(s)   |        Loss       |               recall               |                ndcg                |             precision              |             hit_ratio              |
+-------+--------------------+--------------------+-------------------+------------------------------------+------------------------------------+------------------------------------+------------------------------------+
|  110  | 26.585777759552002 | 35.660988330841064 | 40.22987747192383 | [0.17522895 0.24490344 0.29521849] | [0.15034101 0.17213798 0.18714638] | [0.05462355 0.03852066 0.03119097] | [0.576127   0.67961685 0.73591667] |
+-------+--------------------+--------------------+-------------------+------------------------------------+------------------------------------+------------------------------------+------------------------------------+
using time 25.9435s, training loss at epoch 111: 39.8208
using time 25.4574s, training loss at epoch 112: 39.5475
using time 25.6220s, training loss at epoch 113: 39.2278
using time 25.8880s, training loss at epoch 114: 39.0080
+-------+--------------------+-------------------+-------------------+------------------------------------+------------------------------------+------------------------------------+------------------------------------+
| Epoch |  training time(s)  |   tesing time(s)  |        Loss       |               recall               |                ndcg                |             precision              |             hit_ratio              |
+-------+--------------------+-------------------+-------------------+------------------------------------+------------------------------------+------------------------------------+------------------------------------+
|  115  | 26.114176750183105 | 35.47555589675903 | 38.75044250488281 | [0.17563665 0.24554545 0.29596892] | [0.1507771  0.1726231  0.18767445] | [0.05472905 0.03856923 0.03123507] | [0.57766763 0.68005225 0.73755777] |
+-------+--------------------+-------------------+-------------------+------------------------------------+------------------------------------+------------------------------------+------------------------------------+
using time 25.9263s, training loss at epoch 116: 38.5444
using time 25.9287s, training loss at epoch 117: 38.3726
using time 25.9796s, training loss at epoch 118: 38.0158
using time 26.2350s, training loss at epoch 119: 37.6062
+-------+--------------------+--------------------+------------------+------------------------------------+------------------------------------+------------------------------------+------------------------------------+
| Epoch |  training time(s)  |   tesing time(s)   |       Loss       |               recall               |                ndcg                |             precision              |             hit_ratio              |
+-------+--------------------+--------------------+------------------+------------------------------------+------------------------------------+------------------------------------+------------------------------------+
|  120  | 25.389773845672607 | 35.456692934036255 | 37.6203727722168 | [0.17614455 0.24594695 0.29635228] | [0.15115595 0.17296916 0.18804675] | [0.05483622 0.03861109 0.0312948 ] | [0.57833746 0.68038717 0.7378592 ] |
+-------+--------------------+--------------------+------------------+------------------------------------+------------------------------------+------------------------------------+------------------------------------+
using time 26.0595s, training loss at epoch 121: 37.4444
using time 26.0993s, training loss at epoch 122: 37.0469
using time 25.8058s, training loss at epoch 123: 36.9515
using time 25.9110s, training loss at epoch 124: 36.5878
+-------+-------------------+--------------------+-------------------+------------------------------------+------------------------------------+------------------------------------+------------------------------------+
| Epoch |  training time(s) |   tesing time(s)   |        Loss       |               recall               |                ndcg                |             precision              |             hit_ratio              |
+-------+-------------------+--------------------+-------------------+------------------------------------+------------------------------------+------------------------------------+------------------------------------+
|  125  | 25.97481393814087 | 35.649911642074585 | 36.52580642700195 | [0.17633341 0.24666381 0.29716606] | [0.1514306  0.17338645 0.18847911] | [0.05494172 0.03870571 0.03135787] | [0.57857191 0.68142541 0.738663  ] |
+-------+-------------------+--------------------+-------------------+------------------------------------+------------------------------------+------------------------------------+------------------------------------+
using time 25.9928s, training loss at epoch 126: 36.3133
using time 26.3522s, training loss at epoch 127: 35.9842
using time 25.6259s, training loss at epoch 128: 35.7993
using time 26.1486s, training loss at epoch 129: 35.6632
+-------+--------------------+--------------------+--------------------+------------------------------------+------------------------------------+------------------------------------+------------------------------------+
| Epoch |  training time(s)  |   tesing time(s)   |        Loss        |               recall               |                ndcg                |             precision              |             hit_ratio              |
+-------+--------------------+--------------------+--------------------+------------------------------------+------------------------------------+------------------------------------+------------------------------------+
|  130  | 25.399369478225708 | 35.619752168655396 | 35.264808654785156 | [0.17649189 0.24674459 0.29728046] | [0.1515927  0.17360101 0.18868001] | [0.05490321 0.03873501 0.03133666] | [0.57910778 0.68179382 0.73812714] |
+-------+--------------------+--------------------+--------------------+------------------------------------+------------------------------------+------------------------------------+------------------------------------+
using time 26.2094s, training loss at epoch 131: 35.2100
using time 25.8202s, training loss at epoch 132: 34.7667
using time 26.1172s, training loss at epoch 133: 34.8210
using time 25.4890s, training loss at epoch 134: 34.6220
+-------+--------------------+-------------------+-------------------+------------------------------------+------------------------------------+------------------------------------+------------------------------------+
| Epoch |  training time(s)  |   tesing time(s)  |        Loss       |               recall               |                ndcg                |             precision              |             hit_ratio              |
+-------+--------------------+-------------------+-------------------+------------------------------------+------------------------------------+------------------------------------+------------------------------------+
|  135  | 25.432816982269287 | 35.25068497657776 | 34.45086669921875 | [0.17664895 0.2472655  0.29754364] | [0.15172317 0.1738592  0.18884799] | [0.05494172 0.03880786 0.03135173] | [0.57843794 0.68199478 0.73849555] |
+-------+--------------------+-------------------+-------------------+------------------------------------+------------------------------------+------------------------------------+------------------------------------+
using time 25.6535s, training loss at epoch 136: 34.2674
using time 25.5055s, training loss at epoch 137: 34.0696
using time 26.3224s, training loss at epoch 138: 33.7634
using time 25.6445s, training loss at epoch 139: 33.5524
+-------+--------------------+-------------------+-------------------+------------------------------------+------------------------------------+------------------------------------+------------------------------------+
| Epoch |  training time(s)  |   tesing time(s)  |        Loss       |               recall               |                ndcg                |             precision              |             hit_ratio              |
+-------+--------------------+-------------------+-------------------+------------------------------------+------------------------------------+------------------------------------+------------------------------------+
|  140  | 25.994812726974487 | 35.61574959754944 | 33.35068893432617 | [0.17710758 0.2479662  0.29784135] | [0.15194794 0.17413742 0.18901124] | [0.05505895 0.03887484 0.03136848] | [0.57987809 0.68256414 0.73893094] |
+-------+--------------------+-------------------+-------------------+------------------------------------+------------------------------------+------------------------------------+------------------------------------+
using time 26.1394s, training loss at epoch 141: 33.2399
using time 25.8745s, training loss at epoch 142: 33.1116
using time 25.5288s, training loss at epoch 143: 32.9113
using time 25.8544s, training loss at epoch 144: 32.5922
+-------+-------------------+-------------------+------------------+------------------------------------+------------------------------------+------------------------------------+------------------------------------+
| Epoch |  training time(s) |   tesing time(s)  |       Loss       |               recall               |                ndcg                |             precision              |             hit_ratio              |
+-------+-------------------+-------------------+------------------+------------------------------------+------------------------------------+------------------------------------+------------------------------------+
|  145  | 26.15170454978943 | 35.50976228713989 | 32.4904670715332 | [0.17731688 0.24799422 0.29813879] | [0.15209157 0.17425187 0.18917403] | [0.05510416 0.0389008  0.03136513] | [0.5798446  0.68209525 0.73929935] |
+-------+-------------------+-------------------+------------------+------------------------------------+------------------------------------+------------------------------------+------------------------------------+
using time 26.2049s, training loss at epoch 146: 32.3479
using time 26.0749s, training loss at epoch 147: 32.2244
using time 25.8403s, training loss at epoch 148: 32.0538
using time 26.2186s, training loss at epoch 149: 31.8038
+-------+--------------------+-------------------+--------------------+------------------------------------+------------------------------------+------------------------------------+------------------------------------+
| Epoch |  training time(s)  |   tesing time(s)  |        Loss        |               recall               |                ndcg                |             precision              |             hit_ratio              |
+-------+--------------------+-------------------+--------------------+------------------------------------+------------------------------------+------------------------------------+------------------------------------+
|  150  | 25.903323888778687 | 35.46289324760437 | 31.660615921020508 | [0.17750343 0.24815946 0.29817362] | [0.15204365 0.17419474 0.18912435] | [0.05511588 0.03888573 0.03138299] | [0.57997857 0.68226271 0.73852904] |
+-------+--------------------+-------------------+--------------------+------------------------------------+------------------------------------+------------------------------------+------------------------------------+
using time 25.5535s, training loss at epoch 151: 31.4658
using time 25.7786s, training loss at epoch 152: 31.3527
using time 25.6518s, training loss at epoch 153: 31.2153
using time 25.8824s, training loss at epoch 154: 30.9945
+-------+--------------------+--------------------+-------------------+------------------------------------+------------------------------------+------------------------------------+------------------------------------+
| Epoch |  training time(s)  |   tesing time(s)   |        Loss       |               recall               |                ndcg                |             precision              |             hit_ratio              |
+-------+--------------------+--------------------+-------------------+------------------------------------+------------------------------------+------------------------------------+------------------------------------+
|  155  | 25.749720096588135 | 35.535370111465454 | 30.78020477294922 | [0.17755977 0.24837319 0.29840134] | [0.15208811 0.17428    0.18922523] | [0.05509076 0.03886479 0.03138355] | [0.57950968 0.68239668 0.73886396] |
+-------+--------------------+--------------------+-------------------+------------------------------------+------------------------------------+------------------------------------+------------------------------------+
using time 26.2232s, training loss at epoch 156: 30.6133
using time 25.9325s, training loss at epoch 157: 30.5841
using time 25.7498s, training loss at epoch 158: 30.3754
using time 25.7150s, training loss at epoch 159: 30.2033
+-------+--------------------+-------------------+-------------------+------------------------------------+------------------------------------+------------------------------------+------------------------------------+
| Epoch |  training time(s)  |   tesing time(s)  |        Loss       |               recall               |                ndcg                |             precision              |             hit_ratio              |
+-------+--------------------+-------------------+-------------------+------------------------------------+------------------------------------+------------------------------------+------------------------------------+
|  160  | 25.931904077529907 | 36.10394048690796 | 30.07889175415039 | [0.17796231 0.24820951 0.29862352] | [0.15231168 0.17433495 0.18939591] | [0.05514602 0.03882628 0.03139136] | [0.58041396 0.68122446 0.73822761] |
+-------+--------------------+-------------------+-------------------+------------------------------------+------------------------------------+------------------------------------+------------------------------------+
using time 25.9796s, training loss at epoch 161: 29.9219
using time 25.7649s, training loss at epoch 162: 29.9224
using time 25.6421s, training loss at epoch 163: 29.7265
using time 25.7877s, training loss at epoch 164: 29.5147
+-------+--------------------+--------------------+--------------------+------------------------------------+------------------------------------+------------------------------------+------------------------------------+
| Epoch |  training time(s)  |   tesing time(s)   |        Loss        |               recall               |                ndcg                |             precision              |             hit_ratio              |
+-------+--------------------+--------------------+--------------------+------------------------------------+------------------------------------+------------------------------------+------------------------------------+
|  165  | 26.013794660568237 | 35.839980363845825 | 29.441356658935547 | [0.17775762 0.24881205 0.29870867] | [0.15230264 0.17456688 0.18947655] | [0.05510918 0.03888573 0.03138411] | [0.57954317 0.68289906 0.73849555] |
+-------+--------------------+--------------------+--------------------+------------------------------------+------------------------------------+------------------------------------+------------------------------------+
using time 25.9678s, training loss at epoch 166: 29.1909
using time 25.8830s, training loss at epoch 167: 29.0126
using time 25.8641s, training loss at epoch 168: 29.0327
using time 26.2434s, training loss at epoch 169: 28.7439
+-------+-------------------+-------------------+-------------------+------------------------------------+------------------------------------+------------------------------------+------------------------------------+
| Epoch |  training time(s) |   tesing time(s)  |        Loss       |               recall               |                ndcg                |             precision              |             hit_ratio              |
+-------+-------------------+-------------------+-------------------+------------------------------------+------------------------------------+------------------------------------+------------------------------------+
|  170  | 25.85567593574524 | 35.80596733093262 | 28.70047950744629 | [0.17747421 0.24869692 0.29889063] | [0.15216654 0.17451836 0.18951535] | [0.05499699 0.03886647 0.03138913] | [0.57917476 0.6826981  0.73876348] |
+-------+-------------------+-------------------+-------------------+------------------------------------+------------------------------------+------------------------------------+------------------------------------+
using time 25.6505s, training loss at epoch 171: 28.5701
using time 25.9551s, training loss at epoch 172: 28.6124
using time 26.0986s, training loss at epoch 173: 28.2593
using time 25.9319s, training loss at epoch 174: 28.2860
+-------+-------------------+-------------------+--------------------+------------------------------------+------------------------------------+------------------------------------+------------------------------------+
| Epoch |  training time(s) |   tesing time(s)  |        Loss        |               recall               |                ndcg                |             precision              |             hit_ratio              |
+-------+-------------------+-------------------+--------------------+------------------------------------+------------------------------------+------------------------------------+------------------------------------+
|  175  | 27.15460705757141 | 56.95013689994812 | 28.089290618896484 | [0.17760856 0.24851622 0.29889291] | [0.15221072 0.17444847 0.18948232] | [0.05506732 0.03884888 0.03135731] | [0.57937571 0.68176033 0.73862951] |
+-------+-------------------+-------------------+--------------------+------------------------------------+------------------------------------+------------------------------------+------------------------------------+
using time 27.4146s, training loss at epoch 176: 28.0535
using time 27.0613s, training loss at epoch 177: 27.9618
using time 27.1194s, training loss at epoch 178: 27.6793
using time 27.2680s, training loss at epoch 179: 27.5902
+-------+------------------+--------------------+--------------------+------------------------------------+------------------------------------+------------------------------------+------------------------------------+
| Epoch | training time(s) |   tesing time(s)   |        Loss        |               recall               |                ndcg                |             precision              |             hit_ratio              |
+-------+------------------+--------------------+--------------------+------------------------------------+------------------------------------+------------------------------------+------------------------------------+
|  180  | 31.2557475566864 | 39.672600746154785 | 27.497377395629883 | [0.17777551 0.24840383 0.29875442] | [0.15240316 0.17454142 0.18959811] | [0.05505057 0.03878692 0.03134671] | [0.57914127 0.68165986 0.73906491] |
+-------+------------------+--------------------+--------------------+------------------------------------+------------------------------------+------------------------------------+------------------------------------+
using time 26.5323s, training loss at epoch 181: 27.3218
using time 27.0938s, training loss at epoch 182: 27.2793
using time 27.1527s, training loss at epoch 183: 27.0761
using time 30.0435s, training loss at epoch 184: 26.9603
+-------+--------------------+--------------------+--------------------+------------------------------------+------------------------------------+------------------------------------+------------------------------------+
| Epoch |  training time(s)  |   tesing time(s)   |        Loss        |               recall               |                ndcg                |             precision              |             hit_ratio              |
+-------+--------------------+--------------------+--------------------+------------------------------------+------------------------------------+------------------------------------+------------------------------------+
|  185  | 29.605775594711304 | 36.215259075164795 | 26.981149673461914 | [0.17786654 0.24855081 0.29894128] | [0.15245364 0.17460226 0.18965016] | [0.05506229 0.03879781 0.03132271] | [0.57877286 0.68209525 0.73889745] |
+-------+--------------------+--------------------+--------------------+------------------------------------+------------------------------------+------------------------------------+------------------------------------+
using time 26.9358s, training loss at epoch 186: 26.8407
using time 26.5162s, training loss at epoch 187: 26.6165
using time 28.4971s, training loss at epoch 188: 26.4359
using time 30.7400s, training loss at epoch 189: 26.4190
+-------+-------------------+-------------------+--------------------+------------------------------------+------------------------------------+------------------------------------+------------------------------------+
| Epoch |  training time(s) |   tesing time(s)  |        Loss        |               recall               |                ndcg                |             precision              |             hit_ratio              |
+-------+-------------------+-------------------+--------------------+------------------------------------+------------------------------------+------------------------------------+------------------------------------+
|  190  | 26.75939702987671 | 36.61306071281433 | 26.270185470581055 | [0.17766077 0.24831424 0.29861309] | [0.15226042 0.17444104 0.189443  ] | [0.05497522 0.03875427 0.03127526] | [0.5786054  0.6818943  0.73856253] |
+-------+-------------------+-------------------+--------------------+------------------------------------+------------------------------------+------------------------------------+------------------------------------+
using time 26.9019s, training loss at epoch 191: 26.2546
using time 27.1085s, training loss at epoch 192: 26.0339
using time 31.5897s, training loss at epoch 193: 26.0392
using time 27.2809s, training loss at epoch 194: 25.9411
+-------+--------------------+-------------------+--------------------+------------------------------------+------------------------------------+------------------------------------+------------------------------------+
| Epoch |  training time(s)  |   tesing time(s)  |        Loss        |               recall               |                ndcg                |             precision              |             hit_ratio              |
+-------+--------------------+-------------------+--------------------+------------------------------------+------------------------------------+------------------------------------+------------------------------------+
|  195  | 27.043804168701172 | 36.10701537132263 | 25.600093841552734 | [0.1779476  0.24827897 0.29856615] | [0.15228775 0.17436854 0.18935624] | [0.05503383 0.03875176 0.03127303] | [0.5798446  0.68085605 0.73839507] |
+-------+--------------------+-------------------+--------------------+------------------------------------+------------------------------------+------------------------------------+------------------------------------+
using time 27.0554s, training loss at epoch 196: 25.6460
using time 30.6795s, training loss at epoch 197: 25.5151
using time 28.8581s, training loss at epoch 198: 25.4533
using time 26.9239s, training loss at epoch 199: 25.3377
+-------+-------------------+-------------------+--------------------+------------------------------------+------------------------------------+------------------------------------+------------------------------------+
| Epoch |  training time(s) |   tesing time(s)  |        Loss        |               recall               |                ndcg                |             precision              |             hit_ratio              |
+-------+-------------------+-------------------+--------------------+------------------------------------+------------------------------------+------------------------------------+------------------------------------+
|  200  | 27.10096573829651 | 36.49796509742737 | 25.296953201293945 | [0.17815778 0.24788311 0.29826156] | [0.15229787 0.17421851 0.18921997] | [0.05499531 0.03868896 0.0312133 ] | [0.58041396 0.68135843 0.73789269] |
+-------+-------------------+-------------------+--------------------+------------------------------------+------------------------------------+------------------------------------+------------------------------------+
using time 28.8920s, training loss at epoch 201: 25.2653
using time 29.9128s, training loss at epoch 202: 25.1128
using time 26.9114s, training loss at epoch 203: 24.9240
using time 26.8127s, training loss at epoch 204: 24.8934
+-------+--------------------+--------------------+--------------------+------------------------------------+------------------------------------+------------------------------------+------------------------------------+
| Epoch |  training time(s)  |   tesing time(s)   |        Loss        |               recall               |                ndcg                |             precision              |             hit_ratio              |
+-------+--------------------+--------------------+--------------------+------------------------------------+------------------------------------+------------------------------------+------------------------------------+
|  205  | 26.438918113708496 | 38.290491819381714 | 24.936399459838867 | [0.17833564 0.2479871  0.29799004] | [0.15241192 0.1742883  0.1891687 ] | [0.05501876 0.03868226 0.03116529] | [0.57987809 0.68152589 0.73765825] |
+-------+--------------------+--------------------+--------------------+------------------------------------+------------------------------------+------------------------------------+------------------------------------+
using time 31.5725s, training loss at epoch 206: 24.7866
using time 26.8224s, training loss at epoch 207: 24.6720
using time 26.7733s, training loss at epoch 208: 24.5319
using time 26.8316s, training loss at epoch 209: 24.5219
+-------+--------------------+--------------------+-----------------+------------------------------------+------------------------------------+------------------------------------+------------------------------------+
| Epoch |  training time(s)  |   tesing time(s)   |       Loss      |               recall               |                ndcg                |             precision              |             hit_ratio              |
+-------+--------------------+--------------------+-----------------+------------------------------------+------------------------------------+------------------------------------+------------------------------------+
|  210  | 27.408671617507935 | 57.529786348342896 | 24.331298828125 | [0.17819341 0.24735039 0.2977189 ] | [0.1522282  0.17395986 0.18893969] | [0.0549501  0.03858095 0.03112343] | [0.5798446  0.68028669 0.73759127] |
+-------+--------------------+--------------------+-----------------+------------------------------------+------------------------------------+------------------------------------+------------------------------------+
using time 28.4734s, training loss at epoch 211: 24.1568
using time 26.8864s, training loss at epoch 212: 24.1144
using time 27.2692s, training loss at epoch 213: 24.0899
using time 27.0674s, training loss at epoch 214: 23.9596
+-------+--------------------+-------------------+--------------------+------------------------------------+------------------------------------+------------------------------------+------------------------------------+
| Epoch |  training time(s)  |   tesing time(s)  |        Loss        |               recall               |                ndcg                |             precision              |             hit_ratio              |
+-------+--------------------+-------------------+--------------------+------------------------------------+------------------------------------+------------------------------------+------------------------------------+
|  215  | 29.417322874069214 | 47.60603165626526 | 24.026620864868164 | [0.1780991  0.24714663 0.29727271] | [0.15205138 0.17373269 0.18865094] | [0.05492498 0.03853322 0.03107598] | [0.57967714 0.67968384 0.73692143] |
+-------+--------------------+-------------------+--------------------+------------------------------------+------------------------------------+------------------------------------+------------------------------------+
using time 26.7092s, training loss at epoch 216: 23.9351
using time 26.8842s, training loss at epoch 217: 23.7739
using time 27.0135s, training loss at epoch 218: 23.7013
using time 28.1752s, training loss at epoch 219: 23.6963
+-------+--------------------+-------------------+--------------------+------------------------------------+------------------------------------+------------------------------------+------------------------------------+
| Epoch |  training time(s)  |   tesing time(s)  |        Loss        |               recall               |                ndcg                |             precision              |             hit_ratio              |
+-------+--------------------+-------------------+--------------------+------------------------------------+------------------------------------+------------------------------------+------------------------------------+
|  220  | 31.665489196777344 | 36.57475972175598 | 23.591650009155273 | [0.17774347 0.24720356 0.29721537] | [0.15190404 0.17367899 0.18858499] | [0.05489149 0.03850894 0.03107375] | [0.57853842 0.67978431 0.73732333] |
+-------+--------------------+-------------------+--------------------+------------------------------------+------------------------------------+------------------------------------+------------------------------------+
using time 26.7628s, training loss at epoch 221: 23.5850
using time 26.9627s, training loss at epoch 222: 23.4996
using time 27.0276s, training loss at epoch 223: 23.3483
using time 31.3010s, training loss at epoch 224: 23.2569
+-------+--------------------+--------------------+-------------------+------------------------------------+------------------------------------+------------------------------------+------------------------------------+
| Epoch |  training time(s)  |   tesing time(s)   |        Loss       |               recall               |                ndcg                |             precision              |             hit_ratio              |
+-------+--------------------+--------------------+-------------------+------------------------------------+------------------------------------+------------------------------------+------------------------------------+
|  225  | 27.340335369110107 | 36.363863945007324 | 23.13446807861328 | [0.17717054 0.24633585 0.2968882 ] | [0.15155882 0.17330438 0.18833693] | [0.05466542 0.03840177 0.03101067] | [0.57830397 0.67824369 0.73695492] |
+-------+--------------------+--------------------+-------------------+------------------------------------+------------------------------------+------------------------------------+------------------------------------+
using time 26.8867s, training loss at epoch 226: 23.0692
using time 26.6918s, training loss at epoch 227: 22.9896
using time 30.8292s, training loss at epoch 228: 23.0256
using time 29.1155s, training loss at epoch 229: 22.8900
+-------+-------------------+--------------------+--------------------+------------------------------------+------------------------------------+------------------------------------+------------------------------------+
| Epoch |  training time(s) |   tesing time(s)   |        Loss        |               recall               |                ndcg                |             precision              |             hit_ratio              |
+-------+-------------------+--------------------+--------------------+------------------------------------+------------------------------------+------------------------------------+------------------------------------+
|  230  | 26.91124200820923 | 36.413689374923706 | 22.841157913208008 | [0.17707041 0.24626969 0.29635574] | [0.1514609  0.1731845  0.18809619] | [0.05465704 0.0383666  0.0309515 ] | [0.57716525 0.67787528 0.73605064] |
+-------+-------------------+--------------------+--------------------+------------------------------------+------------------------------------+------------------------------------+------------------------------------+
using time 26.8892s, training loss at epoch 231: 22.7819
using time 30.3063s, training loss at epoch 232: 22.6224
using time 29.8885s, training loss at epoch 233: 22.5759
using time 26.8467s, training loss at epoch 234: 22.5242
+-------+--------------------+------------------+-------------------+------------------------------------+------------------------------------+------------------------------------+------------------------------------+
| Epoch |  training time(s)  |  tesing time(s)  |        Loss       |               recall               |                ndcg                |             precision              |             hit_ratio              |
+-------+--------------------+------------------+-------------------+------------------------------------+------------------------------------+------------------------------------+------------------------------------+
|  235  | 27.014617443084717 | 35.8004047870636 | 22.55818748474121 | [0.17726616 0.24618237 0.29605948] | [0.15145823 0.17312397 0.18797905] | [0.05460848 0.03834483 0.03093253] | [0.57723223 0.67837765 0.73528033] |
+-------+--------------------+------------------+-------------------+------------------------------------+------------------------------------+------------------------------------+------------------------------------+
using time 27.7819s, training loss at epoch 236: 22.3147
using time 31.1839s, training loss at epoch 237: 22.3023
using time 26.8135s, training loss at epoch 238: 22.3063
using time 27.2675s, training loss at epoch 239: 22.2663
+-------+--------------------+--------------------+--------------------+------------------------------------+------------------------------------+------------------------------------+------------------------------------+
| Epoch |  training time(s)  |   tesing time(s)   |        Loss        |               recall               |                ndcg                |             precision              |             hit_ratio              |
+-------+--------------------+--------------------+--------------------+------------------------------------+------------------------------------+------------------------------------+------------------------------------+
|  240  | 27.219938278198242 | 36.407814741134644 | 22.074565887451172 | [0.17696839 0.24627474 0.29564559] | [0.1513959  0.17311879 0.18783948] | [0.05460011 0.03830632 0.03087447] | [0.57683033 0.67821019 0.73491192] |
+-------+--------------------+--------------------+--------------------+------------------------------------+------------------------------------+------------------------------------+------------------------------------+
using time 30.9787s, training loss at epoch 241: 22.2057
using time 27.8425s, training loss at epoch 242: 22.0357
using time 26.7823s, training loss at epoch 243: 22.0683
using time 27.0724s, training loss at epoch 244: 21.9608
+-------+-------------------+-------------------+--------------------+------------------------------------+------------------------------------+------------------------------------+------------------------------------+
| Epoch |  training time(s) |   tesing time(s)  |        Loss        |               recall               |                ndcg                |             precision              |             hit_ratio              |
+-------+-------------------+-------------------+--------------------+------------------------------------+------------------------------------+------------------------------------+------------------------------------+
|  245  | 26.87569499015808 | 45.82396388053894 | 21.874631881713867 | [0.17689041 0.24578038 0.29521157] | [0.15120419 0.17285319 0.18755625] | [0.05452308 0.03827031 0.0308114 ] | [0.5769643  0.67730591 0.73400764] |
+-------+-------------------+-------------------+--------------------+------------------------------------+------------------------------------+------------------------------------+------------------------------------+
using time 29.4890s, training loss at epoch 246: 21.7707
using time 26.8110s, training loss at epoch 247: 21.8036
using time 26.6943s, training loss at epoch 248: 21.6101
using time 27.1998s, training loss at epoch 249: 21.5662
+-------+--------------------+--------------------+-------------------+------------------------------------+------------------------------------+------------------------------------+------------------------------------+
| Epoch |  training time(s)  |   tesing time(s)   |        Loss       |               recall               |                ndcg                |             precision              |             hit_ratio              |
+-------+--------------------+--------------------+-------------------+------------------------------------+------------------------------------+------------------------------------+------------------------------------+
|  250  | 27.023075580596924 | 56.774845600128174 | 21.48307228088379 | [0.17663175 0.24633539 0.29484265] | [0.15100937 0.17289901 0.18738184] | [0.05441088 0.03828622 0.03079856] | [0.57683033 0.67864559 0.73327082] |
+-------+--------------------+--------------------+-------------------+------------------------------------+------------------------------------+------------------------------------+------------------------------------+
using time 26.7367s, training loss at epoch 251: 21.4831
using time 26.9411s, training loss at epoch 252: 21.4474
using time 26.9821s, training loss at epoch 253: 21.3783
using time 26.7537s, training loss at epoch 254: 21.3081
+-------+--------------------+-------------------+-------------------+------------------------------------+------------------------------------+------------------------------------+------------------------------------+
| Epoch |  training time(s)  |   tesing time(s)  |        Loss       |               recall               |                ndcg                |             precision              |             hit_ratio              |
+-------+--------------------+-------------------+-------------------+------------------------------------+------------------------------------+------------------------------------+------------------------------------+
|  255  | 31.982627153396606 | 41.70150446891785 | 21.35735511779785 | [0.17650911 0.24606762 0.29439821] | [0.15083353 0.17267146 0.18712686] | [0.05434557 0.03821589 0.03076451] | [0.57549066 0.67807623 0.7329024 ] |
+-------+--------------------+-------------------+-------------------+------------------------------------+------------------------------------+------------------------------------+------------------------------------+
Early stopping is trigger at step: 10 log:0.17650911348325837
early stopping at 255, recall@20:0.1783
