reading train and test user-item set ...
building the adj mat ...
loading over ...
start training ...
+-------+--------------------+--------------------+--------------------+------------------------------------+------------------------------------+------------------------------------+------------------------------------+
| Epoch |  training time(s)  |   tesing time(s)   |        Loss        |               recall               |                ndcg                |             precision              |             hit_ratio              |
+-------+--------------------+--------------------+--------------------+------------------------------------+------------------------------------+------------------------------------+------------------------------------+
|   0   | 28.522766590118408 | 34.728116512298584 | 136.59796142578125 | [0.0408895  0.05700605 0.07106038] | [0.03218294 0.03722052 0.0412874 ] | [0.01374673 0.00987508 0.00803805] | [0.20101815 0.25972939 0.30109183] |
+-------+--------------------+--------------------+--------------------+------------------------------------+------------------------------------+------------------------------------+------------------------------------+
using time 27.3813s, training loss at epoch 1: 135.0446
using time 27.3481s, training loss at epoch 2: 131.9888
using time 27.5779s, training loss at epoch 3: 129.0959
using time 27.2493s, training loss at epoch 4: 126.7823
+-------+-------------------+--------------------+--------------------+------------------------------------+------------------------------------+------------------------------------+------------------------------------+
| Epoch |  training time(s) |   tesing time(s)   |        Loss        |               recall               |                ndcg                |             precision              |             hit_ratio              |
+-------+-------------------+--------------------+--------------------+------------------------------------+------------------------------------+------------------------------------+------------------------------------+
|   5   | 27.25160264968872 | 35.307563066482544 | 124.94364166259766 | [0.1153114  0.16242282 0.19962182] | [0.09818393 0.11290137 0.12403181] | [0.03669033 0.02617138 0.02158941] | [0.44406859 0.5444437  0.60760935] |
+-------+-------------------+--------------------+--------------------+------------------------------------+------------------------------------+------------------------------------+------------------------------------+
using time 27.3299s, training loss at epoch 6: 123.2984
using time 27.1788s, training loss at epoch 7: 121.7906
using time 26.9489s, training loss at epoch 8: 120.4673
using time 27.1737s, training loss at epoch 9: 119.1280
+-------+-------------------+-------------------+--------------------+------------------------------------+------------------------------------+------------------------------------+------------------------------------+
| Epoch |  training time(s) |   tesing time(s)  |        Loss        |               recall               |                ndcg                |             precision              |             hit_ratio              |
+-------+-------------------+-------------------+--------------------+------------------------------------+------------------------------------+------------------------------------+------------------------------------+
|   10  | 26.95423698425293 | 35.48885369300842 | 117.86870574951172 | [0.12147558 0.17237042 0.21198883] | [0.10419368 0.12008103 0.13193842] | [0.0385776  0.02765674 0.02283308] | [0.46185277 0.5662469  0.62904414] |
+-------+-------------------+-------------------+--------------------+------------------------------------+------------------------------------+------------------------------------+------------------------------------+
using time 27.3772s, training loss at epoch 11: 116.7140
using time 27.2173s, training loss at epoch 12: 115.5781
using time 26.9489s, training loss at epoch 13: 114.5037
using time 27.0689s, training loss at epoch 14: 113.4099
+-------+--------------------+------------------+--------------------+------------------------------------+------------------------------------+------------------------------------+------------------------------------+
| Epoch |  training time(s)  |  tesing time(s)  |        Loss        |               recall               |                ndcg                |             precision              |             hit_ratio              |
+-------+--------------------+------------------+--------------------+------------------------------------+------------------------------------+------------------------------------+------------------------------------+
|   15  | 27.109790325164795 | 35.5384840965271 | 112.36495971679688 | [0.12408955 0.17667168 0.21599216] | [0.10697754 0.12332077 0.13511002] | [0.0395204  0.02830648 0.02328354] | [0.47015875 0.57639494 0.63771853] |
+-------+--------------------+------------------+--------------------+------------------------------------+------------------------------------+------------------------------------+------------------------------------+
using time 27.1502s, training loss at epoch 16: 111.4450
using time 27.2271s, training loss at epoch 17: 110.4791
using time 27.2305s, training loss at epoch 18: 109.5875
using time 27.2593s, training loss at epoch 19: 108.7156
+-------+--------------------+-------------------+--------------------+------------------------------------+------------------------------------+------------------------------------+------------------------------------+
| Epoch |  training time(s)  |   tesing time(s)  |        Loss        |               recall               |                ndcg                |             precision              |             hit_ratio              |
+-------+--------------------+-------------------+--------------------+------------------------------------+------------------------------------+------------------------------------+------------------------------------+
|   20  | 26.999942541122437 | 35.82766556739807 | 107.86573791503906 | [0.12626909 0.17977671 0.21851457] | [0.1091132  0.12581298 0.13743912] | [0.04021368 0.02887333 0.0236006 ] | [0.47692411 0.58295934 0.64264184] |
+-------+--------------------+-------------------+--------------------+------------------------------------+------------------------------------+------------------------------------+------------------------------------+
using time 27.2644s, training loss at epoch 21: 107.0400
using time 26.9731s, training loss at epoch 22: 106.2498
using time 27.2816s, training loss at epoch 23: 105.4390
using time 26.9118s, training loss at epoch 24: 104.6409
+-------+-------------------+-------------------+--------------------+------------------------------------+------------------------------------+------------------------------------+------------------------------------+
| Epoch |  training time(s) |   tesing time(s)  |        Loss        |               recall               |                ndcg                |             precision              |             hit_ratio              |
+-------+-------------------+-------------------+--------------------+------------------------------------+------------------------------------+------------------------------------+------------------------------------+
|   25  | 26.95444893836975 | 35.48901391029358 | 103.90437316894531 | [0.1284806  0.18248528 0.22195965] | [0.11082985 0.12767188 0.13947026] | [0.04099739 0.02937069 0.02399748] | [0.48338804 0.58855248 0.64846942] |
+-------+-------------------+-------------------+--------------------+------------------------------------+------------------------------------+------------------------------------+------------------------------------+
using time 27.1731s, training loss at epoch 26: 103.2685
using time 27.2611s, training loss at epoch 27: 102.4889
using time 26.9685s, training loss at epoch 28: 101.7707
using time 26.7340s, training loss at epoch 29: 101.1387
+-------+--------------------+-------------------+--------------------+------------------------------------+------------------------------------+------------------------------------+------------------------------------+
| Epoch |  training time(s)  |   tesing time(s)  |        Loss        |               recall               |                ndcg                |             precision              |             hit_ratio              |
+-------+--------------------+-------------------+--------------------+------------------------------------+------------------------------------+------------------------------------+------------------------------------+
|   30  | 27.011796474456787 | 35.89063358306885 | 100.56607818603516 | [0.13083698 0.18533386 0.22559736] | [0.11301072 0.12999631 0.14205909] | [0.04174593 0.02981948 0.02441836] | [0.49001943 0.59501641 0.65496684] |
+-------+--------------------+-------------------+--------------------+------------------------------------+------------------------------------+------------------------------------+------------------------------------+
using time 27.0914s, training loss at epoch 31: 99.7515
using time 26.8862s, training loss at epoch 32: 99.1938
using time 27.1502s, training loss at epoch 33: 98.5104
using time 26.9035s, training loss at epoch 34: 97.9493
+-------+-------------------+-------------------+-------------------+------------------------------------+------------------------------------+------------------------------------+------------------------------------+
| Epoch |  training time(s) |   tesing time(s)  |        Loss       |               recall               |                ndcg                |             precision              |             hit_ratio              |
+-------+-------------------+-------------------+-------------------+------------------------------------+------------------------------------+------------------------------------+------------------------------------+
|   35  | 27.19318723678589 | 35.74276614189148 | 97.34864807128906 | [0.13270638 0.18768376 0.22812819] | [0.11438998 0.13155014 0.14367331] | [0.0422885  0.03022054 0.02470416] | [0.49531114 0.59953781 0.65898587] |
+-------+-------------------+-------------------+-------------------+------------------------------------+------------------------------------+------------------------------------+------------------------------------+
using time 27.1360s, training loss at epoch 36: 96.7109
using time 27.3143s, training loss at epoch 37: 96.2511
using time 27.1763s, training loss at epoch 38: 95.6031
using time 27.0931s, training loss at epoch 39: 95.0138
+-------+--------------------+-------------------+-----------------+------------------------------------+------------------------------------+------------------------------------+------------------------------------+
| Epoch |  training time(s)  |   tesing time(s)  |       Loss      |               recall               |                ndcg                |             precision              |             hit_ratio              |
+-------+--------------------+-------------------+-----------------+------------------------------------+------------------------------------+------------------------------------+------------------------------------+
|   40  | 27.416946411132812 | 35.81262540817261 | 94.491455078125 | [0.13409028 0.18995143 0.23106823] | [0.11587122 0.13330165 0.14563515] | [0.04284446 0.03059816 0.02502456] | [0.49872731 0.60218367 0.66387568] |
+-------+--------------------+-------------------+-----------------+------------------------------------+------------------------------------+------------------------------------+------------------------------------+
using time 27.3122s, training loss at epoch 41: 93.8952
using time 27.0478s, training loss at epoch 42: 93.4212
using time 27.4718s, training loss at epoch 43: 92.8694
using time 27.4011s, training loss at epoch 44: 92.4071
+-------+--------------------+--------------------+-------------------+------------------------------------+------------------------------------+------------------------------------+------------------------------------+
| Epoch |  training time(s)  |   tesing time(s)   |        Loss       |               recall               |                ndcg                |             precision              |             hit_ratio              |
+-------+--------------------+--------------------+-------------------+------------------------------------+------------------------------------+------------------------------------+------------------------------------+
|   45  | 27.508362770080566 | 35.618234634399414 | 91.85790252685547 | [0.13619694 0.19261191 0.23491324] | [0.11766245 0.13531205 0.14794321] | [0.04348081 0.0310637  0.02540581] | [0.50375109 0.60690602 0.6691339 ] |
+-------+--------------------+--------------------+-------------------+------------------------------------+------------------------------------+------------------------------------+------------------------------------+
using time 27.1480s, training loss at epoch 46: 91.4488
using time 27.2661s, training loss at epoch 47: 90.9146
using time 27.3399s, training loss at epoch 48: 90.3228
using time 27.2635s, training loss at epoch 49: 89.8298
+-------+-------------------+-------------------+-------------------+------------------------------------+------------------------------------+------------------------------------+------------------------------------+
| Epoch |  training time(s) |   tesing time(s)  |        Loss       |               recall               |                ndcg                |             precision              |             hit_ratio              |
+-------+-------------------+-------------------+-------------------+------------------------------------+------------------------------------+------------------------------------+------------------------------------+
|   50  | 27.17148447036743 | 35.87735962867737 | 89.42131805419922 | [0.13809179 0.19598417 0.23845507] | [0.11947023 0.13761035 0.15028784] | [0.04404347 0.03157864 0.02577534] | [0.5078036  0.61256615 0.67375578] |
+-------+-------------------+-------------------+-------------------+------------------------------------+------------------------------------+------------------------------------+------------------------------------+
using time 27.1625s, training loss at epoch 51: 88.8644
using time 27.3739s, training loss at epoch 52: 88.4198
using time 26.9425s, training loss at epoch 53: 87.9924
using time 26.9743s, training loss at epoch 54: 87.5496
+-------+--------------------+-------------------+-------------------+------------------------------------+------------------------------------+------------------------------------+------------------------------------+
| Epoch |  training time(s)  |   tesing time(s)  |        Loss       |               recall               |                ndcg                |             precision              |             hit_ratio              |
+-------+--------------------+-------------------+-------------------+------------------------------------+------------------------------------+------------------------------------+------------------------------------+
|   55  | 27.526965856552124 | 35.89303660392761 | 87.06060791015625 | [0.14006171 0.1983617  0.24089262] | [0.12085633 0.1390871  0.15182663] | [0.0446681  0.03191356 0.02605499] | [0.51051644 0.61668565 0.6769375 ] |
+-------+--------------------+-------------------+-------------------+------------------------------------+------------------------------------+------------------------------------+------------------------------------+
using time 27.1545s, training loss at epoch 56: 86.5624
using time 27.3901s, training loss at epoch 57: 86.1371
using time 27.0393s, training loss at epoch 58: 85.6531
using time 27.3367s, training loss at epoch 59: 85.3489
+-------+--------------------+-------------------+------------------+------------------------------------+------------------------------------+------------------------------------+------------------------------------+
| Epoch |  training time(s)  |   tesing time(s)  |       Loss       |               recall               |                ndcg                |             precision              |             hit_ratio              |
+-------+--------------------+-------------------+------------------+------------------------------------+------------------------------------+------------------------------------+------------------------------------+
|   60  | 27.148573398590088 | 35.58734464645386 | 84.8718490600586 | [0.14202416 0.20094051 0.2435232 ] | [0.12240716 0.14084642 0.15355779] | [0.04523243 0.03232132 0.02630116] | [0.51466944 0.62157546 0.67968384] |
+-------+--------------------+-------------------+------------------+------------------------------------+------------------------------------+------------------------------------+------------------------------------+
using time 26.9669s, training loss at epoch 61: 84.4963
using time 26.7594s, training loss at epoch 62: 83.9208
using time 27.1560s, training loss at epoch 63: 83.5518
using time 27.1876s, training loss at epoch 64: 83.0516
+-------+--------------------+-------------------+-------------------+------------------------------------+------------------------------------+------------------------------------+------------------------------------+
| Epoch |  training time(s)  |   tesing time(s)  |        Loss       |               recall               |                ndcg                |             precision              |             hit_ratio              |
+-------+--------------------+-------------------+-------------------+------------------------------------+------------------------------------+------------------------------------+------------------------------------+
|   65  | 27.094815492630005 | 35.43472981452942 | 82.80174255371094 | [0.14352837 0.20284552 0.24604002] | [0.12367698 0.14221681 0.15512754] | [0.04574988 0.03260516 0.02656854] | [0.51785116 0.62402036 0.68320048] |
+-------+--------------------+-------------------+-------------------+------------------------------------+------------------------------------+------------------------------------+------------------------------------+
using time 26.8524s, training loss at epoch 66: 82.3848
using time 27.4142s, training loss at epoch 67: 81.9063
using time 27.1560s, training loss at epoch 68: 81.6044
using time 27.2033s, training loss at epoch 69: 81.1903
+-------+--------------------+--------------------+-------------------+------------------------------------+------------------------------------+------------------------------------+------------------------------------+
| Epoch |  training time(s)  |   tesing time(s)   |        Loss       |               recall               |                ndcg                |             precision              |             hit_ratio              |
+-------+--------------------+--------------------+-------------------+------------------------------------+------------------------------------+------------------------------------+------------------------------------+
|   70  | 26.945634126663208 | 35.538920879364014 | 80.82722473144531 | [0.14538211 0.20473893 0.24873109] | [0.12511795 0.14367985 0.15682352] | [0.04622547 0.03290408 0.02683424] | [0.5222386  0.62663273 0.68701855] |
+-------+--------------------+--------------------+-------------------+------------------------------------+------------------------------------+------------------------------------+------------------------------------+
using time 27.0869s, training loss at epoch 71: 80.3317
using time 26.8380s, training loss at epoch 72: 80.0993
using time 27.2448s, training loss at epoch 73: 79.6360
using time 27.1647s, training loss at epoch 74: 79.2234
+-------+-------------------+--------------------+-------------------+------------------------------------+------------------------------------+------------------------------------+------------------------------------+
| Epoch |  training time(s) |   tesing time(s)   |        Loss       |               recall               |                ndcg                |             precision              |             hit_ratio              |
+-------+-------------------+--------------------+-------------------+------------------------------------+------------------------------------+------------------------------------+------------------------------------+
|   75  | 26.89590048789978 | 35.427515506744385 | 78.82318115234375 | [0.14682744 0.20706873 0.25114588] | [0.12625644 0.14509298 0.15825787] | [0.04667091 0.03324235 0.02705807] | [0.52481747 0.62981446 0.68922902] |
+-------+-------------------+--------------------+-------------------+------------------------------------+------------------------------------+------------------------------------+------------------------------------+
using time 27.4036s, training loss at epoch 76: 78.3391
using time 27.0624s, training loss at epoch 77: 78.1277
using time 27.5705s, training loss at epoch 78: 77.7326
using time 27.1085s, training loss at epoch 79: 77.3050
+-------+--------------------+-------------------+-------------------+------------------------------------+------------------------------------+------------------------------------+------------------------------------+
| Epoch |  training time(s)  |   tesing time(s)  |        Loss       |               recall               |                ndcg                |             precision              |             hit_ratio              |
+-------+--------------------+-------------------+-------------------+------------------------------------+------------------------------------+------------------------------------+------------------------------------+
|   80  | 26.879476070404053 | 35.66973948478699 | 76.93202209472656 | [0.14834    0.2091831  0.25364842] | [0.12742311 0.14646242 0.15977784] | [0.04706276 0.03353205 0.02733606] | [0.52813316 0.63356554 0.69364994] |
+-------+--------------------+-------------------+-------------------+------------------------------------+------------------------------------+------------------------------------+------------------------------------+
using time 26.8353s, training loss at epoch 81: 76.5920
using time 26.9567s, training loss at epoch 82: 76.2579
using time 26.8894s, training loss at epoch 83: 75.8580
using time 27.3314s, training loss at epoch 84: 75.6563
+-------+--------------------+--------------------+-------------------+------------------------------------+------------------------------------+------------------------------------+------------------------------------+
| Epoch |  training time(s)  |   tesing time(s)   |        Loss       |               recall               |                ndcg                |             precision              |             hit_ratio              |
+-------+--------------------+--------------------+-------------------+------------------------------------+------------------------------------+------------------------------------+------------------------------------+
|   85  | 26.991437911987305 | 35.675302028656006 | 75.18610382080078 | [0.14910775 0.21113279 0.2564056 ] | [0.12826039 0.14767314 0.16122559] | [0.0473307  0.0338025  0.02759339] | [0.53054458 0.63664679 0.69783643] |
+-------+--------------------+--------------------+-------------------+------------------------------------+------------------------------------+------------------------------------+------------------------------------+
using time 27.4018s, training loss at epoch 86: 74.8756
using time 27.0084s, training loss at epoch 87: 74.5339
using time 27.3189s, training loss at epoch 88: 74.2051
using time 27.2745s, training loss at epoch 89: 73.9300
+-------+--------------------+-------------------+-------------------+------------------------------------+------------------------------------+------------------------------------+------------------------------------+
| Epoch |  training time(s)  |   tesing time(s)  |        Loss       |               recall               |                ndcg                |             precision              |             hit_ratio              |
+-------+--------------------+-------------------+-------------------+------------------------------------+------------------------------------+------------------------------------+------------------------------------+
|   90  | 26.989431619644165 | 35.61435532569885 | 73.51470947265625 | [0.15079747 0.21316889 0.25870228] | [0.1293081  0.14885725 0.16246348] | [0.04778786 0.03413491 0.02781443] | [0.53325742 0.63956059 0.70021435] |
+-------+--------------------+-------------------+-------------------+------------------------------------+------------------------------------+------------------------------------+------------------------------------+
using time 26.9475s, training loss at epoch 91: 73.2046
using time 27.0346s, training loss at epoch 92: 72.8164
using time 27.1077s, training loss at epoch 93: 72.5079
using time 27.5549s, training loss at epoch 94: 72.2960
+-------+--------------------+--------------------+-------------------+------------------------------------+------------------------------------+------------------------------------+------------------------------------+
| Epoch |  training time(s)  |   tesing time(s)   |        Loss       |               recall               |                ndcg                |             precision              |             hit_ratio              |
+-------+--------------------+--------------------+-------------------+------------------------------------+------------------------------------+------------------------------------+------------------------------------+
|   95  | 27.085438013076782 | 35.473928689956665 | 72.03221893310547 | [0.1517157  0.21475726 0.26052587] | [0.13026247 0.15002894 0.1637076 ] | [0.0481613  0.03438693 0.02800869] | [0.5349655  0.64247438 0.70292719] |
+-------+--------------------+--------------------+-------------------+------------------------------------+------------------------------------+------------------------------------+------------------------------------+
using time 26.9780s, training loss at epoch 96: 71.5321
using time 27.4640s, training loss at epoch 97: 71.2852
using time 26.9040s, training loss at epoch 98: 70.9860
using time 26.8871s, training loss at epoch 99: 70.6433
+-------+--------------------+-------------------+-------------------+------------------------------------+------------------------------------+------------------------------------+------------------------------------+
| Epoch |  training time(s)  |   tesing time(s)  |        Loss       |               recall               |                ndcg                |             precision              |             hit_ratio              |
+-------+--------------------+-------------------+-------------------+------------------------------------+------------------------------------+------------------------------------+------------------------------------+
|  100  | 27.090652465820312 | 35.72361779212952 | 70.30484008789062 | [0.15258032 0.21672204 0.26243785] | [0.13090605 0.15098643 0.16464751] | [0.04844095 0.03463645 0.02817335] | [0.53717597 0.64508674 0.70510416] |
+-------+--------------------+-------------------+-------------------+------------------------------------+------------------------------------+------------------------------------+------------------------------------+
using time 27.1866s, training loss at epoch 101: 69.9794
using time 27.3559s, training loss at epoch 102: 69.6630
using time 27.1669s, training loss at epoch 103: 69.4543
using time 27.1516s, training loss at epoch 104: 69.1172
+-------+--------------------+--------------------+-------------------+------------------------------------+------------------------------------+------------------------------------+------------------------------------+
| Epoch |  training time(s)  |   tesing time(s)   |        Loss       |               recall               |                ndcg                |             precision              |             hit_ratio              |
+-------+--------------------+--------------------+-------------------+------------------------------------+------------------------------------+------------------------------------+------------------------------------+
|  105  | 26.991961240768433 | 35.520047426223755 | 68.88800048828125 | [0.15433984 0.21832841 0.26442507] | [0.13229508 0.152278   0.16608934] | [0.04890314 0.03482149 0.02837207] | [0.5399223  0.64736419 0.70634336] |
+-------+--------------------+--------------------+-------------------+------------------------------------+------------------------------------+------------------------------------+------------------------------------+
using time 27.0040s, training loss at epoch 106: 68.4896
using time 27.0414s, training loss at epoch 107: 68.2054
using time 27.2781s, training loss at epoch 108: 67.9739
using time 27.0812s, training loss at epoch 109: 67.6060
+-------+-------------------+-------------------+-------------------+------------------------------------+------------------------------------+------------------------------------+------------------------------------+
| Epoch |  training time(s) |   tesing time(s)  |        Loss       |               recall               |                ndcg                |             precision              |             hit_ratio              |
+-------+-------------------+-------------------+-------------------+------------------------------------+------------------------------------+------------------------------------+------------------------------------+
|  110  | 27.00370454788208 | 35.89741802215576 | 67.30846405029297 | [0.15521758 0.21974724 0.26592876] | [0.13305457 0.15321805 0.16707623] | [0.04913758 0.03500569 0.02851218] | [0.54149642 0.64863688 0.70738161] |
+-------+-------------------+-------------------+-------------------+------------------------------------+------------------------------------+------------------------------------+------------------------------------+
using time 26.7737s, training loss at epoch 111: 67.1453
using time 27.5530s, training loss at epoch 112: 66.7437
using time 27.1619s, training loss at epoch 113: 66.5425
using time 27.4330s, training loss at epoch 114: 66.1578
+-------+--------------------+-------------------+-------------------+------------------------------------+------------------------------------+------------------------------------+------------------------------------+
| Epoch |  training time(s)  |   tesing time(s)  |        Loss       |               recall               |                ndcg                |             precision              |             hit_ratio              |
+-------+--------------------+-------------------+-------------------+------------------------------------+------------------------------------+------------------------------------+------------------------------------+
|  115  | 26.912769556045532 | 35.60964322090149 | 65.98883056640625 | [0.1566662  0.22099148 0.26767515] | [0.13386229 0.15399383 0.1679624 ] | [0.04946246 0.03518488 0.02864671] | [0.54377386 0.65027798 0.71009445] |
+-------+--------------------+-------------------+-------------------+------------------------------------+------------------------------------+------------------------------------+------------------------------------+
using time 27.0031s, training loss at epoch 116: 65.4608
using time 26.9164s, training loss at epoch 117: 65.4027
using time 27.2449s, training loss at epoch 118: 65.0804
using time 27.1466s, training loss at epoch 119: 64.7216
+-------+-------------------+-------------------+------------------+------------------------------------+------------------------------------+------------------------------------+------------------------------------+
| Epoch |  training time(s) |   tesing time(s)  |       Loss       |               recall               |                ndcg                |             precision              |             hit_ratio              |
+-------+-------------------+-------------------+------------------+------------------------------------+------------------------------------+------------------------------------+------------------------------------+
|  120  | 27.12315845489502 | 35.81337857246399 | 64.6889877319336 | [0.15760504 0.22224931 0.26953652] | [0.13484311 0.15510813 0.16921856] | [0.04970695 0.03537075 0.02879742] | [0.54494608 0.6510148  0.71203698] |
+-------+-------------------+-------------------+------------------+------------------------------------+------------------------------------+------------------------------------+------------------------------------+
using time 27.2378s, training loss at epoch 121: 64.2138
using time 27.2749s, training loss at epoch 122: 64.0125
using time 27.3470s, training loss at epoch 123: 63.6868
using time 27.1202s, training loss at epoch 124: 63.4809
+-------+--------------------+-------------------+-------------------+------------------------------------+------------------------------------+------------------------------------+------------------------------------+
| Epoch |  training time(s)  |   tesing time(s)  |        Loss       |               recall               |                ndcg                |             precision              |             hit_ratio              |
+-------+--------------------+-------------------+-------------------+------------------------------------+------------------------------------+------------------------------------+------------------------------------+
|  125  | 26.943533658981323 | 35.47423195838928 | 63.25302505493164 | [0.15826479 0.22358993 0.27037859] | [0.13548581 0.15598119 0.16995452] | [0.04988445 0.03555412 0.02887501] | [0.54621877 0.6530913  0.71253935] |
+-------+--------------------+-------------------+-------------------+------------------------------------+------------------------------------+------------------------------------+------------------------------------+
using time 27.3654s, training loss at epoch 126: 63.0643
using time 26.8121s, training loss at epoch 127: 62.7928
using time 26.9077s, training loss at epoch 128: 62.4730
using time 27.0880s, training loss at epoch 129: 62.2497
+-------+--------------------+-------------------+-------------------+------------------------------------+------------------------------------+------------------------------------+------------------------------------+
| Epoch |  training time(s)  |   tesing time(s)  |        Loss       |               recall               |                ndcg                |             precision              |             hit_ratio              |
+-------+--------------------+-------------------+-------------------+------------------------------------+------------------------------------+------------------------------------+------------------------------------+
|  130  | 27.055439233779907 | 35.62904405593872 | 62.11867904663086 | [0.15932864 0.22449567 0.27162521] | [0.1361424  0.15656373 0.17066021] | [0.05018588 0.03567386 0.02900898] | [0.5485632  0.6538951  0.71364458] |
+-------+--------------------+-------------------+-------------------+------------------------------------+------------------------------------+------------------------------------+------------------------------------+
using time 27.0076s, training loss at epoch 131: 61.7049
using time 26.4988s, training loss at epoch 132: 61.5301
using time 26.7032s, training loss at epoch 133: 61.1203
using time 27.0448s, training loss at epoch 134: 60.9605
+-------+--------------------+--------------------+-------------------+------------------------------------+------------------------------------+------------------------------------+------------------------------------+
| Epoch |  training time(s)  |   tesing time(s)   |        Loss       |               recall               |                ndcg                |             precision              |             hit_ratio              |
+-------+--------------------+--------------------+-------------------+------------------------------------+------------------------------------+------------------------------------+------------------------------------+
|  135  | 26.904539823532104 | 35.542827129364014 | 60.74774932861328 | [0.16024508 0.22531558 0.27287829] | [0.13688316 0.15733087 0.1715268 ] | [0.050422   0.03582708 0.02912341] | [0.54983589 0.65503383 0.71424744] |
+-------+--------------------+--------------------+-------------------+------------------------------------+------------------------------------+------------------------------------+------------------------------------+
using time 27.3490s, training loss at epoch 136: 60.4932
using time 27.1114s, training loss at epoch 137: 60.3008
using time 26.9056s, training loss at epoch 138: 60.0346
using time 27.2745s, training loss at epoch 139: 59.8029
+-------+-------------------+-------------------+-------------------+------------------------------------+------------------------------------+------------------------------------+------------------------------------+
| Epoch |  training time(s) |   tesing time(s)  |        Loss       |               recall               |                ndcg                |             precision              |             hit_ratio              |
+-------+-------------------+-------------------+-------------------+------------------------------------+------------------------------------+------------------------------------+------------------------------------+
|  140  | 27.34577488899231 | 35.50133943557739 | 59.63698196411133 | [0.1611867  0.22608442 0.27442387] | [0.13740747 0.15778497 0.17219554] | [0.05064304 0.03589658 0.02921495] | [0.55117556 0.65647398 0.71642441] |
+-------+-------------------+-------------------+-------------------+------------------------------------+------------------------------------+------------------------------------+------------------------------------+
using time 26.9605s, training loss at epoch 141: 59.4160
using time 26.8508s, training loss at epoch 142: 59.0830
using time 27.0830s, training loss at epoch 143: 58.8936
using time 27.0404s, training loss at epoch 144: 58.7425
+-------+-------------------+-------------------+-------------------+------------------------------------+------------------------------------+------------------------------------+------------------------------------+
| Epoch |  training time(s) |   tesing time(s)  |        Loss       |               recall               |                ndcg                |             precision              |             hit_ratio              |
+-------+-------------------+-------------------+-------------------+------------------------------------+------------------------------------+------------------------------------+------------------------------------+
|  145  | 27.26974391937256 | 35.58619523048401 | 58.44341278076172 | [0.16136263 0.22716649 0.27553435] | [0.1377294  0.1584066  0.17287396] | [0.0506129  0.03600459 0.02933106] | [0.55097461 0.65707683 0.7176971 ] |
+-------+-------------------+-------------------+-------------------+------------------------------------+------------------------------------+------------------------------------+------------------------------------+
using time 27.1926s, training loss at epoch 146: 58.3600
using time 27.2030s, training loss at epoch 147: 58.0974
using time 27.2785s, training loss at epoch 148: 57.7677
using time 27.2227s, training loss at epoch 149: 57.6611
+-------+--------------------+-------------------+-------------------+------------------------------------+------------------------------------+------------------------------------+------------------------------------+
| Epoch |  training time(s)  |   tesing time(s)  |        Loss       |               recall               |                ndcg                |             precision              |             hit_ratio              |
+-------+--------------------+-------------------+-------------------+------------------------------------+------------------------------------+------------------------------------+------------------------------------+
|  150  | 27.163567066192627 | 35.81497621536255 | 57.50989532470703 | [0.16206394 0.22789853 0.27687104] | [0.13820257 0.15893696 0.17354731] | [0.05075524 0.03610423 0.02943376] | [0.55161096 0.65824905 0.71860138] |
+-------+--------------------+-------------------+-------------------+------------------------------------+------------------------------------+------------------------------------+------------------------------------+
using time 27.1954s, training loss at epoch 151: 57.2388
using time 27.0936s, training loss at epoch 152: 56.9751
using time 27.1683s, training loss at epoch 153: 56.7347
using time 26.9028s, training loss at epoch 154: 56.5554
+-------+--------------------+--------------------+-------------------+------------------------------------+------------------------------------+------------------------------------+------------------------------------+
| Epoch |  training time(s)  |   tesing time(s)   |        Loss       |               recall               |                ndcg                |             precision              |             hit_ratio              |
+-------+--------------------+--------------------+-------------------+------------------------------------+------------------------------------+------------------------------------+------------------------------------+
|  155  | 27.251477479934692 | 35.587708711624146 | 56.27300262451172 | [0.1627768  0.22935875 0.27799427] | [0.13900872 0.15990835 0.17444922] | [0.05095954 0.0362248  0.02951861] | [0.55315158 0.65945475 0.72040994] |
+-------+--------------------+--------------------+-------------------+------------------------------------+------------------------------------+------------------------------------+------------------------------------+
using time 27.2330s, training loss at epoch 156: 56.1747
using time 27.2886s, training loss at epoch 157: 56.0127
using time 26.9928s, training loss at epoch 158: 55.7088
using time 27.2624s, training loss at epoch 159: 55.6658
+-------+--------------------+-------------------+-------------------+------------------------------------+------------------------------------+------------------------------------+------------------------------------+
| Epoch |  training time(s)  |   tesing time(s)  |        Loss       |               recall               |                ndcg                |             precision              |             hit_ratio              |
+-------+--------------------+-------------------+-------------------+------------------------------------+------------------------------------+------------------------------------+------------------------------------+
|  160  | 27.167953491210938 | 35.80470371246338 | 55.34086227416992 | [0.16328091 0.22993386 0.27861279] | [0.13946103 0.16042632 0.17494355] | [0.0511136  0.03637384 0.02957499] | [0.55455824 0.660493   0.7205774 ] |
+-------+--------------------+-------------------+-------------------+------------------------------------+------------------------------------+------------------------------------+------------------------------------+
using time 27.6515s, training loss at epoch 161: 55.1434
using time 27.1395s, training loss at epoch 162: 54.8692
using time 27.5149s, training loss at epoch 163: 54.6504
using time 27.2896s, training loss at epoch 164: 54.4871
+-------+--------------------+-------------------+-------------------+------------------------------------+------------------------------------+------------------------------------+------------------------------------+
| Epoch |  training time(s)  |   tesing time(s)  |        Loss       |               recall               |                ndcg                |             precision              |             hit_ratio              |
+-------+--------------------+-------------------+-------------------+------------------------------------+------------------------------------+------------------------------------+------------------------------------+
|  165  | 27.262513637542725 | 35.54733610153198 | 54.50857925415039 | [0.16351012 0.23012988 0.27894361] | [0.13963621 0.1606024  0.17515056] | [0.05111863 0.03636546 0.02956494] | [0.55506062 0.6608949  0.7201755 ] |
+-------+--------------------+-------------------+-------------------+------------------------------------+------------------------------------+------------------------------------+------------------------------------+
using time 27.0582s, training loss at epoch 166: 54.2657
using time 27.4170s, training loss at epoch 167: 53.9490
using time 27.2601s, training loss at epoch 168: 53.8595
using time 27.6546s, training loss at epoch 169: 53.6223
+-------+--------------------+-------------------+-------------------+------------------------------------+------------------------------------+------------------------------------+------------------------------------+
| Epoch |  training time(s)  |   tesing time(s)  |        Loss       |               recall               |                ndcg                |             precision              |             hit_ratio              |
+-------+--------------------+-------------------+-------------------+------------------------------------+------------------------------------+------------------------------------+------------------------------------+
|  170  | 27.000123500823975 | 36.03426480293274 | 53.44306182861328 | [0.16451756 0.23059531 0.27961113] | [0.14008419 0.16090836 0.17550627] | [0.05126432 0.03643998 0.02962355] | [0.55730457 0.66112935 0.72158216] |
+-------+--------------------+-------------------+-------------------+------------------------------------+------------------------------------+------------------------------------+------------------------------------+
using time 27.1358s, training loss at epoch 171: 53.3669
using time 26.8647s, training loss at epoch 172: 53.0631
using time 27.6388s, training loss at epoch 173: 52.9189
using time 27.1596s, training loss at epoch 174: 52.7830
+-------+-------------------+-------------------+-------------------+------------------------------------+------------------------------------+------------------------------------+------------------------------------+
| Epoch |  training time(s) |   tesing time(s)  |        Loss       |               recall               |                ndcg                |             precision              |             hit_ratio              |
+-------+-------------------+-------------------+-------------------+------------------------------------+------------------------------------+------------------------------------+------------------------------------+
|  175  | 26.86029052734375 | 35.43963146209717 | 52.47800827026367 | [0.16425799 0.23100041 0.27962997] | [0.14002959 0.16102745 0.17553857] | [0.05122245 0.03641821 0.02960401] | [0.55593141 0.66149776 0.72051042] |
+-------+-------------------+-------------------+-------------------+------------------------------------+------------------------------------+------------------------------------+------------------------------------+
using time 27.2559s, training loss at epoch 176: 52.3721
using time 27.5205s, training loss at epoch 177: 52.1150
using time 27.1603s, training loss at epoch 178: 52.1263
using time 27.1424s, training loss at epoch 179: 51.8068
+-------+--------------------+--------------------+-------------------+------------------------------------+------------------------------------+------------------------------------+------------------------------------+
| Epoch |  training time(s)  |   tesing time(s)   |        Loss       |               recall               |                ndcg                |             precision              |             hit_ratio              |
+-------+--------------------+--------------------+-------------------+------------------------------------+------------------------------------+------------------------------------+------------------------------------+
|  180  | 27.059553384780884 | 35.737982749938965 | 51.57345199584961 | [0.16481852 0.23165005 0.28055722] | [0.14037516 0.16142001 0.1760284 ] | [0.05137149 0.03653376 0.02970896] | [0.55703664 0.6621341  0.72168263] |
+-------+--------------------+--------------------+-------------------+------------------------------------+------------------------------------+------------------------------------+------------------------------------+
using time 27.3735s, training loss at epoch 181: 51.5266
using time 27.1967s, training loss at epoch 182: 51.4201
using time 26.8906s, training loss at epoch 183: 51.0512
using time 26.9507s, training loss at epoch 184: 50.9796
+-------+-------------------+-------------------+-------------------+------------------------------------+------------------------------------+------------------------------------+------------------------------------+
| Epoch |  training time(s) |   tesing time(s)  |        Loss       |               recall               |                ndcg                |             precision              |             hit_ratio              |
+-------+-------------------+-------------------+-------------------+------------------------------------+------------------------------------+------------------------------------+------------------------------------+
|  185  | 27.46392560005188 | 35.56574058532715 | 50.82034683227539 | [0.16462142 0.23186839 0.28075514] | [0.14050648 0.1616645  0.17626479] | [0.05132963 0.03651199 0.02970561] | [0.55730457 0.66226807 0.72191707] |
+-------+-------------------+-------------------+-------------------+------------------------------------+------------------------------------+------------------------------------+------------------------------------+
using time 26.9316s, training loss at epoch 186: 50.7099
using time 27.7021s, training loss at epoch 187: 50.5345
using time 27.0175s, training loss at epoch 188: 50.2594
using time 26.9371s, training loss at epoch 189: 50.2621
+-------+-------------------+--------------------+--------------------+------------------------------------+------------------------------------+------------------------------------+------------------------------------+
| Epoch |  training time(s) |   tesing time(s)   |        Loss        |               recall               |                ndcg                |             precision              |             hit_ratio              |
+-------+-------------------+--------------------+--------------------+------------------------------------+------------------------------------+------------------------------------+------------------------------------+
|  190  | 27.29828405380249 | 35.807398557662964 | 49.935401916503906 | [0.16488675 0.2319159  0.28117799] | [0.14054332 0.16166721 0.17636658] | [0.05135977 0.03653711 0.02973184] | [0.55717061 0.66139728 0.7226539 ] |
+-------+-------------------+--------------------+--------------------+------------------------------------+------------------------------------+------------------------------------+------------------------------------+
using time 27.0901s, training loss at epoch 191: 49.9281
using time 27.2362s, training loss at epoch 192: 49.8090
using time 27.1161s, training loss at epoch 193: 49.5534
using time 27.0696s, training loss at epoch 194: 49.5142
+-------+-------------------+--------------------+-------------------+------------------------------------+------------------------------------+------------------------------------+------------------------------------+
| Epoch |  training time(s) |   tesing time(s)   |        Loss       |               recall               |                ndcg                |             precision              |             hit_ratio              |
+-------+-------------------+--------------------+-------------------+------------------------------------+------------------------------------+------------------------------------+------------------------------------+
|  195  | 27.02023696899414 | 35.251546144485474 | 49.27634048461914 | [0.16479771 0.23283623 0.28208719] | [0.14056574 0.16199729 0.17668363] | [0.05131623 0.03663172 0.0297832 ] | [0.55576395 0.66216759 0.72308929] |
+-------+-------------------+--------------------+-------------------+------------------------------------+------------------------------------+------------------------------------+------------------------------------+
using time 27.1614s, training loss at epoch 196: 49.1286
using time 27.1198s, training loss at epoch 197: 48.9089
using time 27.3500s, training loss at epoch 198: 48.8169
using time 27.3182s, training loss at epoch 199: 48.6755
+-------+--------------------+-------------------+-------------------+------------------------------------+------------------------------------+------------------------------------+------------------------------------+
| Epoch |  training time(s)  |   tesing time(s)  |        Loss       |               recall               |                ndcg                |             precision              |             hit_ratio              |
+-------+--------------------+-------------------+-------------------+------------------------------------+------------------------------------+------------------------------------+------------------------------------+
|  200  | 27.065361738204956 | 35.65880250930786 | 48.44940185546875 | [0.16506733 0.23300235 0.28233391] | [0.14079983 0.16218919 0.176893  ] | [0.05137317 0.03664931 0.02979715] | [0.55640029 0.6633733  0.72288834] |
+-------+--------------------+-------------------+-------------------+------------------------------------+------------------------------------+------------------------------------+------------------------------------+
using time 27.3490s, training loss at epoch 201: 48.3853
using time 26.9346s, training loss at epoch 202: 48.2427
using time 27.3381s, training loss at epoch 203: 48.0922
using time 27.3002s, training loss at epoch 204: 47.9158
+-------+-------------------+-------------------+------------------+------------------------------------+------------------------------------+------------------------------------+------------------------------------+
| Epoch |  training time(s) |   tesing time(s)  |       Loss       |               recall               |                ndcg                |             precision              |             hit_ratio              |
+-------+-------------------+-------------------+------------------+------------------------------------+------------------------------------+------------------------------------+------------------------------------+
|  205  | 27.13716745376587 | 35.70745515823364 | 47.7774543762207 | [0.16491506 0.23289489 0.28194875] | [0.14103293 0.16245882 0.17707007] | [0.05133967 0.03663424 0.02974915] | [0.55562998 0.66250251 0.72081184] |
+-------+-------------------+-------------------+------------------+------------------------------------+------------------------------------+------------------------------------+------------------------------------+
using time 27.2515s, training loss at epoch 206: 47.6398
using time 27.0959s, training loss at epoch 207: 47.4433
using time 26.8230s, training loss at epoch 208: 47.3332
using time 27.2081s, training loss at epoch 209: 47.1892
+-------+-------------------+--------------------+--------------------+------------------------------------+------------------------------------+------------------------------------+------------------------------------+
| Epoch |  training time(s) |   tesing time(s)   |        Loss        |               recall               |                ndcg                |             precision              |             hit_ratio              |
+-------+-------------------+--------------------+--------------------+------------------------------------+------------------------------------+------------------------------------+------------------------------------+
|  210  | 27.25584053993225 | 35.504133462905884 | 47.121856689453125 | [0.16508431 0.23242734 0.28218882] | [0.14101277 0.16221073 0.17706985] | [0.05136479 0.03650194 0.0297525 ] | [0.55629982 0.66122982 0.72205104] |
+-------+-------------------+--------------------+--------------------+------------------------------------+------------------------------------+------------------------------------+------------------------------------+
using time 26.8844s, training loss at epoch 211: 46.9803
using time 27.4004s, training loss at epoch 212: 46.8533
using time 26.7309s, training loss at epoch 213: 46.7528
using time 27.0153s, training loss at epoch 214: 46.5159
+-------+-------------------+--------------------+------------------+------------------------------------+------------------------------------+------------------------------------+------------------------------------+
| Epoch |  training time(s) |   tesing time(s)   |       Loss       |               recall               |                ndcg                |             precision              |             hit_ratio              |
+-------+-------------------+--------------------+------------------+------------------------------------+------------------------------------+------------------------------------+------------------------------------+
|  215  | 27.15427017211914 | 35.318230628967285 | 46.3751335144043 | [0.1652808  0.23286535 0.2823478 ] | [0.14126931 0.16261419 0.17737021] | [0.05133465 0.03660242 0.02975696] | [0.55586442 0.66109585 0.72178311] |
+-------+-------------------+--------------------+------------------+------------------------------------+------------------------------------+------------------------------------+------------------------------------+
using time 26.9563s, training loss at epoch 216: 46.3089
using time 27.2436s, training loss at epoch 217: 46.1927
using time 27.2680s, training loss at epoch 218: 45.9199
using time 27.3034s, training loss at epoch 219: 45.8860
+-------+-------------------+-------------------+--------------------+------------------------------------+------------------------------------+------------------------------------+------------------------------------+
| Epoch |  training time(s) |   tesing time(s)  |        Loss        |               recall               |                ndcg                |             precision              |             hit_ratio              |
+-------+-------------------+-------------------+--------------------+------------------------------------+------------------------------------+------------------------------------+------------------------------------+
|  220  | 27.17353320121765 | 35.80546283721924 | 45.774349212646484 | [0.16507827 0.23270841 0.28272878] | [0.14122846 0.16254684 0.17749561] | [0.05133633 0.03651534 0.02978264] | [0.55552951 0.66099538 0.72295532] |
+-------+-------------------+-------------------+--------------------+------------------------------------+------------------------------------+------------------------------------+------------------------------------+
using time 26.9315s, training loss at epoch 221: 45.7191
using time 27.4896s, training loss at epoch 222: 45.6254
using time 26.7943s, training loss at epoch 223: 45.5507
using time 27.2277s, training loss at epoch 224: 45.2797
+-------+--------------------+-------------------+-------------------+------------------------------------+------------------------------------+------------------------------------+------------------------------------+
| Epoch |  training time(s)  |   tesing time(s)  |        Loss       |               recall               |                ndcg                |             precision              |             hit_ratio              |
+-------+--------------------+-------------------+-------------------+------------------------------------+------------------------------------+------------------------------------+------------------------------------+
|  225  | 27.265113353729248 | 35.44447207450867 | 45.14418029785156 | [0.16522626 0.23292878 0.28240552] | [0.14111569 0.16247063 0.17725368] | [0.0513179  0.03653292 0.02974189] | [0.55522808 0.66169871 0.72185009] |
+-------+--------------------+-------------------+-------------------+------------------------------------+------------------------------------+------------------------------------+------------------------------------+
using time 27.3681s, training loss at epoch 226: 45.0646
using time 27.1639s, training loss at epoch 227: 44.8441
using time 27.3641s, training loss at epoch 228: 44.7695
using time 26.9357s, training loss at epoch 229: 44.7498
+-------+-------------------+-------------------+--------------------+------------------------------------+------------------------------------+------------------------------------+------------------------------------+
| Epoch |  training time(s) |   tesing time(s)  |        Loss        |               recall               |                ndcg                |             precision              |             hit_ratio              |
+-------+-------------------+-------------------+--------------------+------------------------------------+------------------------------------+------------------------------------+------------------------------------+
|  230  | 26.83393931388855 | 35.60340642929077 | 44.532257080078125 | [0.16570424 0.23307836 0.28292986] | [0.14151678 0.1627785  0.17762391] | [0.05138321 0.03654297 0.02974077] | [0.55633331 0.66092839 0.72188358] |
+-------+-------------------+-------------------+--------------------+------------------------------------+------------------------------------+------------------------------------+------------------------------------+
using time 27.0713s, training loss at epoch 231: 44.4373
using time 27.2061s, training loss at epoch 232: 44.3944
using time 26.9969s, training loss at epoch 233: 44.1875
using time 27.0736s, training loss at epoch 234: 44.0519
+-------+-------------------+--------------------+-------------------+------------------------------------+------------------------------------+------------------------------------+------------------------------------+
| Epoch |  training time(s) |   tesing time(s)   |        Loss       |               recall               |                ndcg                |             precision              |             hit_ratio              |
+-------+-------------------+--------------------+-------------------+------------------------------------+------------------------------------+------------------------------------+------------------------------------+
|  235  | 26.96647882461548 | 35.630813121795654 | 43.99756622314453 | [0.16477561 0.23350877 0.2823626 ] | [0.14102353 0.16276802 0.17734535] | [0.05114542 0.03660242 0.02970561] | [0.55429031 0.66139728 0.72064438] |
+-------+-------------------+--------------------+-------------------+------------------------------------+------------------------------------+------------------------------------+------------------------------------+
using time 27.0036s, training loss at epoch 236: 43.8996
using time 26.9425s, training loss at epoch 237: 43.8030
using time 27.1113s, training loss at epoch 238: 43.6587
using time 27.2581s, training loss at epoch 239: 43.4864
+-------+--------------------+--------------------+--------------------+------------------------------------+------------------------------------+------------------------------------+------------------------------------+
| Epoch |  training time(s)  |   tesing time(s)   |        Loss        |               recall               |                ndcg                |             precision              |             hit_ratio              |
+-------+--------------------+--------------------+--------------------+------------------------------------+------------------------------------+------------------------------------+------------------------------------+
|  240  | 27.039801597595215 | 35.604644775390625 | 43.445858001708984 | [0.1652008  0.23370061 0.28287989] | [0.14100379 0.16263263 0.17731421] | [0.05120906 0.0365706  0.02972514] | [0.55469221 0.66179918 0.72051042] |
+-------+--------------------+--------------------+--------------------+------------------------------------+------------------------------------+------------------------------------+------------------------------------+
using time 26.9994s, training loss at epoch 241: 43.2720
using time 26.7970s, training loss at epoch 242: 43.2909
using time 27.1947s, training loss at epoch 243: 43.1376
using time 27.2008s, training loss at epoch 244: 42.9431
+-------+--------------------+-------------------+-------------------+------------------------------------+------------------------------------+------------------------------------+------------------------------------+
| Epoch |  training time(s)  |   tesing time(s)  |        Loss       |               recall               |                ndcg                |             precision              |             hit_ratio              |
+-------+--------------------+-------------------+-------------------+------------------------------------+------------------------------------+------------------------------------+------------------------------------+
|  245  | 27.257835388183594 | 35.64067792892456 | 42.94845962524414 | [0.16517353 0.23374708 0.2825361 ] | [0.14084386 0.16249967 0.17707273] | [0.05117222 0.03654046 0.02967825] | [0.55415634 0.66166522 0.72030946] |
+-------+--------------------+-------------------+-------------------+------------------------------------+------------------------------------+------------------------------------+------------------------------------+
using time 27.0426s, training loss at epoch 246: 42.7724
using time 27.2137s, training loss at epoch 247: 42.7616
using time 27.1147s, training loss at epoch 248: 42.5304
using time 27.4023s, training loss at epoch 249: 42.4377
+-------+--------------------+-------------------+-------------------+------------------------------------+------------------------------------+------------------------------------+------------------------------------+
| Epoch |  training time(s)  |   tesing time(s)  |        Loss       |               recall               |                ndcg                |             precision              |             hit_ratio              |
+-------+--------------------+-------------------+-------------------+------------------------------------+------------------------------------+------------------------------------+------------------------------------+
|  250  | 27.486814737319946 | 35.86875534057617 | 42.37900161743164 | [0.1651224  0.23324999 0.28229186] | [0.14082087 0.16235604 0.17699725] | [0.05111193 0.0364852  0.02964532] | [0.55321857 0.66079443 0.71984058] |
+-------+--------------------+-------------------+-------------------+------------------------------------+------------------------------------+------------------------------------+------------------------------------+
using time 26.7847s, training loss at epoch 251: 42.1979
using time 26.9131s, training loss at epoch 252: 42.2372
using time 27.1538s, training loss at epoch 253: 42.0377
using time 26.9602s, training loss at epoch 254: 41.8996
+-------+--------------------+--------------------+-------------------+------------------------------------+------------------------------------+------------------------------------+------------------------------------+
| Epoch |  training time(s)  |   tesing time(s)   |        Loss       |               recall               |                ndcg                |             precision              |             hit_ratio              |
+-------+--------------------+--------------------+-------------------+------------------------------------+------------------------------------+------------------------------------+------------------------------------+
|  255  | 27.071616172790527 | 35.396812438964844 | 41.85661315917969 | [0.16506057 0.23329066 0.28237098] | [0.14070631 0.16224646 0.17691081] | [0.05108849 0.03643915 0.02963137] | [0.55351999 0.66032554 0.72007502] |
+-------+--------------------+--------------------+-------------------+------------------------------------+------------------------------------+------------------------------------+------------------------------------+
using time 27.3287s, training loss at epoch 256: 41.9087
using time 27.0700s, training loss at epoch 257: 41.5982
using time 26.8808s, training loss at epoch 258: 41.6069
using time 27.0412s, training loss at epoch 259: 41.4828
+-------+--------------------+-------------------+-------------------+------------------------------------+------------------------------------+------------------------------------+------------------------------------+
| Epoch |  training time(s)  |   tesing time(s)  |        Loss       |               recall               |                ndcg                |             precision              |             hit_ratio              |
+-------+--------------------+-------------------+-------------------+------------------------------------+------------------------------------+------------------------------------+------------------------------------+
|  260  | 27.109789848327637 | 35.62644100189209 | 41.38839340209961 | [0.16460626 0.23294315 0.28226669] | [0.14037141 0.16196348 0.1766985 ] | [0.05095954 0.03640565 0.02962411] | [0.55315158 0.66052649 0.71907027] |
+-------+--------------------+-------------------+-------------------+------------------------------------+------------------------------------+------------------------------------+------------------------------------+
using time 27.0788s, training loss at epoch 261: 41.3355
using time 27.0410s, training loss at epoch 262: 41.2224
using time 27.0689s, training loss at epoch 263: 41.1609
using time 26.9677s, training loss at epoch 264: 41.0338
+-------+--------------------+--------------------+-------------------+------------------------------------+------------------------------------+------------------------------------+------------------------------------+
| Epoch |  training time(s)  |   tesing time(s)   |        Loss       |               recall               |                ndcg                |             precision              |             hit_ratio              |
+-------+--------------------+--------------------+-------------------+------------------------------------+------------------------------------+------------------------------------+------------------------------------+
|  265  | 27.174975872039795 | 35.611960887908936 | 40.87002182006836 | [0.16478502 0.23316758 0.28216933] | [0.14029756 0.16192803 0.17655246] | [0.0509093  0.03639226 0.02956662] | [0.55274968 0.66082792 0.71836694] |
+-------+--------------------+--------------------+-------------------+------------------------------------+------------------------------------+------------------------------------+------------------------------------+
using time 27.2689s, training loss at epoch 266: 40.7755
using time 27.2073s, training loss at epoch 267: 40.7597
using time 27.6058s, training loss at epoch 268: 40.5921
using time 27.0303s, training loss at epoch 269: 40.5150
+-------+--------------------+-------------------+-------------------+------------------------------------+------------------------------------+------------------------------------+------------------------------------+
| Epoch |  training time(s)  |   tesing time(s)  |        Loss       |               recall               |                ndcg                |             precision              |             hit_ratio              |
+-------+--------------------+-------------------+-------------------+------------------------------------+------------------------------------+------------------------------------+------------------------------------+
|  270  | 27.154730796813965 | 35.99140000343323 | 40.44544219970703 | [0.16443286 0.23264228 0.28133983] | [0.14027789 0.16184949 0.17641364] | [0.05089088 0.03635039 0.0295348 ] | [0.55271619 0.6596892  0.71716123] |
+-------+--------------------+-------------------+-------------------+------------------------------------+------------------------------------+------------------------------------+------------------------------------+
using time 27.0223s, training loss at epoch 271: 40.4564
using time 27.0437s, training loss at epoch 272: 40.2843
using time 26.8315s, training loss at epoch 273: 40.2745
using time 27.1222s, training loss at epoch 274: 40.1892
+-------+--------------------+-------------------+--------------------+------------------------------------+------------------------------------+------------------------------------+------------------------------------+
| Epoch |  training time(s)  |   tesing time(s)  |        Loss        |               recall               |                ndcg                |             precision              |             hit_ratio              |
+-------+--------------------+-------------------+--------------------+------------------------------------+------------------------------------+------------------------------------+------------------------------------+
|  275  | 27.611382007598877 | 35.52182483673096 | 40.007076263427734 | [0.16459878 0.23287359 0.28181491] | [0.14014272 0.16170584 0.17634829] | [0.05087246 0.03631606 0.02954764] | [0.55305111 0.65978967 0.71836694] |
+-------+--------------------+-------------------+--------------------+------------------------------------+------------------------------------+------------------------------------+------------------------------------+
using time 26.8239s, training loss at epoch 276: 39.8887
using time 27.3089s, training loss at epoch 277: 39.8687
using time 27.3224s, training loss at epoch 278: 39.8137
using time 27.0616s, training loss at epoch 279: 39.7484
+-------+--------------------+-------------------+-------------------+------------------------------------+------------------------------------+------------------------------------+------------------------------------+
| Epoch |  training time(s)  |   tesing time(s)  |        Loss       |               recall               |                ndcg                |             precision              |             hit_ratio              |
+-------+--------------------+-------------------+-------------------+------------------------------------+------------------------------------+------------------------------------+------------------------------------+
|  280  | 27.236672401428223 | 35.92031264305115 | 39.55781173706055 | [0.16467828 0.23271555 0.28167578] | [0.14004279 0.16153516 0.17619983] | [0.05090763 0.03629848 0.02954373] | [0.55358698 0.6592538  0.71813249] |
+-------+--------------------+-------------------+-------------------+------------------------------------+------------------------------------+------------------------------------+------------------------------------+
Early stopping is trigger at step: 10 log:0.16467828205678078
early stopping at 280, recall@20:0.1657
