reading train and test user-item set ...
data/gowalla/sampled_graph/sampled_graph_epoch1_epsilon0.1
building the adj mat ...
loading over ...
start training ...
+-------+-------------------+-------------------+-------------------+------------------------------------+------------------------------------+------------------------------------+------------------------------------+
| Epoch |  training time(s) |   tesing time(s)  |        Loss       |               recall               |                ndcg                |             precision              |             hit_ratio              |
+-------+-------------------+-------------------+-------------------+------------------------------------+------------------------------------+------------------------------------+------------------------------------+
|   0   | 26.55193066596985 | 35.94601488113403 | 135.4374237060547 | [0.10364671 0.14589653 0.17897705] | [0.08957448 0.10277739 0.11261771] | [0.0329225  0.02344263 0.01923438] | [0.40568692 0.49675129 0.55385491] |
+-------+-------------------+-------------------+-------------------+------------------------------------+------------------------------------+------------------------------------+------------------------------------+
using time 26.2197s, training loss at epoch 1: 122.1029
using time 26.0963s, training loss at epoch 2: 112.2151
using time 26.2244s, training loss at epoch 3: 106.1978
using time 26.2916s, training loss at epoch 4: 102.3608
+-------+-------------------+--------------------+------------------+------------------------------------+------------------------------------+------------------------------------+------------------------------------+
| Epoch |  training time(s) |   tesing time(s)   |       Loss       |               recall               |                ndcg                |             precision              |             hit_ratio              |
+-------+-------------------+--------------------+------------------+------------------------------------+------------------------------------+------------------------------------+------------------------------------+
|   5   | 25.95382523536682 | 36.227176904678345 | 99.4482650756836 | [0.11815345 0.16793842 0.20517561] | [0.10193345 0.11743766 0.12854683] | [0.03775705 0.02697183 0.02210965] | [0.45073347 0.55124255 0.61132695] |
+-------+-------------------+--------------------+------------------+------------------------------------+------------------------------------+------------------------------------+------------------------------------+
using time 25.9518s, training loss at epoch 6: 97.0541
using time 25.7719s, training loss at epoch 7: 95.0596
using time 25.7693s, training loss at epoch 8: 93.4275
using time 25.7348s, training loss at epoch 9: 91.8033
+-------+--------------------+-----------------+------------------+------------------------------------+------------------------------------+------------------------------------+------------------------------------+
| Epoch |  training time(s)  |  tesing time(s) |       Loss       |               recall               |                ndcg                |             precision              |             hit_ratio              |
+-------+--------------------+-----------------+------------------+------------------------------------+------------------------------------+------------------------------------+------------------------------------+
|   10  | 26.072208166122437 | 36.642822265625 | 90.5301513671875 | [0.12658536 0.17972138 0.2196699 ] | [0.10854788 0.12512106 0.13703869] | [0.04015004 0.02867908 0.02352692] | [0.47173287 0.574084   0.63306317] |
+-------+--------------------+-----------------+------------------+------------------------------------+------------------------------------+------------------------------------+------------------------------------+
using time 25.7725s, training loss at epoch 11: 89.3186
using time 25.9311s, training loss at epoch 12: 88.0701
using time 26.0751s, training loss at epoch 13: 86.8596
using time 25.8736s, training loss at epoch 14: 86.1469
+-------+--------------------+-------------------+-------------------+------------------------------------+------------------------------------+------------------------------------+------------------------------------+
| Epoch |  training time(s)  |   tesing time(s)  |        Loss       |               recall               |                ndcg                |             precision              |             hit_ratio              |
+-------+--------------------+-------------------+-------------------+------------------------------------+------------------------------------+------------------------------------+------------------------------------+
|   15  | 25.850815057754517 | 36.53260684013367 | 84.89083862304688 | [0.13128249 0.18739399 0.22816385] | [0.11259278 0.13017304 0.14234728] | [0.04146627 0.02979269 0.02436142] | [0.48211535 0.58781566 0.6456896 ] |
+-------+--------------------+-------------------+-------------------+------------------------------------+------------------------------------+------------------------------------+------------------------------------+
using time 25.9669s, training loss at epoch 16: 83.7109
using time 25.8523s, training loss at epoch 17: 82.8879
using time 25.9506s, training loss at epoch 18: 82.0019
using time 25.7020s, training loss at epoch 19: 80.9172
+-------+-------------------+-------------------+------------+------------------------------------+------------------------------------+------------------------------------+------------------------------------+
| Epoch |  training time(s) |   tesing time(s)  |    Loss    |               recall               |                ndcg                |             precision              |             hit_ratio              |
+-------+-------------------+-------------------+------------+------------------------------------+------------------------------------+------------------------------------+------------------------------------+
|   20  | 26.10389018058777 | 36.75138998031616 | 80.1796875 | [0.13589038 0.19370939 0.23538785] | [0.11626966 0.13441828 0.14686434] | [0.04273729 0.03071874 0.02508485] | [0.49202894 0.5987675  0.65697635] |
+-------+-------------------+-------------------+------------+------------------------------------+------------------------------------+------------------------------------+------------------------------------+
using time 25.7359s, training loss at epoch 21: 79.2409
using time 25.8144s, training loss at epoch 22: 78.5134
using time 25.8167s, training loss at epoch 23: 77.6218
using time 25.7568s, training loss at epoch 24: 76.6928
+-------+-------------------+-------------------+-------------------+------------------------------------+------------------------------------+------------------------------------+------------------------------------+
| Epoch |  training time(s) |   tesing time(s)  |        Loss       |               recall               |                ndcg                |             precision              |             hit_ratio              |
+-------+-------------------+-------------------+-------------------+------------------------------------+------------------------------------+------------------------------------+------------------------------------+
|   25  | 26.10310959815979 | 36.29849886894226 | 75.85388946533203 | [0.13954725 0.19881375 0.24074234] | [0.11931885 0.13798272 0.15046936] | [0.0437387  0.03148821 0.02558834] | [0.50010048 0.60590127 0.66364124] |
+-------+-------------------+-------------------+-------------------+------------------------------------+------------------------------------+------------------------------------+------------------------------------+
using time 26.0252s, training loss at epoch 26: 75.1051
using time 25.8515s, training loss at epoch 27: 74.5030
using time 25.8167s, training loss at epoch 28: 73.7756
using time 25.8786s, training loss at epoch 29: 72.8714
+-------+--------------------+-------------------+-------------------+------------------------------------+------------------------------------+------------------------------------+------------------------------------+
| Epoch |  training time(s)  |   tesing time(s)  |        Loss       |               recall               |                ndcg                |             precision              |             hit_ratio              |
+-------+--------------------+-------------------+-------------------+------------------------------------+------------------------------------+------------------------------------+------------------------------------+
|   30  | 26.054380416870117 | 36.49596667289734 | 72.12088775634766 | [0.14300347 0.20296815 0.24550781] | [0.12214884 0.14097703 0.15366009] | [0.04479536 0.03207348 0.02604941] | [0.50743519 0.61239869 0.66869851] |
+-------+--------------------+-------------------+-------------------+------------------------------------+------------------------------------+------------------------------------+------------------------------------+
using time 25.8416s, training loss at epoch 31: 71.5499
using time 25.7289s, training loss at epoch 32: 70.8685
using time 25.9032s, training loss at epoch 33: 70.3579
using time 25.7752s, training loss at epoch 34: 69.4441
+-------+--------------------+-------------------+-------------------+------------------------------------+------------------------------------+------------------------------------+------------------------------------+
| Epoch |  training time(s)  |   tesing time(s)  |        Loss       |               recall               |                ndcg                |             precision              |             hit_ratio              |
+-------+--------------------+-------------------+-------------------+------------------------------------+------------------------------------+------------------------------------+------------------------------------+
|   35  | 25.682411193847656 | 36.53083324432373 | 68.73219299316406 | [0.14546206 0.20708306 0.25032653] | [0.12456178 0.14389175 0.1567912 ] | [0.04553553 0.03262024 0.02650937] | [0.51121977 0.61681961 0.67526291] |
+-------+--------------------+-------------------+-------------------+------------------------------------+------------------------------------+------------------------------------+------------------------------------+
using time 25.7840s, training loss at epoch 36: 67.9814
using time 25.9112s, training loss at epoch 37: 67.5787
using time 25.7325s, training loss at epoch 38: 66.9062
using time 25.6953s, training loss at epoch 39: 66.2554
+-------+------------------+-------------------+-------------------+------------------------------------+------------------------------------+------------------------------------+------------------------------------+
| Epoch | training time(s) |   tesing time(s)  |        Loss       |               recall               |                ndcg                |             precision              |             hit_ratio              |
+-------+------------------+-------------------+-------------------+------------------------------------+------------------------------------+------------------------------------+------------------------------------+
|   40  | 25.8197820186615 | 36.59843349456787 | 65.73192596435547 | [0.14828057 0.21027008 0.25427081] | [0.1266906  0.14619758 0.15930302] | [0.04624054 0.03310503 0.02688336] | [0.51708085 0.62227879 0.67995177] |
+-------+------------------+-------------------+-------------------+------------------------------------+------------------------------------+------------------------------------+------------------------------------+
using time 25.9598s, training loss at epoch 41: 65.0331
using time 25.7323s, training loss at epoch 42: 64.3155
using time 25.9679s, training loss at epoch 43: 63.8148
using time 25.7793s, training loss at epoch 44: 63.2876
+-------+--------------------+-------------------+--------------------+------------------------------------+------------------------------------+------------------------------------+------------------------------------+
| Epoch |  training time(s)  |   tesing time(s)  |        Loss        |               recall               |                ndcg                |             precision              |             hit_ratio              |
+-------+--------------------+-------------------+--------------------+------------------------------------+------------------------------------+------------------------------------+------------------------------------+
|   45  | 25.771469116210938 | 36.16809129714966 | 62.640750885009766 | [0.15070209 0.21324474 0.25767134] | [0.12861034 0.1482818  0.16154233] | [0.04693047 0.03352535 0.02723837] | [0.52163574 0.62730257 0.68360238] |
+-------+--------------------+-------------------+--------------------+------------------------------------+------------------------------------+------------------------------------+------------------------------------+
using time 25.9508s, training loss at epoch 46: 62.0878
using time 26.0405s, training loss at epoch 47: 61.4305
using time 25.8051s, training loss at epoch 48: 60.9358
using time 25.8470s, training loss at epoch 49: 60.4387
+-------+-------------------+--------------------+-------------------+------------------------------------+------------------------------------+------------------------------------+------------------------------------+
| Epoch |  training time(s) |   tesing time(s)   |        Loss       |               recall               |                ndcg                |             precision              |             hit_ratio              |
+-------+-------------------+--------------------+-------------------+------------------------------------+------------------------------------+------------------------------------+------------------------------------+
|   50  | 25.71687936782837 | 36.448408126831055 | 59.69902801513672 | [0.15245459 0.21568424 0.26082234] | [0.13030241 0.15019533 0.16366235] | [0.04746634 0.03389879 0.02755487] | [0.52568826 0.62958001 0.68678411] |
+-------+-------------------+--------------------+-------------------+------------------------------------+------------------------------------+------------------------------------+------------------------------------+
using time 25.7953s, training loss at epoch 51: 59.3736
using time 25.8690s, training loss at epoch 52: 58.8703
using time 25.8915s, training loss at epoch 53: 58.3093
using time 25.7382s, training loss at epoch 54: 57.7137
+-------+--------------------+-------------------+-------------------+------------------------------------+------------------------------------+------------------------------------+------------------------------------+
| Epoch |  training time(s)  |   tesing time(s)  |        Loss       |               recall               |                ndcg                |             precision              |             hit_ratio              |
+-------+--------------------+-------------------+-------------------+------------------------------------+------------------------------------+------------------------------------+------------------------------------+
|   55  | 25.869848251342773 | 36.10858106613159 | 57.10335159301758 | [0.15453512 0.21803572 0.26298588] | [0.13193488 0.15191448 0.16532473] | [0.04807589 0.03427557 0.02778931] | [0.53097997 0.63356554 0.68879362] |
+-------+--------------------+-------------------+-------------------+------------------------------------+------------------------------------+------------------------------------+------------------------------------+
using time 25.9098s, training loss at epoch 56: 56.7438
using time 25.8449s, training loss at epoch 57: 56.0277
using time 25.9493s, training loss at epoch 58: 55.8114
using time 26.2653s, training loss at epoch 59: 55.4374
+-------+--------------------+--------------------+-------------------+------------------------------------+------------------------------------+------------------------------------+------------------------------------+
| Epoch |  training time(s)  |   tesing time(s)   |        Loss       |               recall               |                ndcg                |             precision              |             hit_ratio              |
+-------+--------------------+--------------------+-------------------+------------------------------------+------------------------------------+------------------------------------+------------------------------------+
|   60  | 26.478429317474365 | 36.883026361465454 | 54.64476013183594 | [0.1563564  0.21968156 0.26548729] | [0.1333903  0.1533333  0.16699276] | [0.04856822 0.03453346 0.02803436] | [0.53436265 0.63557506 0.6917744 ] |
+-------+--------------------+--------------------+-------------------+------------------------------------+------------------------------------+------------------------------------+------------------------------------+
using time 25.8961s, training loss at epoch 61: 54.2535
using time 25.7592s, training loss at epoch 62: 53.8800
using time 25.8105s, training loss at epoch 63: 53.3103
using time 25.8206s, training loss at epoch 64: 52.8797
+-------+------------------+------------------+-------------------+------------------------------------+------------------------------------+------------------------------------+------------------------------------+
| Epoch | training time(s) |  tesing time(s)  |        Loss       |               recall               |                ndcg                |             precision              |             hit_ratio              |
+-------+------------------+------------------+-------------------+------------------------------------+------------------------------------+------------------------------------+------------------------------------+
|   65  | 26.0622296333313 | 36.3565776348114 | 52.44599533081055 | [0.15766962 0.22156011 0.26711419] | [0.13459744 0.15468817 0.16827954] | [0.0489584  0.03480809 0.02819512] | [0.53613772 0.63788599 0.69344899] |
+-------+------------------+------------------+-------------------+------------------------------------+------------------------------------+------------------------------------+------------------------------------+
using time 25.8516s, training loss at epoch 66: 51.8550
using time 25.9224s, training loss at epoch 67: 51.5600
using time 25.7019s, training loss at epoch 68: 51.2240
using time 25.6842s, training loss at epoch 69: 50.7018
+-------+--------------------+-------------------+------------------+------------------------------------+------------------------------------+------------------------------------+------------------------------------+
| Epoch |  training time(s)  |   tesing time(s)  |       Loss       |               recall               |                ndcg                |             precision              |             hit_ratio              |
+-------+--------------------+-------------------+------------------+------------------------------------+------------------------------------+------------------------------------+------------------------------------+
|   70  | 25.875242710113525 | 36.76735162734985 | 50.3443489074707 | [0.15849757 0.22273204 0.26934105] | [0.13544913 0.15568126 0.16956695] | [0.04920624 0.03498644 0.02839273] | [0.53667359 0.63979503 0.69653024] |
+-------+--------------------+-------------------+------------------+------------------------------------+------------------------------------+------------------------------------+------------------------------------+
using time 25.9130s, training loss at epoch 71: 49.7149
using time 25.9388s, training loss at epoch 72: 49.4771
using time 26.0751s, training loss at epoch 73: 49.0468
using time 25.9221s, training loss at epoch 74: 48.6022
+-------+--------------------+-------------------+-------------------+------------------------------------+------------------------------------+------------------------------------+------------------------------------+
| Epoch |  training time(s)  |   tesing time(s)  |        Loss       |               recall               |                ndcg                |             precision              |             hit_ratio              |
+-------+--------------------+-------------------+-------------------+------------------------------------+------------------------------------+------------------------------------+------------------------------------+
|   75  | 25.887349605560303 | 36.20945453643799 | 48.38716506958008 | [0.15937378 0.22412227 0.2709775 ] | [0.1362843  0.15668956 0.1706424 ] | [0.04945743 0.03519157 0.02853674] | [0.53814723 0.64076629 0.69867372] |
+-------+--------------------+-------------------+-------------------+------------------------------------+------------------------------------+------------------------------------+------------------------------------+
using time 25.7037s, training loss at epoch 76: 47.9931
using time 25.7668s, training loss at epoch 77: 47.4411
using time 26.0263s, training loss at epoch 78: 47.0528
using time 25.9379s, training loss at epoch 79: 46.6707
+-------+--------------------+-------------------+--------------------+------------------------------------+------------------------------------+------------------------------------+------------------------------------+
| Epoch |  training time(s)  |   tesing time(s)  |        Loss        |               recall               |                ndcg                |             precision              |             hit_ratio              |
+-------+--------------------+-------------------+--------------------+------------------------------------+------------------------------------+------------------------------------+------------------------------------+
|   80  | 25.945876598358154 | 36.51227355003357 | 46.199989318847656 | [0.16033892 0.2254464  0.27231393] | [0.13717497 0.15769288 0.17164926] | [0.04973039 0.0353741  0.02866624] | [0.53978833 0.64217295 0.69987943] |
+-------+--------------------+-------------------+--------------------+------------------------------------+------------------------------------+------------------------------------+------------------------------------+
using time 25.7220s, training loss at epoch 81: 46.1102
using time 25.8183s, training loss at epoch 82: 45.6618
using time 25.9449s, training loss at epoch 83: 45.1229
using time 25.7649s, training loss at epoch 84: 44.8865
+-------+--------------------+-------------------+-------------------+------------------------------------+------------------------------------+------------------------------------+------------------------------------+
| Epoch |  training time(s)  |   tesing time(s)  |        Loss       |               recall               |                ndcg                |             precision              |             hit_ratio              |
+-------+--------------------+-------------------+-------------------+------------------------------------+------------------------------------+------------------------------------+------------------------------------+
|   85  | 25.885951042175293 | 36.43730807304382 | 44.58695602416992 | [0.16121413 0.22631895 0.27333253] | [0.13788642 0.15844102 0.17245383] | [0.04991627 0.03551142 0.02877509] | [0.54062563 0.64324469 0.69971197] |
+-------+--------------------+-------------------+-------------------+------------------------------------+------------------------------------+------------------------------------+------------------------------------+
using time 25.9046s, training loss at epoch 86: 44.1608
using time 26.1549s, training loss at epoch 87: 43.7923
using time 25.8853s, training loss at epoch 88: 43.5909
using time 25.7213s, training loss at epoch 89: 43.2231
+-------+-------------------+-------------------+--------------------+------------------------------------+------------------------------------+------------------------------------+------------------------------------+
| Epoch |  training time(s) |   tesing time(s)  |        Loss        |               recall               |                ndcg                |             precision              |             hit_ratio              |
+-------+-------------------+-------------------+--------------------+------------------------------------+------------------------------------+------------------------------------+------------------------------------+
|   90  | 26.02068829536438 | 36.70030426979065 | 42.857730865478516 | [0.1620787  0.22725034 0.27419167] | [0.13847699 0.15904072 0.17305254] | [0.05013899 0.03560604 0.02885994] | [0.54323799 0.64434992 0.70078371] |
+-------+-------------------+-------------------+--------------------+------------------------------------+------------------------------------+------------------------------------+------------------------------------+
using time 25.8306s, training loss at epoch 91: 42.4899
using time 26.1762s, training loss at epoch 92: 42.1572
using time 25.9936s, training loss at epoch 93: 42.0559
using time 25.7919s, training loss at epoch 94: 41.5629
+-------+-------------------+--------------------+-------------------+------------------------------------+------------------------------------+------------------------------------+------------------------------------+
| Epoch |  training time(s) |   tesing time(s)   |        Loss       |               recall               |                ndcg                |             precision              |             hit_ratio              |
+-------+-------------------+--------------------+-------------------+------------------------------------+------------------------------------+------------------------------------+------------------------------------+
|   95  | 25.91589879989624 | 36.311325550079346 | 41.37501907348633 | [0.16277685 0.22782863 0.27475666] | [0.13912432 0.15963084 0.17365643] | [0.05037343 0.03569228 0.02893641] | [0.5436064  0.64538817 0.70075022] |
+-------+-------------------+--------------------+-------------------+------------------------------------+------------------------------------+------------------------------------+------------------------------------+
using time 25.8470s, training loss at epoch 96: 40.9640
using time 26.0272s, training loss at epoch 97: 40.7057
using time 26.0213s, training loss at epoch 98: 40.3410
using time 25.8493s, training loss at epoch 99: 39.9716
+-------+-------------------+-------------------+------------------+------------------------------------+------------------------------------+------------------------------------+------------------------------------+
| Epoch |  training time(s) |   tesing time(s)  |       Loss       |               recall               |                ndcg                |             precision              |             hit_ratio              |
+-------+-------------------+-------------------+------------------+------------------------------------+------------------------------------+------------------------------------+------------------------------------+
|  100  | 25.81225872039795 | 36.88603949546814 | 39.8561897277832 | [0.16321583 0.22850997 0.27547505] | [0.1395684  0.16011967 0.17417275] | [0.0505141  0.03574586 0.02898051] | [0.54494608 0.64552214 0.70148704] |
+-------+-------------------+-------------------+------------------+------------------------------------+------------------------------------+------------------------------------+------------------------------------+
using time 25.5629s, training loss at epoch 101: 39.5292
using time 25.9336s, training loss at epoch 102: 39.3053
using time 25.9647s, training loss at epoch 103: 38.6877
using time 26.0397s, training loss at epoch 104: 38.6859
+-------+--------------------+-------------------+-------------------+------------------------------------+------------------------------------+------------------------------------+------------------------------------+
| Epoch |  training time(s)  |   tesing time(s)  |        Loss       |               recall               |                ndcg                |             precision              |             hit_ratio              |
+-------+--------------------+-------------------+-------------------+------------------------------------+------------------------------------+------------------------------------+------------------------------------+
|  105  | 25.838932275772095 | 36.45978307723999 | 38.44050216674805 | [0.16378574 0.22933669 0.27656401] | [0.14000483 0.1606121  0.17473154] | [0.05068323 0.03587146 0.0290821 ] | [0.54628575 0.64635943 0.70249179] |
+-------+--------------------+-------------------+-------------------+------------------------------------+------------------------------------+------------------------------------+------------------------------------+
using time 25.9240s, training loss at epoch 106: 38.1518
using time 25.7504s, training loss at epoch 107: 37.9107
using time 25.7176s, training loss at epoch 108: 37.4966
using time 25.8603s, training loss at epoch 109: 37.2618
+-------+--------------------+--------------------+--------------------+------------------------------------+------------------------------------+------------------------------------+------------------------------------+
| Epoch |  training time(s)  |   tesing time(s)   |        Loss        |               recall               |                ndcg                |             precision              |             hit_ratio              |
+-------+--------------------+--------------------+--------------------+------------------------------------+------------------------------------+------------------------------------+------------------------------------+
|  110  | 25.588769912719727 | 36.985560178756714 | 37.050411224365234 | [0.16381797 0.22944779 0.27697729] | [0.14026425 0.16089791 0.17511107] | [0.05070333 0.03586309 0.02911113] | [0.54591734 0.6460915  0.70242481] |
+-------+--------------------+--------------------+--------------------+------------------------------------+------------------------------------+------------------------------------+------------------------------------+
using time 26.1044s, training loss at epoch 111: 36.7749
using time 25.9527s, training loss at epoch 112: 36.6282
using time 25.9222s, training loss at epoch 113: 36.3257
using time 25.6756s, training loss at epoch 114: 35.9904
+-------+--------------------+--------------------+-------------------+------------------------------------+------------------------------------+------------------------------------+------------------------------------+
| Epoch |  training time(s)  |   tesing time(s)   |        Loss       |               recall               |                ndcg                |             precision              |             hit_ratio              |
+-------+--------------------+--------------------+-------------------+------------------------------------+------------------------------------+------------------------------------+------------------------------------+
|  115  | 25.926834106445312 | 36.143096685409546 | 35.75971221923828 | [0.16431767 0.23017278 0.2774204 ] | [0.14066996 0.16136186 0.17546998] | [0.0508306  0.03593091 0.0291128 ] | [0.54625226 0.64739768 0.70342957] |
+-------+--------------------+--------------------+-------------------+------------------------------------+------------------------------------+------------------------------------+------------------------------------+
using time 25.8631s, training loss at epoch 116: 35.6431
using time 25.7504s, training loss at epoch 117: 35.3959
using time 25.7281s, training loss at epoch 118: 35.0618
using time 25.9978s, training loss at epoch 119: 34.8943
+-------+--------------------+-------------------+-------------------+------------------------------------+------------------------------------+------------------------------------+------------------------------------+
| Epoch |  training time(s)  |   tesing time(s)  |        Loss       |               recall               |                ndcg                |             precision              |             hit_ratio              |
+-------+--------------------+-------------------+-------------------+------------------------------------+------------------------------------+------------------------------------+------------------------------------+
|  120  | 25.990604162216187 | 36.97871136665344 | 34.67024230957031 | [0.16446939 0.22999443 0.27816918] | [0.14069732 0.16130771 0.17567889] | [0.05084902 0.0359016  0.02916415] | [0.54574988 0.64639293 0.7032956 ] |
+-------+--------------------+-------------------+-------------------+------------------------------------+------------------------------------+------------------------------------+------------------------------------+
using time 25.9020s, training loss at epoch 121: 34.4617
using time 25.8663s, training loss at epoch 122: 34.2270
using time 26.1625s, training loss at epoch 123: 34.0777
using time 26.2283s, training loss at epoch 124: 33.7404
+-------+--------------------+-------------------+-------------------+------------------------------------+------------------------------------+------------------------------------+------------------------------------+
| Epoch |  training time(s)  |   tesing time(s)  |        Loss       |               recall               |                ndcg                |             precision              |             hit_ratio              |
+-------+--------------------+-------------------+-------------------+------------------------------------+------------------------------------+------------------------------------+------------------------------------+
|  125  | 25.894999265670776 | 36.68669867515564 | 33.64736557006836 | [0.16475405 0.23016612 0.27860532] | [0.14090662 0.16151016 0.17595068] | [0.05089423 0.03593677 0.02919765] | [0.54601782 0.64682832 0.70363052] |
+-------+--------------------+-------------------+-------------------+------------------------------------+------------------------------------+------------------------------------+------------------------------------+
using time 26.1205s, training loss at epoch 126: 33.3091
using time 25.8772s, training loss at epoch 127: 33.2304
using time 26.0189s, training loss at epoch 128: 33.0746
using time 25.9794s, training loss at epoch 129: 32.7427
+-------+--------------------+--------------------+--------------------+------------------------------------+------------------------------------+------------------------------------+------------------------------------+
| Epoch |  training time(s)  |   tesing time(s)   |        Loss        |               recall               |                ndcg                |             precision              |             hit_ratio              |
+-------+--------------------+--------------------+--------------------+------------------------------------+------------------------------------+------------------------------------+------------------------------------+
|  130  | 25.775224924087524 | 37.178858280181885 | 32.559024810791016 | [0.16512563 0.23025236 0.27832996] | [0.14113582 0.16167349 0.1760225 ] | [0.05093945 0.03595854 0.02918872] | [0.54628575 0.64662737 0.70326211] |
+-------+--------------------+--------------------+--------------------+------------------------------------+------------------------------------+------------------------------------+------------------------------------+
using time 25.8329s, training loss at epoch 131: 32.4107
using time 25.8358s, training loss at epoch 132: 32.1528
using time 25.9204s, training loss at epoch 133: 31.9951
using time 26.2757s, training loss at epoch 134: 31.7052
+-------+--------------------+-------------------+--------------------+------------------------------------+------------------------------------+------------------------------------+------------------------------------+
| Epoch |  training time(s)  |   tesing time(s)  |        Loss        |               recall               |                ndcg                |             precision              |             hit_ratio              |
+-------+--------------------+-------------------+--------------------+------------------------------------+------------------------------------+------------------------------------+------------------------------------+
|  135  | 25.834752559661865 | 36.25216722488403 | 31.529254913330078 | [0.16507611 0.23048402 0.27902945] | [0.14124888 0.16184839 0.17633991] | [0.05094447 0.03594012 0.02922444] | [0.54585036 0.64656039 0.70353004] |
+-------+--------------------+-------------------+--------------------+------------------------------------+------------------------------------+------------------------------------+------------------------------------+
using time 25.7369s, training loss at epoch 136: 31.5318
using time 25.6846s, training loss at epoch 137: 31.1404
using time 25.5780s, training loss at epoch 138: 30.9875
using time 25.7136s, training loss at epoch 139: 30.8459
+-------+-------------------+-------------------+-------------------+------------------------------------+------------------------------------+------------------------------------+------------------------------------+
| Epoch |  training time(s) |   tesing time(s)  |        Loss       |               recall               |                ndcg                |             precision              |             hit_ratio              |
+-------+-------------------+-------------------+-------------------+------------------------------------+------------------------------------+------------------------------------+------------------------------------+
|  140  | 25.94551944732666 | 36.44267678260803 | 30.72041893005371 | [0.16553858 0.23092039 0.27870653] | [0.14149578 0.16209431 0.17636672] | [0.05101145 0.03598533 0.0291742 ] | [0.54729051 0.64763213 0.7036975 ] |
+-------+-------------------+-------------------+-------------------+------------------------------------+------------------------------------+------------------------------------+------------------------------------+
using time 25.8803s, training loss at epoch 141: 30.4727
using time 25.8001s, training loss at epoch 142: 30.4925
using time 25.7993s, training loss at epoch 143: 30.2391
using time 25.9516s, training loss at epoch 144: 30.1415
+-------+--------------------+-------------------+--------------------+------------------------------------+------------------------------------+------------------------------------+------------------------------------+
| Epoch |  training time(s)  |   tesing time(s)  |        Loss        |               recall               |                ndcg                |             precision              |             hit_ratio              |
+-------+--------------------+-------------------+--------------------+------------------------------------+------------------------------------+------------------------------------+------------------------------------+
|  145  | 25.939919233322144 | 36.38872575759888 | 29.949111938476562 | [0.16511685 0.23147898 0.27842078] | [0.14123974 0.16218198 0.17621654] | [0.05081888 0.03600626 0.02913178] | [0.54578337 0.64786657 0.70349655] |
+-------+--------------------+-------------------+--------------------+------------------------------------+------------------------------------+------------------------------------+------------------------------------+
using time 26.0023s, training loss at epoch 146: 29.6184
using time 25.9174s, training loss at epoch 147: 29.5182
using time 26.0358s, training loss at epoch 148: 29.5169
using time 25.9984s, training loss at epoch 149: 29.2054
+-------+--------------------+-------------------+-------------------+------------------------------------+------------------------------------+------------------------------------+------------------------------------+
| Epoch |  training time(s)  |   tesing time(s)  |        Loss       |               recall               |                ndcg                |             precision              |             hit_ratio              |
+-------+--------------------+-------------------+-------------------+------------------------------------+------------------------------------+------------------------------------+------------------------------------+
|  150  | 26.083720207214355 | 36.64456129074097 | 28.85796356201172 | [0.165552   0.23150363 0.2785037 ] | [0.14143136 0.16221868 0.17628073] | [0.05091768 0.03598617 0.02913066] | [0.54641972 0.64739768 0.70399893] |
+-------+--------------------+-------------------+-------------------+------------------------------------+------------------------------------+------------------------------------+------------------------------------+
using time 25.9558s, training loss at epoch 151: 28.8856
using time 25.8636s, training loss at epoch 152: 28.8387
using time 25.9270s, training loss at epoch 153: 28.5851
using time 25.9395s, training loss at epoch 154: 28.4338
+-------+--------------------+-------------------+--------------------+------------------------------------+------------------------------------+------------------------------------+------------------------------------+
| Epoch |  training time(s)  |   tesing time(s)  |        Loss        |               recall               |                ndcg                |             precision              |             hit_ratio              |
+-------+--------------------+-------------------+--------------------+------------------------------------+------------------------------------+------------------------------------+------------------------------------+
|  155  | 25.996889352798462 | 36.38098073005676 | 28.232194900512695 | [0.1652915  0.23169221 0.27829479] | [0.14129408 0.16223986 0.1761855 ] | [0.05085069 0.03600877 0.02910666] | [0.54605131 0.64766562 0.70342957] |
+-------+--------------------+-------------------+--------------------+------------------------------------+------------------------------------+------------------------------------+------------------------------------+
using time 25.9451s, training loss at epoch 156: 28.2044
using time 26.4752s, training loss at epoch 157: 28.0050
using time 27.1878s, training loss at epoch 158: 27.8669
using time 27.4334s, training loss at epoch 159: 27.8071
+-------+--------------------+--------------------+--------------------+------------------------------------+------------------------------------+------------------------------------+------------------------------------+
| Epoch |  training time(s)  |   tesing time(s)   |        Loss        |               recall               |                ndcg                |             precision              |             hit_ratio              |
+-------+--------------------+--------------------+--------------------+------------------------------------+------------------------------------+------------------------------------+------------------------------------+
|  160  | 30.909648656845093 | 45.981674671173096 | 27.577831268310547 | [0.16530474 0.23107278 0.27779478] | [0.14133591 0.16207983 0.17609249] | [0.05083227 0.03590495 0.02907819] | [0.54585036 0.64622547 0.70168799] |
+-------+--------------------+--------------------+--------------------+------------------------------------+------------------------------------+------------------------------------+------------------------------------+
using time 27.9986s, training loss at epoch 161: 27.4329
using time 28.1399s, training loss at epoch 162: 27.1895
using time 27.7563s, training loss at epoch 163: 27.1940
using time 27.9577s, training loss at epoch 164: 26.9887
+-------+--------------------+--------------------+--------------------+------------------------------------+------------------------------------+------------------------------------+------------------------------------+
| Epoch |  training time(s)  |   tesing time(s)   |        Loss        |               recall               |                ndcg                |             precision              |             hit_ratio              |
+-------+--------------------+--------------------+--------------------+------------------------------------+------------------------------------+------------------------------------+------------------------------------+
|  165  | 27.827402353286743 | 37.271783113479614 | 27.026002883911133 | [0.16533315 0.23135495 0.27765091] | [0.1411913  0.16204437 0.17590079] | [0.05074519 0.03592672 0.02902237] | [0.54618528 0.64605801 0.70118561] |
+-------+--------------------+--------------------+--------------------+------------------------------------+------------------------------------+------------------------------------+------------------------------------+
using time 28.9203s, training loss at epoch 166: 26.8364
using time 31.6061s, training loss at epoch 167: 26.7313
using time 27.7910s, training loss at epoch 168: 26.5730
using time 27.8655s, training loss at epoch 169: 26.3921
+-------+-------------------+-------------------+--------------------+------------------------------------+------------------------------------+------------------------------------+------------------------------------+
| Epoch |  training time(s) |   tesing time(s)  |        Loss        |               recall               |                ndcg                |             precision              |             hit_ratio              |
+-------+-------------------+-------------------+--------------------+------------------------------------+------------------------------------+------------------------------------+------------------------------------+
|  170  | 27.96790051460266 | 37.48261332511902 | 26.265369415283203 | [0.16535415 0.23122742 0.27759129] | [0.14111372 0.16191869 0.17580734] | [0.05074519 0.03589323 0.02900228] | [0.54585036 0.64589055 0.70172148] |
+-------+-------------------+-------------------+--------------------+------------------------------------+------------------------------------+------------------------------------+------------------------------------+
using time 27.5870s, training loss at epoch 171: 26.2188
using time 27.6177s, training loss at epoch 172: 26.0115
using time 27.8352s, training loss at epoch 173: 25.8593
using time 31.0246s, training loss at epoch 174: 25.7523
+-------+--------------------+--------------------+--------------------+------------------------------------+------------------------------------+------------------------------------+------------------------------------+
| Epoch |  training time(s)  |   tesing time(s)   |        Loss        |               recall               |                ndcg                |             precision              |             hit_ratio              |
+-------+--------------------+--------------------+--------------------+------------------------------------+------------------------------------+------------------------------------+------------------------------------+
|  175  | 29.361060857772827 | 37.339914083480835 | 25.808372497558594 | [0.16522155 0.23121165 0.27737278] | [0.14099744 0.16181056 0.17567834] | [0.05073682 0.0358455  0.02899335] | [0.54558242 0.64552214 0.70068323] |
+-------+--------------------+--------------------+--------------------+------------------------------------+------------------------------------+------------------------------------+------------------------------------+
using time 28.1861s, training loss at epoch 176: 25.5191
using time 27.6722s, training loss at epoch 177: 25.5182
using time 27.7367s, training loss at epoch 178: 25.2737
using time 27.8823s, training loss at epoch 179: 25.1789
+-------+--------------------+-------------------+--------------------+------------------------------------+------------------------------------+------------------------------------+------------------------------------+
| Epoch |  training time(s)  |   tesing time(s)  |        Loss        |               recall               |                ndcg                |             precision              |             hit_ratio              |
+-------+--------------------+-------------------+--------------------+------------------------------------+------------------------------------+------------------------------------+------------------------------------+
|  180  | 27.666012287139893 | 46.65142512321472 | 25.118732452392578 | [0.164755   0.23124607 0.27724092] | [0.14069545 0.16169638 0.17549441] | [0.0506196  0.03585722 0.02896544] | [0.54521401 0.64555563 0.70075022] |
+-------+--------------------+-------------------+--------------------+------------------------------------+------------------------------------+------------------------------------+------------------------------------+
using time 30.8119s, training loss at epoch 181: 25.1842
using time 27.7460s, training loss at epoch 182: 24.9356
using time 27.9626s, training loss at epoch 183: 24.6507
using time 27.6086s, training loss at epoch 184: 24.6842
+-------+--------------------+--------------------+--------------------+------------------------------------+------------------------------------+------------------------------------+------------------------------------+
| Epoch |  training time(s)  |   tesing time(s)   |        Loss        |               recall               |                ndcg                |             precision              |             hit_ratio              |
+-------+--------------------+--------------------+--------------------+------------------------------------+------------------------------------+------------------------------------+------------------------------------+
|  185  | 27.756036281585693 | 37.007710695266724 | 24.654966354370117 | [0.16495998 0.23102803 0.27716286] | [0.14071366 0.16158336 0.17543652] | [0.05059281 0.03579275 0.02894757] | [0.54504655 0.64481881 0.69987943] |
+-------+--------------------+--------------------+--------------------+------------------------------------+------------------------------------+------------------------------------+------------------------------------+
using time 27.9330s, training loss at epoch 186: 24.5203
using time 27.9884s, training loss at epoch 187: 24.4600
using time 31.5863s, training loss at epoch 188: 24.3920
using time 29.5585s, training loss at epoch 189: 24.2076
+-------+-------------------+-------------------+--------------------+------------------------------------+------------------------------------+------------------------------------+------------------------------------+
| Epoch |  training time(s) |   tesing time(s)  |        Loss        |               recall               |                ndcg                |             precision              |             hit_ratio              |
+-------+-------------------+-------------------+--------------------+------------------------------------+------------------------------------+------------------------------------+------------------------------------+
|  190  | 27.92809295654297 | 37.36976742744446 | 24.065290451049805 | [0.16483152 0.23049698 0.27695627] | [0.14070679 0.16144333 0.17539008] | [0.05054089 0.03567888 0.02889343] | [0.54504655 0.64418246 0.69944404] |
+-------+-------------------+-------------------+--------------------+------------------------------------+------------------------------------+------------------------------------+------------------------------------+
using time 27.8354s, training loss at epoch 191: 24.0796
using time 27.8648s, training loss at epoch 192: 23.9745
using time 27.8346s, training loss at epoch 193: 23.8963
using time 27.7023s, training loss at epoch 194: 23.7412
+-------+-------------------+-------------------+--------------------+------------------------------------+------------------------------------+------------------------------------+------------------------------------+
| Epoch |  training time(s) |   tesing time(s)  |        Loss        |               recall               |                ndcg                |             precision              |             hit_ratio              |
+-------+-------------------+-------------------+--------------------+------------------------------------+------------------------------------+------------------------------------+------------------------------------+
|  195  | 29.01643133163452 | 53.05372643470764 | 23.651594161987305 | [0.16482648 0.23031032 0.27656456] | [0.14074834 0.16143212 0.17531118] | [0.05052247 0.03566046 0.02886496] | [0.54461116 0.64465135 0.69900864] |
+-------+-------------------+-------------------+--------------------+------------------------------------+------------------------------------+------------------------------------+------------------------------------+
using time 27.5050s, training loss at epoch 196: 23.4813
using time 27.7428s, training loss at epoch 197: 23.4153
using time 27.8385s, training loss at epoch 198: 23.4315
using time 27.9130s, training loss at epoch 199: 23.2312
+-------+--------------------+------------------+--------------------+------------------------------------+------------------------------------+------------------------------------+------------------------------------+
| Epoch |  training time(s)  |  tesing time(s)  |        Loss        |               recall               |                ndcg                |             precision              |             hit_ratio              |
+-------+--------------------+------------------+--------------------+------------------------------------+------------------------------------+------------------------------------+------------------------------------+
|  200  | 27.707456588745117 | 37.6493604183197 | 23.340003967285156 | [0.16481541 0.23015431 0.27655771] | [0.14057282 0.161177   0.17506693] | [0.05051912 0.03561441 0.02881361] | [0.54451068 0.64394802 0.69937705] |
+-------+--------------------+------------------+--------------------+------------------------------------+------------------------------------+------------------------------------+------------------------------------+
Early stopping is trigger at step: 10 log:0.16481540967178782
early stopping at 200, recall@20:0.1656
