nohup python main.py --dataset gowalla --gnn lightgcn --dim 64 --lr 0.001 --batch_size 4096 --gpu_id 0 --context_hops 3 --pool mean --ns mixgcf --K 1 --n_negs 64 --sample_method 1 &
reading train and test user-item set ...
data/gowalla/sampled_graph/sampled_graph_epoch1_epsilon0.01
append :  1.2038302421569824
degree 계산 시간 :  0.3115675449371338
building the adj mat ...
loading over ...
start training ...
+-------+-------------------+-------------------+--------------------+------------------------------------+------------------------------------+------------------------------------+------------------------------------+------------------------------------+
| Epoch |  training time(s) |   tesing time(s)  |        Loss        |               recall               |                ndcg                |              novelty               |             precision              |             hit_ratio              |
+-------+-------------------+-------------------+--------------------+------------------------------------+------------------------------------+------------------------------------+------------------------------------+------------------------------------+
|   0   | 73.78087091445923 | 43.74198126792908 | 136.98114013671875 | [0.1212516  0.17460872 0.21466401] | [0.10383107 0.12063784 0.13258571] | [7.72934889 8.16069006 8.42930662] | [0.03855416 0.02795984 0.02301449] | [0.44708286 0.55077366 0.61169536] |
+-------+-------------------+-------------------+--------------------+------------------------------------+------------------------------------+------------------------------------+------------------------------------+------------------------------------+
using time 73.3862s, training loss at epoch 1: 134.3994
using time 73.1964s, training loss at epoch 2: 131.1556
using time 73.2585s, training loss at epoch 3: 128.5685
using time 73.2691s, training loss at epoch 4: 126.6127
+-------+-------------------+-------------------+--------------------+------------------------------------+------------------------------------+------------------------------------+------------------------------------+------------------------------------+
| Epoch |  training time(s) |   tesing time(s)  |        Loss        |               recall               |                ndcg                |              novelty               |             precision              |             hit_ratio              |
+-------+-------------------+-------------------+--------------------+------------------------------------+------------------------------------+------------------------------------+------------------------------------+------------------------------------+
|   5   | 72.53977155685425 | 43.13913178443909 | 124.94733428955078 | [0.13928269 0.19896541 0.24335797] | [0.11805239 0.13679632 0.15005525] | [7.84917707 8.28770024 8.55878205] | [0.04408701 0.03175782 0.02607341] | [0.49581352 0.60071003 0.66112935] |
+-------+-------------------+-------------------+--------------------+------------------------------------+------------------------------------+------------------------------------+------------------------------------+------------------------------------+
using time 72.5605s, training loss at epoch 6: 123.5687
using time 72.5782s, training loss at epoch 7: 122.3385
using time 72.6011s, training loss at epoch 8: 121.2975
using time 72.7664s, training loss at epoch 9: 120.3222
+-------+-------------------+-------------------+--------------------+------------------------------------+------------------------------------+------------------------------------+------------------------------------+------------------------------------+
| Epoch |  training time(s) |   tesing time(s)  |        Loss        |               recall               |                ndcg                |              novelty               |             precision              |             hit_ratio              |
+-------+-------------------+-------------------+--------------------+------------------------------------+------------------------------------+------------------------------------+------------------------------------+------------------------------------+
|   10  | 72.67520952224731 | 43.41944766044617 | 119.35552978515625 | [0.14990125 0.21296167 0.25925965] | [0.12694211 0.14675267 0.16055953] | [7.93048613 8.37267649 8.64470166] | [0.04734242 0.0339373  0.0277134 ] | [0.5218032  0.62619733 0.6847746 ] |
+-------+-------------------+-------------------+--------------------+------------------------------------+------------------------------------+------------------------------------+------------------------------------+------------------------------------+
using time 72.5328s, training loss at epoch 11: 118.5070
using time 72.4308s, training loss at epoch 12: 117.5634
using time 72.3713s, training loss at epoch 13: 116.6985
using time 72.3913s, training loss at epoch 14: 116.0509
+-------+-------------------+-------------------+--------------------+------------------------------------+------------------------------------+------------------------------------+------------------------------------+------------------------------------+
| Epoch |  training time(s) |   tesing time(s)  |        Loss        |               recall               |                ndcg                |              novelty               |             precision              |             hit_ratio              |
+-------+-------------------+-------------------+--------------------+------------------------------------+------------------------------------+------------------------------------+------------------------------------+------------------------------------+
|   15  | 72.47528171539307 | 43.59842014312744 | 115.21629333496094 | [0.1565713  0.22197251 0.26977808] | [0.1330856  0.15363533 0.16790814] | [7.99736708 8.43921305 8.71077396] | [0.04934858 0.03527698 0.02877286] | [0.53680756 0.64043138 0.69984594] |
+-------+-------------------+-------------------+--------------------+------------------------------------+------------------------------------+------------------------------------+------------------------------------+------------------------------------+
using time 72.5470s, training loss at epoch 16: 114.5522
using time 72.5877s, training loss at epoch 17: 113.6632
using time 72.6530s, training loss at epoch 18: 112.9817
using time 72.7490s, training loss at epoch 19: 112.2353
+-------+------------------+-------------------+-------------------+------------------------------------+------------------------------------+------------------------------------+------------------------------------+------------------------------------+
| Epoch | training time(s) |   tesing time(s)  |        Loss       |               recall               |                ndcg                |              novelty               |             precision              |             hit_ratio              |
+-------+------------------+-------------------+-------------------+------------------------------------+------------------------------------+------------------------------------+------------------------------------+------------------------------------+
|   20  | 73.348792552948  | 43.48845171928406 | 111.4872055053711 | [0.16201785 0.2287998  0.27770181] | [0.13790605 0.15887826 0.17349211] | [8.06476784 8.50452896 8.7722816 ] | [0.05095117 0.03627755 0.02954373] | [0.54846272 0.65098131 0.70992699] |
+-------+------------------+-------------------+-------------------+------------------------------------+------------------------------------+------------------------------------+------------------------------------+------------------------------------+
using time 72.6620s, training loss at epoch 21: 110.8756
using time 72.5828s, training loss at epoch 22: 110.0487
using time 72.5314s, training loss at epoch 23: 109.3581
using time 72.4488s, training loss at epoch 24: 108.6744
+-------+-------------------+-------------------+-------------------+------------------------------------+------------------------------------+------------------------------------+------------------------------------+------------------------------------+
| Epoch |  training time(s) |   tesing time(s)  |        Loss       |               recall               |                ndcg                |              novelty               |             precision              |             hit_ratio              |
+-------+-------------------+-------------------+-------------------+------------------------------------+------------------------------------+------------------------------------+------------------------------------+------------------------------------+
|   25  | 72.61628723144531 | 43.55953240394592 | 107.9191665649414 | [0.16607994 0.23469415 0.2832666 ] | [0.14160887 0.16325216 0.17779114] | [8.12126519 8.55905492 8.82363629] | [0.05203631 0.03716006 0.03013821] | [0.55579744 0.65989015 0.71803202] |
+-------+-------------------+-------------------+-------------------+------------------------------------+------------------------------------+------------------------------------+------------------------------------+------------------------------------+
using time 72.5935s, training loss at epoch 26: 107.2920
using time 72.4590s, training loss at epoch 27: 106.5267
using time 72.5139s, training loss at epoch 28: 105.8483
using time 72.5291s, training loss at epoch 29: 105.2178
+-------+-------------------+--------------------+--------------------+------------------------------------+------------------------------------+------------------------------------+------------------------------------+------------------------------------+
| Epoch |  training time(s) |   tesing time(s)   |        Loss        |               recall               |                ndcg                |              novelty               |             precision              |             hit_ratio              |
+-------+-------------------+--------------------+--------------------+------------------------------------+------------------------------------+------------------------------------+------------------------------------+------------------------------------+
|   30  | 72.54144716262817 | 43.268587827682495 | 104.56865692138672 | [0.16960876 0.23941229 0.28841398] | [0.14460352 0.16658659 0.1812558 ] | [8.17256259 8.60841453 8.86906491] | [0.05309632 0.03784832 0.03067464] | [0.56232835 0.66655503 0.72399357] |
+-------+-------------------+--------------------+--------------------+------------------------------------+------------------------------------+------------------------------------+------------------------------------+------------------------------------+
using time 72.4885s, training loss at epoch 31: 103.8384
using time 72.5750s, training loss at epoch 32: 103.1645
using time 72.6147s, training loss at epoch 33: 102.5773
using time 72.5005s, training loss at epoch 34: 101.8715
+-------+-------------------+-------------------+--------------------+------------------------------------+------------------------------------+------------------------------------+------------------------------------+------------------------------------+
| Epoch |  training time(s) |   tesing time(s)  |        Loss        |               recall               |                ndcg                |              novelty               |             precision              |             hit_ratio              |
+-------+-------------------+-------------------+--------------------+------------------------------------+------------------------------------+------------------------------------+------------------------------------+------------------------------------+
|   35  | 72.55370092391968 | 43.39779448509216 | 101.22132110595703 | [0.17239338 0.24239123 0.29245425] | [0.14708205 0.16913697 0.18409653] | [8.22061195 8.65341855 8.91139704] | [0.05395037 0.03835572 0.03109384] | [0.56795499 0.67124389 0.72794561] |
+-------+-------------------+-------------------+--------------------+------------------------------------+------------------------------------+------------------------------------+------------------------------------+------------------------------------+
using time 72.7095s, training loss at epoch 36: 100.5380
using time 72.7744s, training loss at epoch 37: 99.9459
using time 72.6232s, training loss at epoch 38: 99.3183
using time 72.5937s, training loss at epoch 39: 98.6020
+-------+-------------------+-------------------+-------------------+------------------------------------+------------------------------------+------------------------------------+------------------------------------+------------------------------------+
| Epoch |  training time(s) |   tesing time(s)  |        Loss       |               recall               |                ndcg                |              novelty               |             precision              |             hit_ratio              |
+-------+-------------------+-------------------+-------------------+------------------------------------+------------------------------------+------------------------------------+------------------------------------+------------------------------------+
|   40  | 72.49902820587158 | 43.35823154449463 | 98.02825927734375 | [0.17424908 0.24469118 0.29576007] | [0.14881803 0.17108849 0.18632194] | [8.26460793 8.69260071 8.94551828] | [0.05446614 0.03872329 0.03141369] | [0.57106973 0.67382276 0.73323732] |
+-------+-------------------+-------------------+-------------------+------------------------------------+------------------------------------+------------------------------------+------------------------------------+------------------------------------+
using time 72.4572s, training loss at epoch 41: 97.3723
using time 73.1702s, training loss at epoch 42: 96.6886
using time 72.7707s, training loss at epoch 43: 95.9490
using time 73.1588s, training loss at epoch 44: 95.4356
+-------+-------------------+-------------------+-------------------+------------------------------------+------------------------------------+------------------------------------+------------------------------------+------------------------------------+
| Epoch |  training time(s) |   tesing time(s)  |        Loss       |               recall               |                ndcg                |              novelty               |             precision              |             hit_ratio              |
+-------+-------------------+-------------------+-------------------+------------------------------------+------------------------------------+------------------------------------+------------------------------------+------------------------------------+
|   45  | 73.23766303062439 | 44.50115370750427 | 94.75293731689453 | [0.17681067 0.24783372 0.29876483] | [0.15072061 0.17311524 0.18836282] | [8.30210934 8.72818463 8.97816529] | [0.05512425 0.03910007 0.03171233] | [0.57646192 0.67730591 0.73514636] |
+-------+-------------------+-------------------+-------------------+------------------------------------+------------------------------------+------------------------------------+------------------------------------+------------------------------------+
using time 73.7407s, training loss at epoch 46: 94.1767
using time 73.9966s, training loss at epoch 47: 93.5642
using time 74.4204s, training loss at epoch 48: 92.9116
using time 72.5761s, training loss at epoch 49: 92.3455
+-------+-------------------+-------------------+-------------------+------------------------------------+------------------------------------+------------------------------------+------------------------------------+------------------------------------+
| Epoch |  training time(s) |   tesing time(s)  |        Loss       |               recall               |                ndcg                |              novelty               |             precision              |             hit_ratio              |
+-------+-------------------+-------------------+-------------------+------------------------------------+------------------------------------+------------------------------------+------------------------------------+------------------------------------+
|   50  | 72.68594217300415 | 43.23267126083374 | 91.72236633300781 | [0.17782905 0.24974371 0.30053187] | [0.15178307 0.17445868 0.18967752] | [8.33764656 8.76010106 9.00708776] | [0.05549434 0.03938559 0.03189207] | [0.57823699 0.67968384 0.73739031] |
+-------+-------------------+-------------------+-------------------+------------------------------------+------------------------------------+------------------------------------+------------------------------------+------------------------------------+
using time 72.6186s, training loss at epoch 51: 91.0889
using time 72.7312s, training loss at epoch 52: 90.6281
using time 72.8917s, training loss at epoch 53: 89.9532
using time 73.7333s, training loss at epoch 54: 89.3461
+-------+-------------------+--------------------+------------------+------------------------------------+------------------------------------+------------------------------------+------------------------------------+------------------------------------+
| Epoch |  training time(s) |   tesing time(s)   |       Loss       |               recall               |                ndcg                |              novelty               |             precision              |             hit_ratio              |
+-------+-------------------+--------------------+------------------+------------------------------------+------------------------------------+------------------------------------+------------------------------------+------------------------------------+
|   55  | 73.44377565383911 | 43.642529010772705 | 88.8201675415039 | [0.17899241 0.25080933 0.30202733] | [0.15290284 0.17560541 0.19095637] | [8.36922676 8.78866062 9.03328361] | [0.05575223 0.03953631 0.03202659] | [0.57917476 0.68129145 0.73923237] |
+-------+-------------------+--------------------+------------------+------------------------------------+------------------------------------+------------------------------------+------------------------------------+------------------------------------+
using time 72.5612s, training loss at epoch 56: 88.2347
using time 72.6159s, training loss at epoch 57: 87.6460
using time 72.5823s, training loss at epoch 58: 86.9316
using time 72.5229s, training loss at epoch 59: 86.5360
+-------+-------------------+-------------------+------------------+------------------------------------+------------------------------------+------------------------------------+------------------------------------+------------------------------------+
| Epoch |  training time(s) |   tesing time(s)  |       Loss       |               recall               |                ndcg                |              novelty               |             precision              |             hit_ratio              |
+-------+-------------------+-------------------+------------------+------------------------------------+------------------------------------+------------------------------------+------------------------------------+------------------------------------+
|   60  | 72.56533241271973 | 43.42972493171692 | 85.9610824584961 | [0.17988868 0.25213415 0.30322681] | [0.15328232 0.17611234 0.19143279] | [8.39476815 8.81205342 9.05440301] | [0.05597662 0.03969037 0.03213377] | [0.58068189 0.68403778 0.74164378] |
+-------+-------------------+-------------------+------------------+------------------------------------+------------------------------------+------------------------------------+------------------------------------+------------------------------------+
using time 72.5990s, training loss at epoch 61: 85.3657
using time 72.4910s, training loss at epoch 62: 84.8324
using time 72.3904s, training loss at epoch 63: 84.3299
using time 72.4498s, training loss at epoch 64: 83.7128
+-------+-------------------+-------------------+-------------------+------------------------------------+------------------------------------+------------------------------------+------------------------------------+------------------------------------+
| Epoch |  training time(s) |   tesing time(s)  |        Loss       |               recall               |                ndcg                |              novelty               |             precision              |             hit_ratio              |
+-------+-------------------+-------------------+-------------------+------------------------------------+------------------------------------+------------------------------------+------------------------------------+------------------------------------+
|   65  | 72.46851778030396 | 43.37086319923401 | 83.34830474853516 | [0.18069606 0.25315461 0.30415603] | [0.15381818 0.17674837 0.19199935] | [8.42110256 8.83476295 9.07529404] | [0.0561759  0.03984359 0.03217396] | [0.58202157 0.68531047 0.74311742] |
+-------+-------------------+-------------------+-------------------+------------------------------------+------------------------------------+------------------------------------+------------------------------------+------------------------------------+
using time 72.6173s, training loss at epoch 66: 82.6674
using time 72.6533s, training loss at epoch 67: 82.1641
using time 72.6293s, training loss at epoch 68: 81.5379
using time 72.5710s, training loss at epoch 69: 81.1938
+-------+-------------------+--------------------+-------------------+------------------------------------+------------------------------------+------------------------------------+------------------------------------+------------------------------------+
| Epoch |  training time(s) |   tesing time(s)   |        Loss       |               recall               |                ndcg                |              novelty               |             precision              |             hit_ratio              |
+-------+-------------------+--------------------+-------------------+------------------------------------+------------------------------------+------------------------------------+------------------------------------+------------------------------------+
|   70  | 72.51807260513306 | 43.286826610565186 | 80.57029724121094 | [0.18150653 0.25396306 0.30498601] | [0.15445594 0.17733903 0.19261649] | [8.44434027 8.85623106 9.09448948] | [0.05643881 0.03992649 0.0322482 ] | [0.58403108 0.68678411 0.7444571 ] |
+-------+-------------------+--------------------+-------------------+------------------------------------+------------------------------------+------------------------------------+------------------------------------+------------------------------------+
using time 72.6607s, training loss at epoch 71: 80.0206
using time 72.5899s, training loss at epoch 72: 79.5282
using time 72.5206s, training loss at epoch 73: 79.0831
using time 72.5671s, training loss at epoch 74: 78.5584
+-------+------------------+-------------------+-------------------+------------------------------------+------------------------------------+------------------------------------+------------------------------------+------------------------------------+
| Epoch | training time(s) |   tesing time(s)  |        Loss       |               recall               |                ndcg                |              novelty               |             precision              |             hit_ratio              |
+-------+------------------+-------------------+-------------------+------------------------------------+------------------------------------+------------------------------------+------------------------------------+------------------------------------+
|   75  | 72.5038812160492 | 43.53395938873291 | 78.09564971923828 | [0.18178849 0.25464052 0.30529545] | [0.1547358  0.17774398 0.19292049] | [8.46382441 8.87431008 9.11043123] | [0.05644383 0.03995579 0.03223257] | [0.58473441 0.68815728 0.74499297] |
+-------+------------------+-------------------+-------------------+------------------------------------+------------------------------------+------------------------------------+------------------------------------+------------------------------------+
using time 72.5588s, training loss at epoch 76: 77.6023
using time 72.5179s, training loss at epoch 77: 77.1740
using time 72.6017s, training loss at epoch 78: 76.7013
using time 72.5629s, training loss at epoch 79: 76.1251
+-------+-------------------+-------------------+-------------------+------------------------------------+------------------------------------+------------------------------------+------------------------------------+------------------------------------+
| Epoch |  training time(s) |   tesing time(s)  |        Loss       |               recall               |                ndcg                |              novelty               |             precision              |             hit_ratio              |
+-------+-------------------+-------------------+-------------------+------------------------------------+------------------------------------+------------------------------------+------------------------------------+------------------------------------+
|   80  | 72.55111694335938 | 43.20004177093506 | 75.58727264404297 | [0.18223634 0.25519932 0.3049218 ] | [0.15497785 0.17808231 0.19298016] | [8.48417415 8.89241971 9.12670568] | [0.05647063 0.04002612 0.03219573] | [0.58543774 0.68916203 0.74385424] |
+-------+-------------------+-------------------+-------------------+------------------------------------+------------------------------------+------------------------------------+------------------------------------+------------------------------------+
using time 72.5748s, training loss at epoch 81: 75.2816
using time 72.5118s, training loss at epoch 82: 74.7469
using time 72.4643s, training loss at epoch 83: 74.4294
using time 72.5933s, training loss at epoch 84: 73.9144
+-------+-------------------+-------------------+-------------------+------------------------------------+------------------------------------+------------------------------------+------------------------------------+------------------------------------+
| Epoch |  training time(s) |   tesing time(s)  |        Loss       |               recall               |                ndcg                |              novelty               |             precision              |             hit_ratio              |
+-------+-------------------+-------------------+-------------------+------------------------------------+------------------------------------+------------------------------------+------------------------------------+------------------------------------+
|   85  | 72.59836530685425 | 43.64765238761902 | 73.45077514648438 | [0.18229692 0.25431264 0.30531927] | [0.15494249 0.17778006 0.19303928] | [8.50448924 8.91003068 9.14209189] | [0.05641034 0.03988546 0.03219014] | [0.58506933 0.68798982 0.74422265] |
+-------+-------------------+-------------------+-------------------+------------------------------------+------------------------------------+------------------------------------+------------------------------------+------------------------------------+
using time 73.5669s, training loss at epoch 86: 72.9714
using time 74.1952s, training loss at epoch 87: 72.5782
using time 74.5526s, training loss at epoch 88: 72.1872
using time 73.1853s, training loss at epoch 89: 71.6992
+-------+-------------------+------------------+-------------------+------------------------------------+------------------------------------+------------------------------------+------------------------------------+------------------------------------+
| Epoch |  training time(s) |  tesing time(s)  |        Loss       |               recall               |                ndcg                |              novelty               |             precision              |             hit_ratio              |
+-------+-------------------+------------------+-------------------+------------------------------------+------------------------------------+------------------------------------+------------------------------------+------------------------------------+
|   90  | 73.89288377761841 | 43.7532172203064 | 71.22643280029297 | [0.18210846 0.25408373 0.30503314] | [0.1547088  0.17756433 0.19279233] | [8.5215629  8.92406406 9.15466344] | [0.05630317 0.03985113 0.0321293 ] | [0.58493536 0.68715252 0.74308393] |
+-------+-------------------+------------------+-------------------+------------------------------------+------------------------------------+------------------------------------+------------------------------------+------------------------------------+
using time 73.5500s, training loss at epoch 91: 70.8097
using time 73.2226s, training loss at epoch 92: 70.4349
using time 74.7751s, training loss at epoch 93: 70.0586
using time 73.9546s, training loss at epoch 94: 69.6721
+-------+-------------------+-------------------+-------------------+------------------------------------+------------------------------------+------------------------------------+------------------------------------+------------------------------------+
| Epoch |  training time(s) |   tesing time(s)  |        Loss       |               recall               |                ndcg                |              novelty               |             precision              |             hit_ratio              |
+-------+-------------------+-------------------+-------------------+------------------------------------+------------------------------------+------------------------------------+------------------------------------+------------------------------------+
|   95  | 72.75231409072876 | 43.58476424217224 | 69.27371215820312 | [0.18229148 0.25394111 0.30468512] | [0.15476768 0.17753485 0.19266278] | [8.53742294 8.93876628 9.16848582] | [0.0562747  0.03981261 0.03204334] | [0.58473441 0.68675062 0.74341885] |
+-------+-------------------+-------------------+-------------------+------------------------------------+------------------------------------+------------------------------------+------------------------------------+------------------------------------+
using time 72.6291s, training loss at epoch 96: 68.8758
using time 75.2490s, training loss at epoch 97: 68.4232
using time 73.1049s, training loss at epoch 98: 67.9521
using time 72.5842s, training loss at epoch 99: 67.6454
+-------+-------------------+--------------------+------------------+------------------------------------+------------------------------------+------------------------------------+------------------------------------+------------------------------------+
| Epoch |  training time(s) |   tesing time(s)   |       Loss       |               recall               |                ndcg                |              novelty               |             precision              |             hit_ratio              |
+-------+-------------------+--------------------+------------------+------------------------------------+------------------------------------+------------------------------------+------------------------------------+------------------------------------+
|  100  | 72.75326180458069 | 43.441561698913574 | 67.1769027709961 | [0.18258565 0.25365643 0.30436229] | [0.1547568  0.17730921 0.19245539] | [8.5521142  8.95109657 9.17944946] | [0.05629814 0.03972637 0.03200482] | [0.58557171 0.68701855 0.74268203] |
+-------+-------------------+--------------------+------------------+------------------------------------+------------------------------------+------------------------------------+------------------------------------+------------------------------------+
using time 72.8331s, training loss at epoch 101: 66.8597
using time 72.7508s, training loss at epoch 102: 66.5701
using time 72.7465s, training loss at epoch 103: 66.2274
using time 72.7827s, training loss at epoch 104: 65.7793
+-------+-------------------+-------------------+-------------------+------------------------------------+------------------------------------+------------------------------------+------------------------------------+------------------------------------+
| Epoch |  training time(s) |   tesing time(s)  |        Loss       |               recall               |                ndcg                |              novelty               |             precision              |             hit_ratio              |
+-------+-------------------+-------------------+-------------------+------------------------------------+------------------------------------+------------------------------------+------------------------------------+------------------------------------+
|  105  | 73.50296998023987 | 44.04817199707031 | 65.40592193603516 | [0.18230229 0.25327581 0.30402496] | [0.15466782 0.17720257 0.19236941] | [8.56577678 8.96382959 9.18984571] | [0.0561692  0.03965353 0.03197301] | [0.58537075 0.68604729 0.74224663] |
+-------+-------------------+-------------------+-------------------+------------------------------------+------------------------------------+------------------------------------+------------------------------------+------------------------------------+
using time 73.6481s, training loss at epoch 106: 65.0874
using time 72.6855s, training loss at epoch 107: 64.6571
using time 72.6694s, training loss at epoch 108: 64.3512
using time 72.6303s, training loss at epoch 109: 64.0031
+-------+-------------------+-------------------+-------------------+------------------------------------+------------------------------------+------------------------------------+------------------------------------+------------------------------------+
| Epoch |  training time(s) |   tesing time(s)  |        Loss       |               recall               |                ndcg                |              novelty               |             precision              |             hit_ratio              |
+-------+-------------------+-------------------+-------------------+------------------------------------+------------------------------------+------------------------------------+------------------------------------+------------------------------------+
|  110  | 72.61399173736572 | 43.56363868713379 | 63.63054656982422 | [0.18202277 0.25271879 0.30342452] | [0.15444832 0.17686876 0.19204377] | [8.57903557 8.97434729 9.19909346] | [0.05610222 0.03952626 0.03190267] | [0.58466743 0.68524349 0.74171076] |
+-------+-------------------+-------------------+-------------------+------------------------------------+------------------------------------+------------------------------------+------------------------------------+------------------------------------+
using time 72.3808s, training loss at epoch 111: 63.3669
using time 72.9757s, training loss at epoch 112: 63.0447
using time 72.5184s, training loss at epoch 113: 62.6347
using time 73.5109s, training loss at epoch 114: 62.3853
+-------+-------------------+--------------------+-------------------+------------------------------------+------------------------------------+------------------------------------+------------------------------------+------------------------------------+
| Epoch |  training time(s) |   tesing time(s)   |        Loss       |               recall               |                ndcg                |              novelty               |             precision              |             hit_ratio              |
+-------+-------------------+--------------------+-------------------+------------------------------------+------------------------------------+------------------------------------+------------------------------------+------------------------------------+
|  115  | 72.87143683433533 | 44.370320320129395 | 62.01766586303711 | [0.18123636 0.25236506 0.30235494] | [0.15409386 0.17661507 0.19159565] | [8.59030191 8.98500527 9.20883458] | [0.05591299 0.03943416 0.03179773] | [0.58292585 0.68524349 0.74060553] |
+-------+-------------------+--------------------+-------------------+------------------------------------+------------------------------------+------------------------------------+------------------------------------+------------------------------------+
using time 72.9474s, training loss at epoch 116: 61.6545
using time 74.1908s, training loss at epoch 117: 61.5077
using time 73.5955s, training loss at epoch 118: 60.9589
using time 72.9500s, training loss at epoch 119: 60.8510
+-------+-------------------+-------------------+-------------------+------------------------------------+------------------------------------+------------------------------------+------------------------------------+------------------------------------+
| Epoch |  training time(s) |   tesing time(s)  |        Loss       |               recall               |                ndcg                |              novelty               |             precision              |             hit_ratio              |
+-------+-------------------+-------------------+-------------------+------------------------------------+------------------------------------+------------------------------------+------------------------------------+------------------------------------+
|  120  | 72.77192807197571 | 43.28817653656006 | 60.36738586425781 | [0.18113778 0.25164687 0.30145881] | [0.15385266 0.17621134 0.19110715] | [8.60031095 8.992363   9.21540083] | [0.05578404 0.03931358 0.03166265] | [0.58292585 0.6839373  0.74003617] |
+-------+-------------------+-------------------+-------------------+------------------------------------+------------------------------------+------------------------------------+------------------------------------+------------------------------------+
using time 72.6676s, training loss at epoch 121: 60.1928
using time 72.5886s, training loss at epoch 122: 59.9261
using time 72.4414s, training loss at epoch 123: 59.5496
using time 72.6495s, training loss at epoch 124: 59.2231
+-------+-------------------+-----------------+-------------------+------------------------------------+------------------------------------+------------------------------------+------------------------------------+------------------------------------+
| Epoch |  training time(s) |  tesing time(s) |        Loss       |               recall               |                ndcg                |              novelty               |             precision              |             hit_ratio              |
+-------+-------------------+-----------------+-------------------+------------------------------------+------------------------------------+------------------------------------+------------------------------------+------------------------------------+
|  125  | 72.46745300292969 | 43.399329662323 | 58.87089920043945 | [0.18045149 0.25110413 0.30058375] | [0.15326546 0.17567121 0.19049956] | [8.61222578 9.00289014 9.22431547] | [0.05553955 0.03918213 0.03157501] | [0.58168665 0.68410476 0.7395003 ] |
+-------+-------------------+-----------------+-------------------+------------------------------------+------------------------------------+------------------------------------+------------------------------------+------------------------------------+
using time 72.5069s, training loss at epoch 126: 58.6631
using time 72.4105s, training loss at epoch 127: 58.3917
using time 72.5053s, training loss at epoch 128: 58.0627
using time 72.5729s, training loss at epoch 129: 57.9101
+-------+-------------------+--------------------+--------------------+------------------------------------+------------------------------------+------------------------------------+------------------------------------+------------------------------------+
| Epoch |  training time(s) |   tesing time(s)   |        Loss        |               recall               |                ndcg                |              novelty               |             precision              |             hit_ratio              |
+-------+-------------------+--------------------+--------------------+------------------------------------+------------------------------------+------------------------------------+------------------------------------+------------------------------------+
|  130  | 72.49169778823853 | 43.139440059661865 | 57.498104095458984 | [0.18011233 0.25013904 0.29967063] | [0.15293997 0.17511524 0.18996733] | [8.62076615 9.00987815 9.23008131] | [0.05541898 0.03901048 0.03145388] | [0.58111729 0.68253065 0.7370554 ] |
+-------+-------------------+--------------------+--------------------+------------------------------------+------------------------------------+------------------------------------+------------------------------------+------------------------------------+
using time 72.8192s, training loss at epoch 131: 57.2557
using time 74.4043s, training loss at epoch 132: 56.9947
using time 73.0821s, training loss at epoch 133: 56.6340
using time 73.5921s, training loss at epoch 134: 56.4756
+-------+-------------------+-------------------+--------------------+------------------------------------+------------------------------------+------------------------------------+------------------------------------+------------------------------------+
| Epoch |  training time(s) |   tesing time(s)  |        Loss        |               recall               |                ndcg                |              novelty               |             precision              |             hit_ratio              |
+-------+-------------------+-------------------+--------------------+------------------------------------+------------------------------------+------------------------------------+------------------------------------+------------------------------------+
|  135  | 72.84769749641418 | 43.31492853164673 | 56.177730560302734 | [0.179752   0.24944496 0.29840118] | [0.15250336 0.17459313 0.18925622] | [8.63040459 9.01771873 9.23693529] | [0.05530344 0.03891001 0.03130596] | [0.58048094 0.68082256 0.73588318] |
+-------+-------------------+-------------------+--------------------+------------------------------------+------------------------------------+------------------------------------+------------------------------------+------------------------------------+
using time 73.1887s, training loss at epoch 136: 55.8969
using time 73.9117s, training loss at epoch 137: 55.7268
using time 72.5876s, training loss at epoch 138: 55.3690
using time 73.6353s, training loss at epoch 139: 55.1485
+-------+-------------------+-------------------+-------------------+------------------------------------+------------------------------------+------------------------------------+------------------------------------+------------------------------------+
| Epoch |  training time(s) |   tesing time(s)  |        Loss       |               recall               |                ndcg                |              novelty               |             precision              |             hit_ratio              |
+-------+-------------------+-------------------+-------------------+------------------------------------+------------------------------------+------------------------------------+------------------------------------+------------------------------------+
|  140  | 73.29155278205872 | 44.26832842826843 | 54.87586212158203 | [0.17919499 0.24834435 0.2974041 ] | [0.15206847 0.17399384 0.188718  ] | [8.6387814  9.02502085 9.2429351 ] | [0.05511588 0.03872831 0.03122   ] | [0.57954317 0.67891352 0.73481144] |
+-------+-------------------+-------------------+-------------------+------------------------------------+------------------------------------+------------------------------------+------------------------------------+------------------------------------+
using time 73.2691s, training loss at epoch 141: 54.7807
using time 73.1558s, training loss at epoch 142: 54.5250
using time 72.4146s, training loss at epoch 143: 54.2842
using time 72.5549s, training loss at epoch 144: 53.9838
+-------+-------------------+-------------------+------------------+------------------------------------+------------------------------------+------------------------------------+------------------------------------+------------------------------------+
| Epoch |  training time(s) |   tesing time(s)  |       Loss       |               recall               |                ndcg                |              novelty               |             precision              |             hit_ratio              |
+-------+-------------------+-------------------+------------------+------------------------------------+------------------------------------+------------------------------------+------------------------------------+------------------------------------+
|  145  | 73.00438141822815 | 44.43569469451904 | 53.8187255859375 | [0.17870394 0.24737645 0.29658981] | [0.15163167 0.17342729 0.18817856] | [8.64730853 9.03237481 9.24912863] | [0.05495512 0.03860439 0.03111506] | [0.5786054  0.67760734 0.73337129] |
+-------+-------------------+-------------------+------------------+------------------------------------+------------------------------------+------------------------------------+------------------------------------+------------------------------------+
using time 73.2990s, training loss at epoch 146: 53.4161
using time 73.8652s, training loss at epoch 147: 53.3733
using time 74.5496s, training loss at epoch 148: 53.1082
using time 72.5586s, training loss at epoch 149: 52.9445
+-------+-------------------+--------------------+-------------------+------------------------------------+------------------------------------+------------------------------------+------------------------------------+------------------------------------+
| Epoch |  training time(s) |   tesing time(s)   |        Loss       |               recall               |                ndcg                |              novelty               |             precision              |             hit_ratio              |
+-------+-------------------+--------------------+-------------------+------------------------------------+------------------------------------+------------------------------------+------------------------------------+------------------------------------+
|  150  | 72.57632660865784 | 43.251893281936646 | 52.67253494262695 | [0.17857328 0.24672699 0.29531849] | [0.15128731 0.17293202 0.18749069] | [8.65374959 9.03710151 9.25345245] | [0.05480776 0.03847294 0.03097383] | [0.57760064 0.67677004 0.73186416] |
+-------+-------------------+--------------------+-------------------+------------------------------------+------------------------------------+------------------------------------+------------------------------------+------------------------------------+
using time 72.8345s, training loss at epoch 151: 52.4911
using time 72.8388s, training loss at epoch 152: 52.1144
using time 72.7944s, training loss at epoch 153: 52.0071
using time 74.3581s, training loss at epoch 154: 51.6339
+-------+-------------------+-------------------+--------------------+------------------------------------+------------------------------------+------------------------------------+------------------------------------+------------------------------------+
| Epoch |  training time(s) |   tesing time(s)  |        Loss        |               recall               |                ndcg                |              novelty               |             precision              |             hit_ratio              |
+-------+-------------------+-------------------+--------------------+------------------------------------+------------------------------------+------------------------------------+------------------------------------+------------------------------------+
|  155  | 85.09050226211548 | 44.75674653053284 | 51.503902435302734 | [0.17811006 0.24581006 0.29460117] | [0.15081915 0.17232317 0.18692451] | [8.65960054 9.04170025 9.25711204] | [0.0546269  0.03833813 0.03088619] | [0.57703128 0.67576529 0.73112734] |
+-------+-------------------+-------------------+--------------------+------------------------------------+------------------------------------+------------------------------------+------------------------------------+------------------------------------+
using time 83.7063s, training loss at epoch 156: 51.2691
using time 76.0959s, training loss at epoch 157: 51.1116
using time 72.6691s, training loss at epoch 158: 50.8667
using time 72.5536s, training loss at epoch 159: 50.7604
+-------+-------------------+-------------------+--------------------+------------------------------------+------------------------------------+------------------------------------+------------------------------------+------------------------------------+
| Epoch |  training time(s) |   tesing time(s)  |        Loss        |               recall               |                ndcg                |              novelty               |             precision              |             hit_ratio              |
+-------+-------------------+-------------------+--------------------+------------------------------------+------------------------------------+------------------------------------+------------------------------------+------------------------------------+
|  160  | 72.63575291633606 | 43.43402576446533 | 50.559017181396484 | [0.17760922 0.24509466 0.29353781] | [0.15037967 0.17180861 0.18629489] | [8.66763323 9.04846736 9.26264617] | [0.05445609 0.03820249 0.03073827] | [0.57575859 0.67412419 0.72905084] |
+-------+-------------------+-------------------+--------------------+------------------------------------+------------------------------------+------------------------------------+------------------------------------+------------------------------------+
using time 72.7155s, training loss at epoch 161: 50.2212
using time 72.7518s, training loss at epoch 162: 50.1899
using time 72.6556s, training loss at epoch 163: 49.9654
using time 72.7787s, training loss at epoch 164: 49.7770
+-------+-------------------+-------------------+--------------------+------------------------------------+------------------------------------+------------------------------------+------------------------------------+------------------------------------+
| Epoch |  training time(s) |   tesing time(s)  |        Loss        |               recall               |                ndcg                |              novelty               |             precision              |             hit_ratio              |
+-------+-------------------+-------------------+--------------------+------------------------------------+------------------------------------+------------------------------------+------------------------------------+------------------------------------+
|  165  | 72.73853826522827 | 43.58262348175049 | 49.526729583740234 | [0.1769899  0.24440466 0.29207152] | [0.14984377 0.1712352  0.18554468] | [8.67567262 9.05452741 9.26762706] | [0.05424174 0.03805094 0.03061379] | [0.57472034 0.67368879 0.72704133] |
+-------+-------------------+-------------------+--------------------+------------------------------------+------------------------------------+------------------------------------+------------------------------------+------------------------------------+
using time 72.7032s, training loss at epoch 166: 49.3359
using time 72.8212s, training loss at epoch 167: 49.2304
using time 72.8328s, training loss at epoch 168: 49.0115
using time 72.8204s, training loss at epoch 169: 48.8581
+-------+-------------------+------------------+--------------------+------------------------------------+------------------------------------+------------------------------------+------------------------------------+------------------------------------+
| Epoch |  training time(s) |  tesing time(s)  |        Loss        |               recall               |                ndcg                |              novelty               |             precision              |             hit_ratio              |
+-------+-------------------+------------------+--------------------+------------------------------------+------------------------------------+------------------------------------+------------------------------------+------------------------------------+
|  170  | 72.80754160881042 | 43.0826199054718 | 48.626617431640625 | [0.17621416 0.24354001 0.291182  ] | [0.14923835 0.17060352 0.1848951 ] | [8.68240779 9.05932101 9.27143293] | [0.05403409 0.037922   0.03051164] | [0.57317972 0.67211468 0.72573515] |
+-------+-------------------+------------------+--------------------+------------------------------------+------------------------------------+------------------------------------+------------------------------------+------------------------------------+
using time 72.4622s, training loss at epoch 171: 48.5118
using time 72.5572s, training loss at epoch 172: 48.2933
using time 72.7341s, training loss at epoch 173: 48.1199
using time 72.5296s, training loss at epoch 174: 48.0165
+-------+-------------------+-------------------+-------------------+------------------------------------+------------------------------------+------------------------------------+------------------------------------+------------------------------------+
| Epoch |  training time(s) |   tesing time(s)  |        Loss       |               recall               |                ndcg                |              novelty               |             precision              |             hit_ratio              |
+-------+-------------------+-------------------+-------------------+------------------------------------+------------------------------------+------------------------------------+------------------------------------+------------------------------------+
|  175  | 72.53183031082153 | 43.33164358139038 | 47.82218933105469 | [0.1758141  0.24260559 0.29025808] | [0.14876275 0.16996506 0.18423131] | [8.69023525 9.06546749 9.27668405] | [0.05389678 0.03780645 0.03041117] | [0.57234242 0.67050707 0.72523277] |
+-------+-------------------+-------------------+-------------------+------------------------------------+------------------------------------+------------------------------------+------------------------------------+------------------------------------+
using time 72.6739s, training loss at epoch 176: 47.5523
using time 72.6293s, training loss at epoch 177: 47.4562
using time 72.7346s, training loss at epoch 178: 47.3056
using time 72.6153s, training loss at epoch 179: 47.1159
+-------+-------------------+-------------------+-------------------+------------------------------------+------------------------------------+------------------------------------+------------------------------------+------------------------------------+
| Epoch |  training time(s) |   tesing time(s)  |        Loss       |               recall               |                ndcg                |              novelty               |             precision              |             hit_ratio              |
+-------+-------------------+-------------------+-------------------+------------------------------------+------------------------------------+------------------------------------+------------------------------------+------------------------------------+
|  180  | 72.72329068183899 | 43.11757469177246 | 46.89558029174805 | [0.1751739  0.24195229 0.28913816] | [0.14820507 0.16941378 0.18358949] | [8.69258088 9.06742143 9.27847111] | [0.05367238 0.03768337 0.03033302] | [0.57170608 0.67017215 0.72449595] |
+-------+-------------------+-------------------+-------------------+------------------------------------+------------------------------------+------------------------------------+------------------------------------+------------------------------------+
using time 72.8219s, training loss at epoch 181: 46.8027
using time 72.8890s, training loss at epoch 182: 46.7201
using time 72.8618s, training loss at epoch 183: 46.4355
using time 72.8984s, training loss at epoch 184: 46.2485
+-------+-------------------+--------------------+-------------------+------------------------------------+------------------------------------+------------------------------------+------------------------------------+------------------------------------+
| Epoch |  training time(s) |   tesing time(s)   |        Loss       |               recall               |                ndcg                |              novelty               |             precision              |             hit_ratio              |
+-------+-------------------+--------------------+-------------------+------------------------------------+------------------------------------+------------------------------------+------------------------------------+------------------------------------+
|  185  | 72.84476828575134 | 43.287015438079834 | 46.08353042602539 | [0.17463303 0.24105254 0.28778982] | [0.14770236 0.16878936 0.1828433 ] | [8.69763664 9.07123426 9.2814969 ] | [0.05349488 0.03753852 0.03020352] | [0.57043338 0.66883247 0.72308929] |
+-------+-------------------+--------------------+-------------------+------------------------------------+------------------------------------+------------------------------------+------------------------------------+------------------------------------+
using time 72.5521s, training loss at epoch 186: 45.9680
using time 72.6318s, training loss at epoch 187: 45.7665
using time 72.4864s, training loss at epoch 188: 45.6787
using time 72.5471s, training loss at epoch 189: 45.4763
+-------+-------------------+--------------------+-------------------+------------------------------------+------------------------------------+------------------------------------+------------------------------------+------------------------------------+
| Epoch |  training time(s) |   tesing time(s)   |        Loss       |               recall               |                ndcg                |              novelty               |             precision              |             hit_ratio              |
+-------+-------------------+--------------------+-------------------+------------------------------------+------------------------------------+------------------------------------+------------------------------------+------------------------------------+
|  190  | 72.43762063980103 | 42.954941272735596 | 45.35847091674805 | [0.17375892 0.2400586  0.28650101] | [0.14719601 0.16829665 0.18226298] | [8.69980573 9.07340324 9.28302802] | [0.05319345 0.03737859 0.0300595 ] | [0.56902673 0.66782772 0.72114676] |
+-------+-------------------+--------------------+-------------------+------------------------------------+------------------------------------+------------------------------------+------------------------------------+------------------------------------+
using time 72.9625s, training loss at epoch 191: 45.2664
using time 72.4941s, training loss at epoch 192: 45.1636
using time 72.5147s, training loss at epoch 193: 44.9735
using time 72.5302s, training loss at epoch 194: 45.0012
+-------+-------------------+-------------------+-------------------+------------------------------------+------------------------------------+------------------------------------+------------------------------------+------------------------------------+
| Epoch |  training time(s) |   tesing time(s)  |        Loss       |               recall               |                ndcg                |              novelty               |             precision              |             hit_ratio              |
+-------+-------------------+-------------------+-------------------+------------------------------------+------------------------------------+------------------------------------+------------------------------------+------------------------------------+
|  195  | 72.59155869483948 | 43.52657413482666 | 44.69582748413086 | [0.17315185 0.23933434 0.28598361] | [0.14653251 0.16755753 0.18160392] | [8.70377876 9.07597776 9.28584176] | [0.05303101 0.03722202 0.02999699] | [0.56768705 0.66699042 0.72061089] |
+-------+-------------------+-------------------+-------------------+------------------------------------+------------------------------------+------------------------------------+------------------------------------+------------------------------------+
using time 72.5977s, training loss at epoch 196: 44.4425
using time 72.6361s, training loss at epoch 197: 44.4342
using time 72.7325s, training loss at epoch 198: 44.2452
using time 72.5864s, training loss at epoch 199: 43.9833
+-------+-------------------+-------------------+--------------------+------------------------------------+------------------------------------+------------------------------------+------------------------------------+------------------------------------+
| Epoch |  training time(s) |   tesing time(s)  |        Loss        |               recall               |                ndcg                |              novelty               |             precision              |             hit_ratio              |
+-------+-------------------+-------------------+--------------------+------------------------------------+------------------------------------+------------------------------------+------------------------------------+------------------------------------+
|  200  | 72.56123328208923 | 43.25410294532776 | 43.984519958496094 | [0.17249719 0.23848055 0.28480863] | [0.14606353 0.16702153 0.1809753 ] | [8.71106728 9.08151233 9.29052721] | [0.05284848 0.03711317 0.02989763] | [0.56594548 0.66518186 0.71907027] |
+-------+-------------------+-------------------+--------------------+------------------------------------+------------------------------------+------------------------------------+------------------------------------+------------------------------------+
Early stopping is trigger at step: 20 log:0.17249719301217534
early stopping at 100, recall@20:0.1826
