reading train and test user-item set ...
building the adj mat ...
loading over ...
start training ...
+-------+-------------------+-------------------+-------------------+------------------------------------+------------------------------------+------------------------------------+------------------------------------+
| Epoch |  training time(s) |   tesing time(s)  |        Loss       |               recall               |                ndcg                |             precision              |             hit_ratio              |
+-------+-------------------+-------------------+-------------------+------------------------------------+------------------------------------+------------------------------------+------------------------------------+
|   0   | 30.64895987510681 | 35.98906874656677 | 134.2034912109375 | [0.10759486 0.15314915 0.18614119] | [0.09335536 0.10755209 0.11739849] | [0.03441959 0.02468518 0.02013307] | [0.41801192 0.51369817 0.57090227] |
+-------+-------------------+-------------------+-------------------+------------------------------------+------------------------------------+------------------------------------+------------------------------------+
using time 32.4357s, training loss at epoch 1: 121.3130
using time 30.2672s, training loss at epoch 2: 111.6412
using time 29.8168s, training loss at epoch 3: 105.7984
using time 31.5831s, training loss at epoch 4: 102.1480
+-------+--------------------+-------------------+-------------------+------------------------------------+------------------------------------+------------------------------------+------------------------------------+
| Epoch |  training time(s)  |   tesing time(s)  |        Loss       |               recall               |                ndcg                |             precision              |             hit_ratio              |
+-------+--------------------+-------------------+-------------------+------------------------------------+------------------------------------+------------------------------------+------------------------------------+
|   5   | 30.097761869430542 | 38.98519468307495 | 99.28642272949219 | [0.12484673 0.17620042 0.21532917] | [0.10777855 0.12372642 0.1353882 ] | [0.040001   0.02842119 0.02328019] | [0.47183334 0.57096925 0.63152254] |
+-------+--------------------+-------------------+-------------------+------------------------------------+------------------------------------+------------------------------------+------------------------------------+
using time 32.6557s, training loss at epoch 6: 96.9655
using time 29.3782s, training loss at epoch 7: 95.0717
using time 29.7041s, training loss at epoch 8: 93.6363
using time 32.1195s, training loss at epoch 9: 91.9678
+-------+--------------------+-------------------+-------------------+------------------------------------+------------------------------------+------------------------------------+------------------------------------+
| Epoch |  training time(s)  |   tesing time(s)  |        Loss       |               recall               |                ndcg                |             precision              |             hit_ratio              |
+-------+--------------------+-------------------+-------------------+------------------------------------+------------------------------------+------------------------------------+------------------------------------+
|   10  | 29.480989456176758 | 40.17063307762146 | 90.63573455810547 | [0.1336217  0.1887199  0.22957671] | [0.11508274 0.13218641 0.14440412] | [0.04264686 0.03028669 0.02475718] | [0.49296671 0.59434657 0.65446447] |
+-------+--------------------+-------------------+-------------------+------------------------------------+------------------------------------+------------------------------------+------------------------------------+
using time 31.4619s, training loss at epoch 11: 89.5685
using time 29.4259s, training loss at epoch 12: 88.4703
using time 29.5199s, training loss at epoch 13: 87.4775
using time 32.3158s, training loss at epoch 14: 86.2543
+-------+-------------------+-------------------+------------------+------------------------------------+------------------------------------+------------------------------------+------------------------------------+
| Epoch |  training time(s) |   tesing time(s)  |       Loss       |               recall               |                ndcg                |             precision              |             hit_ratio              |
+-------+-------------------+-------------------+------------------+------------------------------------+------------------------------------+------------------------------------+------------------------------------+
|   15  | 29.39846682548523 | 42.92394042015076 | 85.3421630859375 | [0.13872136 0.19680349 0.23863706] | [0.11935832 0.13744863 0.14995119] | [0.04414897 0.031515   0.02568491] | [0.50482283 0.60861411 0.66816264] |
+-------+-------------------+-------------------+------------------+------------------------------------+------------------------------------+------------------------------------+------------------------------------+
using time 31.7234s, training loss at epoch 16: 84.5653
using time 29.2676s, training loss at epoch 17: 83.5915
using time 30.0632s, training loss at epoch 18: 82.7687
using time 31.7011s, training loss at epoch 19: 81.8602
+-------+-------------------+-------------------+-------------------+------------------------------------+------------------------------------+------------------------------------+------------------------------------+
| Epoch |  training time(s) |   tesing time(s)  |        Loss       |               recall               |                ndcg                |             precision              |             hit_ratio              |
+-------+-------------------+-------------------+-------------------+------------------------------------+------------------------------------+------------------------------------+------------------------------------+
|   20  | 29.54043436050415 | 44.89327812194824 | 81.19210052490234 | [0.14361701 0.20297954 0.24682971] | [0.12321301 0.14175261 0.15481904] | [0.04548697 0.03246031 0.02648536] | [0.51517181 0.62130752 0.68055463] |
+-------+-------------------+-------------------+-------------------+------------------------------------+------------------------------------+------------------------------------+------------------------------------+
using time 30.8606s, training loss at epoch 21: 80.4371
using time 29.5045s, training loss at epoch 22: 79.7436
using time 30.7590s, training loss at epoch 23: 78.8276
using time 31.4646s, training loss at epoch 24: 78.1036
+-------+--------------------+--------------------+-------------------+------------------------------------+------------------------------------+------------------------------------+------------------------------------+
| Epoch |  training time(s)  |   tesing time(s)   |        Loss       |               recall               |                ndcg                |             precision              |             hit_ratio              |
+-------+--------------------+--------------------+-------------------+------------------------------------+------------------------------------+------------------------------------+------------------------------------+
|   25  | 29.716212272644043 | 49.309757709503174 | 77.37057495117188 | [0.14765952 0.20877353 0.25315822] | [0.12660544 0.14568334 0.15890618] | [0.04664579 0.03325407 0.02707036] | [0.5238797  0.62914462 0.68839172] |
+-------+--------------------+--------------------+-------------------+------------------------------------+------------------------------------+------------------------------------+------------------------------------+
using time 31.1387s, training loss at epoch 26: 76.8561
using time 29.5982s, training loss at epoch 27: 76.1045
using time 30.7030s, training loss at epoch 28: 75.2606
using time 30.9256s, training loss at epoch 29: 74.7201
+-------+--------------------+-------------------+-------------------+------------------------------------+------------------------------------+------------------------------------+------------------------------------+
| Epoch |  training time(s)  |   tesing time(s)  |        Loss       |               recall               |                ndcg                |             precision              |             hit_ratio              |
+-------+--------------------+-------------------+-------------------+------------------------------------+------------------------------------+------------------------------------+------------------------------------+
|   30  | 30.023589611053467 | 52.08678460121155 | 74.10033416748047 | [0.15139332 0.21363364 0.25916009] | [0.12981456 0.14928184 0.16285428] | [0.0477192  0.03397498 0.02765702] | [0.53201822 0.63597696 0.6954585 ] |
+-------+--------------------+-------------------+-------------------+------------------------------------+------------------------------------+------------------------------------+------------------------------------+
using time 30.7904s, training loss at epoch 31: 73.3590
using time 29.6262s, training loss at epoch 32: 72.7094
using time 31.7133s, training loss at epoch 33: 72.0589
using time 30.3484s, training loss at epoch 34: 71.5485
+-------+--------------------+------------------+------------------+------------------------------------+------------------------------------+------------------------------------+------------------------------------+
| Epoch |  training time(s)  |  tesing time(s)  |       Loss       |               recall               |                ndcg                |             precision              |             hit_ratio              |
+-------+--------------------+------------------+------------------+------------------------------------+------------------------------------+------------------------------------+------------------------------------+
|   35  | 29.712011337280273 | 56.1869432926178 | 70.8240737915039 | [0.15465339 0.2185876  0.26387543] | [0.13264026 0.15261873 0.16612472] | [0.04863856 0.03466408 0.02810972] | [0.53854913 0.64408199 0.70175497] |
+-------+--------------------+------------------+------------------+------------------------------------+------------------------------------+------------------------------------+------------------------------------+
using time 29.6653s, training loss at epoch 36: 70.0153
using time 29.3937s, training loss at epoch 37: 69.7584
using time 32.5543s, training loss at epoch 38: 69.0562
using time 29.4379s, training loss at epoch 39: 68.2927
+-------+--------------------+-------------------+-------------------+------------------------------------+------------------------------------+------------------------------------+------------------------------------+
| Epoch |  training time(s)  |   tesing time(s)  |        Loss       |               recall               |                ndcg                |             precision              |             hit_ratio              |
+-------+--------------------+-------------------+-------------------+------------------------------------+------------------------------------+------------------------------------+------------------------------------+
|   40  | 29.357881784439087 | 60.04392743110657 | 67.82765197753906 | [0.15776913 0.22202328 0.26802525] | [0.135245   0.15530588 0.16901089] | [0.04959977 0.03518488 0.02851218] | [0.54454418 0.64846942 0.707817  ] |
+-------+--------------------+-------------------+-------------------+------------------------------------+------------------------------------+------------------------------------+------------------------------------+
using time 29.6807s, training loss at epoch 41: 67.2354
using time 30.0282s, training loss at epoch 42: 66.7967
using time 32.5000s, training loss at epoch 43: 66.1259
using time 29.5985s, training loss at epoch 44: 65.6521
+-------+--------------------+--------------------+-------------------+------------------------------------+------------------------------------+------------------------------------+------------------------------------+
| Epoch |  training time(s)  |   tesing time(s)   |        Loss       |               recall               |                ndcg                |             precision              |             hit_ratio              |
+-------+--------------------+--------------------+-------------------+------------------------------------+------------------------------------+------------------------------------+------------------------------------+
|   45  | 30.085052013397217 | 54.540422677993774 | 65.20169830322266 | [0.16024087 0.22539004 0.27271197] | [0.13726086 0.15761155 0.17169566] | [0.05035334 0.0356906  0.02897716] | [0.54899859 0.65345971 0.71253935] |
+-------+--------------------+--------------------+-------------------+------------------------------------+------------------------------------+------------------------------------+------------------------------------+
using time 29.2829s, training loss at epoch 46: 64.5962
using time 30.4072s, training loss at epoch 47: 64.0435
using time 30.8484s, training loss at epoch 48: 63.4108
using time 29.0791s, training loss at epoch 49: 62.8566
+-------+--------------------+--------------------+--------------------+------------------------------------+------------------------------------+------------------------------------+------------------------------------+
| Epoch |  training time(s)  |   tesing time(s)   |        Loss        |               recall               |                ndcg                |             precision              |             hit_ratio              |
+-------+--------------------+--------------------+--------------------+------------------------------------+------------------------------------+------------------------------------+------------------------------------+
|   50  | 30.659438610076904 | 51.062918186187744 | 62.575653076171875 | [0.16265941 0.22829632 0.27669288] | [0.13922458 0.1597217  0.17414054] | [0.05100141 0.03610004 0.02937683] | [0.55351999 0.65845    0.71709425] |
+-------+--------------------+--------------------+--------------------+------------------------------------+------------------------------------+------------------------------------+------------------------------------+
using time 29.1697s, training loss at epoch 51: 62.0141
using time 30.0833s, training loss at epoch 52: 61.4398
using time 31.6856s, training loss at epoch 53: 61.0339
using time 29.1741s, training loss at epoch 54: 60.5342
+-------+--------------------+-------------------+--------------------+------------------------------------+------------------------------------+------------------------------------+------------------------------------+
| Epoch |  training time(s)  |   tesing time(s)  |        Loss        |               recall               |                ndcg                |             precision              |             hit_ratio              |
+-------+--------------------+-------------------+--------------------+------------------------------------+------------------------------------+------------------------------------+------------------------------------+
|   55  | 31.174469709396362 | 47.37112474441528 | 60.120914459228516 | [0.16466845 0.2311914  0.27943158] | [0.1409377  0.16176475 0.17616585] | [0.05157244 0.0365706  0.02969723] | [0.5580079  0.66300489 0.71984058] |
+-------+--------------------+-------------------+--------------------+------------------------------------+------------------------------------+------------------------------------+------------------------------------+
using time 29.6472s, training loss at epoch 56: 59.4665
using time 31.9215s, training loss at epoch 57: 59.1060
using time 29.9703s, training loss at epoch 58: 58.5773
using time 29.3625s, training loss at epoch 59: 58.2159
+-------+--------------------+-------------------+--------------------+------------------------------------+------------------------------------+------------------------------------+------------------------------------+
| Epoch |  training time(s)  |   tesing time(s)  |        Loss        |               recall               |                ndcg                |             precision              |             hit_ratio              |
+-------+--------------------+-------------------+--------------------+------------------------------------+------------------------------------+------------------------------------+------------------------------------+
|   60  | 31.921212673187256 | 44.33629298210144 | 57.850582122802734 | [0.16636636 0.2337783  0.28273262] | [0.1424521  0.16357288 0.1781822 ] | [0.05206142 0.03693817 0.03001876] | [0.56155804 0.66571773 0.72419452] |
+-------+--------------------+-------------------+--------------------+------------------------------------+------------------------------------+------------------------------------+------------------------------------+
using time 29.5885s, training loss at epoch 61: 57.4268
using time 31.8685s, training loss at epoch 62: 56.7639
using time 30.1066s, training loss at epoch 63: 56.3060
using time 29.3174s, training loss at epoch 64: 55.8238
+-------+--------------------+-------------------+-------------------+------------------------------------+------------------------------------+------------------------------------+------------------------------------+
| Epoch |  training time(s)  |   tesing time(s)  |        Loss       |               recall               |                ndcg                |             precision              |             hit_ratio              |
+-------+--------------------+-------------------+-------------------+------------------------------------+------------------------------------+------------------------------------+------------------------------------+
|   65  | 31.768488883972168 | 40.90199875831604 | 55.48347854614258 | [0.16795305 0.23629156 0.28497744] | [0.14376131 0.16519309 0.17973018] | [0.05253366 0.03731831 0.03024371] | [0.56514167 0.66896644 0.72613705] |
+-------+--------------------+-------------------+-------------------+------------------------------------+------------------------------------+------------------------------------+------------------------------------+
using time 29.7600s, training loss at epoch 66: 55.1410
using time 33.3057s, training loss at epoch 67: 54.6559
using time 30.0214s, training loss at epoch 68: 54.2998
using time 29.5592s, training loss at epoch 69: 53.9774
+-------+-------------------+-------------------+-------------------+------------------------------------+------------------------------------+------------------------------------+------------------------------------+
| Epoch |  training time(s) |   tesing time(s)  |        Loss       |               recall               |                ndcg                |             precision              |             hit_ratio              |
+-------+-------------------+-------------------+-------------------+------------------------------------+------------------------------------+------------------------------------+------------------------------------+
|   70  | 32.83400630950928 | 35.97508931159973 | 53.59403610229492 | [0.16975711 0.23883212 0.28683054] | [0.1452377  0.16688602 0.18123201] | [0.05301762 0.03766578 0.03043126] | [0.56778753 0.67288499 0.72814656] |
+-------+-------------------+-------------------+-------------------+------------------------------------+------------------------------------+------------------------------------+------------------------------------+
using time 29.7962s, training loss at epoch 71: 53.0871
using time 32.5114s, training loss at epoch 72: 52.7549
using time 29.3959s, training loss at epoch 73: 52.4421
using time 29.6838s, training loss at epoch 74: 51.9122
+-------+--------------------+-------------------+--------------------+------------------------------------+------------------------------------+------------------------------------+------------------------------------+
| Epoch |  training time(s)  |   tesing time(s)  |        Loss        |               recall               |                ndcg                |             precision              |             hit_ratio              |
+-------+--------------------+-------------------+--------------------+------------------------------------+------------------------------------+------------------------------------+------------------------------------+
|   75  | 31.490920066833496 | 36.15644669532776 | 51.483882904052734 | [0.17101921 0.24046581 0.28917021] | [0.14639306 0.16810703 0.18264807] | [0.05340612 0.03784413 0.03060319] | [0.56929466 0.67519593 0.73152924] |
+-------+--------------------+-------------------+--------------------+------------------------------------+------------------------------------+------------------------------------+------------------------------------+
using time 30.4620s, training loss at epoch 76: 50.9243
using time 31.6406s, training loss at epoch 77: 50.8745
using time 29.7024s, training loss at epoch 78: 50.3640
using time 30.5549s, training loss at epoch 79: 49.9362
+-------+------------------+-------------------+--------------------+------------------------------------+------------------------------------+------------------------------------+------------------------------------+
| Epoch | training time(s) |   tesing time(s)  |        Loss        |               recall               |                ndcg                |             precision              |             hit_ratio              |
+-------+------------------+-------------------+--------------------+------------------------------------+------------------------------------+------------------------------------+------------------------------------+
|   80  | 31.2564857006073 | 35.72791242599487 | 49.532684326171875 | [0.1722005  0.24122231 0.29038164] | [0.14744735 0.1690732  0.18377034] | [0.05369918 0.03800322 0.03075558] | [0.57177306 0.67586576 0.73260098] |
+-------+------------------+-------------------+--------------------+------------------------------------+------------------------------------+------------------------------------+------------------------------------+
using time 30.8479s, training loss at epoch 81: 49.3092
using time 30.8532s, training loss at epoch 82: 49.0403
using time 29.2963s, training loss at epoch 83: 48.4815
using time 30.3638s, training loss at epoch 84: 48.3622
+-------+-------------------+-------------------+-------------------+------------------------------------+------------------------------------+------------------------------------+------------------------------------+
| Epoch |  training time(s) |   tesing time(s)  |        Loss       |               recall               |                ndcg                |             precision              |             hit_ratio              |
+-------+-------------------+-------------------+-------------------+------------------------------------+------------------------------------+------------------------------------+------------------------------------+
|   85  | 31.15579628944397 | 35.94872188568115 | 47.76084518432617 | [0.17310173 0.24296884 0.2921602 ] | [0.14831101 0.17019792 0.18492406] | [0.05397046 0.03825692 0.03095262] | [0.57411749 0.67790877 0.73377319] |
+-------+-------------------+-------------------+-------------------+------------------------------------+------------------------------------+------------------------------------+------------------------------------+
using time 30.6405s, training loss at epoch 86: 47.4393
using time 31.1036s, training loss at epoch 87: 47.1791
using time 29.5816s, training loss at epoch 88: 46.8505
using time 30.6966s, training loss at epoch 89: 46.6464
+-------+--------------------+--------------------+-------------------+------------------------------------+------------------------------------+------------------------------------+------------------------------------+
| Epoch |  training time(s)  |   tesing time(s)   |        Loss       |               recall               |                ndcg                |             precision              |             hit_ratio              |
+-------+--------------------+--------------------+-------------------+------------------------------------+------------------------------------+------------------------------------+------------------------------------+
|   90  | 30.915780544281006 | 35.647047996520996 | 46.30851364135742 | [0.17430142 0.2437596  0.29333997] | [0.14906184 0.1708359  0.18568725] | [0.05428193 0.03838419 0.03109217] | [0.57552415 0.67837765 0.7358162 ] |
+-------+--------------------+--------------------+-------------------+------------------------------------+------------------------------------+------------------------------------+------------------------------------+
using time 31.1034s, training loss at epoch 91: 45.8956
using time 31.0694s, training loss at epoch 92: 45.5399
using time 29.5630s, training loss at epoch 93: 45.3604
using time 31.8509s, training loss at epoch 94: 45.1498
+-------+-------------------+------------------+-------------------+------------------------------------+------------------------------------+------------------------------------+------------------------------------+
| Epoch |  training time(s) |  tesing time(s)  |        Loss       |               recall               |                ndcg                |             precision              |             hit_ratio              |
+-------+-------------------+------------------+-------------------+------------------------------------+------------------------------------+------------------------------------+------------------------------------+
|   95  | 30.85401487350464 | 36.1062285900116 | 44.66952133178711 | [0.17462718 0.24462654 0.29462945] | [0.14951212 0.17149565 0.18646476] | [0.05440585 0.03853741 0.03122223] | [0.57589256 0.67938241 0.73682095] |
+-------+-------------------+------------------+-------------------+------------------------------------+------------------------------------+------------------------------------+------------------------------------+
using time 31.3804s, training loss at epoch 96: 44.3395
using time 30.3295s, training loss at epoch 97: 44.0749
using time 29.3822s, training loss at epoch 98: 43.8050
using time 31.3464s, training loss at epoch 99: 43.4226
+-------+--------------------+-------------------+------------------+------------------------------------+------------------------------------+------------------------------------+------------------------------------+
| Epoch |  training time(s)  |   tesing time(s)  |       Loss       |               recall               |                ndcg                |             precision              |             hit_ratio              |
+-------+--------------------+-------------------+------------------+------------------------------------+------------------------------------+------------------------------------+------------------------------------+
|  100  | 30.261383295059204 | 35.80600571632385 | 43.1673469543457 | [0.17485814 0.24538544 0.29506971] | [0.14989313 0.17207846 0.18693766] | [0.05448121 0.03865631 0.03125628] | [0.5769643  0.68021971 0.73739031] |
+-------+--------------------+-------------------+------------------+------------------------------------+------------------------------------+------------------------------------+------------------------------------+
using time 31.5748s, training loss at epoch 101: 42.8545
using time 29.9185s, training loss at epoch 102: 42.5956
using time 29.6211s, training loss at epoch 103: 42.4246
using time 32.1154s, training loss at epoch 104: 42.0254
+-------+--------------------+-------------------+-------------------+------------------------------------+------------------------------------+------------------------------------+------------------------------------+
| Epoch |  training time(s)  |   tesing time(s)  |        Loss       |               recall               |                ndcg                |             precision              |             hit_ratio              |
+-------+--------------------+-------------------+-------------------+------------------------------------+------------------------------------+------------------------------------+------------------------------------+
|  105  | 29.958308696746826 | 36.14407539367676 | 41.80055618286133 | [0.17602153 0.24625761 0.29637556] | [0.15067897 0.17272278 0.18773465] | [0.05477761 0.03875343 0.03138076] | [0.5786054  0.68095653 0.73883046] |
+-------+--------------------+-------------------+-------------------+------------------------------------+------------------------------------+------------------------------------+------------------------------------+
using time 32.2295s, training loss at epoch 106: 41.3671
using time 29.8750s, training loss at epoch 107: 41.1132
using time 29.5843s, training loss at epoch 108: 40.9434
using time 32.4420s, training loss at epoch 109: 40.5996
+-------+-------------------+-------------------+-------------------+------------------------------------+------------------------------------+------------------------------------+------------------------------------+
| Epoch |  training time(s) |   tesing time(s)  |        Loss       |               recall               |                ndcg                |             precision              |             hit_ratio              |
+-------+-------------------+-------------------+-------------------+------------------------------------+------------------------------------+------------------------------------+------------------------------------+
|  110  | 29.81624484062195 | 37.88853859901428 | 40.43233108520508 | [0.17631511 0.24722726 0.29720935] | [0.15105328 0.17326104 0.18826374] | [0.05491995 0.03884554 0.03146672] | [0.57961015 0.68232969 0.73946681] |
+-------+-------------------+-------------------+-------------------+------------------------------------+------------------------------------+------------------------------------+------------------------------------+
using time 31.5781s, training loss at epoch 111: 40.2111
using time 29.4885s, training loss at epoch 112: 39.9335
using time 29.6945s, training loss at epoch 113: 39.8161
using time 32.7433s, training loss at epoch 114: 39.3938
+-------+-------------------+-------------------+-------------------+------------------------------------+------------------------------------+------------------------------------+------------------------------------+
| Epoch |  training time(s) |   tesing time(s)  |        Loss       |               recall               |                ndcg                |             precision              |             hit_ratio              |
+-------+-------------------+-------------------+-------------------+------------------------------------+------------------------------------+------------------------------------+------------------------------------+
|  115  | 29.45345711708069 | 40.84383487701416 | 39.32545852661133 | [0.17669944 0.24773197 0.29752846] | [0.15131222 0.17360126 0.18856815] | [0.0549434  0.03889242 0.03148905] | [0.58058142 0.6827316  0.7399022 ] |
+-------+-------------------+-------------------+-------------------+------------------------------------+------------------------------------+------------------------------------+------------------------------------+
using time 32.4129s, training loss at epoch 116: 38.6771
using time 29.7104s, training loss at epoch 117: 38.7215
using time 29.8701s, training loss at epoch 118: 38.3556
using time 31.8542s, training loss at epoch 119: 38.0802
+-------+--------------------+--------------------+--------------------+------------------------------------+------------------------------------+------------------------------------+------------------------------------+
| Epoch |  training time(s)  |   tesing time(s)   |        Loss        |               recall               |                ndcg                |             precision              |             hit_ratio              |
+-------+--------------------+--------------------+--------------------+------------------------------------+------------------------------------+------------------------------------+------------------------------------+
|  120  | 29.760102033615112 | 44.940077781677246 | 38.115108489990234 | [0.17699305 0.24841653 0.29776719] | [0.15165293 0.17407339 0.18889516] | [0.05508741 0.03900127 0.0315164 ] | [0.58084935 0.68376984 0.73973474] |
+-------+--------------------+--------------------+--------------------+------------------------------------+------------------------------------+------------------------------------+------------------------------------+
using time 32.1560s, training loss at epoch 121: 37.7082
using time 29.5765s, training loss at epoch 122: 37.3949
using time 30.5632s, training loss at epoch 123: 37.1994
using time 32.0498s, training loss at epoch 124: 37.0406
+-------+-------------------+--------------------+-------------------+------------------------------------+------------------------------------+------------------------------------+------------------------------------+
| Epoch |  training time(s) |   tesing time(s)   |        Loss       |               recall               |                ndcg                |             precision              |             hit_ratio              |
+-------+-------------------+--------------------+-------------------+------------------------------------+------------------------------------+------------------------------------+------------------------------------+
|  125  | 29.82880210876465 | 49.912874937057495 | 36.79275131225586 | [0.1772771  0.24894376 0.29838436] | [0.15212042 0.17459703 0.18943091] | [0.05520798 0.03906574 0.03155882] | [0.58125126 0.6839373  0.74060553] |
+-------+-------------------+--------------------+-------------------+------------------------------------+------------------------------------+------------------------------------+------------------------------------+
using time 30.6478s, training loss at epoch 126: 36.7048
using time 29.7958s, training loss at epoch 127: 36.3206
using time 31.6390s, training loss at epoch 128: 36.1546
using time 31.0102s, training loss at epoch 129: 35.9482
+-------+-------------------+-------------------+--------------------+------------------------------------+------------------------------------+------------------------------------+------------------------------------+
| Epoch |  training time(s) |   tesing time(s)  |        Loss        |               recall               |                ndcg                |             precision              |             hit_ratio              |
+-------+-------------------+-------------------+--------------------+------------------------------------+------------------------------------+------------------------------------+------------------------------------+
|  130  | 29.37700891494751 | 53.73275327682495 | 35.817161560058594 | [0.17792727 0.24986402 0.29900528] | [0.15244226 0.17503586 0.18975813] | [0.05532353 0.03922483 0.03160906] | [0.58238998 0.68510952 0.74120839] |
+-------+-------------------+-------------------+--------------------+------------------------------------+------------------------------------+------------------------------------+------------------------------------+
using time 30.5760s, training loss at epoch 131: 35.4899
using time 29.5582s, training loss at epoch 132: 35.2623
using time 31.5982s, training loss at epoch 133: 34.9314
using time 30.2361s, training loss at epoch 134: 34.8949
+-------+--------------------+------------------+-------------------+------------------------------------+------------------------------------+------------------------------------+------------------------------------+
| Epoch |  training time(s)  |  tesing time(s)  |        Loss       |               recall               |                ndcg                |             precision              |             hit_ratio              |
+-------+--------------------+------------------+-------------------+------------------------------------+------------------------------------+------------------------------------+------------------------------------+
|  135  | 29.221126794815063 | 59.1416220664978 | 34.62622833251953 | [0.17842242 0.24993836 0.29926989] | [0.1527299  0.17519545 0.18999633] | [0.05541898 0.03922316 0.03162692] | [0.58349521 0.68551142 0.74130886] |
+-------+--------------------+------------------+-------------------+------------------------------------+------------------------------------+------------------------------------+------------------------------------+
using time 29.4464s, training loss at epoch 136: 34.3498
using time 29.4580s, training loss at epoch 137: 34.3359
using time 32.2186s, training loss at epoch 138: 34.0521
using time 29.6048s, training loss at epoch 139: 34.0158
+-------+--------------------+------------------+--------------------+------------------------------------+------------------------------------+------------------------------------+------------------------------------+
| Epoch |  training time(s)  |  tesing time(s)  |        Loss        |               recall               |                ndcg                |             precision              |             hit_ratio              |
+-------+--------------------+------------------+--------------------+------------------------------------+------------------------------------+------------------------------------+------------------------------------+
|  140  | 29.428470611572266 | 59.5674934387207 | 33.846473693847656 | [0.17873981 0.25022416 0.29989684] | [0.15287391 0.17534118 0.19021931] | [0.05545582 0.0392466  0.03165762] | [0.58429902 0.68698506 0.74171076] |
+-------+--------------------+------------------+--------------------+------------------------------------+------------------------------------+------------------------------------+------------------------------------+
using time 29.6060s, training loss at epoch 141: 33.6755
using time 30.0474s, training loss at epoch 142: 33.3733
using time 31.8996s, training loss at epoch 143: 33.2459
using time 29.4962s, training loss at epoch 144: 33.1151
+-------+--------------------+-------------------+-------------------+------------------------------------+------------------------------------+------------------------------------+------------------------------------+
| Epoch |  training time(s)  |   tesing time(s)  |        Loss       |               recall               |                ndcg                |             precision              |             hit_ratio              |
+-------+--------------------+-------------------+-------------------+------------------------------------+------------------------------------+------------------------------------+------------------------------------+
|  145  | 30.038589000701904 | 53.50853490829468 | 32.88924026489258 | [0.17936799 0.25013373 0.30025345] | [0.15313989 0.17539681 0.19038712] | [0.05555797 0.03923655 0.03167549] | [0.58503584 0.68551142 0.74134235] |
+-------+--------------------+-------------------+-------------------+------------------------------------+------------------------------------+------------------------------------+------------------------------------+
using time 29.4564s, training loss at epoch 146: 32.8382
using time 30.7142s, training loss at epoch 147: 32.5550
using time 31.2504s, training loss at epoch 148: 32.2667
using time 29.2321s, training loss at epoch 149: 32.2027
+-------+--------------------+-------------------+--------------------+------------------------------------+------------------------------------+------------------------------------+------------------------------------+
| Epoch |  training time(s)  |   tesing time(s)  |        Loss        |               recall               |                ndcg                |             precision              |             hit_ratio              |
+-------+--------------------+-------------------+--------------------+------------------------------------+------------------------------------+------------------------------------+------------------------------------+
|  150  | 31.113232374191284 | 49.64941954612732 | 32.081390380859375 | [0.17936837 0.25027283 0.30024016] | [0.15325692 0.17555731 0.19052129] | [0.05557807 0.03922399 0.03166879] | [0.58406457 0.68654967 0.7415433 ] |
+-------+--------------------+-------------------+--------------------+------------------------------------+------------------------------------+------------------------------------+------------------------------------+
using time 29.4931s, training loss at epoch 151: 31.9497
using time 31.1437s, training loss at epoch 152: 31.6289
using time 31.1505s, training loss at epoch 153: 31.4705
using time 29.4307s, training loss at epoch 154: 31.2830
+-------+--------------------+-------------------+-------------------+------------------------------------+------------------------------------+------------------------------------+------------------------------------+
| Epoch |  training time(s)  |   tesing time(s)  |        Loss       |               recall               |                ndcg                |             precision              |             hit_ratio              |
+-------+--------------------+-------------------+-------------------+------------------------------------+------------------------------------+------------------------------------+------------------------------------+
|  155  | 31.816911697387695 | 44.35317397117615 | 31.16780662536621 | [0.17926555 0.25011282 0.30025517] | [0.1532403  0.17553539 0.19053248] | [0.055563   0.03920474 0.03165316] | [0.58372965 0.68634872 0.74094045] |
+-------+--------------------+-------------------+-------------------+------------------------------------+------------------------------------+------------------------------------+------------------------------------+
using time 29.2752s, training loss at epoch 156: 31.0440
using time 31.9926s, training loss at epoch 157: 30.9805
using time 29.8557s, training loss at epoch 158: 30.7114
using time 29.5228s, training loss at epoch 159: 30.7048
+-------+------------------+------------------+--------------------+------------------------------------+------------------------------------+------------------------------------+------------------------------------+
| Epoch | training time(s) |  tesing time(s)  |        Loss        |               recall               |                ndcg                |             precision              |             hit_ratio              |
+-------+------------------+------------------+--------------------+------------------------------------+------------------------------------+------------------------------------+------------------------------------+
|  160  | 32.1945321559906 | 40.7209734916687 | 30.426231384277344 | [0.17948933 0.2505074  0.30035291] | [0.153389   0.17575585 0.19064989] | [0.05560821 0.03926167 0.03165037] | [0.58429902 0.68688459 0.74187822] |
+-------+------------------+------------------+--------------------+------------------------------------+------------------------------------+------------------------------------+------------------------------------+
using time 29.7667s, training loss at epoch 161: 30.2668
using time 32.6191s, training loss at epoch 162: 30.0500
using time 30.0350s, training loss at epoch 163: 29.8377
using time 29.2771s, training loss at epoch 164: 29.7587
+-------+-------------------+--------------------+--------------------+------------------------------------+------------------------------------+------------------------------------+------------------------------------+
| Epoch |  training time(s) |   tesing time(s)   |        Loss        |               recall               |                ndcg                |             precision              |             hit_ratio              |
+-------+-------------------+--------------------+--------------------+------------------------------------+------------------------------------+------------------------------------+------------------------------------+
|  165  | 32.37822151184082 | 38.501927852630615 | 29.783220291137695 | [0.17953986 0.25017829 0.30046425] | [0.15334355 0.17557096 0.19060058] | [0.05560821 0.03917962 0.03163585] | [0.58383013 0.68675062 0.74201219] |
+-------+-------------------+--------------------+--------------------+------------------------------------+------------------------------------+------------------------------------+------------------------------------+
using time 29.3898s, training loss at epoch 166: 29.6193
using time 32.6201s, training loss at epoch 167: 29.4898
using time 29.4472s, training loss at epoch 168: 29.2873
using time 29.6449s, training loss at epoch 169: 29.0778
+-------+-------------------+-------------------+-------------------+------------------------------------+------------------------------------+------------------------------------+------------------------------------+
| Epoch |  training time(s) |   tesing time(s)  |        Loss       |               recall               |                ndcg                |             precision              |             hit_ratio              |
+-------+-------------------+-------------------+-------------------+------------------------------------+------------------------------------+------------------------------------+------------------------------------+
|  170  | 33.18054747581482 | 36.52393698692322 | 29.01326560974121 | [0.1797501  0.25022574 0.30052208] | [0.15332404 0.17549055 0.19051684] | [0.05564338 0.03919385 0.03163306] | [0.58543774 0.6868176  0.74207917] |
+-------+-------------------+-------------------+-------------------+------------------------------------+------------------------------------+------------------------------------+------------------------------------+
using time 30.2128s, training loss at epoch 171: 28.9228
using time 32.3175s, training loss at epoch 172: 28.8491
using time 29.6441s, training loss at epoch 173: 28.6200
using time 30.4255s, training loss at epoch 174: 28.4489
+-------+-------------------+--------------------+-------------------+------------------------------------+------------------------------------+------------------------------------+------------------------------------+
| Epoch |  training time(s) |   tesing time(s)   |        Loss       |               recall               |                ndcg                |             precision              |             hit_ratio              |
+-------+-------------------+--------------------+-------------------+------------------------------------+------------------------------------+------------------------------------+------------------------------------+
|  175  | 31.21849822998047 | 36.315218925476074 | 28.17196273803711 | [0.17981497 0.25044016 0.30060313] | [0.15338798 0.17558373 0.19060088] | [0.05561324 0.03917627 0.03163865] | [0.58486838 0.6868511  0.74150981] |
+-------+-------------------+--------------------+-------------------+------------------------------------+------------------------------------+------------------------------------+------------------------------------+
using time 30.5026s, training loss at epoch 176: 28.2927
using time 31.3792s, training loss at epoch 177: 28.0864
using time 29.4846s, training loss at epoch 178: 28.0743
using time 31.7582s, training loss at epoch 179: 27.8300
+-------+--------------------+--------------------+------------------+------------------------------------+------------------------------------+------------------------------------+------------------------------------+
| Epoch |  training time(s)  |   tesing time(s)   |       Loss       |               recall               |                ndcg                |             precision              |             hit_ratio              |
+-------+--------------------+--------------------+------------------+------------------------------------+------------------------------------+------------------------------------+------------------------------------+
|  180  | 32.488131523132324 | 36.085763454437256 | 27.6937255859375 | [0.17984314 0.25029608 0.30046624] | [0.15329382 0.1754505  0.19044899] | [0.05558477 0.03915282 0.03158841] | [0.58547123 0.6868511  0.74124188] |
+-------+--------------------+--------------------+------------------+------------------------------------+------------------------------------+------------------------------------+------------------------------------+
using time 32.5822s, training loss at epoch 181: 27.6509
using time 30.5220s, training loss at epoch 182: 27.5538
using time 29.4747s, training loss at epoch 183: 27.2334
using time 31.1269s, training loss at epoch 184: 27.2158
+-------+--------------------+-------------------+--------------------+------------------------------------+------------------------------------+------------------------------------+------------------------------------+
| Epoch |  training time(s)  |   tesing time(s)  |        Loss        |               recall               |                ndcg                |             precision              |             hit_ratio              |
+-------+--------------------+-------------------+--------------------+------------------------------------+------------------------------------+------------------------------------+------------------------------------+
|  185  | 30.339677810668945 | 36.25557780265808 | 27.208589553833008 | [0.17954751 0.24993964 0.30070868] | [0.15305465 0.17521282 0.1903997 ] | [0.0554508  0.03907244 0.03160683] | [0.58413156 0.68608078 0.74127537] |
+-------+--------------------+-------------------+--------------------+------------------------------------+------------------------------------+------------------------------------+------------------------------------+
using time 31.8933s, training loss at epoch 186: 27.1368
using time 30.4367s, training loss at epoch 187: 26.8290
using time 29.6487s, training loss at epoch 188: 26.7357
using time 31.5980s, training loss at epoch 189: 26.7325
+-------+--------------------+-------------------+--------------------+------------------------------------+------------------------------------+------------------------------------+------------------------------------+
| Epoch |  training time(s)  |   tesing time(s)  |        Loss        |               recall               |                ndcg                |             precision              |             hit_ratio              |
+-------+--------------------+-------------------+--------------------+------------------------------------+------------------------------------+------------------------------------+------------------------------------+
|  190  | 30.358114004135132 | 35.65582299232483 | 26.533266067504883 | [0.17945815 0.24989851 0.30037316] | [0.15306359 0.17522373 0.19031852] | [0.05550439 0.03909589 0.03158506] | [0.58426552 0.68631523 0.74060553] |
+-------+--------------------+-------------------+--------------------+------------------------------------+------------------------------------+------------------------------------+------------------------------------+
using time 32.0222s, training loss at epoch 191: 26.5132
using time 29.9654s, training loss at epoch 192: 26.4407
using time 29.2645s, training loss at epoch 193: 26.2623
using time 32.4626s, training loss at epoch 194: 26.2624
+-------+--------------------+-------------------+--------------------+------------------------------------+------------------------------------+------------------------------------+------------------------------------+
| Epoch |  training time(s)  |   tesing time(s)  |        Loss        |               recall               |                ndcg                |             precision              |             hit_ratio              |
+-------+--------------------+-------------------+--------------------+------------------------------------+------------------------------------+------------------------------------+------------------------------------+
|  195  | 30.436661958694458 | 36.08015751838684 | 26.089197158813477 | [0.17930183 0.25009932 0.29995653] | [0.15304499 0.1753213  0.19025358] | [0.05541898 0.03907495 0.03153259] | [0.58309331 0.6860138  0.7407395 ] |
+-------+--------------------+-------------------+--------------------+------------------------------------+------------------------------------+------------------------------------+------------------------------------+
using time 33.3434s, training loss at epoch 196: 26.0238
using time 29.2012s, training loss at epoch 197: 25.9010
using time 29.2271s, training loss at epoch 198: 25.7680
using time 32.6493s, training loss at epoch 199: 25.6590
+-------+--------------------+--------------------+--------------------+------------------------------------+------------------------------------+------------------------------------+------------------------------------+
| Epoch |  training time(s)  |   tesing time(s)   |        Loss        |               recall               |                ndcg                |             precision              |             hit_ratio              |
+-------+--------------------+--------------------+--------------------+------------------------------------+------------------------------------+------------------------------------+------------------------------------+
|  200  | 29.315443754196167 | 39.011987924575806 | 25.560142517089844 | [0.17870928 0.24986663 0.29975264] | [0.15271548 0.17510958 0.1900629 ] | [0.05523813 0.03901467 0.03149686] | [0.58185411 0.68591332 0.73970125] |
+-------+--------------------+--------------------+--------------------+------------------------------------+------------------------------------+------------------------------------+------------------------------------+
using time 32.5813s, training loss at epoch 201: 25.5520
using time 29.5674s, training loss at epoch 202: 25.3543
using time 29.7120s, training loss at epoch 203: 25.2821
using time 32.1681s, training loss at epoch 204: 25.1925
+-------+-------------------+-------------------+--------------------+------------------------------------+------------------------------------+------------------------------------+------------------------------------+
| Epoch |  training time(s) |   tesing time(s)  |        Loss        |               recall               |                ndcg                |             precision              |             hit_ratio              |
+-------+-------------------+-------------------+--------------------+------------------------------------+------------------------------------+------------------------------------+------------------------------------+
|  205  | 29.21198081970215 | 43.31393909454346 | 25.037092208862305 | [0.17879443 0.2495754  0.29915481] | [0.15269709 0.17496197 0.18979062] | [0.0552532  0.03897197 0.03139192] | [0.58205506 0.68504253 0.73906491] |
+-------+-------------------+-------------------+--------------------+------------------------------------+------------------------------------+------------------------------------+------------------------------------+
using time 31.3529s, training loss at epoch 206: 24.9452
using time 29.8550s, training loss at epoch 207: 24.8917
using time 29.8771s, training loss at epoch 208: 24.8130
using time 32.4341s, training loss at epoch 209: 24.7323
+-------+--------------------+--------------------+--------------------+------------------------------------+------------------------------------+------------------------------------+------------------------------------+
| Epoch |  training time(s)  |   tesing time(s)   |        Loss        |               recall               |                ndcg                |             precision              |             hit_ratio              |
+-------+--------------------+--------------------+--------------------+------------------------------------+------------------------------------+------------------------------------+------------------------------------+
|  210  | 29.286986827850342 | 46.343343019485474 | 24.738866806030273 | [0.17875655 0.24947292 0.29919752] | [0.15266238 0.17491118 0.18977673] | [0.05520798 0.03893764 0.03138467] | [0.58198808 0.68500904 0.73973474] |
+-------+--------------------+--------------------+--------------------+------------------------------------+------------------------------------+------------------------------------+------------------------------------+
using time 30.8801s, training loss at epoch 211: 24.6023
using time 29.5868s, training loss at epoch 212: 24.5434
using time 30.1376s, training loss at epoch 213: 24.5207
using time 31.5739s, training loss at epoch 214: 24.1792
+-------+-------------------+-------------------+-------------------+------------------------------------+------------------------------------+------------------------------------+------------------------------------+
| Epoch |  training time(s) |   tesing time(s)  |        Loss       |               recall               |                ndcg                |             precision              |             hit_ratio              |
+-------+-------------------+-------------------+-------------------+------------------------------------+------------------------------------+------------------------------------+------------------------------------+
|  215  | 29.60742950439453 | 49.11539554595947 | 24.17873764038086 | [0.17840777 0.24941077 0.29892096] | [0.15246566 0.17479305 0.1896034 ] | [0.05513095 0.03888573 0.0313428 ] | [0.58044745 0.68527698 0.73966776] |
+-------+-------------------+-------------------+-------------------+------------------------------------+------------------------------------+------------------------------------+------------------------------------+
using time 30.6535s, training loss at epoch 216: 24.1874
using time 29.4486s, training loss at epoch 217: 24.0495
using time 30.9739s, training loss at epoch 218: 23.8482
using time 30.9356s, training loss at epoch 219: 23.8833
+-------+--------------------+------------------+--------------------+------------------------------------+------------------------------------+------------------------------------+------------------------------------+
| Epoch |  training time(s)  |  tesing time(s)  |        Loss        |               recall               |                ndcg                |             precision              |             hit_ratio              |
+-------+--------------------+------------------+--------------------+------------------------------------+------------------------------------+------------------------------------+------------------------------------+
|  220  | 29.247604608535767 | 52.2498881816864 | 23.889488220214844 | [0.17822916 0.24952959 0.29865976] | [0.15234236 0.17477268 0.18946403] | [0.0550221  0.03889661 0.03130428] | [0.57987809 0.68497555 0.73893094] |
+-------+--------------------+------------------+--------------------+------------------------------------+------------------------------------+------------------------------------+------------------------------------+
using time 30.3038s, training loss at epoch 221: 23.7318
using time 29.4178s, training loss at epoch 222: 23.7763
using time 31.7039s, training loss at epoch 223: 23.7344
using time 30.8563s, training loss at epoch 224: 23.4721
+-------+--------------------+--------------------+--------------------+------------------------------------+------------------------------------+------------------------------------+------------------------------------+
| Epoch |  training time(s)  |   tesing time(s)   |        Loss        |               recall               |                ndcg                |             precision              |             hit_ratio              |
+-------+--------------------+--------------------+--------------------+------------------------------------+------------------------------------+------------------------------------+------------------------------------+
|  225  | 29.564294576644897 | 56.293689250946045 | 23.408401489257812 | [0.17787815 0.24922861 0.29845861] | [0.15194996 0.17440552 0.18913774] | [0.05492163 0.03883967 0.03129814] | [0.57977761 0.68423873 0.73836158] |
+-------+--------------------+--------------------+--------------------+------------------------------------+------------------------------------+------------------------------------+------------------------------------+
using time 29.7137s, training loss at epoch 226: 23.3891
using time 29.3913s, training loss at epoch 227: 23.2217
using time 32.8706s, training loss at epoch 228: 23.2198
using time 29.4666s, training loss at epoch 229: 23.0750
+-------+--------------------+--------------------+--------------------+------------------------------------+------------------------------------+------------------------------------+------------------------------------+
| Epoch |  training time(s)  |   tesing time(s)   |        Loss        |               recall               |                ndcg                |             precision              |             hit_ratio              |
+-------+--------------------+--------------------+--------------------+------------------------------------+------------------------------------+------------------------------------+------------------------------------+
|  230  | 29.173067092895508 | 59.066569805145264 | 23.040632247924805 | [0.17744515 0.24870402 0.2980541 ] | [0.15183846 0.17427902 0.18904042] | [0.05477929 0.03874087 0.0312239 ] | [0.57830397 0.68239668 0.73795968] |
+-------+--------------------+--------------------+--------------------+------------------------------------+------------------------------------+------------------------------------+------------------------------------+
Early stopping is trigger at step: 10 log:0.17744515274244047
early stopping at 230, recall@20:0.1798
