reading train and test user-item set ...
building the adj mat ...
loading over ...
start training ...
+-------+-------------------+-------------------+--------------------+------------------------------------+------------------------------------+---------------------------------------------------+------------------------------------+------------------------------------+
| Epoch |  training time(s) |   tesing time(s)  |        Loss        |               recall               |                ndcg                |                      novelty                      |             precision              |             hit_ratio              |
+-------+-------------------+-------------------+--------------------+------------------------------------+------------------------------------+---------------------------------------------------+------------------------------------+------------------------------------+
|   0   | 72.25653958320618 | 41.24353742599487 | 136.29466247558594 | [0.12106187 0.17414676 0.21512235] | [0.1036334  0.12033823 0.13252227] | [-4.03403691e-07 -3.26408209e-07 -2.82404300e-07] | [0.03841182 0.0278376  0.02296704] | [0.44574318 0.54906558 0.61273361] |
+-------+-------------------+-------------------+--------------------+------------------------------------+------------------------------------+---------------------------------------------------+------------------------------------+------------------------------------+
using time 71.7581s, training loss at epoch 1: 133.7542
using time 71.8340s, training loss at epoch 2: 130.4992
using time 71.8685s, training loss at epoch 3: 127.9815
using time 71.8300s, training loss at epoch 4: 125.9764
+-------+-------------------+-------------------+--------------------+------------------------------------+------------------------------------+---------------------------------------------------+------------------------------------+------------------------------------+
| Epoch |  training time(s) |   tesing time(s)  |        Loss        |               recall               |                ndcg                |                      novelty                      |             precision              |             hit_ratio              |
+-------+-------------------+-------------------+--------------------+------------------------------------+------------------------------------+---------------------------------------------------+------------------------------------+------------------------------------+
|   5   | 71.29954361915588 | 41.71118521690369 | 124.40021514892578 | [0.13964544 0.19952408 0.24374799] | [0.11830747 0.13715491 0.15037582] | [-4.81635088e-07 -3.83098271e-07 -3.26843897e-07] | [0.04418246 0.0318809  0.02615547] | [0.49524416 0.60305446 0.66380869] |
+-------+-------------------+-------------------+--------------------+------------------------------------+------------------------------------+---------------------------------------------------+------------------------------------+------------------------------------+
using time 71.1913s, training loss at epoch 6: 123.0228
using time 71.3846s, training loss at epoch 7: 121.8347
using time 71.1862s, training loss at epoch 8: 120.7778
using time 71.4366s, training loss at epoch 9: 119.8052
+-------+-------------------+-------------------+--------------------+------------------------------------+------------------------------------+---------------------------------------------------+------------------------------------+------------------------------------+
| Epoch |  training time(s) |   tesing time(s)  |        Loss        |               recall               |                ndcg                |                      novelty                      |             precision              |             hit_ratio              |
+-------+-------------------+-------------------+--------------------+------------------------------------+------------------------------------+---------------------------------------------------+------------------------------------+------------------------------------+
|   10  | 71.22755932807922 | 40.99532079696655 | 118.92979431152344 | [0.15078277 0.21329503 0.25955401] | [0.1276789  0.14736074 0.16117492] | [-5.28017743e-07 -4.15945515e-07 -3.52066695e-07] | [0.04756347 0.03405285 0.02781053] | [0.52418112 0.62800589 0.68745395] |
+-------+-------------------+-------------------+--------------------+------------------------------------+------------------------------------+---------------------------------------------------+------------------------------------+------------------------------------+
using time 71.1354s, training loss at epoch 11: 118.0438
using time 71.2224s, training loss at epoch 12: 117.1696
using time 71.1052s, training loss at epoch 13: 116.3941
using time 71.1524s, training loss at epoch 14: 115.6780
+-------+------------------+--------------------+--------------------+------------------------------------+------------------------------------+---------------------------------------------------+------------------------------------+------------------------------------+
| Epoch | training time(s) |   tesing time(s)   |        Loss        |               recall               |                ndcg                |                      novelty                      |             precision              |             hit_ratio              |
+-------+------------------+--------------------+--------------------+------------------------------------+------------------------------------+---------------------------------------------------+------------------------------------+------------------------------------+
|   15  | 71.122141122818  | 41.184263706207275 | 114.87248992919922 | [0.15747552 0.2220939  0.27033079] | [0.13356659 0.1539105  0.16830748] | [-5.57269234e-07 -4.36976831e-07 -3.69186087e-07] | [0.04956461 0.0353808  0.02888506] | [0.53978833 0.64230692 0.7016545 ] |
+-------+------------------+--------------------+--------------------+------------------------------------+------------------------------------+---------------------------------------------------+------------------------------------+------------------------------------+
using time 71.3888s, training loss at epoch 16: 114.1477
using time 71.1474s, training loss at epoch 17: 113.4312
using time 71.1638s, training loss at epoch 18: 112.6007
using time 71.1231s, training loss at epoch 19: 111.9473
+-------+-------------------+------------------+--------------------+------------------------------------+------------------------------------+---------------------------------------------------+------------------------------------+------------------------------------+
| Epoch |  training time(s) |  tesing time(s)  |        Loss        |               recall               |                ndcg                |                      novelty                      |             precision              |             hit_ratio              |
+-------+-------------------+------------------+--------------------+------------------------------------+------------------------------------+---------------------------------------------------+------------------------------------+------------------------------------+
|   20  | 71.13011455535889 | 40.6492383480072 | 111.31456756591797 | [0.16298259 0.22909484 0.27813954] | [0.13835608 0.15913018 0.17381887] | [-5.83927099e-07 -4.52836843e-07 -3.81387751e-07] | [0.05121575 0.03637216 0.02967993] | [0.5506062  0.65319177 0.71203698] |
+-------+-------------------+------------------+--------------------+------------------------------------+------------------------------------+---------------------------------------------------+------------------------------------+------------------------------------+
using time 71.2779s, training loss at epoch 21: 110.5462
using time 71.4242s, training loss at epoch 22: 109.8497
using time 71.2182s, training loss at epoch 23: 109.1759
using time 71.2229s, training loss at epoch 24: 108.5619
+-------+------------------+--------------------+-------------------+------------------------------------+------------------------------------+---------------------------------------------------+------------------------------------+------------------------------------+
| Epoch | training time(s) |   tesing time(s)   |        Loss       |               recall               |                ndcg                |                      novelty                      |             precision              |             hit_ratio              |
+-------+------------------+--------------------+-------------------+------------------------------------+------------------------------------+---------------------------------------------------+------------------------------------+------------------------------------+
|   25  | 71.3464183807373 | 42.049479722976685 | 107.8035659790039 | [0.16742508 0.23510532 0.28445628] | [0.1423495  0.16369354 0.17843131] | [-6.02711566e-07 -4.68150774e-07 -3.91352774e-07] | [0.05248007 0.03732919 0.03029562] | [0.56021837 0.66149776 0.7201755 ] |
+-------+------------------+--------------------+-------------------+------------------------------------+------------------------------------+---------------------------------------------------+------------------------------------+------------------------------------+
using time 71.0919s, training loss at epoch 26: 107.0916
using time 71.1396s, training loss at epoch 27: 106.5647
using time 71.0960s, training loss at epoch 28: 105.9637
using time 71.0349s, training loss at epoch 29: 105.2382
+-------+-------------------+--------------------+--------------------+------------------------------------+------------------------------------+---------------------------------------------------+------------------------------------+------------------------------------+
| Epoch |  training time(s) |   tesing time(s)   |        Loss        |               recall               |                ndcg                |                      novelty                      |             precision              |             hit_ratio              |
+-------+-------------------+--------------------+--------------------+------------------------------------+------------------------------------+---------------------------------------------------+------------------------------------+------------------------------------+
|   30  | 71.16486620903015 | 41.081252574920654 | 104.60353088378906 | [0.17065477 0.23967523 0.28939503] | [0.14521007 0.16693995 0.18182962] | [-6.18239200e-07 -4.78454706e-07 -3.99544033e-07] | [0.05350157 0.03797977 0.03082144] | [0.56621341 0.66893295 0.72617054] |
+-------+-------------------+--------------------+--------------------+------------------------------------+------------------------------------+---------------------------------------------------+------------------------------------+------------------------------------+
using time 71.1723s, training loss at epoch 31: 103.9982
using time 71.1514s, training loss at epoch 32: 103.2382
using time 71.0653s, training loss at epoch 33: 102.6732
using time 71.2306s, training loss at epoch 34: 101.8970
+-------+-------------------+-------------------+--------------------+------------------------------------+------------------------------------+---------------------------------------------------+------------------------------------+------------------------------------+
| Epoch |  training time(s) |   tesing time(s)  |        Loss        |               recall               |                ndcg                |                      novelty                      |             precision              |             hit_ratio              |
+-------+-------------------+-------------------+--------------------+------------------------------------+------------------------------------+---------------------------------------------------+------------------------------------+------------------------------------+
|   35  | 71.14842176437378 | 41.86253523826599 | 101.31092834472656 | [0.1735512  0.24313101 0.29353461] | [0.14774193 0.16966882 0.18474417] | [-6.33016034e-07 -4.86376768e-07 -4.05597155e-07] | [0.05429701 0.03848299 0.03120493] | [0.57060084 0.67385625 0.73142876] |
+-------+-------------------+-------------------+--------------------+------------------------------------+------------------------------------+---------------------------------------------------+------------------------------------+------------------------------------+
using time 71.2488s, training loss at epoch 36: 100.6386
using time 71.2283s, training loss at epoch 37: 100.1119
using time 71.3287s, training loss at epoch 38: 99.3984
using time 71.2389s, training loss at epoch 39: 98.7891
+-------+-------------------+--------------------+-------------------+------------------------------------+------------------------------------+---------------------------------------------------+------------------------------------+------------------------------------+
| Epoch |  training time(s) |   tesing time(s)   |        Loss       |               recall               |                ndcg                |                      novelty                      |             precision              |             hit_ratio              |
+-------+-------------------+--------------------+-------------------+------------------------------------+------------------------------------+---------------------------------------------------+------------------------------------+------------------------------------+
|   40  | 71.21904969215393 | 41.741082429885864 | 98.23905181884766 | [0.17576535 0.24635437 0.29713159] | [0.14983285 0.17210891 0.18727139] | [-6.42630928e-07 -4.94495847e-07 -4.10720869e-07] | [0.05494675 0.03895606 0.03153761] | [0.5752897  0.6777748  0.73574921] |
+-------+-------------------+--------------------+-------------------+------------------------------------+------------------------------------+---------------------------------------------------+------------------------------------+------------------------------------+
using time 71.4288s, training loss at epoch 41: 97.5190
using time 71.2951s, training loss at epoch 42: 96.9194
using time 71.4050s, training loss at epoch 43: 96.2808
using time 71.3668s, training loss at epoch 44: 95.6378
+-------+------------------+-------------------+------------------+------------------------------------+------------------------------------+---------------------------------------------------+------------------------------------+------------------------------------+
| Epoch | training time(s) |   tesing time(s)  |       Loss       |               recall               |                ndcg                |                      novelty                      |             precision              |             hit_ratio              |
+-------+------------------+-------------------+------------------+------------------------------------+------------------------------------+---------------------------------------------------+------------------------------------+------------------------------------+
|   45  | 71.2368392944336 | 41.01629161834717 | 95.1458740234375 | [0.17750317 0.24904588 0.29988629] | [0.15106351 0.17366831 0.18887793] | [-6.48656857e-07 -5.00351563e-07 -4.15030595e-07] | [0.05537712 0.03933284 0.03182397] | [0.57904079 0.68099002 0.73879697] |
+-------+------------------+-------------------+------------------+------------------------------------+------------------------------------+---------------------------------------------------+------------------------------------+------------------------------------+
using time 71.1557s, training loss at epoch 46: 94.5040
using time 71.1286s, training loss at epoch 47: 93.9294
using time 71.0540s, training loss at epoch 48: 93.3390
using time 71.1197s, training loss at epoch 49: 92.6888
+-------+-------------------+-------------------+-------------------+------------------------------------+------------------------------------+---------------------------------------------------+------------------------------------+------------------------------------+
| Epoch |  training time(s) |   tesing time(s)  |        Loss       |               recall               |                ndcg                |                      novelty                      |             precision              |             hit_ratio              |
+-------+-------------------+-------------------+-------------------+------------------------------------+------------------------------------+---------------------------------------------------+------------------------------------+------------------------------------+
|   50  | 71.11220383644104 | 40.98635268211365 | 92.11775207519531 | [0.17930026 0.25087221 0.30271406] | [0.15242859 0.17507649 0.19055588] | [-6.55043172e-07 -5.04858067e-07 -4.19491609e-07] | [0.05585773 0.03960413 0.03207125] | [0.5831268  0.68259763 0.74100744] |
+-------+-------------------+-------------------+-------------------+------------------------------------+------------------------------------+---------------------------------------------------+------------------------------------+------------------------------------+
using time 71.2816s, training loss at epoch 51: 91.4338
using time 71.2750s, training loss at epoch 52: 90.9609
using time 71.2788s, training loss at epoch 53: 90.4198
using time 71.1700s, training loss at epoch 54: 89.7739
+-------+-------------------+-------------------+-------------------+------------------------------------+------------------------------------+---------------------------------------------------+------------------------------------+------------------------------------+
| Epoch |  training time(s) |   tesing time(s)  |        Loss       |               recall               |                ndcg                |                      novelty                      |             precision              |             hit_ratio              |
+-------+-------------------+-------------------+-------------------+------------------------------------+------------------------------------+---------------------------------------------------+------------------------------------+------------------------------------+
|   55  | 71.34427666664124 | 40.75169038772583 | 89.12226867675781 | [0.18038218 0.25238323 0.30404102] | [0.15325445 0.17604547 0.19155104] | [-6.59746623e-07 -5.07213140e-07 -4.22288253e-07] | [0.05608882 0.03976572 0.03224708] | [0.58533726 0.68591332 0.74298346] |
+-------+-------------------+-------------------+-------------------+------------------------------------+------------------------------------+---------------------------------------------------+------------------------------------+------------------------------------+
using time 71.6904s, training loss at epoch 56: 88.6563
using time 71.5329s, training loss at epoch 57: 88.0622
using time 72.1642s, training loss at epoch 58: 87.5757
using time 71.2008s, training loss at epoch 59: 87.0827
+-------+-------------------+--------------------+-------------------+------------------------------------+------------------------------------+---------------------------------------------------+------------------------------------+------------------------------------+
| Epoch |  training time(s) |   tesing time(s)   |        Loss       |               recall               |                ndcg                |                      novelty                      |             precision              |             hit_ratio              |
+-------+-------------------+--------------------+-------------------+------------------------------------+------------------------------------+---------------------------------------------------+------------------------------------+------------------------------------+
|   60  | 71.11934447288513 | 42.370550870895386 | 86.39097595214844 | [0.18110447 0.25318479 0.30579721] | [0.15410237 0.17695356 0.19267028] | [-6.63320944e-07 -5.09380243e-07 -4.23836728e-07] | [0.05632996 0.03990639 0.03236151] | [0.58714582 0.6876549  0.74589725] |
+-------+-------------------+--------------------+-------------------+------------------------------------+------------------------------------+---------------------------------------------------+------------------------------------+------------------------------------+
using time 71.3078s, training loss at epoch 61: 85.8840
using time 71.7683s, training loss at epoch 62: 85.3961
using time 71.2217s, training loss at epoch 63: 84.7729
using time 71.3365s, training loss at epoch 64: 84.3313
+-------+-------------------+--------------------+-------------------+------------------------------------+------------------------------------+---------------------------------------------------+------------------------------------+------------------------------------+
| Epoch |  training time(s) |   tesing time(s)   |        Loss       |               recall               |                ndcg                |                      novelty                      |             precision              |             hit_ratio              |
+-------+-------------------+--------------------+-------------------+------------------------------------+------------------------------------+---------------------------------------------------+------------------------------------+------------------------------------+
|   65  | 71.25807452201843 | 41.513490200042725 | 83.78794860839844 | [0.18195063 0.25420517 0.30632919] | [0.15466252 0.17763769 0.19321327] | [-6.66921313e-07 -5.12107910e-07 -4.24327398e-07] | [0.05644718 0.04004789 0.03241007] | [0.58781566 0.68916203 0.7473374 ] |
+-------+-------------------+--------------------+-------------------+------------------------------------+------------------------------------+---------------------------------------------------+------------------------------------+------------------------------------+
using time 71.6114s, training loss at epoch 66: 83.1664
using time 71.2390s, training loss at epoch 67: 82.6500
using time 71.2255s, training loss at epoch 68: 82.1663
using time 71.7012s, training loss at epoch 69: 81.6443
+-------+-------------------+-------------------+-------------------+------------------------------------+------------------------------------+---------------------------------------------------+------------------------------------+------------------------------------+
| Epoch |  training time(s) |   tesing time(s)  |        Loss       |               recall               |                ndcg                |                      novelty                      |             precision              |             hit_ratio              |
+-------+-------------------+-------------------+-------------------+------------------------------------+------------------------------------+---------------------------------------------------+------------------------------------+------------------------------------+
|   70  | 72.13128805160522 | 41.38218808174133 | 81.04235076904297 | [0.18275854 0.25540023 0.30794289] | [0.15531028 0.17837779 0.1940661 ] | [-6.70521697e-07 -5.14007105e-07 -4.26680694e-07] | [0.0565711  0.04013916 0.03250218] | [0.58868645 0.69060218 0.74861009] |
+-------+-------------------+-------------------+-------------------+------------------------------------+------------------------------------+---------------------------------------------------+------------------------------------+------------------------------------+
using time 71.4720s, training loss at epoch 71: 80.6477
using time 71.7752s, training loss at epoch 72: 80.1556
using time 71.3432s, training loss at epoch 73: 79.5615
using time 71.3066s, training loss at epoch 74: 79.1479
+-------+-------------------+------------------+-------------------+------------------------------------+------------------------------------+---------------------------------------------------+------------------------------------+------------------------------------+
| Epoch |  training time(s) |  tesing time(s)  |        Loss       |               recall               |                ndcg                |                      novelty                      |             precision              |             hit_ratio              |
+-------+-------------------+------------------+-------------------+------------------------------------+------------------------------------+---------------------------------------------------+------------------------------------+------------------------------------+
|   75  | 71.79404759407043 | 41.0806143283844 | 78.60148620605469 | [0.18326525 0.25579793 0.3082979 ] | [0.15569643 0.17875046 0.19442349] | [-6.73578109e-07 -5.15763752e-07 -4.26858772e-07] | [0.05670507 0.04020531 0.03253679] | [0.5888874  0.69076964 0.75001675] |
+-------+-------------------+------------------+-------------------+------------------------------------+------------------------------------+---------------------------------------------------+------------------------------------+------------------------------------+
using time 71.6033s, training loss at epoch 76: 78.1393
using time 72.2219s, training loss at epoch 77: 77.7108
using time 71.5173s, training loss at epoch 78: 77.2925
using time 71.4852s, training loss at epoch 79: 76.6822
+-------+-------------------+-------------------+-------------------+------------------------------------+------------------------------------+---------------------------------------------------+------------------------------------+------------------------------------+
| Epoch |  training time(s) |   tesing time(s)  |        Loss       |               recall               |                ndcg                |                      novelty                      |             precision              |             hit_ratio              |
+-------+-------------------+-------------------+-------------------+------------------------------------+------------------------------------+---------------------------------------------------+------------------------------------+------------------------------------+
|   80  | 71.97692131996155 | 41.45223569869995 | 76.29320526123047 | [0.183449   0.25648604 0.30879007] | [0.15599087 0.17922261 0.19482231] | [-6.73512694e-07 -5.16877518e-07 -4.27674754e-07] | [0.05672182 0.04027648 0.03254125] | [0.58979168 0.69237725 0.74994976] |
+-------+-------------------+-------------------+-------------------+------------------------------------+------------------------------------+---------------------------------------------------+------------------------------------+------------------------------------+
using time 71.3054s, training loss at epoch 81: 75.7860
using time 71.3416s, training loss at epoch 82: 75.3220
using time 71.9435s, training loss at epoch 83: 74.9653
using time 71.5493s, training loss at epoch 84: 74.3881
+-------+-------------------+--------------------+------------------+------------------------------------+------------------------------------+---------------------------------------------------+------------------------------------+------------------------------------+
| Epoch |  training time(s) |   tesing time(s)   |       Loss       |               recall               |                ndcg                |                      novelty                      |             precision              |             hit_ratio              |
+-------+-------------------+--------------------+------------------+------------------------------------+------------------------------------+---------------------------------------------------+------------------------------------+------------------------------------+
|   85  | 71.96594738960266 | 41.119277477264404 | 74.0342788696289 | [0.18369385 0.25657449 0.30882174] | [0.15597034 0.17911326 0.19473522] | [-6.73251357e-07 -5.16154391e-07 -4.27230874e-07] | [0.05674694 0.04021284 0.03251836] | [0.59059549 0.69274566 0.75035166] |
+-------+-------------------+--------------------+------------------+------------------------------------+------------------------------------+---------------------------------------------------+------------------------------------+------------------------------------+
using time 71.4332s, training loss at epoch 86: 73.5703
using time 71.2104s, training loss at epoch 87: 73.1667
using time 71.0848s, training loss at epoch 88: 72.7095
using time 71.1482s, training loss at epoch 89: 72.1602
+-------+-------------------+-------------------+-------------------+------------------------------------+------------------------------------+---------------------------------------------------+------------------------------------+------------------------------------+
| Epoch |  training time(s) |   tesing time(s)  |        Loss       |               recall               |                ndcg                |                      novelty                      |             precision              |             hit_ratio              |
+-------+-------------------+-------------------+-------------------+------------------------------------+------------------------------------+---------------------------------------------------+------------------------------------+------------------------------------+
|   90  | 71.52296781539917 | 42.26254057884216 | 71.86428833007812 | [0.18376837 0.25740787 0.30871973] | [0.1559966  0.17935696 0.1947295 ] | [-6.73172513e-07 -5.17415220e-07 -4.26936565e-07] | [0.05673354 0.04025554 0.03249213] | [0.59109786 0.69358296 0.75035166] |
+-------+-------------------+-------------------+-------------------+------------------------------------+------------------------------------+---------------------------------------------------+------------------------------------+------------------------------------+
using time 72.4919s, training loss at epoch 91: 71.3827
using time 72.1815s, training loss at epoch 92: 71.0178
using time 71.7672s, training loss at epoch 93: 70.5533
using time 71.8660s, training loss at epoch 94: 70.1305
+-------+-------------------+--------------------+-------------------+------------------------------------+------------------------------------+---------------------------------------------------+------------------------------------+------------------------------------+
| Epoch |  training time(s) |   tesing time(s)   |        Loss       |               recall               |                ndcg                |                      novelty                      |             precision              |             hit_ratio              |
+-------+-------------------+--------------------+-------------------+------------------------------------+------------------------------------+---------------------------------------------------+------------------------------------+------------------------------------+
|   95  | 73.11313939094543 | 43.021286725997925 | 69.77334594726562 | [0.18389818 0.2568066  0.30854303] | [0.15611327 0.17924718 0.19473703] | [-6.75936186e-07 -5.16582080e-07 -4.26608974e-07] | [0.05674861 0.04016595 0.03244915] | [0.59032755 0.69264519 0.74998325] |
+-------+-------------------+--------------------+-------------------+------------------------------------+------------------------------------+---------------------------------------------------+------------------------------------+------------------------------------+
using time 72.1593s, training loss at epoch 96: 69.4939
using time 73.2280s, training loss at epoch 97: 69.0268
using time 73.7213s, training loss at epoch 98: 68.5574
using time 71.3032s, training loss at epoch 99: 68.1713
+-------+------------------+--------------------+-------------------+------------------------------------+------------------------------------+---------------------------------------------------+------------------------------------+------------------------------------+
| Epoch | training time(s) |   tesing time(s)   |        Loss       |               recall               |                ndcg                |                      novelty                      |             precision              |             hit_ratio              |
+-------+------------------+--------------------+-------------------+------------------------------------+------------------------------------+---------------------------------------------------+------------------------------------+------------------------------------+
|  100  | 71.6890504360199 | 42.645835876464844 | 67.88674926757812 | [0.18382697 0.25655414 0.30810556] | [0.15605934 0.17916989 0.19460912] | [-6.74616052e-07 -5.15136433e-07 -4.25954635e-07] | [0.05662971 0.04010399 0.03239612] | [0.59049501 0.69308058 0.74901199] |
+-------+------------------+--------------------+-------------------+------------------------------------+------------------------------------+---------------------------------------------------+------------------------------------+------------------------------------+
using time 73.2067s, training loss at epoch 101: 67.4543
using time 72.7088s, training loss at epoch 102: 67.2143
using time 71.1473s, training loss at epoch 103: 66.7948
using time 71.2223s, training loss at epoch 104: 66.3904
+-------+-------------------+--------------------+-------------------+------------------------------------+------------------------------------+---------------------------------------------------+------------------------------------+------------------------------------+
| Epoch |  training time(s) |   tesing time(s)   |        Loss       |               recall               |                ndcg                |                      novelty                      |             precision              |             hit_ratio              |
+-------+-------------------+--------------------+-------------------+------------------------------------+------------------------------------+---------------------------------------------------+------------------------------------+------------------------------------+
|  105  | 71.07374858856201 | 42.204225301742554 | 65.95731353759766 | [0.18338561 0.25630771 0.30771632] | [0.15559192 0.17874995 0.19415863] | [-6.72718662e-07 -5.13609017e-07 -4.25006085e-07] | [0.05647733 0.04000603 0.03232914] | [0.58962422 0.6930136  0.74941389] |
+-------+-------------------+--------------------+-------------------+------------------------------------+------------------------------------+---------------------------------------------------+------------------------------------+------------------------------------+
using time 72.1688s, training loss at epoch 106: 65.6347
using time 72.7467s, training loss at epoch 107: 65.2431
using time 73.1452s, training loss at epoch 108: 64.8257
using time 72.0789s, training loss at epoch 109: 64.4721
+-------+-------------------+--------------------+-------------------+------------------------------------+------------------------------------+---------------------------------------------------+------------------------------------+------------------------------------+
| Epoch |  training time(s) |   tesing time(s)   |        Loss       |               recall               |                ndcg                |                      novelty                      |             precision              |             hit_ratio              |
+-------+-------------------+--------------------+-------------------+------------------------------------+------------------------------------+---------------------------------------------------+------------------------------------+------------------------------------+
|  110  | 71.15369153022766 | 40.944493770599365 | 64.21739959716797 | [0.18302749 0.25616741 0.30647833] | [0.15529303 0.17850569 0.1935873 ] | [-6.71642942e-07 -5.13639721e-07 -4.23408345e-07] | [0.05639862 0.03996919 0.03219294] | [0.58895438 0.69267868 0.74777279] |
+-------+-------------------+--------------------+-------------------+------------------------------------+------------------------------------+---------------------------------------------------+------------------------------------+------------------------------------+
using time 71.3763s, training loss at epoch 111: 63.9208
using time 71.1678s, training loss at epoch 112: 63.5660
using time 71.9691s, training loss at epoch 113: 63.2891
using time 73.1225s, training loss at epoch 114: 62.8764
+-------+-------------------+-------------------+-------------------+------------------------------------+------------------------------------+---------------------------------------------------+------------------------------------+------------------------------------+
| Epoch |  training time(s) |   tesing time(s)  |        Loss       |               recall               |                ndcg                |                      novelty                      |             precision              |             hit_ratio              |
+-------+-------------------+-------------------+-------------------+------------------------------------+------------------------------------+---------------------------------------------------+------------------------------------+------------------------------------+
|  115  | 72.60723567008972 | 41.31601071357727 | 62.52906799316406 | [0.18300259 0.25535426 0.30599432] | [0.1550565  0.17796492 0.19316936] | [-6.71076164e-07 -5.10693780e-07 -4.22718607e-07] | [0.05635341 0.0398034  0.03211758] | [0.58845201 0.69200884 0.74633264] |
+-------+-------------------+-------------------+-------------------+------------------------------------+------------------------------------+---------------------------------------------------+------------------------------------+------------------------------------+
using time 72.6447s, training loss at epoch 116: 62.2226
using time 73.3840s, training loss at epoch 117: 61.9958
using time 71.5768s, training loss at epoch 118: 61.6416
using time 71.1881s, training loss at epoch 119: 61.2369
+-------+-------------------+-------------------+--------------------+------------------------------------+------------------------------------+---------------------------------------------------+------------------------------------+------------------------------------+
| Epoch |  training time(s) |   tesing time(s)  |        Loss        |               recall               |                ndcg                |                      novelty                      |             precision              |             hit_ratio              |
+-------+-------------------+-------------------+--------------------+------------------------------------+------------------------------------+---------------------------------------------------+------------------------------------+------------------------------------+
|  120  | 71.20540046691895 | 41.19405221939087 | 60.962982177734375 | [0.18264949 0.25505582 0.30483759] | [0.15463665 0.17756921 0.19251997] | [-6.68038879e-07 -5.09861165e-07 -4.21175311e-07] | [0.05622446 0.03972637 0.03199031] | [0.5884855  0.69150646 0.744859  ] |
+-------+-------------------+-------------------+--------------------+------------------------------------+------------------------------------+---------------------------------------------------+------------------------------------+------------------------------------+
using time 71.1837s, training loss at epoch 121: 60.7151
using time 72.4105s, training loss at epoch 122: 60.4262
using time 72.8199s, training loss at epoch 123: 59.9478
using time 80.1484s, training loss at epoch 124: 59.7719
+-------+-------------------+------------------+--------------------+------------------------------------+------------------------------------+---------------------------------------------------+------------------------------------+------------------------------------+
| Epoch |  training time(s) |  tesing time(s)  |        Loss        |               recall               |                ndcg                |                      novelty                      |             precision              |             hit_ratio              |
+-------+-------------------+------------------+--------------------+------------------------------------+------------------------------------+---------------------------------------------------+------------------------------------+------------------------------------+
|  125  | 71.51578688621521 | 41.2282395362854 | 59.478660583496094 | [0.18236087 0.25440825 0.30406123] | [0.15429122 0.1771442  0.19206456] | [-6.65971701e-07 -5.08488770e-07 -4.19896923e-07] | [0.0560503  0.03961417 0.03189932] | [0.58768169 0.69083663 0.74392123] |
+-------+-------------------+------------------+--------------------+------------------------------------+------------------------------------+---------------------------------------------------+------------------------------------+------------------------------------+
using time 71.3501s, training loss at epoch 126: 59.2498
using time 71.1583s, training loss at epoch 127: 58.7776
using time 71.1178s, training loss at epoch 128: 58.6732
using time 71.0836s, training loss at epoch 129: 58.3804
+-------+-------------------+------------------+--------------------+------------------------------------+------------------------------------+---------------------------------------------------+------------------------------------+------------------------------------+
| Epoch |  training time(s) |  tesing time(s)  |        Loss        |               recall               |                ndcg                |                      novelty                      |             precision              |             hit_ratio              |
+-------+-------------------+------------------+--------------------+------------------------------------+------------------------------------+---------------------------------------------------+------------------------------------+------------------------------------+
|  130  | 71.14382100105286 | 40.8455491065979 | 58.011260986328125 | [0.18213256 0.25382433 0.30319098] | [0.15404372 0.17674362 0.1915595 ] | [-6.64395160e-07 -5.07155080e-07 -4.18238422e-07] | [0.05601011 0.03949779 0.0317754 ] | [0.5876482  0.68989885 0.74338536] |
+-------+-------------------+------------------+--------------------+------------------------------------+------------------------------------+---------------------------------------------------+------------------------------------+------------------------------------+
using time 71.2909s, training loss at epoch 131: 57.9247
using time 71.0397s, training loss at epoch 132: 57.5332
using time 71.1587s, training loss at epoch 133: 57.3624
using time 71.2069s, training loss at epoch 134: 57.0098
+-------+-------------------+--------------------+-------------------+------------------------------------+------------------------------------+---------------------------------------------------+------------------------------------+------------------------------------+
| Epoch |  training time(s) |   tesing time(s)   |        Loss       |               recall               |                ndcg                |                      novelty                      |             precision              |             hit_ratio              |
+-------+-------------------+--------------------+-------------------+------------------------------------+------------------------------------+---------------------------------------------------+------------------------------------+------------------------------------+
|  135  | 71.08245396614075 | 40.969685554504395 | 56.88618469238281 | [0.18122533 0.25286742 0.30179955] | [0.15345277 0.17617602 0.19085954] | [-6.60221891e-07 -5.05095098e-07 -4.15848661e-07] | [0.05572376 0.0393588  0.03162469] | [0.58620805 0.68839172 0.74201219] |
+-------+-------------------+--------------------+-------------------+------------------------------------+------------------------------------+---------------------------------------------------+------------------------------------+------------------------------------+
using time 71.1801s, training loss at epoch 136: 56.4605
using time 71.0153s, training loss at epoch 137: 56.3690
using time 71.0950s, training loss at epoch 138: 55.9550
using time 71.2540s, training loss at epoch 139: 55.7354

early stopping at 95, recall@20:0.1839+-------+-------------------+-------------------+------------------+------------------------------------+------------------------------------+---------------------------------------------------+------------------------------------+------------------------------------+
| Epoch |  training time(s) |   tesing time(s)  |       Loss       |               recall               |                ndcg                |                      novelty                      |             precision              |             hit_ratio              |
+-------+-------------------+-------------------+------------------+------------------------------------+------------------------------------+---------------------------------------------------+------------------------------------+------------------------------------+
|  140  | 71.13864135742188 | 41.31203579902649 | 55.4263801574707 | [0.18087246 0.25219196 0.30170661] | [0.15306331 0.17569868 0.19053002] | [-6.56029017e-07 -5.02953999e-07 -4.15536841e-07] | [0.05552113 0.03922232 0.03156943] | [0.58590662 0.68792283 0.74177775] |
+-------+-------------------+-------------------+------------------+------------------------------------+------------------------------------+---------------------------------------------------+------------------------------------+------------------------------------+
using time 71.5331s, training loss at epoch 141: 55.1610
using time 71.3076s, training loss at epoch 142: 54.9568
using time 71.1583s, training loss at epoch 143: 54.6798
using time 71.5903s, training loss at epoch 144: 54.4310
+-------+-------------------+--------------------+--------------------+------------------------------------+------------------------------------+---------------------------------------------------+------------------------------------+------------------------------------+
| Epoch |  training time(s) |   tesing time(s)   |        Loss        |               recall               |                ndcg                |                      novelty                      |             precision              |             hit_ratio              |
+-------+-------------------+--------------------+--------------------+------------------------------------+------------------------------------+---------------------------------------------------+------------------------------------+------------------------------------+
|  145  | 72.57894968986511 | 44.162055253982544 | 54.304344177246094 | [0.18037517 0.25141412 0.30080357] | [0.15258627 0.17509553 0.18989798] | [-6.55532067e-07 -5.00792933e-07 -4.14005157e-07] | [0.05539889 0.039085   0.03147677] | [0.58449997 0.68705205 0.74104093] |
+-------+-------------------+--------------------+--------------------+------------------------------------+------------------------------------+---------------------------------------------------+------------------------------------+------------------------------------+
using time 73.5352s, training loss at epoch 146: 53.9807
using time 73.0497s, training loss at epoch 147: 53.8159
using time 71.2215s, training loss at epoch 148: 53.5538
using time 71.3219s, training loss at epoch 149: 53.2863
+-------+-------------------+-------------------+--------------------+------------------------------------+------------------------------------+---------------------------------------------------+------------------------------------+------------------------------------+
| Epoch |  training time(s) |   tesing time(s)  |        Loss        |               recall               |                ndcg                |                      novelty                      |             precision              |             hit_ratio              |
+-------+-------------------+-------------------+--------------------+------------------------------------+------------------------------------+---------------------------------------------------+------------------------------------+------------------------------------+
|  150  | 71.11798763275146 | 41.02147030830383 | 53.166343688964844 | [0.17952046 0.250677   0.29967235] | [0.15201831 0.17456559 0.18926236] | [-6.52636974e-07 -4.98522884e-07 -4.12646757e-07] | [0.05517952 0.03895606 0.03135787] | [0.58265791 0.68654967 0.73923237] |
+-------+-------------------+-------------------+--------------------+------------------------------------+------------------------------------+---------------------------------------------------+------------------------------------+------------------------------------+
using time 71.1531s, training loss at epoch 151: 53.0033
using time 71.3881s, training loss at epoch 152: 52.7315
using time 71.6192s, training loss at epoch 153: 52.3967
using time 71.5493s, training loss at epoch 154: 52.2590
+-------+-------------------+-------------------+-------------------+------------------------------------+------------------------------------+---------------------------------------------------+------------------------------------+------------------------------------+
| Epoch |  training time(s) |   tesing time(s)  |        Loss       |               recall               |                ndcg                |                      novelty                      |             precision              |             hit_ratio              |
+-------+-------------------+-------------------+-------------------+------------------------------------+------------------------------------+---------------------------------------------------+------------------------------------+------------------------------------+
|  155  | 74.88632106781006 | 61.86349439620972 | 52.04480743408203 | [0.17888025 0.25006415 0.29882418] | [0.15162247 0.17418999 0.1888102 ] | [-6.49747005e-07 -4.97550456e-07 -4.10984385e-07] | [0.05497689 0.03885307 0.03126019] | [0.58165316 0.6860138  0.73883046] |
+-------+-------------------+-------------------+-------------------+------------------------------------+------------------------------------+---------------------------------------------------+------------------------------------+------------------------------------+
using time 86.5960s, training loss at epoch 156: 51.8379
using time 75.0824s, training loss at epoch 157: 51.6462
using time 76.0347s, training loss at epoch 158: 51.4014
using time 75.2891s, training loss at epoch 159: 51.2940
+-------+------------------+-------------------+------------------+------------------------------------+------------------------------------+---------------------------------------------------+------------------------------------+------------------------------------+
| Epoch | training time(s) |   tesing time(s)  |       Loss       |               recall               |                ndcg                |                      novelty                      |             precision              |             hit_ratio              |
+-------+------------------+-------------------+------------------+------------------------------------+------------------------------------+---------------------------------------------------+------------------------------------+------------------------------------+
|  160  | 75.4148759841919 | 49.17963933944702 | 51.0240592956543 | [0.17808746 0.24903769 0.29762382] | [0.15095549 0.17343254 0.18801389] | [-6.46480638e-07 -4.94687856e-07 -4.09441155e-07] | [0.05476924 0.03870487 0.03114966] | [0.5802465  0.68423873 0.73722285] |
+-------+------------------+-------------------+------------------+------------------------------------+------------------------------------+---------------------------------------------------+------------------------------------+------------------------------------+
using time 91.0834s, training loss at epoch 161: 50.7484
using time 75.2217s, training loss at epoch 162: 50.5835
using time 75.4388s, training loss at epoch 163: 50.4045
using time 75.0433s, training loss at epoch 164: 50.2723
+-------+-------------------+-------------------+-------------------+------------------------------------+------------------------------------+---------------------------------------------------+------------------------------------+------------------------------------+
| Epoch |  training time(s) |   tesing time(s)  |        Loss       |               recall               |                ndcg                |                      novelty                      |             precision              |             hit_ratio              |
+-------+-------------------+-------------------+-------------------+------------------------------------+------------------------------------+---------------------------------------------------+------------------------------------+------------------------------------+
|  165  | 75.20666337013245 | 44.24802899360657 | 50.05821228027344 | [0.17806722 0.24807912 0.29634948] | [0.1507457  0.17292998 0.18742501] | [-6.46153141e-07 -4.92522936e-07 -4.07443760e-07] | [0.05465704 0.03853071 0.03100509] | [0.57907428 0.68256414 0.73601715] |
+-------+-------------------+-------------------+-------------------+------------------------------------+------------------------------------+---------------------------------------------------+------------------------------------+------------------------------------+
using time 91.8062s, training loss at epoch 166: 49.8676
using time 75.4845s, training loss at epoch 167: 49.6043
using time 74.9181s, training loss at epoch 168: 49.4743
using time 75.1226s, training loss at epoch 169: 49.3204
+-------+-------------------+-------------------+--------------------+------------------------------------+------------------------------------+---------------------------------------------------+------------------------------------+------------------------------------+
| Epoch |  training time(s) |   tesing time(s)  |        Loss        |               recall               |                ndcg                |                      novelty                      |             precision              |             hit_ratio              |
+-------+-------------------+-------------------+--------------------+------------------------------------+------------------------------------+---------------------------------------------------+------------------------------------+------------------------------------+
|  170  | 75.09081625938416 | 43.30890727043152 | 49.014347076416016 | [0.1775993  0.24703259 0.29503727] | [0.15033981 0.17235034 0.18677182] | [-6.44370248e-07 -4.90192144e-07 -4.05664205e-07] | [0.05451303 0.03838167 0.03088954] | [0.57813651 0.68115748 0.73451001] |
+-------+-------------------+-------------------+--------------------+------------------------------------+------------------------------------+---------------------------------------------------+------------------------------------+------------------------------------+
using time 91.3782s, training loss at epoch 171: 48.8956
using time 76.3484s, training loss at epoch 172: 48.7394
using time 75.9695s, training loss at epoch 173: 48.6085
using time 75.5108s, training loss at epoch 174: 48.4281
+-------+-------------------+-------------------+-----------------+------------------------------------+------------------------------------+---------------------------------------------------+------------------------------------+------------------------------------+
| Epoch |  training time(s) |   tesing time(s)  |       Loss      |               recall               |                ndcg                |                      novelty                      |             precision              |             hit_ratio              |
+-------+-------------------+-------------------+-----------------+------------------------------------+------------------------------------+---------------------------------------------------+------------------------------------+------------------------------------+
|  175  | 75.10436177253723 | 42.48315453529358 | 48.198974609375 | [0.17693672 0.24675735 0.29443337] | [0.14979699 0.17193516 0.18623422] | [-6.40502510e-07 -4.89908961e-07 -4.04281339e-07] | [0.05428863 0.03832223 0.03080135] | [0.57716525 0.68055463 0.73420859] |
+-------+-------------------+-------------------+-----------------+------------------------------------+------------------------------------+---------------------------------------------------+------------------------------------+------------------------------------+
using time 89.8295s, training loss at epoch 176: 48.1239
using time 77.8966s, training loss at epoch 177: 47.9285
using time 74.9342s, training loss at epoch 178: 47.8662
using time 75.9504s, training loss at epoch 179: 47.4926
+-------+-------------------+-------------------+-------------------+------------------------------------+------------------------------------+---------------------------------------------------+------------------------------------+------------------------------------+
| Epoch |  training time(s) |   tesing time(s)  |        Loss       |               recall               |                ndcg                |                      novelty                      |             precision              |             hit_ratio              |
+-------+-------------------+-------------------+-------------------+------------------------------------+------------------------------------+---------------------------------------------------+------------------------------------+------------------------------------+
|  180  | 75.14864778518677 | 43.08708143234253 | 47.46176528930664 | [0.17635745 0.24538997 0.29318065] | [0.14943717 0.17133793 0.18570384] | [-6.36313732e-07 -4.86329344e-07 -4.02670202e-07] | [0.0540994  0.03811458 0.03069083] | [0.57693081 0.67888003 0.73256749] |
+-------+-------------------+-------------------+-------------------+------------------------------------+------------------------------------+---------------------------------------------------+------------------------------------+------------------------------------+
using time 88.7608s, training loss at epoch 181: 47.1519
using time 81.0487s, training loss at epoch 182: 47.1370
using time 74.5071s, training loss at epoch 183: 46.9939
using time 74.7675s, training loss at epoch 184: 46.7679
+-------+-------------------+-------------------+-------------------+------------------------------------+------------------------------------+---------------------------------------------------+------------------------------------+------------------------------------+
| Epoch |  training time(s) |   tesing time(s)  |        Loss       |               recall               |                ndcg                |                      novelty                      |             precision              |             hit_ratio              |
+-------+-------------------+-------------------+-------------------+------------------------------------+------------------------------------+---------------------------------------------------+------------------------------------+------------------------------------+
|  185  | 75.11758971214294 | 43.22453594207764 | 46.48263931274414 | [0.1757904  0.2447891  0.29197489] | [0.14878158 0.17069803 0.18486173] | [-6.33796764e-07 -4.85173512e-07 -4.00580333e-07] | [0.05389845 0.03802498 0.03055965] | [0.57535669 0.67800924 0.73149575] |
+-------+-------------------+-------------------+-------------------+------------------------------------+------------------------------------+---------------------------------------------------+------------------------------------+------------------------------------+
using time 85.6413s, training loss at epoch 186: 46.4471
using time 81.7455s, training loss at epoch 187: 46.2519
using time 75.4087s, training loss at epoch 188: 46.1170
using time 75.0262s, training loss at epoch 189: 45.9237
+-------+-------------------+------------------+-------------------+------------------------------------+------------------------------------+---------------------------------------------------+------------------------------------+------------------------------------+
| Epoch |  training time(s) |  tesing time(s)  |        Loss       |               recall               |                ndcg                |                      novelty                      |             precision              |             hit_ratio              |
+-------+-------------------+------------------+-------------------+------------------------------------+------------------------------------+---------------------------------------------------+------------------------------------+------------------------------------+
|  190  | 74.88728666305542 | 42.5920991897583 | 45.90935134887695 | [0.17547893 0.24375159 0.29107578] | [0.14842163 0.17009463 0.18431188] | [-6.32302253e-07 -4.82552414e-07 -3.99014371e-07] | [0.05375109 0.03782906 0.03046364] | [0.57411749 0.67606672 0.73012258] |
+-------+-------------------+------------------+-------------------+------------------------------------+------------------------------------+---------------------------------------------------+------------------------------------+------------------------------------+
using time 79.5890s, training loss at epoch 191: 45.6565
using time 87.4233s, training loss at epoch 192: 45.5578
using time 75.4571s, training loss at epoch 193: 45.3224
using time 75.1696s, training loss at epoch 194: 45.1717
+-------+-------------------+--------------------+-------------------+------------------------------------+------------------------------------+---------------------------------------------------+------------------------------------+------------------------------------+
| Epoch |  training time(s) |   tesing time(s)   |        Loss       |               recall               |                ndcg                |                      novelty                      |             precision              |             hit_ratio              |
+-------+-------------------+--------------------+-------------------+------------------------------------+------------------------------------+---------------------------------------------------+------------------------------------+------------------------------------+
|  195  | 75.10425901412964 | 43.083319664001465 | 45.20025634765625 | [0.17481048 0.24278062 0.28988581] | [0.1478032  0.16937132 0.18351997] | [-6.29138578e-07 -4.79926648e-07 -3.97249507e-07] | [0.05356018 0.03768337 0.03032241] | [0.57291178 0.67502847 0.72884989] |
+-------+-------------------+--------------------+-------------------+------------------------------------+------------------------------------+---------------------------------------------------+------------------------------------+------------------------------------+
Early stopping is trigger at step: 20 log:0.1748104776581561
early stopping at 195, recall@20:0.1839
