nohup python main.py --dataset gowalla --gnn lightgcn --dim 64 --lr 0.001 --batch_size 4096 --gpu_id 0 --context_hops 3 --pool mean --ns mixgcf --K 1 --n_negs 64 --sample_method 1 &reading train and test user-item set ...
reading train and test user-item set ...
data/gowalla/sampled_graph/sampled_graph_epoch1_epsilon0.1
append :  1.2549662590026855
degree 계산 시간 :  0.33658599853515625
building the adj mat ...
loading over ...
start training ...
+-------+--------------------+-------------------+--------------------+------------------------------------+------------------------------------+------------------------------------+------------------------------------+------------------------------------+
| Epoch |  training time(s)  |   tesing time(s)  |        Loss        |               recall               |                ndcg                |              novelty               |             precision              |             hit_ratio              |
+-------+--------------------+-------------------+--------------------+------------------------------------+------------------------------------+------------------------------------+------------------------------------+------------------------------------+
|   0   | 101.55927920341492 | 45.55185556411743 | 137.64341735839844 | [0.11596079 0.16640459 0.20612043] | [0.09847525 0.11437281 0.12618678] | [7.66554682 8.10278855 8.377339  ] | [0.03656474 0.02648118 0.02193494] | [0.43174359 0.53315694 0.59484895] |
+-------+--------------------+-------------------+--------------------+------------------------------------+------------------------------------+------------------------------------+------------------------------------+------------------------------------+
using time 76.6225s, training loss at epoch 1: 134.9008
using time 77.5193s, training loss at epoch 2: 131.4979
using time 76.7776s, training loss at epoch 3: 128.8298
using time 77.8096s, training loss at epoch 4: 126.6913
+-------+-------------------+--------------------+--------------------+------------------------------------+------------------------------------+------------------------------------+------------------------------------+------------------------------------+
| Epoch |  training time(s) |   tesing time(s)   |        Loss        |               recall               |                ndcg                |              novelty               |             precision              |             hit_ratio              |
+-------+-------------------+--------------------+--------------------+------------------------------------+------------------------------------+------------------------------------+------------------------------------+------------------------------------+
|   5   | 96.64161467552185 | 45.497657775878906 | 124.89813995361328 | [0.13290464 0.19066433 0.23317527] | [0.11200615 0.13020774 0.14293275] | [7.80372275 8.24322066 8.51577224] | [0.04178277 0.0302105  0.02483812] | [0.47685712 0.58205506 0.64086677] |
+-------+-------------------+--------------------+--------------------+------------------------------------+------------------------------------+------------------------------------+------------------------------------+------------------------------------+
using time 76.6758s, training loss at epoch 6: 123.3863
using time 76.2261s, training loss at epoch 7: 122.1026
using time 76.0098s, training loss at epoch 8: 120.8945
using time 76.6364s, training loss at epoch 9: 119.8229
+-------+-------------------+--------------------+--------------------+------------------------------------+------------------------------------+------------------------------------+------------------------------------+------------------------------------+
| Epoch |  training time(s) |   tesing time(s)   |        Loss        |               recall               |                ndcg                |              novelty               |             precision              |             hit_ratio              |
+-------+-------------------+--------------------+--------------------+------------------------------------+------------------------------------+------------------------------------+------------------------------------+------------------------------------+
|   10  | 95.42042875289917 | 45.260889768600464 | 118.77372741699219 | [0.14317465 0.20284548 0.247535  ] | [0.12063825 0.13953689 0.15284432] | [7.89048754 8.33467098 8.60807238] | [0.04477862 0.03216475 0.02629669] | [0.5024784  0.60395874 0.66344028] |
+-------+-------------------+--------------------+--------------------+------------------------------------+------------------------------------+------------------------------------+------------------------------------+------------------------------------+
using time 76.9656s, training loss at epoch 11: 117.6928
using time 76.3549s, training loss at epoch 12: 116.7681
using time 76.4613s, training loss at epoch 13: 115.7700
using time 76.5255s, training loss at epoch 14: 114.9281
+-------+-------------------+-------------------+--------------------+------------------------------------+------------------------------------+------------------------------------+------------------------------------+------------------------------------+
| Epoch |  training time(s) |   tesing time(s)  |        Loss        |               recall               |                ndcg                |              novelty               |             precision              |             hit_ratio              |
+-------+-------------------+-------------------+--------------------+------------------------------------+------------------------------------+------------------------------------+------------------------------------+------------------------------------+
|   15  | 90.18973469734192 | 47.91792893409729 | 114.00749969482422 | [0.14909937 0.21142257 0.25711918] | [0.12580028 0.1455276  0.15917769] | [7.96385611 8.40932863 8.67925972] | [0.0465989  0.03339474 0.027278  ] | [0.51527229 0.61718802 0.6761337 ] |
+-------+-------------------+-------------------+--------------------+------------------------------------+------------------------------------+------------------------------------+------------------------------------+------------------------------------+
using time 76.1383s, training loss at epoch 16: 113.0598
using time 77.2710s, training loss at epoch 17: 112.1674
using time 76.5796s, training loss at epoch 18: 111.3194
using time 77.1353s, training loss at epoch 19: 110.5061
+-------+-------------------+-------------------+--------------------+------------------------------------+------------------------------------+------------------------------------+------------------------------------+------------------------------------+
| Epoch |  training time(s) |   tesing time(s)  |        Loss        |               recall               |                ndcg                |              novelty               |             precision              |             hit_ratio              |
+-------+-------------------+-------------------+--------------------+------------------------------------+------------------------------------+------------------------------------+------------------------------------+------------------------------------+
|   20  | 88.69364833831787 | 47.76219606399536 | 109.51648712158203 | [0.15381485 0.21747    0.2643876 ] | [0.1302717  0.1504262  0.16441562] | [8.03266435 8.47628057 8.74312639] | [0.04799049 0.0343032  0.02796626] | [0.5255208  0.62566146 0.68470762] |
+-------+-------------------+-------------------+--------------------+------------------------------------+------------------------------------+------------------------------------+------------------------------------+------------------------------------+
using time 76.2441s, training loss at epoch 21: 108.7289
using time 76.4033s, training loss at epoch 22: 107.9488
using time 76.2608s, training loss at epoch 23: 107.1681
using time 79.0402s, training loss at epoch 24: 106.2702
+-------+------------------+-------------------+--------------------+------------------------------------+------------------------------------+------------------------------------+------------------------------------+------------------------------------+
| Epoch | training time(s) |   tesing time(s)  |        Loss        |               recall               |                ndcg                |              novelty               |             precision              |             hit_ratio              |
+-------+------------------+-------------------+--------------------+------------------------------------+------------------------------------+------------------------------------+------------------------------------+------------------------------------+
|   25  | 89.3373453617096 | 48.43510961532593 | 105.39968872070312 | [0.15709763 0.2221513  0.26915728] | [0.13317461 0.15377788 0.1678598 ] | [8.09282499 8.53363176 8.79782531] | [0.04893161 0.03498476 0.02849041] | [0.53104696 0.6329292  0.69123853] |
+-------+------------------+-------------------+--------------------+------------------------------------+------------------------------------+------------------------------------+------------------------------------+------------------------------------+
using time 76.7652s, training loss at epoch 26: 104.7156
using time 77.0261s, training loss at epoch 27: 103.9135
using time 76.0060s, training loss at epoch 28: 103.2351
using time 83.0158s, training loss at epoch 29: 102.3459
+-------+------------------+------------------+--------------------+------------------------------------+------------------------------------+------------------------------------+------------------------------------+------------------------------------+
| Epoch | training time(s) |  tesing time(s)  |        Loss        |               recall               |                ndcg                |              novelty               |             precision              |             hit_ratio              |
+-------+------------------+------------------+--------------------+------------------------------------+------------------------------------+------------------------------------+------------------------------------+------------------------------------+
|   30  | 85.4374406337738 | 50.4239661693573 | 101.73343658447266 | [0.16074359 0.22588652 0.27332775] | [0.13611148 0.15668609 0.17093098] | [8.14798449 8.58610523 8.8464003 ] | [0.04988613 0.03544946 0.02889455] | [0.53777882 0.63775203 0.69619532] |
+-------+------------------+------------------+--------------------+------------------------------------+------------------------------------+------------------------------------+------------------------------------+------------------------------------+
using time 76.4795s, training loss at epoch 31: 100.8530
using time 76.1480s, training loss at epoch 32: 99.9604
using time 75.9335s, training loss at epoch 33: 99.2518
using time 85.1150s, training loss at epoch 34: 98.5454
+-------+-------------------+--------------------+-------------------+------------------------------------+------------------------------------+------------------------------------+------------------------------------+------------------------------------+
| Epoch |  training time(s) |   tesing time(s)   |        Loss       |               recall               |                ndcg                |              novelty               |             precision              |             hit_ratio              |
+-------+-------------------+--------------------+-------------------+------------------------------------+------------------------------------+------------------------------------+------------------------------------+------------------------------------+
|   35  | 83.90907001495361 | 51.485700607299805 | 97.84949493408203 | [0.16302983 0.22860392 0.2768214 ] | [0.1379851  0.15877231 0.17320228] | [8.19677382 8.6307311  8.88771767] | [0.05049066 0.03590328 0.02921607] | [0.53998928 0.64133566 0.69853975] |
+-------+-------------------+--------------------+-------------------+------------------------------------+------------------------------------+------------------------------------+------------------------------------+------------------------------------+
using time 76.5389s, training loss at epoch 36: 96.9601
using time 76.3183s, training loss at epoch 37: 96.2580
using time 76.7649s, training loss at epoch 38: 95.5755
using time 84.5142s, training loss at epoch 39: 94.8265
+-------+------------------+--------------------+-------------------+------------------------------------+------------------------------------+------------------------------------+------------------------------------+------------------------------------+
| Epoch | training time(s) |   tesing time(s)   |        Loss       |               recall               |                ndcg                |              novelty               |             precision              |             hit_ratio              |
+-------+------------------+--------------------+-------------------+------------------------------------+------------------------------------+------------------------------------+------------------------------------+------------------------------------+
|   40  | 79.6419632434845 | 51.502930641174316 | 94.11094665527344 | [0.16451278 0.23121802 0.2791189 ] | [0.13941759 0.16054465 0.17487902] | [8.24031978 8.66925056 8.92410856] | [0.05094782 0.03625327 0.02942539] | [0.5432045  0.64579007 0.7012191 ] |
+-------+------------------+--------------------+-------------------+------------------------------------+------------------------------------+------------------------------------+------------------------------------+------------------------------------+
using time 74.9322s, training loss at epoch 41: 93.3911
using time 74.7280s, training loss at epoch 42: 92.5784
using time 75.1253s, training loss at epoch 43: 92.0226
using time 74.3201s, training loss at epoch 44: 91.2878
+-------+-------------------+-------------------+-------------------+------------------------------------+------------------------------------+------------------------------------+------------------------------------+------------------------------------+
| Epoch |  training time(s) |   tesing time(s)  |        Loss       |               recall               |                ndcg                |              novelty               |             precision              |             hit_ratio              |
+-------+-------------------+-------------------+-------------------+------------------------------------+------------------------------------+------------------------------------+------------------------------------+------------------------------------+
|   45  | 79.02387475967407 | 52.78177070617676 | 90.57799530029297 | [0.16581327 0.23278369 0.28059029] | [0.14054979 0.16178532 0.17608437] | [8.27960053 8.70554969 8.95623032] | [0.05127604 0.03648352 0.02954708] | [0.54548195 0.6477326  0.70235783] |
+-------+-------------------+-------------------+-------------------+------------------------------------+------------------------------------+------------------------------------+------------------------------------+------------------------------------+
using time 75.0262s, training loss at epoch 46: 89.8673
using time 74.7655s, training loss at epoch 47: 89.1674
using time 74.2802s, training loss at epoch 48: 88.6407
using time 74.9136s, training loss at epoch 49: 87.9997
+-------+-------------------+--------------------+-------------------+------------------------------------+------------------------------------+------------------------------------+------------------------------------+------------------------------------+
| Epoch |  training time(s) |   tesing time(s)   |        Loss       |               recall               |                ndcg                |              novelty               |             precision              |             hit_ratio              |
+-------+-------------------+--------------------+-------------------+------------------------------------+------------------------------------+------------------------------------+------------------------------------+------------------------------------+
|   50  | 79.56461906433105 | 53.087642431259155 | 87.13331604003906 | [0.16673423 0.23380522 0.28237249] | [0.14133339 0.16257794 0.17713897] | [8.31380828 8.73708648 8.98485373] | [0.05149709 0.03655218 0.02969165] | [0.54762543 0.64803403 0.70547257] |
+-------+-------------------+--------------------+-------------------+------------------------------------+------------------------------------+------------------------------------+------------------------------------+------------------------------------+
using time 74.2667s, training loss at epoch 51: 86.6663
using time 74.5930s, training loss at epoch 52: 85.9934
using time 74.5827s, training loss at epoch 53: 85.2558
using time 74.8065s, training loss at epoch 54: 84.7931
+-------+-------------------+-------------------+-------------------+------------------------------------+------------------------------------+------------------------------------+------------------------------------+------------------------------------+
| Epoch |  training time(s) |   tesing time(s)  |        Loss       |               recall               |                ndcg                |              novelty               |             precision              |             hit_ratio              |
+-------+-------------------+-------------------+-------------------+------------------------------------+------------------------------------+------------------------------------+------------------------------------+------------------------------------+
|   55  | 78.87049293518066 | 54.03169250488281 | 84.06793212890625 | [0.16767489 0.23471829 0.28374412] | [0.14203649 0.16331076 0.1779943 ] | [8.34811818 8.767779   9.01250023] | [0.05162268 0.03664763 0.02977929] | [0.54849622 0.64967513 0.70754907] |
+-------+-------------------+-------------------+-------------------+------------------------------------+------------------------------------+------------------------------------+------------------------------------+------------------------------------+
using time 74.7033s, training loss at epoch 56: 83.4536
using time 74.3590s, training loss at epoch 57: 82.9409
using time 74.5090s, training loss at epoch 58: 82.3050
using time 74.6392s, training loss at epoch 59: 81.5926
+-------+-------------------+-------------------+-------------------+------------------------------------+------------------------------------+------------------------------------+------------------------------------+------------------------------------+
| Epoch |  training time(s) |   tesing time(s)  |        Loss       |               recall               |                ndcg                |              novelty               |             precision              |             hit_ratio              |
+-------+-------------------+-------------------+-------------------+------------------------------------+------------------------------------+------------------------------------+------------------------------------+------------------------------------+
|   60  | 79.19959044456482 | 57.68273663520813 | 81.05626678466797 | [0.16822646 0.23548806 0.28428786] | [0.14253363 0.16385681 0.178418  ] | [8.37728734 8.79345366 9.03651102] | [0.05185043 0.0367615  0.02979157] | [0.5489651  0.6498091  0.70764954] |
+-------+-------------------+-------------------+-------------------+------------------------------------+------------------------------------+------------------------------------+------------------------------------+------------------------------------+
using time 74.5067s, training loss at epoch 61: 80.5447
using time 74.9314s, training loss at epoch 62: 79.8632
using time 76.0614s, training loss at epoch 63: 79.2612
using time 74.6138s, training loss at epoch 64: 78.7246
+-------+-------------------+-------------------+-------------------+------------------------------------+------------------------------------+------------------------------------+------------------------------------+------------------------------------+
| Epoch |  training time(s) |   tesing time(s)  |        Loss       |               recall               |                ndcg                |              novelty               |             precision              |             hit_ratio              |
+-------+-------------------+-------------------+-------------------+------------------------------------+------------------------------------+------------------------------------+------------------------------------+------------------------------------+
|   65  | 78.74460124969482 | 58.31431770324707 | 78.11521911621094 | [0.16842339 0.23603088 0.28491583] | [0.14290312 0.16433198 0.17893208] | [8.40138403 8.81575277 9.05644584] | [0.05184875 0.03678495 0.02981334] | [0.54950097 0.6510148  0.70815192] |
+-------+-------------------+-------------------+-------------------+------------------------------------+------------------------------------+------------------------------------+------------------------------------+------------------------------------+
using time 74.4281s, training loss at epoch 66: 77.6305
using time 74.2981s, training loss at epoch 67: 77.1365
using time 74.8804s, training loss at epoch 68: 76.3749
using time 74.6588s, training loss at epoch 69: 75.9414
+-------+-------------------+--------------------+-------------------+------------------------------------+------------------------------------+------------------------------------+------------------------------------+------------------------------------+
| Epoch |  training time(s) |   tesing time(s)   |        Loss       |               recall               |                ndcg                |              novelty               |             precision              |             hit_ratio              |
+-------+-------------------+--------------------+-------------------+------------------------------------+------------------------------------+------------------------------------+------------------------------------+------------------------------------+
|   70  | 79.60376477241516 | 56.779216289520264 | 75.43274688720703 | [0.16850376 0.23669497 0.28519578] | [0.14303592 0.16463612 0.17913973] | [8.4218895  8.83508999 9.07298926] | [0.05185043 0.03682933 0.02981669] | [0.54990287 0.65131623 0.7082189 ] |
+-------+-------------------+--------------------+-------------------+------------------------------------+------------------------------------+------------------------------------+------------------------------------+------------------------------------+
using time 74.5033s, training loss at epoch 71: 74.9618
using time 74.3469s, training loss at epoch 72: 74.3466
using time 74.5660s, training loss at epoch 73: 73.9545
using time 74.3925s, training loss at epoch 74: 73.3310
+-------+-------------------+-------------------+-------------------+------------------------------------+------------------------------------+------------------------------------+------------------------------------+------------------------------------+
| Epoch |  training time(s) |   tesing time(s)  |        Loss       |               recall               |                ndcg                |              novelty               |             precision              |             hit_ratio              |
+-------+-------------------+-------------------+-------------------+------------------------------------+------------------------------------+------------------------------------+------------------------------------+------------------------------------+
|   75  | 78.17129802703857 | 60.28628444671631 | 72.94527435302734 | [0.16917911 0.23630805 0.28515304] | [0.14316515 0.16447189 0.17905934] | [8.44662094 8.85674983 9.09270987] | [0.05191071 0.03676988 0.02977873] | [0.55067319 0.6510148  0.70808494] |
+-------+-------------------+-------------------+-------------------+------------------------------------+------------------------------------+------------------------------------+------------------------------------+------------------------------------+
using time 74.3876s, training loss at epoch 76: 72.3535
using time 74.6510s, training loss at epoch 77: 71.8720
using time 74.4311s, training loss at epoch 78: 71.4162
using time 74.4436s, training loss at epoch 79: 70.9307
+-------+------------------+-------------------+-------------------+------------------------------------+------------------------------------+------------------------------------+------------------------------------+------------------------------------+
| Epoch | training time(s) |   tesing time(s)  |        Loss       |               recall               |                ndcg                |              novelty               |             precision              |             hit_ratio              |
+-------+------------------+-------------------+-------------------+------------------------------------+------------------------------------+------------------------------------+------------------------------------+------------------------------------+
|   80  | 77.2075424194336 | 62.06243324279785 | 70.41649627685547 | [0.16885347 0.23632462 0.28473706] | [0.14288404 0.16434851 0.17881422] | [8.46451127 8.87224642 9.10607678] | [0.0517399  0.03675397 0.02973631] | [0.54913256 0.65121575 0.70778351] |
+-------+------------------+-------------------+-------------------+------------------------------------+------------------------------------+------------------------------------+------------------------------------+------------------------------------+
using time 74.4490s, training loss at epoch 81: 70.1399
using time 74.8878s, training loss at epoch 82: 69.5061
using time 74.2262s, training loss at epoch 83: 69.0865
using time 74.4204s, training loss at epoch 84: 68.5975
+-------+-------------------+-------------------+-------------------+------------------------------------+------------------------------------+------------------------------------+------------------------------------+------------------------------------+
| Epoch |  training time(s) |   tesing time(s)  |        Loss       |               recall               |                ndcg                |              novelty               |             precision              |             hit_ratio              |
+-------+-------------------+-------------------+-------------------+------------------------------------+------------------------------------+------------------------------------+------------------------------------+------------------------------------+
|   85  | 77.31467032432556 | 64.86959791183472 | 68.17605590820312 | [0.16866576 0.23661573 0.28442334] | [0.1428315  0.16439258 0.17868741] | [8.48109777 8.88744684 9.12018317] | [0.05170139 0.03671294 0.02966877] | [0.54886463 0.65198607 0.70644383] |
+-------+-------------------+-------------------+-------------------+------------------------------------+------------------------------------+------------------------------------+------------------------------------+------------------------------------+
using time 74.3370s, training loss at epoch 86: 67.7882
using time 74.5169s, training loss at epoch 87: 67.4175
using time 74.4694s, training loss at epoch 88: 66.9503
using time 74.5948s, training loss at epoch 89: 66.4958
+-------+-------------------+-------------------+------------------+------------------------------------+------------------------------------+------------------------------------+------------------------------------+------------------------------------+
| Epoch |  training time(s) |   tesing time(s)  |       Loss       |               recall               |                ndcg                |              novelty               |             precision              |             hit_ratio              |
+-------+-------------------+-------------------+------------------+------------------------------------+------------------------------------+------------------------------------+------------------------------------+------------------------------------+
|   90  | 77.48979783058167 | 62.39535999298096 | 65.9339828491211 | [0.16845719 0.23606697 0.28395771] | [0.14252488 0.16400957 0.17829468] | [8.49728327 8.90162779 9.1320477 ] | [0.05158751 0.03662754 0.0295655 ] | [0.54832876 0.65165115 0.70630987] |
+-------+-------------------+-------------------+------------------+------------------------------------+------------------------------------+------------------------------------+------------------------------------+------------------------------------+
using time 74.4692s, training loss at epoch 91: 65.6501
using time 74.9559s, training loss at epoch 92: 65.1679
using time 74.1181s, training loss at epoch 93: 64.7192
using time 74.7115s, training loss at epoch 94: 64.4752
+-------+-------------------+-------------------+--------------------+------------------------------------+------------------------------------+------------------------------------+------------------------------------+------------------------------------+
| Epoch |  training time(s) |   tesing time(s)  |        Loss        |               recall               |                ndcg                |              novelty               |             precision              |             hit_ratio              |
+-------+-------------------+-------------------+--------------------+------------------------------------+------------------------------------+------------------------------------+------------------------------------+------------------------------------+
|   95  | 76.88931179046631 | 62.93425464630127 | 63.904518127441406 | [0.16843699 0.23576114 0.28317592] | [0.14241452 0.16381819 0.17796128] | [8.51229791 8.91403079 9.14286119] | [0.05149876 0.03655469 0.02946112] | [0.54785987 0.65088084 0.70547257] |
+-------+-------------------+-------------------+--------------------+------------------------------------+------------------------------------+------------------------------------+------------------------------------+------------------------------------+
using time 74.3122s, training loss at epoch 96: 63.6795
using time 74.2521s, training loss at epoch 97: 63.1879
using time 74.2628s, training loss at epoch 98: 62.9059
using time 75.0954s, training loss at epoch 99: 62.5663
+-------+-------------------+-------------------+-------------------+------------------------------------+------------------------------------+------------------------------------+------------------------------------+------------------------------------+
| Epoch |  training time(s) |   tesing time(s)  |        Loss       |               recall               |                ndcg                |              novelty               |             precision              |             hit_ratio              |
+-------+-------------------+-------------------+-------------------+------------------------------------+------------------------------------+------------------------------------+------------------------------------+------------------------------------+
|  100  | 77.01561784744263 | 63.14273405075073 | 62.20192337036133 | [0.16799411 0.23514236 0.28228074] | [0.14208075 0.16340416 0.17749926] | [8.52923057 8.92851915 9.1551447 ] | [0.05136144 0.03641403 0.02937013] | [0.54698908 0.65081385 0.70423337] |
+-------+-------------------+-------------------+-------------------+------------------------------------+------------------------------------+------------------------------------+------------------------------------+------------------------------------+
using time 74.8866s, training loss at epoch 101: 61.8274
using time 75.0805s, training loss at epoch 102: 61.4637
using time 74.7480s, training loss at epoch 103: 60.9900
using time 75.4008s, training loss at epoch 104: 60.6393
+-------+-------------------+-------------------+-------------------+------------------------------------+------------------------------------+------------------------------------+------------------------------------+------------------------------------+
| Epoch |  training time(s) |   tesing time(s)  |        Loss       |               recall               |                ndcg                |              novelty               |             precision              |             hit_ratio              |
+-------+-------------------+-------------------+-------------------+------------------------------------+------------------------------------+------------------------------------+------------------------------------+------------------------------------+
|  105  | 77.01215839385986 | 68.70491909980774 | 60.44036102294922 | [0.1674755  0.23458783 0.28177347] | [0.1417291  0.16303622 0.17713519] | [8.54064811 8.93806803 9.16353977] | [0.05118896 0.0362742  0.02927691] | [0.5448456  0.65027798 0.7045348 ] |
+-------+-------------------+-------------------+-------------------+------------------------------------+------------------------------------+------------------------------------+------------------------------------+------------------------------------+
using time 74.1525s, training loss at epoch 106: 59.9394
using time 75.0431s, training loss at epoch 107: 59.6095
using time 74.7415s, training loss at epoch 108: 59.1773
using time 74.6630s, training loss at epoch 109: 58.8350
+-------+-------------------+-------------------+-------------------+------------------------------------+------------------------------------+------------------------------------+------------------------------------+------------------------------------+
| Epoch |  training time(s) |   tesing time(s)  |        Loss       |               recall               |                ndcg                |              novelty               |             precision              |             hit_ratio              |
+-------+-------------------+-------------------+-------------------+------------------------------------+------------------------------------+------------------------------------+------------------------------------+------------------------------------+
|  110  | 75.61141204833984 | 70.02035689353943 | 58.74740982055664 | [0.16738537 0.23374156 0.28115528] | [0.14157533 0.16263431 0.17677529] | [8.55222939 8.94769238 9.17153164] | [0.05115882 0.03615279 0.02919765] | [0.54497957 0.64860339 0.70306116] |
+-------+-------------------+-------------------+-------------------+------------------------------------+------------------------------------+------------------------------------+------------------------------------+------------------------------------+
using time 74.5334s, training loss at epoch 111: 58.2185
using time 75.1259s, training loss at epoch 112: 58.0094
using time 74.4727s, training loss at epoch 113: 57.7925
using time 74.2938s, training loss at epoch 114: 57.2890
+-------+-------------------+-------------------+-------------------+------------------------------------+------------------------------------+------------------------------------+------------------------------------+------------------------------------+
| Epoch |  training time(s) |   tesing time(s)  |        Loss       |               recall               |                ndcg                |              novelty               |             precision              |             hit_ratio              |
+-------+-------------------+-------------------+-------------------+------------------------------------+------------------------------------+------------------------------------+------------------------------------+------------------------------------+
|  115  | 75.52247095108032 | 72.90063953399658 | 57.01767349243164 | [0.16684552 0.23287626 0.27948494] | [0.14113707 0.16209113 0.17602257] | [8.56628136 8.95895731 9.18117597] | [0.05098299 0.03599873 0.02903744] | [0.54491259 0.64696229 0.70061625] |
+-------+-------------------+-------------------+-------------------+------------------------------------+------------------------------------+------------------------------------+------------------------------------+------------------------------------+
using time 74.5725s, training loss at epoch 116: 56.6768
using time 74.6604s, training loss at epoch 117: 56.3149
using time 74.5868s, training loss at epoch 118: 56.1006
using time 75.2024s, training loss at epoch 119: 55.8211
+-------+-------------------+-------------------+-------------------+------------------------------------+------------------------------------+------------------------------------+------------------------------------+------------------------------------+
| Epoch |  training time(s) |   tesing time(s)  |        Loss       |               recall               |                ndcg                |              novelty               |             precision              |             hit_ratio              |
+-------+-------------------+-------------------+-------------------+------------------------------------+------------------------------------+------------------------------------+------------------------------------+------------------------------------+
|  120  | 74.76745915412903 | 75.97741436958313 | 55.50724411010742 | [0.16648143 0.23232412 0.27896396] | [0.14061479 0.16152439 0.17544237] | [8.57464063 8.96567827 9.18704548] | [0.05080883 0.03589155 0.02893976] | [0.5436399  0.64602452 0.69987943] |
+-------+-------------------+-------------------+-------------------+------------------------------------+------------------------------------+------------------------------------+------------------------------------+------------------------------------+
using time 74.7613s, training loss at epoch 121: 55.2872
using time 74.9521s, training loss at epoch 122: 54.8519
using time 74.3799s, training loss at epoch 123: 54.5970
using time 74.3986s, training loss at epoch 124: 54.3072
+-------+-------------------+-------------------+-------------------+------------------------------------+------------------------------------+------------------------------------+------------------------------------+------------------------------------+
| Epoch |  training time(s) |   tesing time(s)  |        Loss       |               recall               |                ndcg                |              novelty               |             precision              |             hit_ratio              |
+-------+-------------------+-------------------+-------------------+------------------------------------+------------------------------------+------------------------------------+------------------------------------+------------------------------------+
|  125  | 74.28729820251465 | 78.43693995475769 | 54.07451629638672 | [0.16616128 0.23138366 0.27799414] | [0.14022676 0.16091676 0.17485157] | [8.58509195 8.97501908 9.19531086] | [0.0507117  0.03574838 0.02885938] | [0.54417577 0.64411548 0.69857325] |
+-------+-------------------+-------------------+-------------------+------------------------------------+------------------------------------+------------------------------------+------------------------------------+------------------------------------+
using time 74.4150s, training loss at epoch 126: 53.7700
using time 74.8705s, training loss at epoch 127: 53.5523
using time 74.3184s, training loss at epoch 128: 53.1671
using time 74.4363s, training loss at epoch 129: 53.1649
+-------+-------------------+-------------------+-------------------+------------------------------------+------------------------------------+------------------------------------+------------------------------------+------------------------------------+
| Epoch |  training time(s) |   tesing time(s)  |        Loss       |               recall               |                ndcg                |              novelty               |             precision              |             hit_ratio              |
+-------+-------------------+-------------------+-------------------+------------------------------------+------------------------------------+------------------------------------+------------------------------------+------------------------------------+
|  130  | 74.52304315567017 | 71.09259819984436 | 52.69968032836914 | [0.16599675 0.2306704  0.27736766] | [0.13983653 0.16037046 0.17431164] | [8.59328631 8.98093556 9.20034995] | [0.05057104 0.03563115 0.02877453] | [0.54387434 0.64364659 0.69750151] |
+-------+-------------------+-------------------+-------------------+------------------------------------+------------------------------------+------------------------------------+------------------------------------+------------------------------------+
using time 74.9326s, training loss at epoch 131: 52.4888
using time 74.3903s, training loss at epoch 132: 52.1444
using time 74.6700s, training loss at epoch 133: 52.1574
using time 74.4848s, training loss at epoch 134: 51.7379
+-------+-------------------+-------------------+-------------------+------------------------------------+------------------------------------+------------------------------------+------------------------------------+------------------------------------+
| Epoch |  training time(s) |   tesing time(s)  |        Loss       |               recall               |                ndcg                |              novelty               |             precision              |             hit_ratio              |
+-------+-------------------+-------------------+-------------------+------------------------------------+------------------------------------+------------------------------------+------------------------------------+------------------------------------+
|  135  | 74.56022453308105 | 68.51150560379028 | 51.45154571533203 | [0.16534278 0.22978467 0.27625895] | [0.13936472 0.15985282 0.17371477] | [8.60130479 8.9881482  9.20647329] | [0.05034999 0.03549635 0.02865564] | [0.5428026  0.64220644 0.69679818] |
+-------+-------------------+-------------------+-------------------+------------------------------------+------------------------------------+------------------------------------+------------------------------------+------------------------------------+
using time 75.9536s, training loss at epoch 136: 51.1786
using time 75.5268s, training loss at epoch 137: 51.0538
using time 74.4936s, training loss at epoch 138: 50.6303
using time 74.4294s, training loss at epoch 139: 50.5601
+-------+-------------------+-------------------+-------------------+------------------------------------+------------------------------------+------------------------------------+------------------------------------+------------------------------------+
| Epoch |  training time(s) |   tesing time(s)  |        Loss       |               recall               |                ndcg                |              novelty               |             precision              |             hit_ratio              |
+-------+-------------------+-------------------+-------------------+------------------------------------+------------------------------------+------------------------------------+------------------------------------+------------------------------------+
|  140  | 74.41926074028015 | 73.71675992012024 | 50.41803741455078 | [0.16490333 0.22935726 0.27544706] | [0.13887612 0.15935814 0.17312202] | [8.6097405  8.99531328 9.21313078] | [0.05019593 0.03537829 0.02855293] | [0.54146292 0.64126867 0.6954585 ] |
+-------+-------------------+-------------------+-------------------+------------------------------------+------------------------------------+------------------------------------+------------------------------------+------------------------------------+
using time 75.5664s, training loss at epoch 141: 50.0201
using time 74.4366s, training loss at epoch 142: 49.8376
using time 74.7377s, training loss at epoch 143: 49.5084
using time 74.0823s, training loss at epoch 144: 49.4280
+-------+-------------------+-------------------+-------------------+------------------------------------+------------------------------------+------------------------------------+------------------------------------+------------------------------------+
| Epoch |  training time(s) |   tesing time(s)  |        Loss       |               recall               |                ndcg                |              novelty               |             precision              |             hit_ratio              |
+-------+-------------------+-------------------+-------------------+------------------------------------+------------------------------------+------------------------------------+------------------------------------+------------------------------------+
|  145  | 74.80935406684875 | 70.30606055259705 | 49.17499542236328 | [0.16444155 0.22826374 0.27426652] | [0.13857227 0.15885237 0.17257126] | [8.61625678 9.00049542 9.21737897] | [0.0500921  0.03523176 0.02843124] | [0.54102753 0.63979503 0.69431978] |
+-------+-------------------+-------------------+-------------------+------------------------------------+------------------------------------+------------------------------------+------------------------------------+------------------------------------+
using time 75.9159s, training loss at epoch 146: 49.0376
using time 74.8221s, training loss at epoch 147: 48.6953
using time 74.5247s, training loss at epoch 148: 48.5636
using time 74.7681s, training loss at epoch 149: 48.2558
+-------+-------------------+-------------------+--------------------+------------------------------------+------------------------------------+------------------------------------+------------------------------------+------------------------------------+
| Epoch |  training time(s) |   tesing time(s)  |        Loss        |               recall               |                ndcg                |              novelty               |             precision              |             hit_ratio              |
+-------+-------------------+-------------------+--------------------+------------------------------------+------------------------------------+------------------------------------+------------------------------------+------------------------------------+
|  150  | 74.68269300460815 | 64.44655013084412 | 48.060264587402344 | [0.16356119 0.2275032  0.27315978] | [0.13787755 0.15820817 0.17186536] | [8.62245159 9.00483701 9.22080398] | [0.04980742 0.03508775 0.02832239] | [0.53878358 0.63858932 0.69274566] |
+-------+-------------------+-------------------+--------------------+------------------------------------+------------------------------------+------------------------------------+------------------------------------+------------------------------------+
using time 77.1784s, training loss at epoch 151: 47.8873
using time 74.7073s, training loss at epoch 152: 47.6395
using time 75.0043s, training loss at epoch 153: 47.5119
using time 74.6318s, training loss at epoch 154: 47.1463
+-------+-------------------+-------------------+-------------------+------------------------------------+------------------------------------+------------------------------------+------------------------------------+------------------------------------+
| Epoch |  training time(s) |   tesing time(s)  |        Loss       |               recall               |                ndcg                |              novelty               |             precision              |             hit_ratio              |
+-------+-------------------+-------------------+-------------------+------------------------------------+------------------------------------+------------------------------------+------------------------------------+------------------------------------+
|  155  | 75.20771288871765 | 64.43862438201904 | 47.19813537597656 | [0.16278801 0.2270566  0.27188541] | [0.13727325 0.15768441 0.17110055] | [8.63130679 9.01259529 9.2270472 ] | [0.04963326 0.03500234 0.0281901 ] | [0.53730993 0.63808694 0.69113805] |
+-------+-------------------+-------------------+-------------------+------------------------------------+------------------------------------+------------------------------------+------------------------------------+------------------------------------+
using time 76.3386s, training loss at epoch 156: 46.9458
using time 74.6284s, training loss at epoch 157: 46.6703
using time 74.6397s, training loss at epoch 158: 46.5450
using time 74.3952s, training loss at epoch 159: 46.2374
+-------+-------------------+--------------------+-------------------+------------------------------------+------------------------------------+------------------------------------+------------------------------------+------------------------------------+
| Epoch |  training time(s) |   tesing time(s)   |        Loss       |               recall               |                ndcg                |              novelty               |             precision              |             hit_ratio              |
+-------+-------------------+--------------------+-------------------+------------------------------------+------------------------------------+------------------------------------+------------------------------------+------------------------------------+
|  160  | 74.67654323577881 | 62.631012201309204 | 46.09864807128906 | [0.16249424 0.22644515 0.27069113] | [0.13685196 0.15713959 0.17039916] | [8.63721405 9.01695539 9.23113236] | [0.049506   0.03487926 0.02806395] | [0.53677406 0.63668029 0.68983187] |
+-------+-------------------+--------------------+-------------------+------------------------------------+------------------------------------+------------------------------------+------------------------------------+------------------------------------+
using time 76.4288s, training loss at epoch 161: 45.9236
using time 74.3367s, training loss at epoch 162: 45.7074
using time 74.1002s, training loss at epoch 163: 45.5668
using time 74.3396s, training loss at epoch 164: 45.3940
+-------+-------------------+-------------------+--------------------+------------------------------------+------------------------------------+------------------------------------+------------------------------------+------------------------------------+
| Epoch |  training time(s) |   tesing time(s)  |        Loss        |               recall               |                ndcg                |              novelty               |             precision              |             hit_ratio              |
+-------+-------------------+-------------------+--------------------+------------------------------------+------------------------------------+------------------------------------+------------------------------------+------------------------------------+
|  165  | 74.32306122779846 | 63.82220768928528 | 45.263023376464844 | [0.16181569 0.22584231 0.27004043] | [0.13627015 0.15660296 0.16983071] | [8.64241739 9.02035861 9.23377001] | [0.04925648 0.03477209 0.02797687] | [0.53513296 0.63611093 0.689296  ] |
+-------+-------------------+-------------------+--------------------+------------------------------------+------------------------------------+------------------------------------+------------------------------------+------------------------------------+
using time 77.4271s, training loss at epoch 166: 45.0639
using time 74.2107s, training loss at epoch 167: 44.8319
using time 74.1765s, training loss at epoch 168: 44.7227
using time 74.1973s, training loss at epoch 169: 44.5168
+-------+-------------------+-------------------+-------------------+------------------------------------+------------------------------------+------------------------------------+------------------------------------+------------------------------------+
| Epoch |  training time(s) |   tesing time(s)  |        Loss       |               recall               |                ndcg                |              novelty               |             precision              |             hit_ratio              |
+-------+-------------------+-------------------+-------------------+------------------------------------+------------------------------------+------------------------------------+------------------------------------+------------------------------------+
|  170  | 74.49171304702759 | 56.95651030540466 | 44.37697982788086 | [0.16111322 0.22492436 0.26848315] | [0.1356875  0.15596205 0.1690357 ] | [8.64717703 9.0247126  9.23700211] | [0.04903041 0.03460714 0.02784458] | [0.53392726 0.633733   0.68829125] |
+-------+-------------------+-------------------+-------------------+------------------------------------+------------------------------------+------------------------------------+------------------------------------+------------------------------------+
using time 78.5106s, training loss at epoch 171: 44.1971
using time 74.6349s, training loss at epoch 172: 44.0754
using time 74.8059s, training loss at epoch 173: 43.8513
using time 74.7409s, training loss at epoch 174: 43.8507
+-------+------------------+-------------------+-------------------+------------------------------------+------------------------------------+------------------------------------+------------------------------------+------------------------------------+
| Epoch | training time(s) |   tesing time(s)  |        Loss       |               recall               |                ndcg                |              novelty               |             precision              |             hit_ratio              |
+-------+------------------+-------------------+-------------------+------------------------------------+------------------------------------+------------------------------------+------------------------------------+------------------------------------+
|  175  | 74.9934458732605 | 55.78583359718323 | 43.61268997192383 | [0.16100482 0.22396846 0.26768786] | [0.13551195 0.15552081 0.16863775] | [8.65036532 9.02705854 9.2394399 ] | [0.04895505 0.03447736 0.02776085] | [0.53396075 0.63182397 0.68661665] |
+-------+------------------+-------------------+-------------------+------------------------------------+------------------------------------+------------------------------------+------------------------------------+------------------------------------+
Early stopping is trigger at step: 20 log:0.16100481527710728
early stopping at 175, recall@20:0.1692
