reading train and test user-item set ...
building the adj mat ...
loading over ...
Method 4 GCL model setup
Mixing한 negative들을 분모에 negative pair에 추가 (No FN elimination)
start training ...
+-------+------------------+-------------------+-------------------+------------------------------------+------------------------------------+------------------------------------+------------------------------------+
| Epoch | training time(s) |   tesing time(s)  |        Loss       |               recall               |                ndcg                |             precision              |             hit_ratio              |
+-------+------------------+-------------------+-------------------+------------------------------------+------------------------------------+------------------------------------+------------------------------------+
|   0   | 354.782066822052 | 298.6033661365509 | 1020.554443359375 | [0.02673141 0.0382561  0.04671247] | [0.01262643 0.01505674 0.01660291] | [0.00152506 0.00110373 0.00090267] | [0.03012158 0.04333857 0.05297747] |
|   0   | 354.782066822052 | 328.7012586593628 | 1020.554443359375 | [0.03715621 0.05152029 0.06215242] | [0.01770773 0.02074731 0.0226906 ] | [0.00211577 0.00148214 0.00119779] | [0.04166929 0.05808805 0.07015788] |
+-------+------------------+-------------------+-------------------+------------------------------------+------------------------------------+------------------------------------+------------------------------------+
using time 373.4797s, training loss at epoch 1: 954.5114
using time 345.2402s, training loss at epoch 2: 899.0753
using time 359.0591s, training loss at epoch 3: 815.5444
using time 357.7293s, training loss at epoch 4: 734.7818
+-------+-------------------+--------------------+-------------------+------------------------------------+------------------------------------+------------------------------------+------------------------------------+
| Epoch |  training time(s) |   tesing time(s)   |        Loss       |               recall               |                ndcg                |             precision              |             hit_ratio              |
+-------+-------------------+--------------------+-------------------+------------------------------------+------------------------------------+------------------------------------+------------------------------------+
|   5   | 358.6713993549347 | 286.6680529117584  | 675.2037353515625 | [0.0444718  0.06403477 0.07882727] | [0.02066195 0.02478793 0.02750023] | [0.00253642 0.00183833 0.00151801] | [0.05010041 0.07212385 0.0888751 ] |
|   5   | 358.6713993549347 | 244.24169492721558 | 675.2037353515625 | [0.05693904 0.08037044 0.09744305] | [0.02628106 0.0312241  0.03435595] | [0.00323097 0.00229914 0.00187232] | [0.06368965 0.09009044 0.10951878] |
+-------+-------------------+--------------------+-------------------+------------------------------------+------------------------------------+------------------------------------+------------------------------------+
using time 357.9390s, training loss at epoch 6: 633.9388
using time 342.5046s, training loss at epoch 7: 605.4811
using time 359.4629s, training loss at epoch 8: 585.2766
using time 358.5641s, training loss at epoch 9: 570.4038
+-------+--------------------+-------------------+-------------------+------------------------------------+------------------------------------+------------------------------------+------------------------------------+
| Epoch |  training time(s)  |   tesing time(s)  |        Loss       |               recall               |                ndcg                |             precision              |             hit_ratio              |
+-------+--------------------+-------------------+-------------------+------------------------------------+------------------------------------+------------------------------------+------------------------------------+
|   10  | 358.39822721481323 | 356.6384162902832 | 559.4085083007812 | [0.03935602 0.05687706 0.06986863] | [0.0183836  0.02208272 0.02446459] | [0.00222717 0.00162492 0.00134044] | [0.04416372 0.06406221 0.07885648] |
|   10  | 358.39822721481323 | 330.9316487312317 | 559.4085083007812 | [0.04952167 0.07091583 0.08632411] | [0.02289049 0.02740088 0.03022313] | [0.00280513 0.00203206 0.00165921] | [0.05544876 0.079746   0.09720471] |
+-------+--------------------+-------------------+-------------------+------------------------------------+------------------------------------+------------------------------------+------------------------------------+
using time 574.3448s, training loss at epoch 11: 551.1701
using time 610.5535s, training loss at epoch 12: 544.7811
using time 618.9784s, training loss at epoch 13: 539.8014
using time 610.5139s, training loss at epoch 14: 535.9489
+-------+-------------------+--------------------+-------------------+------------------------------------+------------------------------------+------------------------------------+------------------------------------+
| Epoch |  training time(s) |   tesing time(s)   |        Loss       |               recall               |                ndcg                |             precision              |             hit_ratio              |
+-------+-------------------+--------------------+-------------------+------------------------------------+------------------------------------+------------------------------------+------------------------------------+
|   15  | 624.3603310585022 | 280.71375370025635 | 532.8140869140625 | [0.03427609 0.05033464 0.06164191] | [0.01591577 0.01930128 0.02137413] | [0.00193362 0.00143452 0.00117894] | [0.03839498 0.0567016  0.06967031] |
|   15  | 624.3603310585022 | 267.8585298061371  | 532.8140869140625 | [0.04304715 0.06210014 0.07596977] | [0.02005903 0.02408028 0.02661988] | [0.00244351 0.00178369 0.0014629 ] | [0.04837388 0.07014213 0.08582819] |
+-------+-------------------+--------------------+-------------------+------------------------------------+------------------------------------+------------------------------------+------------------------------------+
Early stopping is trigger at step: 2 log:0.04304715069106471
early stopping at 15, recall@20:0.0569
