reading train and test user-item set ...
building the adj mat ...
loading over ...
Method 3 GCL model setup
Mixing한 negative들을 분모에 negative pair에 추가 + FN elimination
start training ...
+-------+-------------------+--------------------+--------------------+------------------------------------+------------------------------------+------------------------------------+------------------------------------+
| Epoch |  training time(s) |   tesing time(s)   |        Loss        |               recall               |                ndcg                |             precision              |             hit_ratio              |
+-------+-------------------+--------------------+--------------------+------------------------------------+------------------------------------+------------------------------------+------------------------------------+
|   0   | 686.5387043952942 | 293.58238887786865 | 1012.8818969726562 | [0.02575705 0.03700069 0.04473738] | [0.0121991  0.01457443 0.01599268] | [0.00146774 0.00106594 0.00086227] | [0.02898244 0.04188543 0.05066267] |
|   0   | 686.5387043952942 | 247.52396702766418 | 1012.8818969726562 | [0.03527674 0.04945468 0.05898395] | [0.01700266 0.01999354 0.0217392 ] | [0.00200744 0.00141635 0.00113227] | [0.03955786 0.05557481 0.06641561] |
+-------+-------------------+--------------------+--------------------+------------------------------------+------------------------------------+------------------------------------+------------------------------------+
using time 480.8680s, training loss at epoch 1: 955.3282
using time 495.4282s, training loss at epoch 2: 916.7552
using time 481.9045s, training loss at epoch 3: 849.9583
using time 498.1192s, training loss at epoch 4: 767.9798
+-------+--------------------+--------------------+-------------------+------------------------------------+------------------------------------+------------------------------------+------------------------------------+
| Epoch |  training time(s)  |   tesing time(s)   |        Loss       |               recall               |                ndcg                |             precision              |             hit_ratio              |
+-------+--------------------+--------------------+-------------------+------------------------------------+------------------------------------+------------------------------------+------------------------------------+
|   5   | 494.49234318733215 | 261.1409513950348  | 699.8380126953125 | [0.04438374 0.06446143 0.07899419] | [0.02071356 0.02495935 0.02761932] | [0.00252766 0.00185531 0.00152312] | [0.04994706 0.07270072 0.08905765] |
|   5   | 494.49234318733215 | 243.97412085533142 | 699.8380126953125 | [0.05726755 0.08118661 0.09834822] | [0.02636352 0.0314086  0.03455443] | [0.00324948 0.00232435 0.00189018] | [0.06405206 0.09105162 0.11055874] |
+-------+--------------------+--------------------+-------------------+------------------------------------+------------------------------------+------------------------------------+------------------------------------+
using time 477.3764s, training loss at epoch 6: 651.1194
using time 499.6309s, training loss at epoch 7: 617.4649
using time 495.4291s, training loss at epoch 8: 593.7219
using time 498.4729s, training loss at epoch 9: 576.4744
+-------+--------------------+--------------------+-------------------+------------------------------------+------------------------------------+------------------------------------+------------------------------------+
| Epoch |  training time(s)  |   tesing time(s)   |        Loss       |               recall               |                ndcg                |             precision              |             hit_ratio              |
+-------+--------------------+--------------------+-------------------+------------------------------------+------------------------------------+------------------------------------+------------------------------------+
|   10  | 491.92503452301025 | 263.4551737308502  | 563.8218383789062 | [0.03987795 0.05726903 0.07037993] | [0.01853488 0.02220322 0.02460558] | [0.00225382 0.00163569 0.00135018] | [0.04467487 0.06446384 0.07936033] |
|   10  | 491.92503452301025 | 242.97879552841187 | 563.8218383789062 | [0.04953422 0.07129161 0.08686989] | [0.02305372 0.02763775 0.03049426] | [0.00281538 0.00204309 0.00167024] | [0.05556694 0.08021083 0.09789014] |
+-------+--------------------+--------------------+-------------------+------------------------------------+------------------------------------+------------------------------------+------------------------------------+
using time 493.1610s, training loss at epoch 11: 554.4377
using time 504.8859s, training loss at epoch 12: 547.2118
using time 506.5302s, training loss at epoch 13: 541.6124
using time 490.0255s, training loss at epoch 14: 537.2894
+-------+-------------------+--------------------+----------------+------------------------------------+------------------------------------+------------------------------------+------------------------------------+
| Epoch |  training time(s) |   tesing time(s)   |      Loss      |               recall               |                ndcg                |             precision              |             hit_ratio              |
+-------+-------------------+--------------------+----------------+------------------------------------+------------------------------------+------------------------------------+------------------------------------+
|   15  | 490.1795439720154 | 272.75654697418213 | 533.8154296875 | [0.03492317 0.05001303 0.06147636] | [0.01608392 0.01926713 0.02136269] | [0.00197159 0.00142502 0.00117468] | [0.03915441 0.05632188 0.06937822] |
|   15  | 490.1795439720154 | 256.7046844959259  | 533.8154296875 | [0.04324383 0.06175246 0.07669848] | [0.02018324 0.0240985  0.02683119] | [0.0024573  0.00177561 0.00147564] | [0.04861811 0.06981911 0.0865924 ] |
+-------+-------------------+--------------------+----------------+------------------------------------+------------------------------------+------------------------------------+------------------------------------+
Early stopping is trigger at step: 2 log:0.04324383451670545
early stopping at 15, recall@20:0.0573
