reading train and test user-item set ...
building the adj mat ...
loading over ...
Method 3 GCL model setup
Mixing한 negative들을 분모에 negative pair에 추가 + FN elimination
start training ...
+-------+------------------+--------------------+--------------+------------------------------------+------------------------------------+------------------------------------+------------------------------------+
| Epoch | training time(s) |   tesing time(s)   |     Loss     |               recall               |                ndcg                |             precision              |             hit_ratio              |
+-------+------------------+--------------------+--------------+------------------------------------+------------------------------------+------------------------------------+------------------------------------+
|   0   | 518.440511226654 | 349.0519800186157  | 1020.5546875 | [0.02669015 0.03832086 0.04662172] | [0.01262093 0.01507676 0.01659627] | [0.00152178 0.00110446 0.00090012] | [0.03005586 0.04336047 0.05283873] |
|   0   | 518.440511226654 | 312.42116689682007 | 1020.5546875 | [0.03710388 0.05141752 0.06219005] | [0.01763153 0.0206604  0.0226327 ] | [0.00211065 0.0014784  0.00119871] | [0.04155112 0.05794624 0.07019728] |
+-------+------------------+--------------------+--------------+------------------------------------+------------------------------------+------------------------------------+------------------------------------+
using time 793.6997s, training loss at epoch 1: 954.5104
using time 776.5731s, training loss at epoch 2: 899.0727
using time 831.7500s, training loss at epoch 3: 815.5433
using time 775.2881s, training loss at epoch 4: 734.7817
+-------+-------------------+-------------------+------------------+------------------------------------+------------------------------------+------------------------------------+------------------------------------+
| Epoch |  training time(s) |   tesing time(s)  |       Loss       |               recall               |                ndcg                |             precision              |             hit_ratio              |
+-------+-------------------+-------------------+------------------+------------------------------------+------------------------------------+------------------------------------+------------------------------------+
|   5   | 776.9669063091278 | 355.6175832748413 | 675.204833984375 | [0.04443546 0.06405091 0.07880281] | [0.02065542 0.0247942  0.02749855] | [0.0025335  0.00183924 0.00151752] | [0.05005659 0.07215305 0.08886049] |
|   5   | 776.9669063091278 |  335.215722322464 | 675.204833984375 | [0.05685632 0.08045232 0.09729447] | [0.02627109 0.03124908 0.03433998] | [0.00322506 0.00230111 0.0018697 ] | [0.06357935 0.09016135 0.10937697] |
+-------+-------------------+-------------------+------------------+------------------------------------+------------------------------------+------------------------------------+------------------------------------+
using time 779.9707s, training loss at epoch 6: 633.9385
using time 792.9573s, training loss at epoch 7: 605.4814
using time 791.4052s, training loss at epoch 8: 585.2780
using time 800.1348s, training loss at epoch 9: 570.4037
+-------+-------------------+--------------------+-------------------+------------------------------------+------------------------------------+------------------------------------+------------------------------------+
| Epoch |  training time(s) |   tesing time(s)   |        Loss       |               recall               |                ndcg                |             precision              |             hit_ratio              |
+-------+-------------------+--------------------+-------------------+------------------------------------+------------------------------------+------------------------------------+------------------------------------+
|   10  | 766.2457356452942 | 276.72862339019775 | 559.4077758789062 | [0.03933273 0.05682107 0.06986237] | [0.018394   0.0220861  0.02447702] | [0.00222681 0.00162328 0.0013402 ] | [0.04414911 0.06399649 0.07886378] |
|   10  | 766.2457356452942 | 266.1133360862732  | 559.4077758789062 | [0.04948201 0.07084708 0.08647315] | [0.02289952 0.0274085  0.03026894] | [0.00280198 0.00203068 0.00166197] | [0.05538573 0.07969085 0.09736228] |
+-------+-------------------+--------------------+-------------------+------------------------------------+------------------------------------+------------------------------------+------------------------------------+
using time 787.7294s, training loss at epoch 11: 551.1700
using time 785.1558s, training loss at epoch 12: 544.7811
using time 780.1570s, training loss at epoch 13: 539.8021
using time 786.2032s, training loss at epoch 14: 535.9486
+-------+------------------+-------------------+-------------------+------------------------------------+------------------------------------+------------------------------------+------------------------------------+
| Epoch | training time(s) |   tesing time(s)  |        Loss       |               recall               |                ndcg                |             precision              |             hit_ratio              |
+-------+------------------+-------------------+-------------------+------------------------------------+------------------------------------+------------------------------------+------------------------------------+
|   15  | 789.403909444809 | 328.4646339416504 | 532.8148193359375 | [0.03430141 0.05036815 0.06168146] | [0.01591649 0.01930356 0.02137708] | [0.00193472 0.00143543 0.00118016] | [0.03841688 0.05673811 0.06973603] |
|   15  | 789.403909444809 | 319.5645070075989 | 532.8148193359375 | [0.04293239 0.06213389 0.07594554] | [0.02002443 0.02407871 0.02660851] | [0.00243642 0.00178408 0.00146225] | [0.04823207 0.07015788 0.08582031] |
+-------+------------------+-------------------+-------------------+------------------------------------+------------------------------------+------------------------------------+------------------------------------+
Early stopping is trigger at step: 2 log:0.04293238746571914
early stopping at 15, recall@20:0.0569
