reading train and test user-item set ...
building the adj mat ...
loading over ...
Method 3 GCL model setup
start training ...
+-------+--------------------+-------------------+-------------------+------------------------------------+------------------------------------+------------------------------------+------------------------------------+
| Epoch |  training time(s)  |   tesing time(s)  |        Loss       |               recall               |                ndcg                |             precision              |             hit_ratio              |
+-------+--------------------+-------------------+-------------------+------------------------------------+------------------------------------+------------------------------------+------------------------------------+
|   0   | 240.60237574577332 | 47.87231636047363 | 626.3526611328125 | [0.14342852 0.20345862 0.24479753] | [0.11344122 0.13292226 0.1453648 ] | [0.04248778 0.03061742 0.02485208] | [0.46269007 0.55958202 0.61541295] |
+-------+--------------------+-------------------+-------------------+------------------------------------+------------------------------------+------------------------------------+------------------------------------+
using time 259.1680s, training loss at epoch 1: 582.5347
using time 238.9253s, training loss at epoch 2: 565.5446
using time 255.9595s, training loss at epoch 3: 546.2327
using time 259.0569s, training loss at epoch 4: 518.8125
+-------+--------------------+-------------------+-------------------+------------------------------------+------------------------------------+------------------------------------+------------------------------------+
| Epoch |  training time(s)  |   tesing time(s)  |        Loss       |               recall               |                ndcg                |             precision              |             hit_ratio              |
+-------+--------------------+-------------------+-------------------+------------------------------------+------------------------------------+------------------------------------+------------------------------------+
|   5   | 232.83586835861206 | 49.80025553703308 | 485.6256408691406 | [0.16600504 0.2318823  0.27764819] | [0.13801181 0.15891183 0.1725704 ] | [0.05021435 0.03547039 0.028592  ] | [0.53553487 0.63175698 0.68373635] |
+-------+--------------------+-------------------+-------------------+------------------------------------+------------------------------------+------------------------------------+------------------------------------+
using time 255.6798s, training loss at epoch 6: 454.8137
using time 239.8677s, training loss at epoch 7: 429.0855
using time 251.9752s, training loss at epoch 8: 408.7067
using time 255.7622s, training loss at epoch 9: 392.9095
+-------+--------------------+-------------------+--------------------+------------------------------------+------------------------------------+------------------------------------+------------------------------------+
| Epoch |  training time(s)  |   tesing time(s)  |        Loss        |               recall               |                ndcg                |             precision              |             hit_ratio              |
+-------+--------------------+-------------------+--------------------+------------------------------------+------------------------------------+------------------------------------+------------------------------------+
|   10  | 231.11139965057373 | 48.05820822715759 | 380.64166259765625 | [0.18455354 0.25856818 0.30944605] | [0.15565716 0.17902816 0.19421526] | [0.05744524 0.04072108 0.03274555] | [0.58932279 0.69090361 0.74539487] |
+-------+--------------------+-------------------+--------------------+------------------------------------+------------------------------------+------------------------------------+------------------------------------+
using time 250.1921s, training loss at epoch 11: 370.8899
using time 239.1827s, training loss at epoch 12: 363.1942
using time 248.2800s, training loss at epoch 13: 356.7229
using time 256.7203s, training loss at epoch 14: 351.5610
+-------+------------------+-------------------+-------------------+------------------------------------+------------------------------------+------------------------------------+------------------------------------+
| Epoch | training time(s) |   tesing time(s)  |        Loss       |               recall               |                ndcg                |             precision              |             hit_ratio              |
+-------+------------------+-------------------+-------------------+------------------------------------+------------------------------------+------------------------------------+------------------------------------+
|   15  | 229.855402469635 | 49.19374179840088 | 347.2178039550781 | [0.18629443 0.25911318 0.31050329] | [0.15708422 0.18007958 0.19536873] | [0.05801293 0.04085923 0.03281979] | [0.59233706 0.69187487 0.74820819] |
+-------+------------------+-------------------+-------------------+------------------------------------+------------------------------------+------------------------------------+------------------------------------+
using time 249.9188s, training loss at epoch 16: 343.3020
using time 235.1242s, training loss at epoch 17: 340.0703
using time 252.2969s, training loss at epoch 18: 337.2374
using time 252.4023s, training loss at epoch 19: 334.7454
+-------+--------------------+-------------------+-------------------+------------------------------------+------------------------------------+------------------------------------+------------------------------------+
| Epoch |  training time(s)  |   tesing time(s)  |        Loss       |               recall               |                ndcg                |             precision              |             hit_ratio              |
+-------+--------------------+-------------------+-------------------+------------------------------------+------------------------------------+------------------------------------+------------------------------------+
|   20  | 225.14573574066162 | 49.46095943450928 | 332.5422058105469 | [0.18495825 0.25793799 0.30685642] | [0.15600438 0.17903374 0.19362351] | [0.05750385 0.04052683 0.03238161] | [0.58932279 0.69150646 0.74519392] |
+-------+--------------------+-------------------+-------------------+------------------------------------+------------------------------------+------------------------------------+------------------------------------+
using time 248.3746s, training loss at epoch 21: 330.6103
using time 235.9818s, training loss at epoch 22: 328.8021
using time 252.5100s, training loss at epoch 23: 327.2316
using time 253.2482s, training loss at epoch 24: 325.8259
+-------+-------------------+-------------------+-------------------+------------------------------------+------------------------------------+------------------------------------+------------------------------------+
| Epoch |  training time(s) |   tesing time(s)  |        Loss       |               recall               |                ndcg                |             precision              |             hit_ratio              |
+-------+-------------------+-------------------+-------------------+------------------------------------+------------------------------------+------------------------------------+------------------------------------+
|   25  | 224.8708930015564 | 46.25803732872009 | 324.5526428222656 | [0.18296252 0.25523199 0.30206494] | [0.15425118 0.17700776 0.19101569] | [0.05673856 0.03995747 0.0318262 ] | [0.58496885 0.68728649 0.74097394] |
+-------+-------------------+-------------------+-------------------+------------------------------------+------------------------------------+------------------------------------+------------------------------------+
Early stopping is trigger at step: 2 log:0.18296252089681253
early stopping at 25, recall@20:0.1863
