reading train and test user-item set ...
building the adj mat ...
loading over ...
Method 3 GCL model setup
Mixing한 negative들을 분모에 negative pair에 추가 + FN elimination
start training ...
+-------+-------------------+-------------------+-------------------+------------------------------------+------------------------------------+------------------------------------+------------------------------------+
| Epoch |  training time(s) |   tesing time(s)  |        Loss       |               recall               |                ndcg                |             precision              |             hit_ratio              |
+-------+-------------------+-------------------+-------------------+------------------------------------+------------------------------------+------------------------------------+------------------------------------+
|   0   | 137.7794713973999 | 50.50252032279968 | 621.1162719726562 | [0.14332067 0.20318947 0.24297355] | [0.11329941 0.13277527 0.14474816] | [0.04245261 0.03055546 0.0246221 ] | [0.46282403 0.5608882  0.61574787] |
+-------+-------------------+-------------------+-------------------+------------------------------------+------------------------------------+------------------------------------+------------------------------------+
using time 134.9984s, training loss at epoch 1: 579.6307
using time 137.3163s, training loss at epoch 2: 567.2812
using time 137.2305s, training loss at epoch 3: 555.4020
using time 137.2881s, training loss at epoch 4: 539.2272
+-------+-------------------+--------------------+----------------+------------------------------------+------------------------------------+------------------------------------+------------------------------------+
| Epoch |  training time(s) |   tesing time(s)   |      Loss      |               recall               |                ndcg                |             precision              |             hit_ratio              |
+-------+-------------------+--------------------+----------------+------------------------------------+------------------------------------+------------------------------------+------------------------------------+
|   5   | 137.6231346130371 | 49.559746980667114 | 514.9931640625 | [0.15218782 0.21240035 0.25423628] | [0.12526231 0.14453088 0.15703473] | [0.0451688  0.03192528 0.02574073] | [0.48690468 0.57813651 0.62991493] |
+-------+-------------------+--------------------+----------------+------------------------------------+------------------------------------+------------------------------------+------------------------------------+
using time 134.9724s, training loss at epoch 6: 484.7810
using time 132.6516s, training loss at epoch 7: 455.5048
using time 136.0745s, training loss at epoch 8: 430.6403
using time 152.9591s, training loss at epoch 9: 410.2440
+-------+--------------------+-------------------+--------------------+------------------------------------+------------------------------------+------------------------------------+------------------------------------+
| Epoch |  training time(s)  |   tesing time(s)  |        Loss        |               recall               |                ndcg                |             precision              |             hit_ratio              |
+-------+--------------------+-------------------+--------------------+------------------------------------+------------------------------------+------------------------------------+------------------------------------+
|   10  | 154.09544491767883 | 45.42655873298645 | 393.94976806640625 | [0.18482432 0.25761637 0.3080241 ] | [0.15520747 0.17816194 0.1932467 ] | [0.05727946 0.04044477 0.03254404] | [0.58674392 0.68939648 0.74291647] |
+-------+--------------------+-------------------+--------------------+------------------------------------+------------------------------------+------------------------------------+------------------------------------+
using time 147.6829s, training loss at epoch 11: 381.4633
using time 145.2765s, training loss at epoch 12: 371.3884
using time 150.5979s, training loss at epoch 13: 363.4330
using time 144.5876s, training loss at epoch 14: 356.9999
+-------+------------------+------------------+-------------------+------------------------------------+------------------------------------+------------------------------------+------------------------------------+
| Epoch | training time(s) |  tesing time(s)  |        Loss       |               recall               |                ndcg                |             precision              |             hit_ratio              |
+-------+------------------+------------------+-------------------+------------------------------------+------------------------------------+------------------------------------+------------------------------------+
|   15  | 147.468079328537 | 45.1241090297699 | 351.4309997558594 | [0.18697101 0.26030372 0.31025083] | [0.15733718 0.1804927  0.19537107] | [0.05808494 0.04098483 0.03280974] | [0.59317436 0.69378391 0.74666756] |
+-------+------------------+------------------+-------------------+------------------------------------+------------------------------------+------------------------------------+------------------------------------+
using time 138.6010s, training loss at epoch 16: 347.0141
using time 145.0146s, training loss at epoch 17: 343.0841
using time 142.9108s, training loss at epoch 18: 339.6328
using time 139.6971s, training loss at epoch 19: 336.8686
+-------+--------------------+--------------------+-------------------+------------------------------------+------------------------------------+------------------------------------+------------------------------------+
| Epoch |  training time(s)  |   tesing time(s)   |        Loss       |               recall               |                ndcg                |             precision              |             hit_ratio              |
+-------+--------------------+--------------------+-------------------+------------------------------------+------------------------------------+------------------------------------+------------------------------------+
|   20  | 144.20379734039307 | 44.064263105392456 | 334.3524169921875 | [0.185755   0.25852728 0.30767923] | [0.1562937  0.17928014 0.19394369] | [0.05763782 0.0406206  0.03249269] | [0.59046152 0.69113805 0.74552884] |
+-------+--------------------+--------------------+-------------------+------------------------------------+------------------------------------+------------------------------------+------------------------------------+
using time 151.1695s, training loss at epoch 21: 332.1080
using time 140.2011s, training loss at epoch 22: 330.2196
using time 139.1230s, training loss at epoch 23: 328.4027
using time 142.7790s, training loss at epoch 24: 326.9493
+-------+--------------------+-------------------+-------------------+------------------------------------+------------------------------------+------------------------------------+------------------------------------+
| Epoch |  training time(s)  |   tesing time(s)  |        Loss       |               recall               |                ndcg                |             precision              |             hit_ratio              |
+-------+--------------------+-------------------+-------------------+------------------------------------+------------------------------------+------------------------------------+------------------------------------+
|   25  | 143.74274516105652 | 44.11964011192322 | 325.3609619140625 | [0.18373413 0.25501849 0.30184668] | [0.1543352  0.17683963 0.19086281] | [0.05690435 0.03999431 0.03188648] | [0.58714582 0.68718601 0.74010315] |
+-------+--------------------+-------------------+-------------------+------------------------------------+------------------------------------+------------------------------------+------------------------------------+
Early stopping is trigger at step: 2 log:0.18373413318653747
early stopping at 25, recall@20:0.1870
