reading train and test user-item set ...
building the adj mat ...
loading over ...
Method 3 GCL model setup
start training ...
+-------+--------------------+-------------------+----------------+------------------------------------+------------------------------------+------------------------------------+------------------------------------+
| Epoch |  training time(s)  |   tesing time(s)  |      Loss      |               recall               |                ndcg                |             precision              |             hit_ratio              |
+-------+--------------------+-------------------+----------------+------------------------------------+------------------------------------+------------------------------------+------------------------------------+
|   0   | 259.94571137428284 | 46.49535632133484 | 626.4990234375 | [0.14432587 0.20479542 0.24648994] | [0.11465076 0.13429798 0.14682193] | [0.04287628 0.0309155  0.02506698] | [0.46630719 0.56232835 0.62067118] |
+-------+--------------------+-------------------+----------------+------------------------------------+------------------------------------+------------------------------------+------------------------------------+
using time 276.8796s, training loss at epoch 1: 582.7119
using time 268.9024s, training loss at epoch 2: 565.8953
using time 280.1935s, training loss at epoch 3: 546.6741
using time 282.9539s, training loss at epoch 4: 519.3733
+-------+-------------------+--------------------+-------------------+------------------------------------+------------------------------------+------------------------------------+------------------------------------+
| Epoch |  training time(s) |   tesing time(s)   |        Loss       |               recall               |                ndcg                |             precision              |             hit_ratio              |
+-------+-------------------+--------------------+-------------------+------------------------------------+------------------------------------+------------------------------------+------------------------------------+
|   5   | 274.6415374279022 | 52.186166286468506 | 486.0717468261719 | [0.16681622 0.23315341 0.280618  ] | [0.13894349 0.16003755 0.17419286] | [0.05059616 0.03579694 0.02897437] | [0.53761136 0.63433586 0.6884587 ] |
+-------+-------------------+--------------------+-------------------+------------------------------------+------------------------------------+------------------------------------+------------------------------------+
using time 282.5279s, training loss at epoch 6: 455.2086
using time 265.6046s, training loss at epoch 7: 429.4458
using time 280.0377s, training loss at epoch 8: 409.1407
using time 280.6628s, training loss at epoch 9: 393.1685
+-------+--------------------+--------------------+-------------------+------------------------------------+------------------------------------+------------------------------------+------------------------------------+
| Epoch |  training time(s)  |   tesing time(s)   |        Loss       |               recall               |                ndcg                |             precision              |             hit_ratio              |
+-------+--------------------+--------------------+-------------------+------------------------------------+------------------------------------+------------------------------------+------------------------------------+
|   10  | 280.36976075172424 | 47.321532249450684 | 380.6427307128906 | [0.18538876 0.25861083 0.30943414] | [0.15604252 0.17910034 0.19428197] | [0.05769643 0.04070433 0.03273495] | [0.58942327 0.69073615 0.74479202] |
+-------+--------------------+--------------------+-------------------+------------------------------------+------------------------------------+------------------------------------+------------------------------------+
using time 267.7538s, training loss at epoch 11: 371.1175
using time 278.3202s, training loss at epoch 12: 363.2607
using time 267.4764s, training loss at epoch 13: 356.9789
using time 282.5884s, training loss at epoch 14: 351.8130
+-------+--------------------+--------------------+--------------------+------------------------------------+------------------------------------+------------------------------------+------------------------------------+
| Epoch |  training time(s)  |   tesing time(s)   |        Loss        |               recall               |                ndcg                |             precision              |             hit_ratio              |
+-------+--------------------+--------------------+--------------------+------------------------------------+------------------------------------+------------------------------------+------------------------------------+
|   15  | 242.95277428627014 | 46.011375427246094 | 347.19757080078125 | [0.18675046 0.26032384 0.31044592] | [0.15715634 0.18034752 0.19530827] | [0.05800958 0.04092873 0.03281588] | [0.59170072 0.69244424 0.74696899] |
+-------+--------------------+--------------------+--------------------+------------------------------------+------------------------------------+------------------------------------+------------------------------------+
using time 210.1069s, training loss at epoch 16: 343.5485
using time 278.0145s, training loss at epoch 17: 340.1997
using time 267.4437s, training loss at epoch 18: 337.2366
using time 282.7412s, training loss at epoch 19: 334.8748
+-------+-------------------+--------------------+-------------------+------------------------------------+------------------------------------+------------------------------------+------------------------------------+
| Epoch |  training time(s) |   tesing time(s)   |        Loss       |               recall               |                ndcg                |             precision              |             hit_ratio              |
+-------+-------------------+--------------------+-------------------+------------------------------------+------------------------------------+------------------------------------+------------------------------------+
|   20  | 264.2394874095917 | 48.355122089385986 | 332.6655578613281 | [0.18537634 0.2575732  0.30718984] | [0.15613005 0.17888291 0.19372639] | [0.05756916 0.04042886 0.03243575] | [0.58932279 0.68959743 0.74395472] |
+-------+-------------------+--------------------+-------------------+------------------------------------+------------------------------------+------------------------------------+------------------------------------+
using time 278.7021s, training loss at epoch 21: 330.6667
using time 266.5233s, training loss at epoch 22: 329.0109
using time 280.9334s, training loss at epoch 23: 327.3906
using time 264.9911s, training loss at epoch 24: 326.0735
+-------+-------------------+-------------------+--------------------+------------------------------------+------------------------------------+------------------------------------+------------------------------------+
| Epoch |  training time(s) |   tesing time(s)  |        Loss        |               recall               |                ndcg                |             precision              |             hit_ratio              |
+-------+-------------------+-------------------+--------------------+------------------------------------+------------------------------------+------------------------------------+------------------------------------+
|   25  | 275.9931333065033 | 48.87655520439148 | 324.61676025390625 | [0.18343022 0.25425923 0.30157098] | [0.15420587 0.17650574 0.19069068] | [0.05685076 0.03980173 0.0318061 ] | [0.58701186 0.68594681 0.74000268] |
+-------+-------------------+-------------------+--------------------+------------------------------------+------------------------------------+------------------------------------+------------------------------------+
Early stopping is trigger at step: 2 log:0.1834302164285995
early stopping at 25, recall@20:0.1868
