reading train and test user-item set ...
building the adj mat ...
loading over ...
Method 3 GCL model setup
Mixing한 negative들을 분모에 negative pair에 추가 + FN elimination
start training ...
+-------+--------------------+-------------------+-------------------+------------------------------------+------------------------------------+------------------------------------+------------------------------------+
| Epoch |  training time(s)  |   tesing time(s)  |        Loss       |               recall               |                ndcg                |             precision              |             hit_ratio              |
+-------+--------------------+-------------------+-------------------+------------------------------------+------------------------------------+------------------------------------+------------------------------------+
|   0   | 125.87153625488281 | 45.36445903778076 | 621.1276245117188 | [0.14328885 0.20344493 0.2431265 ] | [0.11336984 0.13290698 0.14486876] | [0.04244926 0.03055463 0.02464164] | [0.46292451 0.56072074 0.61631723] |
+-------+--------------------+-------------------+-------------------+------------------------------------+------------------------------------+------------------------------------+------------------------------------+
using time 126.6358s, training loss at epoch 1: 579.6454
using time 128.9300s, training loss at epoch 2: 567.3028
using time 120.4879s, training loss at epoch 3: 555.4366
using time 120.2422s, training loss at epoch 4: 539.2775
+-------+--------------------+-------------------+-------------------+------------------------------------+------------------------------------+------------------------------------+------------------------------------+
| Epoch |  training time(s)  |   tesing time(s)  |        Loss       |               recall               |                ndcg                |             precision              |             hit_ratio              |
+-------+--------------------+-------------------+-------------------+------------------------------------+------------------------------------+------------------------------------+------------------------------------+
|   5   | 123.55749225616455 | 44.23785948753357 | 515.0577392578125 | [0.15187978 0.21263637 0.25468515] | [0.12520998 0.14465871 0.15720532] | [0.04510182 0.03194872 0.02576138] | [0.48680421 0.57833746 0.63075223] |
+-------+--------------------+-------------------+-------------------+------------------------------------+------------------------------------+------------------------------------+------------------------------------+
using time 121.3417s, training loss at epoch 6: 484.8556
using time 120.8389s, training loss at epoch 7: 455.5808
using time 122.2547s, training loss at epoch 8: 430.7098
using time 116.5856s, training loss at epoch 9: 410.2987
+-------+--------------------+-------------------+-------------------+------------------------------------+------------------------------------+------------------------------------+------------------------------------+
| Epoch |  training time(s)  |   tesing time(s)  |        Loss       |               recall               |                ndcg                |             precision              |             hit_ratio              |
+-------+--------------------+-------------------+-------------------+------------------------------------+------------------------------------+------------------------------------+------------------------------------+
|   10  | 116.62676930427551 | 44.83635640144348 | 393.9997863769531 | [0.18485972 0.25751282 0.30789443] | [0.15521584 0.1781586  0.19322331] | [0.05723759 0.04044226 0.03253009] | [0.58671043 0.68919553 0.74248108] |
+-------+--------------------+-------------------+-------------------+------------------------------------+------------------------------------+------------------------------------+------------------------------------+
using time 115.7026s, training loss at epoch 11: 381.5091
using time 115.3257s, training loss at epoch 12: 371.4270
using time 116.6730s, training loss at epoch 13: 363.4642
using time 120.7961s, training loss at epoch 14: 357.0308
+-------+--------------------+--------------------+--------------------+------------------------------------+------------------------------------+------------------------------------+------------------------------------+
| Epoch |  training time(s)  |   tesing time(s)   |        Loss        |               recall               |                ndcg                |             precision              |             hit_ratio              |
+-------+--------------------+--------------------+--------------------+------------------------------------+------------------------------------+------------------------------------+------------------------------------+
|   15  | 120.61284899711609 | 42.990962505340576 | 351.46026611328125 | [0.18676167 0.26033656 0.31032327] | [0.15727097 0.18050867 0.19541562] | [0.05802967 0.04098064 0.03282258] | [0.59253801 0.69368343 0.74716994] |
+-------+--------------------+--------------------+--------------------+------------------------------------+------------------------------------+------------------------------------+------------------------------------+
using time 121.8471s, training loss at epoch 16: 347.0371
using time 123.4103s, training loss at epoch 17: 343.1069
using time 125.6691s, training loss at epoch 18: 339.6526
using time 122.0364s, training loss at epoch 19: 336.8881
+-------+--------------------+-------------------+--------------------+------------------------------------+------------------------------------+------------------------------------+------------------------------------+
| Epoch |  training time(s)  |   tesing time(s)  |        Loss        |               recall               |                ndcg                |             precision              |             hit_ratio              |
+-------+--------------------+-------------------+--------------------+------------------------------------+------------------------------------+------------------------------------+------------------------------------+
|   20  | 127.58754849433899 | 42.12754559516907 | 334.36846923828125 | [0.18552107 0.25841127 0.30763854] | [0.15621355 0.17925834 0.19393415] | [0.05759093 0.04062981 0.03249269] | [0.58995914 0.6913725  0.74512693] |
+-------+--------------------+-------------------+--------------------+------------------------------------+------------------------------------+------------------------------------+------------------------------------+
using time 116.5388s, training loss at epoch 21: 332.1221
using time 115.7769s, training loss at epoch 22: 330.2381
using time 116.6312s, training loss at epoch 23: 328.4196
using time 116.9111s, training loss at epoch 24: 326.9649
+-------+-------------------+-------------------+-----------------+------------------------------------+------------------------------------+------------------------------------+------------------------------------+
| Epoch |  training time(s) |   tesing time(s)  |       Loss      |               recall               |                ndcg                |             precision              |             hit_ratio              |
+-------+-------------------+-------------------+-----------------+------------------------------------+------------------------------------+------------------------------------+------------------------------------+
|   25  | 115.3219223022461 | 47.37650537490845 | 325.37548828125 | [0.18378205 0.25482442 0.30194744] | [0.15431489 0.1767445  0.19085737] | [0.05691607 0.03996751 0.03189821] | [0.58717932 0.68671713 0.74030411] |
+-------+-------------------+-------------------+-----------------+------------------------------------+------------------------------------+------------------------------------+------------------------------------+
Early stopping is trigger at step: 2 log:0.18378205178599422
early stopping at 25, recall@20:0.1868
