reading train and test user-item set ...
building the adj mat ...
loading over ...
Method 3 GCL model setup
start training ...
+-------+-------------------+--------------------+-------------------+------------------------------------+------------------------------------+------------------------------------+------------------------------------+
| Epoch |  training time(s) |   tesing time(s)   |        Loss       |               recall               |                ndcg                |             precision              |             hit_ratio              |
+-------+-------------------+--------------------+-------------------+------------------------------------+------------------------------------+------------------------------------+------------------------------------+
|   0   | 726.4022586345673 | 47.971949100494385 | 626.5426635742188 | [0.14361073 0.20414053 0.24586227] | [0.11416954 0.13383307 0.14636547] | [0.04273729 0.03087112 0.02502065] | [0.46362784 0.56199344 0.61765691] |
+-------+-------------------+--------------------+-------------------+------------------------------------+------------------------------------+------------------------------------+------------------------------------+
using time 724.4495s, training loss at epoch 1: 582.7428
using time 709.0205s, training loss at epoch 2: 565.9676
using time 713.8643s, training loss at epoch 3: 546.8669
using time 711.5414s, training loss at epoch 4: 519.5823
+-------+-------------------+--------------------+-------------------+------------------------------------+------------------------------------+------------------------------------+------------------------------------+
| Epoch |  training time(s) |   tesing time(s)   |        Loss       |               recall               |                ndcg                |             precision              |             hit_ratio              |
+-------+-------------------+--------------------+-------------------+------------------------------------+------------------------------------+------------------------------------+------------------------------------+
|   5   | 720.4684097766876 | 51.740535736083984 | 486.2840270996094 | [0.16669368 0.23342994 0.28085826] | [0.13875543 0.15998154 0.17409649] | [0.05065812 0.03587146 0.02898162] | [0.53777882 0.63410141 0.68936298] |
+-------+-------------------+--------------------+-------------------+------------------------------------+------------------------------------+------------------------------------+------------------------------------+
using time 688.8485s, training loss at epoch 6: 455.2762
using time 713.8235s, training loss at epoch 7: 429.5291
using time 728.6376s, training loss at epoch 8: 409.1255
using time 727.5035s, training loss at epoch 9: 393.2435
+-------+-------------------+-------------------+--------------------+------------------------------------+------------------------------------+------------------------------------+------------------------------------+
| Epoch |  training time(s) |   tesing time(s)  |        Loss        |               recall               |                ndcg                |             precision              |             hit_ratio              |
+-------+-------------------+-------------------+--------------------+------------------------------------+------------------------------------+------------------------------------+------------------------------------+
|   10  | 698.4150409698486 | 49.14796233177185 | 380.80828857421875 | [0.18528013 0.2585524  0.30976942] | [0.15601095 0.1790871  0.19437377] | [0.05771987 0.04072778 0.03278574] | [0.58885391 0.69030076 0.7456628 ] |
+-------+-------------------+-------------------+--------------------+------------------------------------+------------------------------------+------------------------------------+------------------------------------+
using time 680.6873s, training loss at epoch 11: 371.0898
using time 682.7591s, training loss at epoch 12: 363.4780
using time 680.8114s, training loss at epoch 13: 356.9875
using time 680.8973s, training loss at epoch 14: 351.7932
+-------+-------------------+-------------------+--------------------+------------------------------------+------------------------------------+------------------------------------+------------------------------------+
| Epoch |  training time(s) |   tesing time(s)  |        Loss        |               recall               |                ndcg                |             precision              |             hit_ratio              |
+-------+-------------------+-------------------+--------------------+------------------------------------+------------------------------------+------------------------------------+------------------------------------+
|   15  | 676.7580242156982 | 49.50192427635193 | 347.33929443359375 | [0.18637618 0.25971684 0.310259  ] | [0.15698645 0.18014025 0.19522489] | [0.05801628 0.04090277 0.03282816] | [0.59196865 0.69224328 0.74817469] |
+-------+-------------------+-------------------+--------------------+------------------------------------+------------------------------------+------------------------------------+------------------------------------+
using time 679.1932s, training loss at epoch 16: 343.4708
using time 663.8449s, training loss at epoch 17: 340.1993
using time 686.5852s, training loss at epoch 18: 337.3191
using time 686.3394s, training loss at epoch 19: 334.8820
+-------+-------------------+-------------------+-------------------+------------------------------------+------------------------------------+------------------------------------+------------------------------------+
| Epoch |  training time(s) |   tesing time(s)  |        Loss       |               recall               |                ndcg                |             precision              |             hit_ratio              |
+-------+-------------------+-------------------+-------------------+------------------------------------+------------------------------------+------------------------------------+------------------------------------+
|   20  | 690.5343475341797 | 51.06549429893494 | 332.7015686035156 | [0.18499041 0.25813147 0.30691288] | [0.15565956 0.17875136 0.19334113] | [0.05744859 0.04052013 0.03243073] | [0.58878692 0.69117155 0.7456963 ] |
+-------+-------------------+-------------------+-------------------+------------------------------------+------------------------------------+------------------------------------+------------------------------------+
using time 679.6224s, training loss at epoch 21: 330.6645
using time 670.0465s, training loss at epoch 22: 329.0464
using time 682.1575s, training loss at epoch 23: 327.3603
using time 691.4715s, training loss at epoch 24: 325.9841
+-------+-------------------+--------------------+-------------------+------------------------------------+------------------------------------+------------------------------------+------------------------------------+
| Epoch |  training time(s) |   tesing time(s)   |        Loss       |               recall               |                ndcg                |             precision              |             hit_ratio              |
+-------+-------------------+--------------------+-------------------+------------------------------------+------------------------------------+------------------------------------+------------------------------------+
|   25  | 692.8840758800507 | 50.381481409072876 | 324.6718444824219 | [0.1831073  0.25403233 0.30116253] | [0.15378941 0.1761776  0.19031831] | [0.05673186 0.03981261 0.03181169] | [0.58597361 0.68624824 0.73836158] |
+-------+-------------------+--------------------+-------------------+------------------------------------+------------------------------------+------------------------------------+------------------------------------+
Early stopping is trigger at step: 2 log:0.18310729625528469
early stopping at 25, recall@20:0.1864
