reading train and test user-item set ...
building the adj mat ...
loading over ...
Method 4 GCL model setup
Mixing한 negative들을 분모에 negative pair에 추가 (No FN elimination)
start training ...
+-------+--------------------+-------------------+--------------+------------------------------------+------------------------------------+------------------------------------+------------------------------------+
| Epoch |  training time(s)  |   tesing time(s)  |     Loss     |               recall               |                ndcg                |             precision              |             hit_ratio              |
+-------+--------------------+-------------------+--------------+------------------------------------+------------------------------------+------------------------------------+------------------------------------+
|   0   | 58.639432430267334 | 51.06144142150879 | 621.12890625 | [0.14374081 0.20335044 0.24351988] | [0.11339361 0.1327736  0.14484316] | [0.04251959 0.03053369 0.02464387] | [0.46346038 0.56112265 0.61641771] |
+-------+--------------------+-------------------+--------------+------------------------------------+------------------------------------+------------------------------------+------------------------------------+
using time 58.4950s, training loss at epoch 1: 579.6412
using time 58.6629s, training loss at epoch 2: 567.3018
using time 57.8941s, training loss at epoch 3: 555.4327
using time 58.1151s, training loss at epoch 4: 539.2664
+-------+--------------------+-------------------+-------------------+------------------------------------+------------------------------------+------------------------------------+------------------------------------+
| Epoch |  training time(s)  |   tesing time(s)  |        Loss       |               recall               |                ndcg                |             precision              |             hit_ratio              |
+-------+--------------------+-------------------+-------------------+------------------------------------+------------------------------------+------------------------------------+------------------------------------+
|   5   | 57.876044273376465 | 51.54022240638733 | 515.0383911132812 | [0.15224101 0.21284504 0.25440904] | [0.12522149 0.14460211 0.15702215] | [0.04518052 0.03197803 0.02575636] | [0.48744055 0.57914127 0.62968049] |
+-------+--------------------+-------------------+-------------------+------------------------------------+------------------------------------+------------------------------------+------------------------------------+
using time 57.8384s, training loss at epoch 6: 484.8301
using time 57.6580s, training loss at epoch 7: 455.5517
using time 57.8310s, training loss at epoch 8: 430.6840
using time 57.6132s, training loss at epoch 9: 410.2815
+-------+-------------------+--------------------+-------------------+------------------------------------+------------------------------------+------------------------------------+------------------------------------+
| Epoch |  training time(s) |   tesing time(s)   |        Loss       |               recall               |                ndcg                |             precision              |             hit_ratio              |
+-------+-------------------+--------------------+-------------------+------------------------------------+------------------------------------+------------------------------------+------------------------------------+
|   10  | 58.43120837211609 | 51.289352893829346 | 393.9842224121094 | [0.1846774  0.25764837 0.30781805] | [0.1551655  0.1781893  0.19318445] | [0.05724764 0.04045984 0.03251781] | [0.5860071  0.68949695 0.74217965] |
+-------+-------------------+--------------------+-------------------+------------------------------------+------------------------------------+------------------------------------+------------------------------------+
using time 57.1081s, training loss at epoch 11: 381.4934
using time 58.9570s, training loss at epoch 12: 371.4115
using time 57.5950s, training loss at epoch 13: 363.4518
using time 58.7592s, training loss at epoch 14: 357.0188
+-------+--------------------+--------------------+--------------------+------------------------------------+------------------------------------+------------------------------------+------------------------------------+
| Epoch |  training time(s)  |   tesing time(s)   |        Loss        |               recall               |                ndcg                |             precision              |             hit_ratio              |
+-------+--------------------+--------------------+--------------------+------------------------------------+------------------------------------+------------------------------------+------------------------------------+
|   15  | 57.862648487091064 | 52.278263330459595 | 351.44940185546875 | [0.1870627  0.2603887  0.31039829] | [0.15730847 0.18044237 0.19537431] | [0.05808661 0.04096808 0.0328371 ] | [0.59270547 0.69358296 0.74723692] |
+-------+--------------------+--------------------+--------------------+------------------------------------+------------------------------------+------------------------------------+------------------------------------+
using time 58.8671s, training loss at epoch 16: 347.0281
using time 58.8178s, training loss at epoch 17: 343.0952
using time 57.7196s, training loss at epoch 18: 339.6405
using time 58.0836s, training loss at epoch 19: 336.8774
+-------+------------------+-------------------+-------------------+------------------------------------+------------------------------------+------------------------------------+------------------------------------+
| Epoch | training time(s) |   tesing time(s)  |        Loss       |               recall               |                ndcg                |             precision              |             hit_ratio              |
+-------+------------------+-------------------+-------------------+------------------------------------+------------------------------------+------------------------------------+------------------------------------+
|   20  | 58.1600501537323 | 48.82389855384827 | 334.3561096191406 | [0.18553729 0.25856585 0.30754698] | [0.15631982 0.17938667 0.19400472] | [0.05760433 0.04062647 0.03248152] | [0.59046152 0.69160694 0.74542836] |
+-------+------------------+-------------------+-------------------+------------------------------------+------------------------------------+------------------------------------+------------------------------------+
using time 57.7584s, training loss at epoch 21: 332.1151
using time 58.4797s, training loss at epoch 22: 330.2257
using time 58.0893s, training loss at epoch 23: 328.4113
using time 58.9933s, training loss at epoch 24: 326.9560
+-------+-------------------+-------------------+-----------------+------------------------------------+------------------------------------+------------------------------------+------------------------------------+
| Epoch |  training time(s) |   tesing time(s)  |       Loss      |               recall               |                ndcg                |             precision              |             hit_ratio              |
+-------+-------------------+-------------------+-----------------+------------------------------------+------------------------------------+------------------------------------+------------------------------------+
|   25  | 58.06268358230591 | 50.90400266647339 | 325.36669921875 | [0.18371148 0.25477389 0.30191374] | [0.15432254 0.17675108 0.19087547] | [0.05691105 0.03995998 0.03189821] | [0.58701186 0.68691808 0.74017014] |
+-------+-------------------+-------------------+-----------------+------------------------------------+------------------------------------+------------------------------------+------------------------------------+
Early stopping is trigger at step: 2 log:0.18371147907551752
early stopping at 25, recall@20:0.1871
