reading train and test user-item set ...
building the adj mat ...
loading over ...
Method 4 GCL model setup
Mixing한 negative들을 분모에 negative pair에 추가 (No FN elimination)
start training ...
+-------+-------------------+--------------------+-------------------+------------------------------------+------------------------------------+------------------------------------+------------------------------------+
| Epoch |  training time(s) |   tesing time(s)   |        Loss       |               recall               |                ndcg                |             precision              |             hit_ratio              |
+-------+-------------------+--------------------+-------------------+------------------------------------+------------------------------------+------------------------------------+------------------------------------+
|   0   | 131.1890790462494 | 118.09185481071472 | 626.5156860351562 | [0.14442372 0.20509562 0.24704504] | [0.11451069 0.13419597 0.14678821] | [0.04293992 0.03094815 0.02511945] | [0.4662402  0.56293121 0.62120705] |
+-------+-------------------+--------------------+-------------------+------------------------------------+------------------------------------+------------------------------------+------------------------------------+
using time 74.6056s, training loss at epoch 1: 582.7371
using time 77.8369s, training loss at epoch 2: 565.9462
using time 80.1202s, training loss at epoch 3: 546.7643
using time 80.3158s, training loss at epoch 4: 519.5024
+-------+-------------------+--------------------+-------------------+------------------------------------+------------------------------------+------------------------------------+------------------------------------+
| Epoch |  training time(s) |   tesing time(s)   |        Loss       |               recall               |                ndcg                |             precision              |             hit_ratio              |
+-------+-------------------+--------------------+-------------------+------------------------------------+------------------------------------+------------------------------------+------------------------------------+
|   5   | 79.70588302612305 | 125.02835321426392 | 486.2034912109375 | [0.16684566 0.23325443 0.28021771] | [0.13900847 0.1601219  0.17411419] | [0.0506062  0.03581452 0.02891687] | [0.53747739 0.63446982 0.68752093] |
+-------+-------------------+--------------------+-------------------+------------------------------------+------------------------------------+------------------------------------+------------------------------------+
using time 81.9487s, training loss at epoch 6: 455.3251
using time 82.4066s, training loss at epoch 7: 429.5403
using time 76.8839s, training loss at epoch 8: 409.2183
using time 81.5730s, training loss at epoch 9: 393.2315
+-------+-------------------+--------------------+-------------------+------------------------------------+------------------------------------+------------------------------------+------------------------------------+
| Epoch |  training time(s) |   tesing time(s)   |        Loss       |               recall               |                ndcg                |             precision              |             hit_ratio              |
+-------+-------------------+--------------------+-------------------+------------------------------------+------------------------------------+------------------------------------+------------------------------------+
|   10  | 87.42367935180664 | 137.46946573257446 | 380.7044677734375 | [0.18515523 0.25866558 0.30951513] | [0.15594733 0.17911454 0.19431537] | [0.0576194  0.04070936 0.0327556 ] | [0.58885391 0.69087012 0.744859  ] |
+-------+-------------------+--------------------+-------------------+------------------------------------+------------------------------------+------------------------------------+------------------------------------+
using time 130.5661s, training loss at epoch 11: 371.1660
using time 150.7884s, training loss at epoch 12: 363.3095
using time 153.4950s, training loss at epoch 13: 357.0160
using time 152.3073s, training loss at epoch 14: 351.8461
+-------+-------------------+--------------------+--------------------+------------------------------------+------------------------------------+------------------------------------+------------------------------------+
| Epoch |  training time(s) |   tesing time(s)   |        Loss        |               recall               |                ndcg                |             precision              |             hit_ratio              |
+-------+-------------------+--------------------+--------------------+------------------------------------+------------------------------------+------------------------------------+------------------------------------+
|   15  | 149.6029770374298 | 51.941609382629395 | 347.22723388671875 | [0.1866232  0.26018719 0.31021843] | [0.15704622 0.18023294 0.19519222] | [0.05796102 0.04090277 0.03280584] | [0.59149977 0.69237725 0.74666756] |
+-------+-------------------+--------------------+--------------------+------------------------------------+------------------------------------+------------------------------------+------------------------------------+
using time 149.7703s, training loss at epoch 16: 343.5778
using time 148.5490s, training loss at epoch 17: 340.2267
using time 150.7057s, training loss at epoch 18: 337.2625
using time 150.6514s, training loss at epoch 19: 334.9015
+-------+--------------------+-------------------+-------------------+------------------------------------+------------------------------------+------------------------------------+------------------------------------+
| Epoch |  training time(s)  |   tesing time(s)  |        Loss       |               recall               |                ndcg                |             precision              |             hit_ratio              |
+-------+--------------------+-------------------+-------------------+------------------------------------+------------------------------------+------------------------------------+------------------------------------+
|   20  | 152.05384469032288 | 48.74464464187622 | 332.6885681152344 | [0.18519494 0.25799908 0.30729412] | [0.15600219 0.17893076 0.19368447] | [0.05751725 0.0404657  0.0324391 ] | [0.5888874  0.69026727 0.74435662] |
+-------+--------------------+-------------------+-------------------+------------------------------------+------------------------------------+------------------------------------+------------------------------------+
using time 149.2778s, training loss at epoch 21: 330.6931
using time 115.7824s, training loss at epoch 22: 329.0327
using time 89.9295s, training loss at epoch 23: 327.4055
using time 87.0685s, training loss at epoch 24: 326.0922
+-------+------------------+--------------------+-------------------+------------------------------------+------------------------------------+------------------------------------+------------------------------------+
| Epoch | training time(s) |   tesing time(s)   |        Loss       |               recall               |                ndcg                |             precision              |             hit_ratio              |
+-------+------------------+--------------------+-------------------+------------------------------------+------------------------------------+------------------------------------+------------------------------------+
|   25  | 88.3704297542572 | 128.10821747779846 | 324.6414489746094 | [0.18321035 0.25440059 0.30144688] | [0.15420134 0.17661237 0.19070039] | [0.05683234 0.03984527 0.03179215] | [0.58677741 0.68638221 0.73973474] |
+-------+------------------+--------------------+-------------------+------------------------------------+------------------------------------+------------------------------------+------------------------------------+
Early stopping is trigger at step: 2 log:0.1832103509049223
early stopping at 25, recall@20:0.1866
