reading train and test user-item set ...
building the adj mat ...
loading over ...
Method 3 GCL model setup
start training ...
+-------+-------------------+------------------+----------------+------------------------------------+------------------------------------+------------------------------------+------------------------------------+
| Epoch |  training time(s) |  tesing time(s)  |      Loss      |               recall               |                ndcg                |             precision              |             hit_ratio              |
+-------+-------------------+------------------+----------------+------------------------------------+------------------------------------+------------------------------------+------------------------------------+
|   0   | 259.3437316417694 | 51.3466010093689 | 959.1513671875 | [0.05826718 0.0941773  0.12151785] | [0.04843955 0.06198861 0.07160035] | [0.02593154 0.02118069 0.01840554] | [0.35881647 0.48957939 0.56552356] |
+-------+-------------------+------------------+----------------+------------------------------------+------------------------------------+------------------------------------+------------------------------------+
using time 258.1109s, training loss at epoch 1: 888.1957
using time 250.5254s, training loss at epoch 2: 871.0343
using time 253.1864s, training loss at epoch 3: 858.2612
using time 251.8840s, training loss at epoch 4: 842.5524
+-------+-------------------+------------------+-------------------+------------------------------------+------------------------------------+------------------------------------+------------------------------------+
| Epoch |  training time(s) |  tesing time(s)  |        Loss       |               recall               |                ndcg                |             precision              |             hit_ratio              |
+-------+-------------------+------------------+-------------------+------------------------------------+------------------------------------+------------------------------------+------------------------------------+
|   5   | 248.9731285572052 | 45.1191291809082 | 816.8159790039062 | [0.05902155 0.09455213 0.12234099] | [0.04990874 0.06322882 0.07295802] | [0.02704465 0.02192197 0.01899657] | [0.35865858 0.48209549 0.5540293 ] |
+-------+-------------------+------------------+-------------------+------------------------------------+------------------------------------+------------------------------------+------------------------------------+
using time 238.1026s, training loss at epoch 6: 781.3529
using time 235.6356s, training loss at epoch 7: 738.6364
using time 231.4388s, training loss at epoch 8: 692.9839
using time 244.5765s, training loss at epoch 9: 654.0385
+-------+--------------------+-------------------+-------------------+------------------------------------+------------------------------------+------------------------------------+------------------------------------+
| Epoch |  training time(s)  |   tesing time(s)  |        Loss       |               recall               |                ndcg                |             precision              |             hit_ratio              |
+-------+--------------------+-------------------+-------------------+------------------------------------+------------------------------------+------------------------------------+------------------------------------+
|   10  | 241.68953275680542 | 43.90386486053467 | 624.9134521484375 | [0.07327247 0.11954937 0.15625571] | [0.06023383 0.07760082 0.09041034] | [0.03296072 0.0271378  0.02379163] | [0.42977138 0.57938613 0.66423519] |
+-------+--------------------+-------------------+-------------------+------------------------------------+------------------------------------+------------------------------------+------------------------------------+
using time 238.5752s, training loss at epoch 11: 603.8250
using time 252.1337s, training loss at epoch 12: 587.7919
using time 243.2777s, training loss at epoch 13: 575.4111
using time 244.8917s, training loss at epoch 14: 565.5004
+-------+--------------------+--------------------+-------------------+------------------------------------+------------------------------------+------------------------------------+------------------------------------+
| Epoch |  training time(s)  |   tesing time(s)   |        Loss       |               recall               |                ndcg                |             precision              |             hit_ratio              |
+-------+--------------------+--------------------+-------------------+------------------------------------+------------------------------------+------------------------------------+------------------------------------+
|   15  | 242.78632426261902 | 45.276100635528564 | 557.3353271484375 | [0.07281873 0.11852409 0.15551522] | [0.05984606 0.07706365 0.08993367] | [0.03271283 0.02693492 0.02365164] | [0.42816092 0.57799672 0.66227738] |
+-------+--------------------+--------------------+-------------------+------------------------------------+------------------------------------+------------------------------------+------------------------------------+
using time 236.0707s, training loss at epoch 16: 550.2370
using time 241.8042s, training loss at epoch 17: 544.7861
using time 236.4664s, training loss at epoch 18: 539.5228
using time 251.0385s, training loss at epoch 19: 535.3473
+-------+--------------------+-------------------+-----------------+------------------------------------+------------------------------------+------------------------------------+------------------------------------+
| Epoch |  training time(s)  |   tesing time(s)  |       Loss      |               recall               |                ndcg                |             precision              |             hit_ratio              |
+-------+--------------------+-------------------+-----------------+------------------------------------+------------------------------------+------------------------------------+------------------------------------+
|   20  | 246.22809481620789 | 43.94213843345642 | 531.25634765625 | [0.07213313 0.11714998 0.15315899] | [0.05931362 0.07626322 0.08883972] | [0.03232601 0.02661046 0.02333165] | [0.42566629 0.57404951 0.65814071] |
+-------+--------------------+-------------------+-----------------+------------------------------------+------------------------------------+------------------------------------+------------------------------------+
Early stopping is trigger at step: 2 log:0.07213312895129227
early stopping at 20, recall@20:0.0733
