reading train and test user-item set ...
building the adj mat ...
loading over ...
Method 3 GCL model setup
Mixing한 negative들을 분모에 negative pair에 추가 + FN elimination
start training ...
+-------+--------------------+-------------------+------------------+------------------------------------+------------------------------------+------------------------------------+------------------------------------+
| Epoch |  training time(s)  |   tesing time(s)  |       Loss       |               recall               |                ndcg                |             precision              |             hit_ratio              |
+-------+--------------------+-------------------+------------------+------------------------------------+------------------------------------+------------------------------------+------------------------------------+
|   0   | 337.89081597328186 | 57.09699106216431 | 959.520263671875 | [0.05880985 0.09432483 0.12159966] | [0.04880692 0.06219692 0.07177339] | [0.02618416 0.02123753 0.01841449] | [0.36156372 0.49201086 0.56647089] |
+-------+--------------------+-------------------+------------------+------------------------------------+------------------------------------+------------------------------------+------------------------------------+
using time 326.9194s, training loss at epoch 1: 888.3837
using time 333.8214s, training loss at epoch 2: 871.2340
using time 327.8048s, training loss at epoch 3: 858.6094
using time 339.5268s, training loss at epoch 4: 843.2963
+-------+--------------------+-------------------+-------------------+------------------------------------+------------------------------------+------------------------------------+------------------------------------+
| Epoch |  training time(s)  |   tesing time(s)  |        Loss       |               recall               |                ndcg                |             precision              |             hit_ratio              |
+-------+--------------------+-------------------+-------------------+------------------------------------+------------------------------------+------------------------------------+------------------------------------+
|   5   | 335.13232803344727 | 56.19297552108765 | 817.9889526367188 | [0.060853   0.09645398 0.12472365] | [0.05118685 0.06450697 0.07441501] | [0.0277962  0.02231117 0.0193355 ] | [0.36825818 0.49062145 0.56287104] |
+-------+--------------------+-------------------+-------------------+------------------------------------+------------------------------------+------------------------------------+------------------------------------+
using time 338.5266s, training loss at epoch 6: 782.6122
using time 327.0382s, training loss at epoch 7: 739.8292
using time 261.7589s, training loss at epoch 8: 694.2983
using time 265.5307s, training loss at epoch 9: 655.2358
+-------+--------------------+-------------------+-------------------+------------------------------------+------------------------------------+------------------------------------+------------------------------------+
| Epoch |  training time(s)  |   tesing time(s)  |        Loss       |               recall               |                ndcg                |             precision              |             hit_ratio              |
+-------+--------------------+-------------------+-------------------+------------------------------------+------------------------------------+------------------------------------+------------------------------------+
|   10  | 253.44812083244324 | 44.81654667854309 | 626.0706176757812 | [0.07298597 0.11952005 0.15612538] | [0.06009839 0.07755999 0.09036252] | [0.03288651 0.02711333 0.02379374] | [0.42863458 0.57790198 0.66331944] |
+-------+--------------------+-------------------+-------------------+------------------------------------+------------------------------------+------------------------------------+------------------------------------+
using time 271.7753s, training loss at epoch 11: 604.7478
using time 252.1312s, training loss at epoch 12: 588.7658
using time 252.2838s, training loss at epoch 13: 576.2687
using time 257.6119s, training loss at epoch 14: 566.0606
+-------+--------------------+-------------------+-------------------+------------------------------------+------------------------------------+------------------------------------+------------------------------------+
| Epoch |  training time(s)  |   tesing time(s)  |        Loss       |               recall               |                ndcg                |             precision              |             hit_ratio              |
+-------+--------------------+-------------------+-------------------+------------------------------------+------------------------------------+------------------------------------+------------------------------------+
|   15  | 253.64584374427795 | 45.14029502868652 | 558.1168212890625 | [0.07266296 0.11893646 0.15549587] | [0.05990142 0.07729845 0.09004796] | [0.03263863 0.02697676 0.02364743] | [0.42576102 0.57752305 0.66136163] |
+-------+--------------------+-------------------+-------------------+------------------------------------+------------------------------------+------------------------------------+------------------------------------+
using time 250.5431s, training loss at epoch 16: 550.9755
using time 262.3002s, training loss at epoch 17: 545.1328
using time 250.2817s, training loss at epoch 18: 540.0057
using time 253.7120s, training loss at epoch 19: 535.8227
+-------+--------------------+-------------------+---------------+------------------------------------+------------------------------------+------------------------------------+------------------------------------+
| Epoch |  training time(s)  |   tesing time(s)  |      Loss     |               recall               |                ndcg                |             precision              |             hit_ratio              |
+-------+--------------------+-------------------+---------------+------------------------------------+------------------------------------+------------------------------------+------------------------------------+
|   20  | 262.19203090667725 | 46.10021638870239 | 531.708984375 | [0.07162811 0.11730311 0.15288841] | [0.05919399 0.07638797 0.0888353 ] | [0.03218707 0.02664362 0.02331007] | [0.42212959 0.57376532 0.65738285] |
+-------+--------------------+-------------------+---------------+------------------------------------+------------------------------------+------------------------------------+------------------------------------+
Early stopping is trigger at step: 2 log:0.07162810524810213
early stopping at 20, recall@20:0.0730
