reading train and test user-item set ...
building the adj mat ...
loading over ...
Method 3 GCL model setup
start training ...
+-------+--------------------+-------------------+------------------+------------------------------------+------------------------------------+------------------------------------+------------------------------------+
| Epoch |  training time(s)  |   tesing time(s)  |       Loss       |               recall               |                ndcg                |             precision              |             hit_ratio              |
+-------+--------------------+-------------------+------------------+------------------------------------+------------------------------------+------------------------------------+------------------------------------+
|   0   | 250.73568320274353 | 45.92861771583557 | 967.940673828125 | [0.05845692 0.09503466 0.12309725] | [0.04857723 0.06236927 0.07224897] | [0.02598522 0.02132042 0.01862132] | [0.35900594 0.49305292 0.57117595] |
+-------+--------------------+-------------------+------------------+------------------------------------+------------------------------------+------------------------------------+------------------------------------+
using time 240.1726s, training loss at epoch 1: 893.6148
using time 239.4347s, training loss at epoch 2: 872.1124
using time 239.7261s, training loss at epoch 3: 852.3348
using time 240.5710s, training loss at epoch 4: 823.2619
+-------+--------------------+-------------------+-------------------+------------------------------------+------------------------------------+------------------------------------+------------------------------------+
| Epoch |  training time(s)  |   tesing time(s)  |        Loss       |               recall               |                ndcg                |             precision              |             hit_ratio              |
+-------+--------------------+-------------------+-------------------+------------------------------------+------------------------------------+------------------------------------+------------------------------------+
|   5   | 250.61647129058838 | 46.24004817008972 | 783.8358154296875 | [0.06897709 0.11184366 0.14546003] | [0.05757922 0.07367873 0.08546101] | [0.03123342 0.0255755  0.02235169] | [0.40896173 0.55106101 0.63044714] |
+-------+--------------------+-------------------+-------------------+------------------------------------+------------------------------------+------------------------------------+------------------------------------+
using time 242.3366s, training loss at epoch 6: 737.4409
using time 242.1767s, training loss at epoch 7: 690.3168
using time 246.5454s, training loss at epoch 8: 651.8719
using time 243.0888s, training loss at epoch 9: 623.9770
+-------+-------------------+-------------------+-------------------+------------------------------------+------------------------------------+------------------------------------+------------------------------------+
| Epoch |  training time(s) |   tesing time(s)  |        Loss       |               recall               |                ndcg                |             precision              |             hit_ratio              |
+-------+-------------------+-------------------+-------------------+------------------------------------+------------------------------------+------------------------------------+------------------------------------+
|   10  | 243.3120560646057 | 51.22848105430603 | 603.5872802734375 | [0.07294624 0.11959593 0.15638678] | [0.05997651 0.07748728 0.09034529] | [0.03280757 0.02708728 0.02377847] | [0.42857143 0.58049135 0.66518252] |
+-------+-------------------+-------------------+-------------------+------------------------------------+------------------------------------+------------------------------------+------------------------------------+
using time 241.9048s, training loss at epoch 11: 588.3691
using time 241.8043s, training loss at epoch 12: 576.3229
using time 239.6417s, training loss at epoch 13: 566.6997
using time 263.1538s, training loss at epoch 14: 558.7650
+-------+-------------------+-------------------+-------------------+------------------------------------+------------------------------------+------------------------------------+------------------------------------+
| Epoch |  training time(s) |   tesing time(s)  |        Loss       |               recall               |                ndcg                |             precision              |             hit_ratio              |
+-------+-------------------+-------------------+-------------------+------------------------------------+------------------------------------+------------------------------------+------------------------------------+
|   15  | 257.9990782737732 | 46.80197501182556 | 552.1115112304688 | [0.07245965 0.11871469 0.15533994] | [0.05962549 0.07704243 0.08980281] | [0.03249495 0.0269136  0.02359795] | [0.42696097 0.57875458 0.66256158] |
+-------+-------------------+-------------------+-------------------+------------------------------------+------------------------------------+------------------------------------+------------------------------------+
using time 251.4252s, training loss at epoch 16: 546.1193
using time 256.8375s, training loss at epoch 17: 541.5626
using time 253.8485s, training loss at epoch 18: 536.9518
using time 248.4930s, training loss at epoch 19: 533.2793
+-------+--------------------+-------------------+------------------+------------------------------------+------------------------------------+------------------------------------+------------------------------------+
| Epoch |  training time(s)  |   tesing time(s)  |       Loss       |               recall               |                ndcg                |             precision              |             hit_ratio              |
+-------+--------------------+-------------------+------------------+------------------------------------+------------------------------------+------------------------------------+------------------------------------+
|   20  | 251.11862754821777 | 43.91937780380249 | 529.668701171875 | [0.07176226 0.11705244 0.15274211] | [0.0591494  0.07619353 0.08868684] | [0.03216338 0.02653783 0.02327849] | [0.42430845 0.57351269 0.65709865] |
+-------+--------------------+-------------------+------------------+------------------------------------+------------------------------------+------------------------------------+------------------------------------+
Early stopping is trigger at step: 2 log:0.07176225950976624
early stopping at 20, recall@20:0.0729
