reading train and test user-item set ...
building the adj mat ...
loading over ...
Method 4 GCL model setup
Mixing한 negative들을 분모에 negative pair에 추가 (No FN elimination)
start training ...
+-------+--------------------+-------------------+-------------------+------------------------------------+------------------------------------+------------------------------------+------------------------------------+
| Epoch |  training time(s)  |   tesing time(s)  |        Loss       |               recall               |                ndcg                |             precision              |             hit_ratio              |
+-------+--------------------+-------------------+-------------------+------------------------------------+------------------------------------+------------------------------------+------------------------------------+
|   0   | 110.94279861450195 | 43.69569110870361 | 958.9342041015625 | [0.05889961 0.09413694 0.12164333] | [0.04878407 0.06205472 0.07172253] | [0.02618732 0.02118937 0.0184387 ] | [0.36099533 0.48869521 0.56508147] |
+-------+--------------------+-------------------+-------------------+------------------------------------+------------------------------------+------------------------------------+------------------------------------+
using time 120.9255s, training loss at epoch 1: 888.0257
using time 120.7154s, training loss at epoch 2: 870.8461
using time 119.8908s, training loss at epoch 3: 858.0656
using time 115.7291s, training loss at epoch 4: 841.7887
+-------+--------------------+-------------------+---------------+------------------------------------+------------------------------------+------------------------------------+------------------------------------+
| Epoch |  training time(s)  |   tesing time(s)  |      Loss     |               recall               |                ndcg                |             precision              |             hit_ratio              |
+-------+--------------------+-------------------+---------------+------------------------------------+------------------------------------+------------------------------------+------------------------------------+
|   5   | 116.32896447181702 | 46.88222360610962 | 815.330078125 | [0.05687925 0.0912822  0.11791132] | [0.04807252 0.06094119 0.07029239] | [0.02606259 0.02110964 0.01831607] | [0.34710117 0.46719086 0.53631426] |
+-------+--------------------+-------------------+---------------+------------------------------------+------------------------------------+------------------------------------+------------------------------------+
using time 120.4408s, training loss at epoch 6: 779.9216
using time 120.6598s, training loss at epoch 7: 737.5062
using time 120.4129s, training loss at epoch 8: 691.9972
using time 120.5743s, training loss at epoch 9: 653.0046
+-------+--------------------+--------------------+-------------------+------------------------------------+------------------------------------+------------------------------------+------------------------------------+
| Epoch |  training time(s)  |   tesing time(s)   |        Loss       |               recall               |                ndcg                |             precision              |             hit_ratio              |
+-------+--------------------+--------------------+-------------------+------------------------------------+------------------------------------+------------------------------------+------------------------------------+
|   10  | 119.83982539176941 | 43.704517126083374 | 623.9548950195312 | [0.07290632 0.11974352 0.15586836] | [0.06005016 0.07764954 0.0902719 ] | [0.03278073 0.02713544 0.02372374] | [0.42869774 0.58068081 0.66265631] |
+-------+--------------------+--------------------+-------------------+------------------------------------+------------------------------------+------------------------------------+------------------------------------+
using time 108.7810s, training loss at epoch 11: 603.0790
using time 117.5968s, training loss at epoch 12: 587.1179
using time 119.4055s, training loss at epoch 13: 574.7148
using time 121.1905s, training loss at epoch 14: 564.9794
+-------+--------------------+--------------------+-------------------+------------------------------------+------------------------------------+------------------------------------+------------------------------------+
| Epoch |  training time(s)  |   tesing time(s)   |        Loss       |               recall               |                ndcg                |             precision              |             hit_ratio              |
+-------+--------------------+--------------------+-------------------+------------------------------------+------------------------------------+------------------------------------+------------------------------------+
|   15  | 120.94981145858765 | 49.816516637802124 | 556.8817749023438 | [0.07272935 0.11898396 0.15567794] | [0.05979813 0.07720254 0.0900022 ] | [0.03265441 0.02697992 0.02368321] | [0.42737148 0.57913351 0.66271946] |
+-------+--------------------+--------------------+-------------------+------------------------------------+------------------------------------+------------------------------------+------------------------------------+
using time 121.1042s, training loss at epoch 16: 550.1273
using time 122.1763s, training loss at epoch 17: 544.3804
using time 122.3244s, training loss at epoch 18: 539.4850
using time 117.5744s, training loss at epoch 19: 535.0335
+-------+--------------------+-------------------+------------------+------------------------------------+------------------------------------+------------------------------------+------------------------------------+
| Epoch |  training time(s)  |   tesing time(s)  |       Loss       |               recall               |                ndcg                |             precision              |             hit_ratio              |
+-------+--------------------+-------------------+------------------+------------------------------------+------------------------------------+------------------------------------+------------------------------------+
|   20  | 118.82434797286987 | 45.43073272705078 | 530.998779296875 | [0.07176588 0.11761997 0.15322675] | [0.05918613 0.07642673 0.08888743] | [0.03221391 0.02666335 0.02334586] | [0.42298219 0.5753442  0.6582986 ] |
+-------+--------------------+-------------------+------------------+------------------------------------+------------------------------------+------------------------------------+------------------------------------+
Early stopping is trigger at step: 2 log:0.07176587608960165
early stopping at 20, recall@20:0.0729
