reading train and test user-item set ...
building the adj mat ...
loading over ...
Method 4 GCL model setup
Mixing한 negative들을 분모에 negative pair에 추가 (No FN elimination)
start training ...
+-------+--------------------+--------------------+-----------------+------------------------------------+------------------------------------+------------------------------------+------------------------------------+
| Epoch |  training time(s)  |   tesing time(s)   |       Loss      |               recall               |                ndcg                |             precision              |             hit_ratio              |
+-------+--------------------+--------------------+-----------------+------------------------------------+------------------------------------+------------------------------------+------------------------------------+
|   0   | 109.79315114021301 | 58.725719690322876 | 959.15966796875 | [0.05818479 0.09396941 0.12193964] | [0.04845426 0.06197953 0.07178664] | [0.02586838 0.02115543 0.01844764] | [0.35846912 0.48948465 0.56606038] |
+-------+--------------------+--------------------+-----------------+------------------------------------+------------------------------------+------------------------------------+------------------------------------+
using time 108.9376s, training loss at epoch 1: 888.1999
using time 138.9985s, training loss at epoch 2: 871.0393
using time 135.0330s, training loss at epoch 3: 858.2659
using time 129.8342s, training loss at epoch 4: 842.5678
+-------+--------------------+--------------------+-------------------+------------------------------------+------------------------------------+------------------------------------+------------------------------------+
| Epoch |  training time(s)  |   tesing time(s)   |        Loss       |               recall               |                ndcg                |             precision              |             hit_ratio              |
+-------+--------------------+--------------------+-------------------+------------------------------------+------------------------------------+------------------------------------+------------------------------------+
|   5   | 136.09891319274902 | 50.259610652923584 | 816.8231811523438 | [0.05898689 0.09460057 0.12206626] | [0.04986889 0.06321036 0.07284206] | [0.02705886 0.02192434 0.01897552] | [0.35935329 0.48215865 0.55245042] |
+-------+--------------------+--------------------+-------------------+------------------------------------+------------------------------------+------------------------------------+------------------------------------+
using time 134.9954s, training loss at epoch 6: 781.3623
using time 133.8841s, training loss at epoch 7: 738.6620
using time 135.8468s, training loss at epoch 8: 693.0266
using time 136.3435s, training loss at epoch 9: 654.0677
+-------+--------------------+-------------------+-------------------+------------------------------------+------------------------------------+------------------------------------+------------------------------------+
| Epoch |  training time(s)  |   tesing time(s)  |        Loss       |               recall               |                ndcg                |             precision              |             hit_ratio              |
+-------+--------------------+-------------------+-------------------+------------------------------------+------------------------------------+------------------------------------+------------------------------------+
|   10  | 135.55994939804077 | 49.36481237411499 | 624.9317016601562 | [0.07317397 0.1194172  0.15613824] | [0.06018419 0.07755955 0.09038084] | [0.03289598 0.02711096 0.02377953] | [0.42926614 0.57967033 0.66432992] |
+-------+--------------------+-------------------+-------------------+------------------------------------+------------------------------------+------------------------------------+------------------------------------+
using time 134.1798s, training loss at epoch 11: 603.8434
using time 134.9658s, training loss at epoch 12: 587.8026
using time 134.0079s, training loss at epoch 13: 575.4183
using time 135.0254s, training loss at epoch 14: 565.5045
+-------+--------------------+-------------------+-------------------+------------------------------------+------------------------------------+------------------------------------+------------------------------------+
| Epoch |  training time(s)  |   tesing time(s)  |        Loss       |               recall               |                ndcg                |             precision              |             hit_ratio              |
+-------+--------------------+-------------------+-------------------+------------------------------------+------------------------------------+------------------------------------+------------------------------------+
|   15  | 132.15957593917847 | 51.05095362663269 | 557.3404541015625 | [0.07274604 0.11856322 0.15530935] | [0.05986483 0.07712462 0.0899235 ] | [0.03266862 0.02693413 0.02363216] | [0.4279083  0.57821776 0.66202476] |
+-------+--------------------+-------------------+-------------------+------------------------------------+------------------------------------+------------------------------------+------------------------------------+
using time 129.6485s, training loss at epoch 16: 550.2372
using time 136.9216s, training loss at epoch 17: 544.7859
using time 133.5403s, training loss at epoch 18: 539.5215
using time 138.6175s, training loss at epoch 19: 535.3485
+-------+-------------------+-------------------+-------------------+------------------------------------+------------------------------------+------------------------------------+------------------------------------+
| Epoch |  training time(s) |   tesing time(s)  |        Loss       |               recall               |                ndcg                |             precision              |             hit_ratio              |
+-------+-------------------+-------------------+-------------------+------------------------------------+------------------------------------+------------------------------------+------------------------------------+
|   20  | 135.2211241722107 | 48.14302325248718 | 531.2525024414062 | [0.07217092 0.11704429 0.1530039 ] | [0.05931088 0.07620142 0.08875639] | [0.03235443 0.02659783 0.02331112] | [0.42563471 0.57341796 0.65763547] |
+-------+-------------------+-------------------+-------------------+------------------------------------+------------------------------------+------------------------------------+------------------------------------+
Early stopping is trigger at step: 2 log:0.07217092003386934
early stopping at 20, recall@20:0.0732
