reading train and test user-item set ...
building the adj mat ...
loading over ...
Method 3 GCL model setup
start training ...
+-------+--------------------+------------------+-------------------+------------------------------------+------------------------------------+------------------------------------+------------------------------------+
| Epoch |  training time(s)  |  tesing time(s)  |        Loss       |               recall               |                ndcg                |             precision              |             hit_ratio              |
+-------+--------------------+------------------+-------------------+------------------------------------+------------------------------------+------------------------------------+------------------------------------+
|   0   | 187.12943649291992 | 45.5553879737854 | 967.9381103515625 | [0.0583015  0.09488334 0.12342878] | [0.0484622  0.06227711 0.0723225 ] | [0.02590312 0.02128489 0.0186629 ] | [0.35805861 0.49175824 0.57177593] |
+-------+--------------------+------------------+-------------------+------------------------------------+------------------------------------+------------------------------------+------------------------------------+
using time 182.3819s, training loss at epoch 1: 893.6208
using time 189.1166s, training loss at epoch 2: 872.1180
using time 188.2360s, training loss at epoch 3: 852.3105
using time 184.0572s, training loss at epoch 4: 823.2310
+-------+--------------------+--------------------+-------------------+------------------------------------+------------------------------------+------------------------------------+------------------------------------+
| Epoch |  training time(s)  |   tesing time(s)   |        Loss       |               recall               |                ndcg                |             precision              |             hit_ratio              |
+-------+--------------------+--------------------+-------------------+------------------------------------+------------------------------------+------------------------------------+------------------------------------+
|   5   | 180.81813526153564 | 47.656105279922485 | 783.8106689453125 | [0.06885868 0.11196263 0.14539646] | [0.05758275 0.07376747 0.08546552] | [0.0312129  0.02560392 0.02232432] | [0.40861437 0.55118732 0.63016294] |
+-------+--------------------+--------------------+-------------------+------------------------------------+------------------------------------+------------------------------------+------------------------------------+
using time 180.7815s, training loss at epoch 6: 737.3961
using time 183.2731s, training loss at epoch 7: 690.2549
using time 184.5190s, training loss at epoch 8: 651.8107
using time 179.2876s, training loss at epoch 9: 623.9347
+-------+-------------------+-------------------+-----------------+------------------------------------+------------------------------------+------------------------------------+------------------------------------+
| Epoch |  training time(s) |   tesing time(s)  |       Loss      |               recall               |                ndcg                |             precision              |             hit_ratio              |
+-------+-------------------+-------------------+-----------------+------------------------------------+------------------------------------+------------------------------------+------------------------------------+
|   10  | 185.1512999534607 | 43.50335502624512 | 603.54345703125 | [0.07284078 0.11952125 0.15631518] | [0.05993896 0.0774764  0.09032691] | [0.03274441 0.0270707  0.02376058] | [0.4279083  0.58052293 0.66489832] |
+-------+-------------------+-------------------+-----------------+------------------------------------+------------------------------------+------------------------------------+------------------------------------+
using time 179.5966s, training loss at epoch 11: 588.3329
using time 177.0415s, training loss at epoch 12: 576.2820
using time 177.3341s, training loss at epoch 13: 566.6675
using time 173.3363s, training loss at epoch 14: 558.7284
+-------+------------------+--------------------+------------------+------------------------------------+------------------------------------+------------------------------------+------------------------------------+
| Epoch | training time(s) |   tesing time(s)   |       Loss       |               recall               |                ndcg                |             precision              |             hit_ratio              |
+-------+------------------+--------------------+------------------+------------------------------------+------------------------------------+------------------------------------+------------------------------------+
|   15  | 175.195955991745 | 45.125102519989014 | 552.075927734375 | [0.07242742 0.1184773  0.15539068] | [0.05965504 0.07700331 0.08986631] | [0.03248863 0.02687729 0.0236069 ] | [0.42673993 0.57783883 0.66319313] |
+-------+------------------+--------------------+------------------+------------------------------------+------------------------------------+------------------------------------+------------------------------------+
using time 170.5560s, training loss at epoch 16: 546.0884
using time 170.6879s, training loss at epoch 17: 541.5239
using time 172.5270s, training loss at epoch 18: 536.9151
using time 169.6367s, training loss at epoch 19: 533.2482
+-------+-------------------+-------------------+-------------------+------------------------------------+------------------------------------+------------------------------------+------------------------------------+
| Epoch |  training time(s) |   tesing time(s)  |        Loss       |               recall               |                ndcg                |             precision              |             hit_ratio              |
+-------+-------------------+-------------------+-------------------+------------------------------------+------------------------------------+------------------------------------+------------------------------------+
|   20  | 170.7988076210022 | 44.22685146331787 | 529.6370239257812 | [0.07161346 0.11717778 0.15278945] | [0.05901819 0.07616436 0.08863222] | [0.0321097  0.02654099 0.02328165] | [0.42291903 0.57354427 0.65776178] |
+-------+-------------------+-------------------+-------------------+------------------------------------+------------------------------------+------------------------------------+------------------------------------+
Early stopping is trigger at step: 2 log:0.07161346333155261
early stopping at 20, recall@20:0.0728
