reading train and test user-item set ...
building the adj mat ...
loading over ...
Method 3 GCL model setup
start training ...
+-------+--------------------+-------------------+------------------+------------------------------------+------------------------------------+------------------------------------+------------------------------------+
| Epoch |  training time(s)  |   tesing time(s)  |       Loss       |               recall               |                ndcg                |             precision              |             hit_ratio              |
+-------+--------------------+-------------------+------------------+------------------------------------+------------------------------------+------------------------------------+------------------------------------+
|   0   | 210.36652064323425 | 41.82174015045166 | 958.921630859375 | [0.05901111 0.09428008 0.12179258] | [0.04890891 0.06220157 0.07185737] | [0.02618416 0.021202   0.01843712] | [0.36251105 0.48926361 0.56577618] |
+-------+--------------------+-------------------+------------------+------------------------------------+------------------------------------+------------------------------------+------------------------------------+
using time 210.8841s, training loss at epoch 1: 888.0168
using time 214.5988s, training loss at epoch 2: 870.8355
using time 205.0343s, training loss at epoch 3: 858.0516
using time 204.9978s, training loss at epoch 4: 841.7718
+-------+--------------------+-------------------+-------------------+------------------------------------+------------------------------------+------------------------------------+------------------------------------+
| Epoch |  training time(s)  |   tesing time(s)  |        Loss       |               recall               |                ndcg                |             precision              |             hit_ratio              |
+-------+--------------------+-------------------+-------------------+------------------------------------+------------------------------------+------------------------------------+------------------------------------+
|   5   | 203.42958068847656 | 43.11881470680237 | 815.2982177734375 | [0.05705232 0.0912744  0.11812509] | [0.04819923 0.06099492 0.07042299] | [0.0261289  0.02111753 0.01834607] | [0.34823797 0.4674119  0.53732474] |
+-------+--------------------+-------------------+-------------------+------------------------------------+------------------------------------+------------------------------------+------------------------------------+
using time 208.7310s, training loss at epoch 6: 779.8879
using time 205.0443s, training loss at epoch 7: 737.4824
using time 208.5087s, training loss at epoch 8: 691.9666
using time 217.2395s, training loss at epoch 9: 652.9803
+-------+-------------------+-------------------+-------------------+------------------------------------+------------------------------------+------------------------------------+------------------------------------+
| Epoch |  training time(s) |   tesing time(s)  |        Loss       |               recall               |                ndcg                |             precision              |             hit_ratio              |
+-------+-------------------+-------------------+-------------------+------------------------------------+------------------------------------+------------------------------------+------------------------------------+
|   10  | 241.4045271873474 | 45.90204215049744 | 623.9329833984375 | [0.07290654 0.11969434 0.15606253] | [0.06001214 0.07759751 0.09029061] | [0.0327902  0.02713623 0.02374795] | [0.42895036 0.57995453 0.66234053] |
+-------+-------------------+-------------------+-------------------+------------------------------------+------------------------------------+------------------------------------+------------------------------------+
using time 275.5502s, training loss at epoch 11: 603.0636
using time 293.8688s, training loss at epoch 12: 587.1124
using time 286.9802s, training loss at epoch 13: 574.7091
using time 284.5187s, training loss at epoch 14: 564.9802
+-------+------------------+-------------------+------------------+------------------------------------+------------------------------------+------------------------------------+------------------------------------+
| Epoch | training time(s) |   tesing time(s)  |       Loss       |               recall               |                ndcg                |             precision              |             hit_ratio              |
+-------+------------------+-------------------+------------------+------------------------------------+------------------------------------+------------------------------------+------------------------------------+
|   15  | 279.991562128067 | 44.33518648147583 | 556.881591796875 | [0.07276332 0.11910007 0.15566642] | [0.05981067 0.07725167 0.09000119] | [0.03265915 0.02700992 0.02368058] | [0.42730832 0.57916509 0.66243527] |
+-------+------------------+-------------------+------------------+------------------------------------+------------------------------------+------------------------------------+------------------------------------+
using time 285.8032s, training loss at epoch 16: 550.1284
using time 278.0858s, training loss at epoch 17: 544.3843
using time 292.2985s, training loss at epoch 18: 539.4896
using time 295.3177s, training loss at epoch 19: 535.0400
+-------+--------------------+--------------------+-------------------+------------------------------------+------------------------------------+------------------------------------+------------------------------------+
| Epoch |  training time(s)  |   tesing time(s)   |        Loss       |               recall               |                ndcg                |             precision              |             hit_ratio              |
+-------+--------------------+--------------------+-------------------+------------------------------------+------------------------------------+------------------------------------+------------------------------------+
|   20  | 217.46270203590393 | 42.801130533218384 | 531.0030517578125 | [0.07166517 0.11765733 0.15312613] | [0.05912051 0.07642107 0.08884462] | [0.03217443 0.02666572 0.02334007] | [0.42272957 0.57540735 0.65769862] |
+-------+--------------------+--------------------+-------------------+------------------------------------+------------------------------------+------------------------------------+------------------------------------+
Early stopping is trigger at step: 2 log:0.07166517265204825
early stopping at 20, recall@20:0.0729
