reading train and test user-item set ...
building the adj mat ...
loading over ...
Method 3 GCL model setup
start training ...
+-------+--------------------+-------------------+------------------+------------------------------------+------------------------------------+------------------------------------+------------------------------------+
| Epoch |  training time(s)  |   tesing time(s)  |       Loss       |               recall               |                ndcg                |             precision              |             hit_ratio              |
+-------+--------------------+-------------------+------------------+------------------------------------+------------------------------------+------------------------------------+------------------------------------+
|   0   | 288.78863549232483 | 57.45494484901428 | 968.351318359375 | [0.05910452 0.0947389  0.12277177] | [0.04903913 0.06250711 0.07236289] | [0.02619521 0.02129358 0.01856922] | [0.36014273 0.49169509 0.56972338] |
+-------+--------------------+-------------------+------------------+------------------------------------+------------------------------------+------------------------------------+------------------------------------+
using time 284.6615s, training loss at epoch 1: 893.9006
using time 279.9526s, training loss at epoch 2: 872.5476
using time 281.7477s, training loss at epoch 3: 853.0540
using time 275.0065s, training loss at epoch 4: 824.2454
+-------+--------------------+--------------------+-------------------+------------------------------------+------------------------------------+------------------------------------+------------------------------------+
| Epoch |  training time(s)  |   tesing time(s)   |        Loss       |               recall               |                ndcg                |             precision              |             hit_ratio              |
+-------+--------------------+--------------------+-------------------+------------------------------------+------------------------------------+------------------------------------+------------------------------------+
|   5   | 286.99990463256836 | 53.052746295928955 | 784.7787475585938 | [0.06979233 0.11257034 0.14632868] | [0.05805923 0.07411885 0.08593194] | [0.03156499 0.02574128 0.022448  ] | [0.41133005 0.55368195 0.63231022] |
+-------+--------------------+--------------------+-------------------+------------------------------------+------------------------------------+------------------------------------+------------------------------------+
using time 277.3802s, training loss at epoch 6: 738.4810
using time 278.3940s, training loss at epoch 7: 691.4002
using time 269.8562s, training loss at epoch 8: 653.0132
using time 272.9208s, training loss at epoch 9: 624.9619
+-------+--------------------+-------------------+------------------+------------------------------------+------------------------------------+------------------------------------+------------------------------------+
| Epoch |  training time(s)  |   tesing time(s)  |       Loss       |               recall               |                ndcg                |             precision              |             hit_ratio              |
+-------+--------------------+-------------------+------------------+------------------------------------+------------------------------------+------------------------------------+------------------------------------+
|   10  | 270.72223925590515 | 50.77393364906311 | 604.504150390625 | [0.07285732 0.11968078 0.15608714] | [0.05996229 0.07752293 0.09024762] | [0.03280441 0.02708886 0.02373584] | [0.42797145 0.57979664 0.66215107] |
+-------+--------------------+-------------------+------------------+------------------------------------+------------------------------------+------------------------------------+------------------------------------+
using time 263.6831s, training loss at epoch 11: 589.0903
using time 270.6793s, training loss at epoch 12: 577.0932
using time 265.9287s, training loss at epoch 13: 567.3922
using time 277.1650s, training loss at epoch 14: 559.1779
+-------+--------------------+--------------------+-------------------+------------------------------------+------------------------------------+------------------------------------+------------------------------------+
| Epoch |  training time(s)  |   tesing time(s)   |        Loss       |               recall               |                ndcg                |             precision              |             hit_ratio              |
+-------+--------------------+--------------------+-------------------+------------------------------------+------------------------------------+------------------------------------+------------------------------------+
|   15  | 274.06209564208984 | 52.666828632354736 | 552.6972045898438 | [0.07251326 0.11848112 0.15477568] | [0.05981702 0.0771091  0.0897931 ] | [0.03254074 0.02685834 0.0235569 ] | [0.42566629 0.57673361 0.66117216] |
+-------+--------------------+--------------------+-------------------+------------------------------------+------------------------------------+------------------------------------+------------------------------------+
using time 277.9654s, training loss at epoch 16: 546.7090
using time 266.4185s, training loss at epoch 17: 541.6964
using time 270.1669s, training loss at epoch 18: 537.2695
using time 258.4062s, training loss at epoch 19: 533.6172
+-------+--------------------+-------------------+-------------------+------------------------------------+------------------------------------+------------------------------------+------------------------------------+
| Epoch |  training time(s)  |   tesing time(s)  |        Loss       |               recall               |                ndcg                |             precision              |             hit_ratio              |
+-------+--------------------+-------------------+-------------------+------------------------------------+------------------------------------+------------------------------------+------------------------------------+
|   20  | 258.10018706321716 | 51.12530708312988 | 529.9286499023438 | [0.07184373 0.11712497 0.15267084] | [0.059308   0.07632287 0.08874678] | [0.03222812 0.02654415 0.02323744] | [0.42276115 0.5729443  0.65713023] |
+-------+--------------------+-------------------+-------------------+------------------------------------+------------------------------------+------------------------------------+------------------------------------+
Early stopping is trigger at step: 2 log:0.07184373028665665
early stopping at 20, recall@20:0.0729
